#
# A fatal error has been detected by the Java Runtime Environment:
#
#  SIGSEGV (0xb) at pc=0x0000000105a958a2, pid=7024, tid=1299
#
# JRE version: 7.0_17-b02
# Java VM: Java HotSpot(TM) 64-Bit Server VM (23.7-b01 mixed mode bsd-amd64 compressed oops)
# Problematic frame:
# V  [libjvm.dylib+0x2958a2]
#
# Failed to write core dump. Core dumps have been disabled. To enable core dumping, try "ulimit -c unlimited" before starting Java again
#
# If you would like to submit a bug report, please visit:
#   http://bugreport.sun.com/bugreport/crash.jsp
#

---------------  T H R E A D  ---------------

Current thread (0x00007fb4d3825000):  JavaThread "AppKit Thread" daemon [_thread_in_vm, id=1299, stack(0x00007fff5ae38000,0x00007fff5aeb8000)]

siginfo:si_signo=SIGSEGV: si_errno=0, si_code=1 (SEGV_MAPERR), si_addr=0x0000000000000000

Registers:
RAX=0x0000000105f2d990, RBX=0x0000000000000000, RCX=0x0000000000000098, RDX=0x0000000000000000
RSP=0x00007fff5aeb4e30, RBP=0x00007fff5aeb4e80, RSI=0x0000000000000000, RDI=0x00007fb4d38251d8
R8 =0x0000000000000014, R9 =0x00007fb4d2e204b0, R10=0x0000000000000007, R11=0x00007fff92c32aba
R12=0x0000000000000016, R13=0x00007fff867e40c0, R14=0x00007fb4d38251d8, R15=0x00007fb4d3825000
RIP=0x0000000105a958a2, EFLAGS=0x0000000000010202, ERR=0x0000000000000004
  TRAPNO=0x000000000000000e

Top of Stack: (sp=0x00007fff5aeb4e30)
0x00007fff5aeb4e30:   0000000000000000 00007fb4d3825000
0x00007fff5aeb4e40:   0000000000000000 0000000000000000
0x00007fff5aeb4e50:   0000000000000006 00007fb4d3825000
0x00007fff5aeb4e60:   00007fb4d3825000 00007fb4d2ec1d70
0x00007fff5aeb4e70:   00007fb4d2ead430 00007fb4d38251d8
0x00007fff5aeb4e80:   00007fff5aeb4ee0 000000010f7ee3a7
0x00007fff5aeb4e90:   0000000000000000 0000000000000006
0x00007fff5aeb4ea0:   0000000000000000 0000000000000000
0x00007fff5aeb4eb0:   41037ee943e1f598 00007fb4d2ec1d70
0x00007fff5aeb4ec0:   0000000000000016 00007fff867e40c0
0x00007fff5aeb4ed0:   00007fb4d2ead430 fffffffbffffffff
0x00007fff5aeb4ee0:   00007fff5aeb50d0 00007fff931c69b6
0x00007fff5aeb4ef0:   0000000000000000 00007fff74e888c8
0x00007fff5aeb4f00:   0000000000000000 00007fff93482d87
0x00007fff5aeb4f10:   00007fff5aeb4fb0 00007fff94395513
0x00007fff5aeb4f20:   00007fff5aeb4f94 0000000000395201
0x00007fff5aeb4f30:   00000000ffffffff 00007fff74e888c8
0x00007fff5aeb4f40:   0000000000395200 00007fff00000000
0x00007fff5aeb4f50:   00007fff74e888e0 00007fff74e888e4
0x00007fff5aeb4f60:   00007fff74e888e8 00007fff00000000
0x00007fff5aeb4f70:   0000000000000100 00007fb4d2ec1d70
0x00007fff5aeb4f80:   00007fb4d2eadf80 00007fff76d12470
0x00007fff5aeb4f90:   00007fff931c5867 00007fff76dde9d0
0x00007fff5aeb4fa0:   0000000000000000 00007fff93482d87
0x00007fff5aeb4fb0:   00007fff5aeb5000 00007fff867fa92f
0x00007fff5aeb4fc0:   00007fb4d2eadf80 000000010f821c88
0x00007fff5aeb4fd0:   0000000092c4efb0 00007fb4d2eadf80
0x00007fff5aeb4fe0:   0000000000000000 00007fff867e40c0
0x00007fff5aeb4ff0:   00007fb4d2ec1d70 00000000000000f8
0x00007fff5aeb5000:   00007fff5aeb50d0 00007fff867e41ac
0x00007fff5aeb5010:   00007fb4d2ec1d70 000000000000001f
0x00007fff5aeb5020:   00000000000002f8 00007fb4d2ec1d70 

Instructions: (pc=0x0000000105a958a2)
0x0000000105a95882:   74 09 48 8d 7d b8 e8 c9 86 14 00 4c 89 f7 48 89
0x0000000105a95892:   de 90 0f 1f 40 00 48 8d 05 f1 80 49 00 80 38 00
0x0000000105a958a2:   48 8b 03 74 15 48 8d 15 b2 cc 41 00 8a 4a 08 8b
0x0000000105a958b2:   40 08 48 d3 e0 48 03 02 eb 04 48 8b 40 08 48 8b 

Register to memory mapping:

RAX=0x0000000105f2d990: UseCompressedOops+0 in /Library/Java/JavaVirtualMachines/jdk1.7.0_17.jdk/Contents/Home/jre/lib/server/libjvm.dylib at 0x0000000105800000
RBX=0x0000000000000000 is an unknown value
RCX=0x0000000000000098 is an unknown value
RDX=0x0000000000000000 is an unknown value
RSP=0x00007fff5aeb4e30 is pointing into the stack for thread: 0x00007fb4d3825000
RBP=0x00007fff5aeb4e80 is pointing into the stack for thread: 0x00007fb4d3825000
RSI=0x0000000000000000 is an unknown value
RDI=0x00007fb4d38251d8 is an unknown value
R8 =0x0000000000000014 is an unknown value
R9 =0x00007fb4d2e204b0 is an unknown value
R10=0x0000000000000007 is an unknown value
R11=0x00007fff92c32aba: -[NSEvent timestamp]+0 in /System/Library/Frameworks/AppKit.framework/Versions/C/AppKit at 0x00007fff92a76000
R12=0x0000000000000016 is an unknown value
R13=0x00007fff867e40c0: objc_msgSend+0 in /usr/lib/libobjc.A.dylib at 0x00007fff867e3000
R14=0x00007fb4d38251d8 is an unknown value
R15=0x00007fb4d3825000 is a thread


Stack: [0x00007fff5ae38000,0x00007fff5aeb8000],  sp=0x00007fff5aeb4e30,  free space=499k
Native frames: (J=compiled Java code, j=interpreted, Vv=VM code, C=native code)
V  [libjvm.dylib+0x2958a2]
C  [liblwjgl.dylib+0xb3a7]  -[MacOSXOpenGLView scrollWheel:]+0x77
C  [AppKit+0x7509b6]  -[NSWindow _reallySendEvent:]+0x114f
C  [AppKit+0x1d916e]  -[NSWindow sendEvent:]+0x1be
C  [AppKit+0x18abd3]  -[NSApplication sendEvent:]+0x7d9
C  [libosxapp.dylib+0x1ad1]  -[NSApplicationAWT sendEvent:]+0xb3
C  [AppKit+0x17608]  -[NSApplication run]+0x2c7
C  [libosxapp.dylib+0x19b9]  +[NSApplicationAWT runAWTLoopWithApp:]+0x9c
C  [liblwawt.dylib+0xd81a]  -[AWTStarter starter:]+0x637
C  [Foundation+0x65cdc]  __NSThreadPerformPerform+0x125
C  [CoreFoundation+0x80681]  __CFRUNLOOP_IS_CALLING_OUT_TO_A_SOURCE0_PERFORM_FUNCTION__+0x11
C  [CoreFoundation+0x7280d]  __CFRunLoopDoSources0+0x10d
C  [CoreFoundation+0x71e3f]  __CFRunLoopRun+0x39f
C  [CoreFoundation+0x71858]  CFRunLoopRunSpecific+0x128
C  [java+0x742d]  CreateExecutionEnvironment+0x367
C  [java+0x1bdc]  JLI_Launch+0x7a0
C  [java+0x778a]  main+0x65
C  [java+0x1434]  start+0x34


---------------  P R O C E S S  ---------------

Java Threads: ( => current thread )
  0x00007fb4d40a9800 JavaThread "AWT-Shutdown" [_thread_blocked, id=15623, stack(0x000000010b9ba000,0x000000010baba000)]
=>0x00007fb4d3825000 JavaThread "AppKit Thread" daemon [_thread_in_vm, id=1299, stack(0x00007fff5ae38000,0x00007fff5aeb8000)]
  0x00007fb4d4037000 JavaThread "Service Thread" daemon [_thread_blocked, id=13827, stack(0x000000010b521000,0x000000010b621000)]
  0x00007fb4d4036800 JavaThread "C2 CompilerThread1" daemon [_thread_blocked, id=13571, stack(0x000000010b41e000,0x000000010b51e000)]
  0x00007fb4d402d800 JavaThread "C2 CompilerThread0" daemon [_thread_blocked, id=13319, stack(0x000000010b31b000,0x000000010b41b000)]
  0x00007fb4d402c800 JavaThread "Signal Dispatcher" daemon [_thread_blocked, id=10263, stack(0x000000010b218000,0x000000010b318000)]
  0x00007fb4d380b000 JavaThread "Finalizer" daemon [_thread_blocked, id=8707, stack(0x00000001098ce000,0x00000001099ce000)]
  0x00007fb4d380a000 JavaThread "Reference Handler" daemon [_thread_blocked, id=8451, stack(0x00000001097cb000,0x00000001098cb000)]
  0x00007fb4d4000000 JavaThread "main" [_thread_in_Java, id=4355, stack(0x0000000104e5b000,0x0000000104f5b000)]

Other Threads:
  0x00007fb4d4802800 VMThread [stack: 0x00000001096c8000,0x00000001097c8000] [id=8195]
  0x00007fb4d4021000 WatcherThread [stack: 0x000000010b624000,0x000000010b724000] [id=14083]

VM state:not at safepoint (normal execution)

VM Mutex/Monitor currently owned by a thread: None

Heap
 def new generation   total 5120K, used 2208K [0x00000007ea600000, 0x00000007eab80000, 0x00000007efe00000)
  eden space 4608K,  47% used [0x00000007ea600000, 0x00000007ea8282b8, 0x00000007eaa80000)
  from space 512K,   0% used [0x00000007eaa80000, 0x00000007eaa80000, 0x00000007eab00000)
  to   space 512K,   0% used [0x00000007eab00000, 0x00000007eab00000, 0x00000007eab80000)
 tenured generation   total 11264K, used 0K [0x00000007efe00000, 0x00000007f0900000, 0x00000007fae00000)
   the space 11264K,   0% used [0x00000007efe00000, 0x00000007efe00000, 0x00000007efe00200, 0x00000007f0900000)
 compacting perm gen  total 21248K, used 4194K [0x00000007fae00000, 0x00000007fc2c0000, 0x0000000800000000)
   the space 21248K,  19% used [0x00000007fae00000, 0x00000007fb218b28, 0x00000007fb218c00, 0x00000007fc2c0000)
No shared spaces configured.

Card table byte_map: [0x0000000109367000,0x0000000109415000] byte_map_base: 0x0000000105414000

Polling page: 0x0000000104f9a000

Code Cache  [0x00000001062a7000, 0x0000000106517000, 0x00000001092a7000)
 total_blobs=214 nmethods=7 adapters=160 free_code_cache=48746Kb largest_free_block=49909440

Compilation events (10 events):
Event: 0.989 Thread 0x00007fb4d402d800    3             java.lang.String::charAt (29 bytes)
Event: 0.990 Thread 0x00007fb4d402d800 nmethod 3 0x0000000106306250 code [0x00000001063063a0, 0x0000000106306458]
Event: 0.993 Thread 0x00007fb4d4036800    4             sun.nio.cs.UTF_8$Encoder::encode (361 bytes)
Event: 0.996 Thread 0x00007fb4d402d800    5             java.lang.String::indexOf (166 bytes)
Event: 1.005 Thread 0x00007fb4d402d800 nmethod 5 0x0000000106309f50 code [0x000000010630a0a0, 0x000000010630a518]
Event: 1.005 Thread 0x00007fb4d4036800 nmethod 4 0x0000000106309190 code [0x0000000106309320, 0x0000000106309a78]
Event: 1.042 Thread 0x00007fb4d402d800    6             sun.nio.cs.US_ASCII$Encoder::encode (107 bytes)
Event: 1.046 Thread 0x00007fb4d402d800 nmethod 6 0x000000010630c090 code [0x000000010630c200, 0x000000010630c4d8]
Event: 1.740 Thread 0x00007fb4d4036800    7             java.lang.String::lastIndexOf (52 bytes)
Event: 1.742 Thread 0x00007fb4d4036800 nmethod 7 0x000000010630a750 code [0x000000010630a8a0, 0x000000010630aa28]

GC Heap History (0 events):
No events

Deoptimization events (0 events):
No events

Internal exceptions (10 events):
Event: 2.457 Thread 0x00007fb4d4000000 Threw 0x00000007ea7c5428 at /HUDSON/workspace/jdk7u17-2-build-macosx-amd64-product/jdk7u17/hotspot/src/share/vm/prims/jvm.cpp:1166
Event: 2.458 Thread 0x00007fb4d4000000 Threw 0x00000007ea7c8ec8 at /HUDSON/workspace/jdk7u17-2-build-macosx-amd64-product/jdk7u17/hotspot/src/share/vm/prims/jvm.cpp:1166
Event: 2.459 Thread 0x00007fb4d4000000 Threw 0x00000007ea7cde00 at /HUDSON/workspace/jdk7u17-2-build-macosx-amd64-product/jdk7u17/hotspot/src/share/vm/prims/jvm.cpp:1166
Event: 2.460 Thread 0x00007fb4d4000000 Threw 0x00000007ea7d1fc0 at /HUDSON/workspace/jdk7u17-2-build-macosx-amd64-product/jdk7u17/hotspot/src/share/vm/prims/jvm.cpp:1166
Event: 2.462 Thread 0x00007fb4d4000000 Threw 0x00000007ea7dd3a0 at /HUDSON/workspace/jdk7u17-2-build-macosx-amd64-product/jdk7u17/hotspot/src/share/vm/prims/jvm.cpp:1166
Event: 2.463 Thread 0x00007fb4d4000000 Threw 0x00000007ea7e0ff0 at /HUDSON/workspace/jdk7u17-2-build-macosx-amd64-product/jdk7u17/hotspot/src/share/vm/prims/jvm.cpp:1166
Event: 2.464 Thread 0x00007fb4d4000000 Threw 0x00000007ea7e58a8 at /HUDSON/workspace/jdk7u17-2-build-macosx-amd64-product/jdk7u17/hotspot/src/share/vm/prims/jvm.cpp:1166
Event: 2.465 Thread 0x00007fb4d4000000 Threw 0x00000007ea7e9f60 at /HUDSON/workspace/jdk7u17-2-build-macosx-amd64-product/jdk7u17/hotspot/src/share/vm/prims/jvm.cpp:1166
Event: 2.465 Thread 0x00007fb4d4000000 Threw 0x00000007ea7f0720 at /HUDSON/workspace/jdk7u17-2-build-macosx-amd64-product/jdk7u17/hotspot/src/share/vm/prims/jvm.cpp:1166
Event: 2.466 Thread 0x00007fb4d4000000 Threw 0x00000007ea7fb410 at /HUDSON/workspace/jdk7u17-2-build-macosx-amd64-product/jdk7u17/hotspot/src/share/vm/prims/jvm.cpp:1166

Events (10 events):
Event: 2.463 loading class 0x00007fb4d2eb3f70 done
Event: 2.464 loading class 0x00007fb4d2fad700
Event: 2.464 loading class 0x00007fb4d2fad700 done
Event: 2.465 loading class 0x00007fb4d2fad590
Event: 2.465 loading class 0x00007fb4d2fad590 done
Event: 2.465 loading class 0x00007fb4d2c29fb0
Event: 2.465 loading class 0x00007fb4d2c29fb0 done
Event: 2.466 loading class 0x00007fb4d2fae8e0
Event: 2.466 loading class 0x00007fb4d2fae8e0 done
Event: 2.501 loading class 0x00007fb4d2f1d9c0


Dynamic libraries:
0x0000000004984000 	/System/Library/Frameworks/Cocoa.framework/Versions/A/Cocoa
0x0000000004984000 	/System/Library/Frameworks/Security.framework/Versions/A/Security
0x0000000004984000 	/System/Library/Frameworks/ApplicationServices.framework/Versions/A/ApplicationServices
0x0000000004984000 	/usr/lib/libz.1.dylib
0x0000000004984000 	/usr/lib/libSystem.B.dylib
0x0000000004984000 	/usr/lib/libobjc.A.dylib
0x0000000004984000 	/System/Library/Frameworks/CoreFoundation.framework/Versions/A/CoreFoundation
0x0000000004984000 	/System/Library/Frameworks/AppKit.framework/Versions/C/AppKit
0x0000000004984000 	/System/Library/Frameworks/CoreData.framework/Versions/A/CoreData
0x0000000004984000 	/System/Library/Frameworks/Foundation.framework/Versions/C/Foundation
0x0000000004984000 	/System/Library/PrivateFrameworks/RemoteViewServices.framework/Versions/A/RemoteViewServices
0x0000000004984000 	/System/Library/PrivateFrameworks/UIFoundation.framework/Versions/A/UIFoundation
0x0000000004984000 	/System/Library/Frameworks/IOSurface.framework/Versions/A/IOSurface
0x0000000004984000 	/System/Library/Frameworks/AudioToolbox.framework/Versions/A/AudioToolbox
0x0000000004984000 	/System/Library/Frameworks/AudioUnit.framework/Versions/A/AudioUnit
0x0000000004984000 	/System/Library/PrivateFrameworks/DataDetectorsCore.framework/Versions/A/DataDetectorsCore
0x0000000004984000 	/System/Library/PrivateFrameworks/DesktopServicesPriv.framework/Versions/A/DesktopServicesPriv
0x0000000004984000 	/System/Library/Frameworks/Carbon.framework/Versions/A/Frameworks/HIToolbox.framework/Versions/A/HIToolbox
0x0000000004984000 	/System/Library/Frameworks/QuartzCore.framework/Versions/A/QuartzCore
0x0000000004984000 	/System/Library/Frameworks/Carbon.framework/Versions/A/Frameworks/SpeechRecognition.framework/Versions/A/SpeechRecognition
0x0000000004984000 	/usr/lib/libauto.dylib
0x0000000004984000 	/usr/lib/libicucore.A.dylib
0x0000000004984000 	/usr/lib/libxml2.2.dylib
0x0000000004984000 	/System/Library/PrivateFrameworks/CoreUI.framework/Versions/A/CoreUI
0x0000000004984000 	/System/Library/Frameworks/CoreAudio.framework/Versions/A/CoreAudio
0x0000000004984000 	/System/Library/Frameworks/DiskArbitration.framework/Versions/A/DiskArbitration
0x0000000004984000 	/usr/lib/liblangid.dylib
0x0000000004984000 	/System/Library/PrivateFrameworks/MultitouchSupport.framework/Versions/A/MultitouchSupport
0x0000000004984000 	/System/Library/Frameworks/IOKit.framework/Versions/A/IOKit
0x0000000004984000 	/usr/lib/libDiagnosticMessagesClient.dylib
0x0000000004984000 	/System/Library/Frameworks/CoreServices.framework/Versions/A/CoreServices
0x0000000004984000 	/System/Library/PrivateFrameworks/PerformanceAnalysis.framework/Versions/A/PerformanceAnalysis
0x0000000004984000 	/System/Library/PrivateFrameworks/GenerationalStorage.framework/Versions/A/GenerationalStorage
0x0000000004984000 	/System/Library/Frameworks/OpenGL.framework/Versions/A/OpenGL
0x0000000004984000 	/System/Library/PrivateFrameworks/Sharing.framework/Versions/A/Sharing
0x0000000004984000 	/System/Library/Frameworks/CoreGraphics.framework/Versions/A/CoreGraphics
0x0000000004984000 	/System/Library/Frameworks/CoreText.framework/Versions/A/CoreText
0x0000000004984000 	/System/Library/Frameworks/ImageIO.framework/Versions/A/ImageIO
0x0000000004984000 	/usr/lib/libextension.dylib
0x0000000004984000 	/System/Library/PrivateFrameworks/Backup.framework/Versions/A/Backup
0x0000000004984000 	/usr/lib/libarchive.2.dylib
0x0000000004984000 	/System/Library/Frameworks/CFNetwork.framework/Versions/A/CFNetwork
0x0000000004984000 	/System/Library/Frameworks/SystemConfiguration.framework/Versions/A/SystemConfiguration
0x0000000004984000 	/usr/lib/libCRFSuite.dylib
0x0000000004984000 	/usr/lib/libc++.1.dylib
0x0000000004984000 	/usr/lib/libc++abi.dylib
0x0000000004984000 	/usr/lib/system/libcache.dylib
0x0000000004984000 	/usr/lib/system/libcommonCrypto.dylib
0x0000000004984000 	/usr/lib/system/libcompiler_rt.dylib
0x0000000004984000 	/usr/lib/system/libcopyfile.dylib
0x0000000004984000 	/usr/lib/system/libcorecrypto.dylib
0x0000000004984000 	/usr/lib/system/libdispatch.dylib
0x0000000004984000 	/usr/lib/system/libdyld.dylib
0x0000000004984000 	/usr/lib/system/libkeymgr.dylib
0x0000000004984000 	/usr/lib/system/liblaunch.dylib
0x0000000004984000 	/usr/lib/system/libmacho.dylib
0x0000000004984000 	/usr/lib/system/libquarantine.dylib
0x0000000004984000 	/usr/lib/system/libremovefile.dylib
0x0000000004984000 	/usr/lib/system/libsystem_asl.dylib
0x0000000004984000 	/usr/lib/system/libsystem_blocks.dylib
0x0000000004984000 	/usr/lib/system/libsystem_c.dylib
0x0000000004984000 	/usr/lib/system/libsystem_configuration.dylib
0x0000000004984000 	/usr/lib/system/libsystem_coreservices.dylib
0x0000000004984000 	/usr/lib/system/libsystem_coretls.dylib
0x0000000004984000 	/usr/lib/system/libsystem_dnssd.dylib
0x0000000004984000 	/usr/lib/system/libsystem_info.dylib
0x0000000004984000 	/usr/lib/system/libsystem_kernel.dylib
0x0000000004984000 	/usr/lib/system/libsystem_m.dylib
0x0000000004984000 	/usr/lib/system/libsystem_malloc.dylib
0x0000000004984000 	/usr/lib/system/libsystem_network.dylib
0x0000000004984000 	/usr/lib/system/libsystem_networkextension.dylib
0x0000000004984000 	/usr/lib/system/libsystem_notify.dylib
0x0000000004984000 	/usr/lib/system/libsystem_platform.dylib
0x0000000004984000 	/usr/lib/system/libsystem_pthread.dylib
0x0000000004984000 	/usr/lib/system/libsystem_sandbox.dylib
0x0000000004984000 	/usr/lib/system/libsystem_secinit.dylib
0x0000000004984000 	/usr/lib/system/libsystem_stats.dylib
0x0000000004984000 	/usr/lib/system/libsystem_trace.dylib
0x0000000004984000 	/usr/lib/system/libunc.dylib
0x0000000004984000 	/usr/lib/system/libunwind.dylib
0x0000000004984000 	/usr/lib/system/libxpc.dylib
0x0000000004984000 	/usr/lib/libbz2.1.0.dylib
0x0000000004984000 	/usr/lib/liblzma.5.dylib
0x0000000004984000 	/usr/lib/libbsm.0.dylib
0x0000000004984000 	/usr/lib/libsqlite3.dylib
0x0000000004984000 	/usr/lib/system/libkxld.dylib
0x0000000004984000 	/usr/lib/libxar.1.dylib
0x0000000004984000 	/usr/lib/libpam.2.dylib
0x0000000004984000 	/usr/lib/libOpenScriptingUtil.dylib
0x0000000004984000 	/System/Library/Frameworks/CoreServices.framework/Versions/A/Frameworks/FSEvents.framework/Versions/A/FSEvents
0x0000000004984000 	/System/Library/Frameworks/CoreServices.framework/Versions/A/Frameworks/CarbonCore.framework/Versions/A/CarbonCore
0x0000000004984000 	/System/Library/Frameworks/CoreServices.framework/Versions/A/Frameworks/Metadata.framework/Versions/A/Metadata
0x0000000004984000 	/System/Library/Frameworks/CoreServices.framework/Versions/A/Frameworks/OSServices.framework/Versions/A/OSServices
0x0000000004984000 	/System/Library/Frameworks/CoreServices.framework/Versions/A/Frameworks/SearchKit.framework/Versions/A/SearchKit
0x0000000004984000 	/System/Library/Frameworks/CoreServices.framework/Versions/A/Frameworks/AE.framework/Versions/A/AE
0x0000000004984000 	/System/Library/Frameworks/CoreServices.framework/Versions/A/Frameworks/LaunchServices.framework/Versions/A/LaunchServices
0x0000000004984000 	/System/Library/Frameworks/CoreServices.framework/Versions/A/Frameworks/DictionaryServices.framework/Versions/A/DictionaryServices
0x0000000004984000 	/System/Library/Frameworks/NetFS.framework/Versions/A/NetFS
0x0000000004984000 	/System/Library/PrivateFrameworks/NetAuth.framework/Versions/A/NetAuth
0x0000000004984000 	/System/Library/PrivateFrameworks/login.framework/Versions/A/Frameworks/loginsupport.framework/Versions/A/loginsupport
0x0000000004984000 	/System/Library/PrivateFrameworks/TCC.framework/Versions/A/TCC
0x0000000004984000 	/usr/lib/libmecabra.dylib
0x0000000004984000 	/System/Library/Frameworks/ApplicationServices.framework/Versions/A/Frameworks/ATS.framework/Versions/A/ATS
0x0000000004984000 	/System/Library/Frameworks/ApplicationServices.framework/Versions/A/Frameworks/ColorSync.framework/Versions/A/ColorSync
0x0000000004984000 	/System/Library/Frameworks/ApplicationServices.framework/Versions/A/Frameworks/HIServices.framework/Versions/A/HIServices
0x0000000004984000 	/System/Library/Frameworks/ApplicationServices.framework/Versions/A/Frameworks/LangAnalysis.framework/Versions/A/LangAnalysis
0x0000000004984000 	/System/Library/Frameworks/ApplicationServices.framework/Versions/A/Frameworks/PrintCore.framework/Versions/A/PrintCore
0x0000000004984000 	/System/Library/Frameworks/ApplicationServices.framework/Versions/A/Frameworks/QD.framework/Versions/A/QD
0x0000000004984000 	/System/Library/Frameworks/ApplicationServices.framework/Versions/A/Frameworks/SpeechSynthesis.framework/Versions/A/SpeechSynthesis
0x0000000004984000 	/System/Library/Frameworks/Accelerate.framework/Versions/A/Accelerate
0x0000000004984000 	/System/Library/Frameworks/Accelerate.framework/Versions/A/Frameworks/vImage.framework/Versions/A/vImage
0x0000000004984000 	/System/Library/Frameworks/Accelerate.framework/Versions/A/Frameworks/vecLib.framework/Versions/A/vecLib
0x0000000004984000 	/System/Library/Frameworks/Accelerate.framework/Versions/A/Frameworks/vecLib.framework/Versions/A/libvDSP.dylib
0x0000000004984000 	/System/Library/Frameworks/Accelerate.framework/Versions/A/Frameworks/vecLib.framework/Versions/A/libvMisc.dylib
0x0000000004984000 	/System/Library/Frameworks/Accelerate.framework/Versions/A/Frameworks/vecLib.framework/Versions/A/libLAPACK.dylib
0x0000000004984000 	/System/Library/Frameworks/Accelerate.framework/Versions/A/Frameworks/vecLib.framework/Versions/A/libBLAS.dylib
0x0000000004984000 	/System/Library/Frameworks/Accelerate.framework/Versions/A/Frameworks/vecLib.framework/Versions/A/libLinearAlgebra.dylib
0x0000000004984000 	/System/Library/Frameworks/ApplicationServices.framework/Versions/A/Frameworks/ATS.framework/Versions/A/Resources/libFontParser.dylib
0x0000000004984000 	/System/Library/Frameworks/ApplicationServices.framework/Versions/A/Frameworks/ATS.framework/Versions/A/Resources/libFontRegistry.dylib
0x0000000004984000 	/System/Library/PrivateFrameworks/AppleVPA.framework/Versions/A/AppleVPA
0x0000000004984000 	/System/Library/PrivateFrameworks/AppleJPEG.framework/Versions/A/AppleJPEG
0x0000000004984000 	/System/Library/Frameworks/ImageIO.framework/Versions/A/Resources/libJPEG.dylib
0x0000000004984000 	/System/Library/Frameworks/ImageIO.framework/Versions/A/Resources/libTIFF.dylib
0x0000000004984000 	/System/Library/Frameworks/ImageIO.framework/Versions/A/Resources/libPng.dylib
0x0000000004984000 	/System/Library/Frameworks/ImageIO.framework/Versions/A/Resources/libGIF.dylib
0x0000000004984000 	/System/Library/Frameworks/ImageIO.framework/Versions/A/Resources/libJP2.dylib
0x0000000004984000 	/System/Library/Frameworks/ImageIO.framework/Versions/A/Resources/libRadiance.dylib
0x0000000004984000 	/System/Library/Frameworks/CoreVideo.framework/Versions/A/CoreVideo
0x0000000004984000 	/System/Library/Frameworks/OpenGL.framework/Versions/A/Libraries/libGLU.dylib
0x0000000004984000 	/System/Library/Frameworks/OpenGL.framework/Versions/A/Libraries/libGFXShared.dylib
0x0000000004984000 	/System/Library/Frameworks/OpenGL.framework/Versions/A/Libraries/libGL.dylib
0x0000000004984000 	/System/Library/Frameworks/OpenGL.framework/Versions/A/Libraries/libGLImage.dylib
0x0000000004984000 	/System/Library/Frameworks/OpenGL.framework/Versions/A/Libraries/libCVMSPluginSupport.dylib
0x0000000004984000 	/System/Library/Frameworks/OpenGL.framework/Versions/A/Libraries/libCoreVMClient.dylib
0x0000000004984000 	/usr/lib/libcups.2.dylib
0x0000000004984000 	/System/Library/Frameworks/Kerberos.framework/Versions/A/Kerberos
0x0000000004984000 	/System/Library/Frameworks/GSS.framework/Versions/A/GSS
0x0000000004984000 	/usr/lib/libresolv.9.dylib
0x0000000004984000 	/usr/lib/libiconv.2.dylib
0x0000000004984000 	/System/Library/PrivateFrameworks/Heimdal.framework/Versions/A/Heimdal
0x0000000004984000 	/usr/lib/libheimdal-asn1.dylib
0x0000000004984000 	/System/Library/Frameworks/OpenDirectory.framework/Versions/A/OpenDirectory
0x0000000004984000 	/System/Library/PrivateFrameworks/CommonAuth.framework/Versions/A/CommonAuth
0x0000000004984000 	/System/Library/Frameworks/OpenDirectory.framework/Versions/A/Frameworks/CFOpenDirectory.framework/Versions/A/CFOpenDirectory
0x0000000004984000 	/System/Library/Frameworks/SecurityFoundation.framework/Versions/A/SecurityFoundation
0x0000000004984000 	/System/Library/PrivateFrameworks/LanguageModeling.framework/Versions/A/LanguageModeling
0x0000000004984000 	/usr/lib/libcmph.dylib
0x0000000004984000 	/System/Library/Frameworks/ServiceManagement.framework/Versions/A/ServiceManagement
0x0000000004984000 	/usr/lib/libxslt.1.dylib
0x0000000004984000 	/System/Library/Frameworks/Carbon.framework/Versions/A/Frameworks/Ink.framework/Versions/A/Ink
0x0000000004984000 	/System/Library/Frameworks/QuartzCore.framework/Versions/A/Frameworks/CoreImage.framework/Versions/A/CoreImage
0x0000000004984000 	/System/Library/PrivateFrameworks/CrashReporterSupport.framework/Versions/A/CrashReporterSupport
0x0000000004984000 	/System/Library/Frameworks/OpenCL.framework/Versions/A/OpenCL
0x0000000004984000 	/System/Library/PrivateFrameworks/FaceCore.framework/Versions/A/FaceCore
0x0000000004984000 	/System/Library/PrivateFrameworks/Ubiquity.framework/Versions/A/Ubiquity
0x0000000004984000 	/System/Library/PrivateFrameworks/IconServices.framework/Versions/A/IconServices
0x0000000004984000 	/System/Library/PrivateFrameworks/ChunkingLibrary.framework/Versions/A/ChunkingLibrary
0x0000000004984000 	/System/Library/PrivateFrameworks/Apple80211.framework/Versions/A/Apple80211
0x0000000004984000 	/System/Library/Frameworks/CoreWLAN.framework/Versions/A/CoreWLAN
0x0000000004984000 	/System/Library/Frameworks/IOBluetooth.framework/Versions/A/IOBluetooth
0x0000000004984000 	/System/Library/PrivateFrameworks/CoreWiFi.framework/Versions/A/CoreWiFi
0x0000000004984000 	/System/Library/Frameworks/CoreBluetooth.framework/Versions/A/CoreBluetooth
0x0000000004984000 	/System/Library/PrivateFrameworks/DebugSymbols.framework/Versions/A/DebugSymbols
0x0000000004984000 	/System/Library/PrivateFrameworks/CoreSymbolication.framework/Versions/A/CoreSymbolication
0x0000000004984000 	/System/Library/PrivateFrameworks/Symbolication.framework/Versions/A/Symbolication
0x0000000004984000 	/System/Library/PrivateFrameworks/SpeechRecognitionCore.framework/Versions/A/SpeechRecognitionCore
0x0000000105800000 	/Library/Java/JavaVirtualMachines/jdk1.7.0_17.jdk/Contents/Home/jre/lib/server/libjvm.dylib
0x0000000004984000 	/usr/lib/libstdc++.6.dylib
0x0000000104f5d000 	/Library/Java/JavaVirtualMachines/jdk1.7.0_17.jdk/Contents/Home/jre/lib/libverify.dylib
0x0000000104f6a000 	/Library/Java/JavaVirtualMachines/jdk1.7.0_17.jdk/Contents/Home/jre/lib/libjava.dylib
0x0000000104fa4000 	/Library/Java/JavaVirtualMachines/jdk1.7.0_17.jdk/Contents/Home/jre/lib/libzip.dylib
0x00000001099d0000 	/System/Library/Frameworks/JavaVM.framework/Frameworks/JavaRuntimeSupport.framework/JavaRuntimeSupport
0x00000001099e8000 	/System/Library/Frameworks/JavaVM.framework/Versions/A/Frameworks/JavaNativeFoundation.framework/Versions/A/JavaNativeFoundation
0x00000001099fd000 	/System/Library/Frameworks/JavaVM.framework/Versions/A/JavaVM
0x0000000004984000 	/System/Library/Frameworks/Carbon.framework/Versions/A/Carbon
0x0000000109a0a000 	/System/Library/PrivateFrameworks/JavaLaunching.framework/Versions/A/JavaLaunching
0x0000000004984000 	/System/Library/Frameworks/Carbon.framework/Versions/A/Frameworks/CommonPanels.framework/Versions/A/CommonPanels
0x0000000004984000 	/System/Library/Frameworks/Carbon.framework/Versions/A/Frameworks/Help.framework/Versions/A/Help
0x0000000004984000 	/System/Library/Frameworks/Carbon.framework/Versions/A/Frameworks/ImageCapture.framework/Versions/A/ImageCapture
0x0000000004984000 	/System/Library/Frameworks/Carbon.framework/Versions/A/Frameworks/OpenScripting.framework/Versions/A/OpenScripting
0x0000000004984000 	/System/Library/Frameworks/Carbon.framework/Versions/A/Frameworks/Print.framework/Versions/A/Print
0x0000000004984000 	/System/Library/Frameworks/Carbon.framework/Versions/A/Frameworks/SecurityHI.framework/Versions/A/SecurityHI
0x000000010b770000 	/Library/Java/JavaVirtualMachines/jdk1.7.0_17.jdk/Contents/Home/jre/lib/libawt.dylib
0x000000010b81f000 	/Library/Java/JavaVirtualMachines/jdk1.7.0_17.jdk/Contents/Home/jre/lib/./libmlib_image.dylib
0x000000010b8eb000 	/Library/Java/JavaVirtualMachines/jdk1.7.0_17.jdk/Contents/Home/jre/lib/lwawt/liblwawt.dylib
0x000000010b99d000 	/Library/Java/JavaVirtualMachines/jdk1.7.0_17.jdk/Contents/Home/jre/lib/libosxapp.dylib
0x0000000004984000 	/System/Library/Frameworks/ExceptionHandling.framework/Versions/A/ExceptionHandling
0x0000000004984000 	/System/Library/PrivateFrameworks/CoreServicesInternal.framework/Versions/A/CoreServicesInternal
0x0000000004984000 	/System/Library/PrivateFrameworks/CloudDocs.framework/Versions/A/CloudDocs
0x0000000004984000 	/System/Library/PrivateFrameworks/CoreDuet.framework/Versions/A/CoreDuet
0x0000000004984000 	/System/Library/Frameworks/CloudKit.framework/Versions/A/CloudKit
0x0000000004984000 	/System/Library/PrivateFrameworks/ProtocolBuffer.framework/Versions/A/ProtocolBuffer
0x0000000004984000 	/System/Library/PrivateFrameworks/CoreDuetDaemonProtocol.framework/Versions/A/CoreDuetDaemonProtocol
0x0000000004984000 	/System/Library/PrivateFrameworks/CoreDuetDebugLogging.framework/Versions/A/CoreDuetDebugLogging
0x0000000004984000 	/System/Library/Frameworks/CoreLocation.framework/Versions/A/CoreLocation
0x0000000004984000 	/System/Library/Frameworks/Accounts.framework/Versions/A/Accounts
0x0000000004984000 	/System/Library/PrivateFrameworks/ApplePushService.framework/Versions/A/ApplePushService
0x0000000004984000 	/System/Library/PrivateFrameworks/GeoServices.framework/Versions/A/GeoServices
0x0000000004984000 	/System/Library/PrivateFrameworks/OAuth.framework/Versions/A/OAuth
0x0000000004984000 	/System/Library/PrivateFrameworks/CoreDaemon.framework/Versions/B/CoreDaemon
0x0000000004984000 	/usr/lib/libcrypto.0.9.8.dylib
0x0000000004984000 	/System/Library/PrivateFrameworks/AppleSRP.framework/Versions/A/AppleSRP
0x0000000004984000 	/System/Library/PrivateFrameworks/TrustEvaluationAgent.framework/Versions/A/TrustEvaluationAgent
0x0000000004984000 	/System/Library/Frameworks/CoreGraphics.framework/Versions/A/Resources/libCGCMS.A.dylib
0x0000000004984000 	/System/Library/Frameworks/CoreGraphics.framework/Versions/A/Resources/libRIP.A.dylib
0x0000000004984000 	/System/Library/Frameworks/CoreGraphics.framework/Versions/A/Resources/libCGXType.A.dylib
0x0000000004984000 	/System/Library/Frameworks/OpenCL.framework/Versions/A/Libraries/libcldcpuengine.dylib
0x0000000004984000 	/System/Library/PrivateFrameworks/DiskImages.framework/Versions/A/DiskImages
0x0000000004984000 	/System/Library/Frameworks/DiscRecording.framework/Versions/A/DiscRecording
0x0000000004984000 	/usr/lib/libcsfde.dylib
0x0000000004984000 	/usr/lib/libcurl.4.dylib
0x0000000004984000 	/System/Library/PrivateFrameworks/MediaKit.framework/Versions/A/MediaKit
0x0000000004984000 	/System/Library/PrivateFrameworks/ProtectedCloudStorage.framework/Versions/A/ProtectedCloudStorage
0x0000000004984000 	/usr/lib/libCoreStorage.dylib
0x0000000004984000 	/System/Library/PrivateFrameworks/EFILogin.framework/Versions/A/EFILogin
0x0000000004984000 	/usr/lib/libutil.dylib
0x0000000004984000 	/System/Library/PrivateFrameworks/FindMyDevice.framework/Versions/A/FindMyDevice
0x0000000004984000 	/System/Library/Frameworks/LDAP.framework/Versions/A/LDAP
0x0000000004984000 	/usr/lib/libsasl2.2.dylib
0x000000010e5d2000 	cl_kernels
0x000000010e5d4000 	/System/Library/Frameworks/OpenCL.framework/Versions/A/Libraries/ImageFormats/unorm8_bgra.dylib
0x000000010e5c3000 	cl_kernels
0x0000000004984000 	/System/Library/PrivateFrameworks/FamilyControls.framework/Versions/A/FamilyControls
0x0000000004984000 	/System/Library/PrivateFrameworks/CommerceKit.framework/Versions/A/Frameworks/CommerceCore.framework/Versions/A/CommerceCore
0x0000000004984000 	/System/Library/PrivateFrameworks/SystemAdministration.framework/Versions/A/SystemAdministration
0x0000000004984000 	/System/Library/PrivateFrameworks/AppContainer.framework/Versions/A/AppContainer
0x0000000004984000 	/System/Library/PrivateFrameworks/SecCodeWrapper.framework/Versions/A/SecCodeWrapper
0x0000000004984000 	/System/Library/Frameworks/DirectoryService.framework/Versions/A/DirectoryService
0x0000000004984000 	/System/Library/PrivateFrameworks/LoginUIKit.framework/Versions/A/Frameworks/LoginUICore.framework/Versions/A/LoginUICore
0x0000000004984000 	/usr/lib/libodfde.dylib
0x000000010f797000 	/Library/Java/JavaVirtualMachines/jdk1.7.0_17.jdk/Contents/Home/jre/lib/libfontmanager.dylib
0x000000010f7e3000 	/Users/William/Documents/workspace/FRESHSTART/lib/natives/macosx/liblwjgl.dylib
0x000000010db09000 	/Library/Java/JavaVirtualMachines/jdk1.7.0_17.jdk/Contents/Home/jre/lib/libjawt.dylib
0x0000000004984000 	/System/Library/Frameworks/OpenGL.framework/Versions/A/Resources/GLEngine.bundle/GLEngine
0x0000000004984000 	/System/Library/Frameworks/OpenGL.framework/Versions/A/Libraries/libGLProgrammability.dylib
0x0000000000000000 	/System/Library/Extensions/AppleIntelHD4000GraphicsGLDriver.bundle/Contents/MacOS/AppleIntelHD4000GraphicsGLDriver
0x0000000004984000 	/System/Library/PrivateFrameworks/IOAccelerator.framework/Versions/A/IOAccelerator
0x0000000004984000 	/System/Library/PrivateFrameworks/GPUSupport.framework/Versions/A/Libraries/libGPUSupportMercury.dylib
0x0000000004984000 	/System/Library/Frameworks/OpenGL.framework/Versions/A/Resources/GLRendererFloat.bundle/GLRendererFloat

VM Arguments:
jvm_args: -Djava.library.path=/Users/William/Documents/workspace/FRESHSTART/lib/natives/macosx -Dfile.encoding=US-ASCII 
java_command: hopepac.WorldDemo
Launcher Type: SUN_STANDARD

Environment Variables:
PATH=/usr/bin:/bin:/usr/sbin:/sbin
SHELL=/bin/bash
DISPLAY=/private/tmp/com.apple.launchd.2uQPhP39p8/org.macosforge.xquartz:0

Signal Handlers:
SIGSEGV: [libjvm.dylib+0x4a361d], sa_mask[0]=0xfffefeff, sa_flags=0x00000042
SIGBUS: [libjvm.dylib+0x4a361d], sa_mask[0]=0xfffefeff, sa_flags=0x00000042
SIGFPE: [libjvm.dylib+0x3b302d], sa_mask[0]=0xfffefeff, sa_flags=0x00000042
SIGPIPE: [libjvm.dylib+0x3b302d], sa_mask[0]=0xfffefeff, sa_flags=0x00000042
SIGXFSZ: [libjvm.dylib+0x3b302d], sa_mask[0]=0xfffefeff, sa_flags=0x00000042
SIGILL: [libjvm.dylib+0x3b302d], sa_mask[0]=0xfffefeff, sa_flags=0x00000042
SIGUSR1: SIG_DFL, sa_mask[0]=0x00000000, sa_flags=0x00000000
SIGUSR2: [libjvm.dylib+0x3b2bc6], sa_mask[0]=0x00000004, sa_flags=0x00000042
SIGHUP: [libjvm.dylib+0x3b0e27], sa_mask[0]=0xfffefeff, sa_flags=0x00000042
SIGINT: [libjvm.dylib+0x3b0e27], sa_mask[0]=0xfffefeff, sa_flags=0x00000042
SIGTERM: [libjvm.dylib+0x3b0e27], sa_mask[0]=0xfffefeff, sa_flags=0x00000042
SIGQUIT: [libjvm.dylib+0x3b0e27], sa_mask[0]=0xfffefeff, sa_flags=0x00000042


---------------  S Y S T E M  ---------------

OS:Bsduname:Darwin 14.1.0 Darwin Kernel Version 14.1.0: Mon Dec 22 23:10:38 PST 2014; root:xnu-2782.10.72~2/RELEASE_X86_64 x86_64
rlimit: STACK 8192k, CORE 0k, NPROC 709, NOFILE 10240, AS infinity
load average:1.94 6.22 9.91

CPU:total 4 (2 cores per cpu, 2 threads per core) family 6 model 58 stepping 9, cmov, cx8, fxsr, mmx, sse, sse2, sse3, ssse3, sse4.1, sse4.2, popcnt, avx, ht, tsc, tscinvbit, tscinv

Memory: 4k page, physical 1077364k(269341k free)

/proc/meminfo:


vm_info: Java HotSpot(TM) 64-Bit Server VM (23.7-b01) for bsd-amd64 JRE (1.7.0_17-b02), built on Mar  1 2013 06:41:23 by "java_re" with gcc 4.2.1 (Based on Apple Inc. build 5658) (LLVM build 2336.11.00)

time: Thu Apr 16 13:40:10 2015
elapsed time: 2 seconds

