#
# A fatal error has been detected by the Java Runtime Environment:
#
#  SIGSEGV (0xb) at pc=0x00007fff8a8590e9, pid=1041, tid=1299
#
# JRE version: 7.0_17-b02
# Java VM: Java HotSpot(TM) 64-Bit Server VM (23.7-b01 mixed mode bsd-amd64 compressed oops)
# Problematic frame:
# C  [libobjc.A.dylib+0x10e9]  objc_msgSend+0x29
#
# Failed to write core dump. Core dumps have been disabled. To enable core dumping, try "ulimit -c unlimited" before starting Java again
#
# If you would like to submit a bug report, please visit:
#   http://bugreport.sun.com/bugreport/crash.jsp
# The crash happened outside the Java Virtual Machine in native code.
# See problematic frame for where to report the bug.
#

---------------  T H R E A D  ---------------

Current thread (0x00007ff55187d000):  JavaThread "AppKit Thread" daemon [_thread_in_native, id=1299, stack(0x00007fff5575c000,0x00007fff557dc000)]

siginfo:si_signo=SIGSEGV: si_errno=0, si_code=1 (SEGV_MAPERR), si_addr=0x0000000000000000

Registers:
RAX=0x0000000000000000, RBX=0x00007ff551588560, RCX=0x0000000000000000, RDX=0x00007ff551588560
RSP=0x00007fff557d5d48, RBP=0x00007fff557d5d70, RSI=0x00007fff8f97037c, RDI=0x00007ff5515a8110
R8 =0x0000000000000001, R9 =0x0000000000000001, R10=0x0000000000000000, R11=0x00007ff552804000
R12=0x0000000000000094, R13=0x00007ff5515615e0, R14=0x00007ff5515a8110, R15=0x00007fff557d6260
RIP=0x00007fff8a8590e9, EFLAGS=0x0000000000010246, ERR=0x0000000000000004
  TRAPNO=0x000000000000000e

Top of Stack: (sp=0x00007fff557d5d48)
0x00007fff557d5d48:   0000000115232598 00007ff551588560
0x00007fff557d5d58:   0000000115266c60 00007ff5515615e0
0x00007fff557d5d68:   00007ff551588560 00007fff557d6250
0x00007fff557d5d78:   00007fff8f050f45 0000000000000000
0x00007fff557d5d88:   0000000000000000 4084000000000000
0x00007fff557d5d98:   407e000000000000 0000000000000000
0x00007fff557d5da8:   0000000000000000 4084000000000000
0x00007fff557d5db8:   407e000000000000 4084000000000000
0x00007fff557d5dc8:   407f600000000000 401c000000000000
0x00007fff557d5dd8:   407e300000000000 402c000000000000
0x00007fff557d5de8:   4030000000000000 401c000000000000
0x00007fff557d5df8:   0000000000000000 0000000000000000
0x00007fff557d5e08:   4030000000000000 00007fff8f933129
0x00007fff557d5e18:   4008000000000000 00007ff551589820
0x00007fff557d5e28:   0000000100000000 0000000000000000
0x00007fff557d5e38:   00007ff55176d590 00007fff557d5f90
0x00007fff557d5e48:   00007fff8f055b36 00007fff557d5f90
0x00007fff557d5e58:   00007fff8f057e82 402c000000000000
0x00007fff557d5e68:   4030000000000000 401c000000000000
0x00007fff557d5e78:   407e300000000000 402c000000000000
0x00007fff557d5e88:   4030000000000000 0000000000000000
0x00007fff557d5e98:   0000000000000000 4084000000000000
0x00007fff557d5ea8:   407f600000000000 401c000000000000
0x00007fff557d5eb8:   407e300000000000 000000010a43ea00
0x00007fff557d5ec8:   00007ff5515ea7f0 00000000000000b0
0x00007fff557d5ed8:   0000000000000000 0000000000000ea6
0x00007fff557d5ee8:   000000010a43b000 00007fff557d5f90
0x00007fff557d5ef8:   00007fff84055e7f 00000000000009b2
0x00007fff557d5f08:   000000010a43b000 00007fff557d5fb0
0x00007fff557d5f18:   0000000000000ea7 00007fff557d601f
0x00007fff557d5f28:   0000000080000000 00007ff5515fc080
0x00007fff557d5f38:   00007ff5515ea740 0000000000000003 

Instructions: (pc=0x00007fff8a8590e9)
0x00007fff8a8590c9:   01 2e 75 7e 49 bb f8 ff ff ff ff 7f 00 00 4c 23
0x00007fff8a8590d9:   1f 49 89 f2 45 23 53 18 49 c1 e2 04 4d 03 53 10
0x00007fff8a8590e9:   49 3b 32 75 04 41 ff 62 08 49 83 3a 00 74 6a 4d
0x00007fff8a8590f9:   3b 53 10 74 0d 49 83 ea 10 49 3b 32 75 eb 41 ff 

Register to memory mapping:

RAX=0x0000000000000000 is an unknown value
RBX=0x00007ff551588560 is an unknown value
RCX=0x0000000000000000 is an unknown value
RDX=0x00007ff551588560 is an unknown value
RSP=0x00007fff557d5d48 is pointing into the stack for thread: 0x00007ff55187d000
RBP=0x00007fff557d5d70 is pointing into the stack for thread: 0x00007ff55187d000
RSI=0x00007fff8f97037c: -[NSTitlebarContainerView transparent]+0x5e270 in /System/Library/Frameworks/AppKit.framework/Versions/C/AppKit at 0x00007fff8ef6f000
RDI=0x00007ff5515a8110 is an unknown value
R8 =0x0000000000000001 is an unknown value
R9 =0x0000000000000001 is an unknown value
R10=0x0000000000000000 is an unknown value
R11=0x00007ff552804000 is a thread
R12=0x0000000000000094 is an unknown value
R13=0x00007ff5515615e0 is an unknown value
R14=0x00007ff5515a8110 is an unknown value
R15=0x00007fff557d6260 is pointing into the stack for thread: 0x00007ff55187d000


Stack: [0x00007fff5575c000,0x00007fff557dc000],  sp=0x00007fff557d5d48,  free space=487k
Native frames: (J=compiled Java code, j=interpreted, Vv=VM code, C=native code)
C  [libobjc.A.dylib+0x10e9]  objc_msgSend+0x29
C  [AppKit+0xe1f45]  -[NSView _recursiveDisplayRectIfNeededIgnoringOpacity:isVisibleRect:rectIsVisibleRectForView:topView:]+0x740
C  [AppKit+0xe2fa0]  -[NSView _recursiveDisplayRectIfNeededIgnoringOpacity:isVisibleRect:rectIsVisibleRectForView:topView:]+0x179b
C  [AppKit+0xe12f3]  -[NSThemeFrame _recursiveDisplayRectIfNeededIgnoringOpacity:isVisibleRect:rectIsVisibleRectForView:topView:]+0x14d
C  [AppKit+0xdd68b]  -[NSView _displayRectIgnoringOpacity:isVisibleRect:rectIsVisibleRectForView:]+0xac9
C  [AppKit+0x951ae]  -[NSView displayIfNeeded]+0x754
C  [AppKit+0x94a09]  -[NSWindow displayIfNeeded]+0xec
C  [AppKit+0x94672]  _handleWindowNeedsDisplayOrLayoutOrUpdateConstraints+0x3a8
C  [Foundation+0x4ba23]  __NSFireTimer+0x5f
C  [CoreFoundation+0xb72e4]  __CFRUNLOOP_IS_CALLING_OUT_TO_A_TIMER_CALLBACK_FUNCTION__+0x14
C  [CoreFoundation+0xb6f73]  __CFRunLoopDoTimer+0x423
C  [CoreFoundation+0x12a53d]  __CFRunLoopDoTimers+0x12d
C  [CoreFoundation+0x72608]  __CFRunLoopRun+0x7e8
C  [CoreFoundation+0x71bd8]  CFRunLoopRunSpecific+0x128
C  [HIToolbox+0x3256f]  RunCurrentEventLoopInMode+0xeb
C  [HIToolbox+0x322ea]  ReceiveNextEventCommon+0x1af
C  [HIToolbox+0x3212b]  _BlockUntilNextEventMatchingListInModeWithFilter+0x47
C  [AppKit+0x918ab]  _DPSNextEvent+0x3d2
C  [AppKit+0x90e58]  -[NSApplication nextEventMatchingMask:untilDate:inMode:dequeue:]+0x15a
C  [libosxapp.dylib+0x1b56]  -[NSApplicationAWT nextEventMatchingMask:untilDate:inMode:dequeue:]+0x7c
C  [AppKit+0x86af3]  -[NSApplication run]+0x252
C  [libosxapp.dylib+0x19b9]  +[NSApplicationAWT runAWTLoopWithApp:]+0x9c
C  [liblwawt.dylib+0xd81a]  -[AWTStarter starter:]+0x637
C  [Foundation+0x92dd0]  __NSThreadPerformPerform+0x125
C  [CoreFoundation+0x80a01]  __CFRUNLOOP_IS_CALLING_OUT_TO_A_SOURCE0_PERFORM_FUNCTION__+0x11
C  [CoreFoundation+0x72b8d]  __CFRunLoopDoSources0+0x10d
C  [CoreFoundation+0x721bf]  __CFRunLoopRun+0x39f
C  [CoreFoundation+0x71bd8]  CFRunLoopRunSpecific+0x128
C  [java+0x742d]  CreateExecutionEnvironment+0x367
C  [java+0x1bdc]  JLI_Launch+0x7a0
C  [java+0x778a]  main+0x65
C  [java+0x1434]  start+0x34


---------------  P R O C E S S  ---------------

Java Threads: ( => current thread )
  0x00007ff55180b000 JavaThread "AWT-Shutdown" [_thread_blocked, id=15367, stack(0x000000011118d000,0x000000011128d000)]
=>0x00007ff55187d000 JavaThread "AppKit Thread" daemon [_thread_in_native, id=1299, stack(0x00007fff5575c000,0x00007fff557dc000)]
  0x00007ff553026800 JavaThread "Service Thread" daemon [_thread_blocked, id=13827, stack(0x0000000110cf4000,0x0000000110df4000)]
  0x00007ff553026000 JavaThread "C2 CompilerThread1" daemon [_thread_blocked, id=13571, stack(0x0000000110bf1000,0x0000000110cf1000)]
  0x00007ff553025000 JavaThread "C2 CompilerThread0" daemon [_thread_blocked, id=13319, stack(0x0000000110aee000,0x0000000110bee000)]
  0x00007ff55180a800 JavaThread "Signal Dispatcher" daemon [_thread_blocked, id=10263, stack(0x00000001109eb000,0x0000000110aeb000)]
  0x00007ff552011800 JavaThread "Finalizer" daemon [_thread_blocked, id=8707, stack(0x000000010efdb000,0x000000010f0db000)]
  0x00007ff552011000 JavaThread "Reference Handler" daemon [_thread_blocked, id=8451, stack(0x000000010eed8000,0x000000010efd8000)]
  0x00007ff552804000 JavaThread "main" [_thread_in_native, id=4355, stack(0x000000010b8a8000,0x000000010b9a8000)]

Other Threads:
  0x00007ff55282f000 VMThread [stack: 0x000000010edd5000,0x000000010eed5000] [id=8195]
  0x00007ff553030000 WatcherThread [stack: 0x0000000110df7000,0x0000000110ef7000] [id=14083]

VM state:not at safepoint (normal execution)

VM Mutex/Monitor currently owned by a thread: None

Heap
 def new generation   total 5760K, used 2214K [0x00000007e8400000, 0x00000007e8a30000, 0x00000007ee750000)
  eden space 5184K,  31% used [0x00000007e8400000, 0x00000007e85998e8, 0x00000007e8910000)
  from space 576K, 100% used [0x00000007e89a0000, 0x00000007e8a30000, 0x00000007e8a30000)
  to   space 576K,   0% used [0x00000007e8910000, 0x00000007e8910000, 0x00000007e89a0000)
 tenured generation   total 12736K, used 757K [0x00000007ee750000, 0x00000007ef3c0000, 0x00000007fae00000)
   the space 12736K,   5% used [0x00000007ee750000, 0x00000007ee80d400, 0x00000007ee80d400, 0x00000007ef3c0000)
 compacting perm gen  total 21248K, used 5869K [0x00000007fae00000, 0x00000007fc2c0000, 0x0000000800000000)
   the space 21248K,  27% used [0x00000007fae00000, 0x00000007fb3bb5b8, 0x00000007fb3bb600, 0x00000007fc2c0000)
No shared spaces configured.

Card table byte_map: [0x000000010ea6a000,0x000000010eb29000] byte_map_base: 0x000000010ab28000

Polling page: 0x000000010a573000

Code Cache  [0x000000010b9aa000, 0x000000010bc1a000, 0x000000010e9aa000)
 total_blobs=356 nmethods=45 adapters=264 free_code_cache=48649Kb largest_free_block=49790656

Compilation events (10 events):
Event: 6.646 Thread 0x00007ff553025000   39             org.lwjgl.opengl.GL11::glGetError (20 bytes)
Event: 6.651 Thread 0x00007ff553026000   41             org.lwjgl.opengl.Util::checkGLError (31 bytes)
Event: 6.652 Thread 0x00007ff553025000 nmethod 39 0x000000010ba22710 code [0x000000010ba22860, 0x000000010ba22948]
Event: 6.653 Thread 0x00007ff553025000   42             org.lwjgl.opengl.StateTracker::isBeginEnd (5 bytes)
Event: 6.653 Thread 0x00007ff553025000 nmethod 42 0x000000010ba26390 code [0x000000010ba264c0, 0x000000010ba26518]
Event: 6.656 Thread 0x00007ff553026000 nmethod 41 0x000000010ba25f50 code [0x000000010ba260a0, 0x000000010ba261c8]
Event: 6.680 Thread 0x00007ff553025000   44   !         org.lwjgl.input.Keyboard::isKeyDown (45 bytes)
Event: 6.680 Thread 0x00007ff553026000   45             java.nio.DirectByteBuffer::get (16 bytes)
Event: 6.682 Thread 0x00007ff553026000 nmethod 45 0x000000010ba25950 code [0x000000010ba25a80, 0x000000010ba25b18]
Event: 6.684 Thread 0x00007ff553025000 nmethod 44 0x000000010ba25450 code [0x000000010ba255a0, 0x000000010ba25858]

GC Heap History (2 events):
Event: 1.069 GC heap before
{Heap before GC invocations=0 (full 0):
 def new generation   total 5760K, used 4834K [0x00000007e8400000, 0x00000007e8a30000, 0x00000007ee750000)
  eden space 5184K,  93% used [0x00000007e8400000, 0x00000007e88b8a18, 0x00000007e8910000)
  from space 576K,   0% used [0x00000007e8910000, 0x00000007e8910000, 0x00000007e89a0000)
  to   space 576K,   0% used [0x00000007e89a0000, 0x00000007e89a0000, 0x00000007e8a30000)
 tenured generation   total 12736K, used 0K [0x00000007ee750000, 0x00000007ef3c0000, 0x00000007fae00000)
   the space 12736K,   0% used [0x00000007ee750000, 0x00000007ee750000, 0x00000007ee750200, 0x00000007ef3c0000)
 compacting perm gen  total 21248K, used 5799K [0x00000007fae00000, 0x00000007fc2c0000, 0x0000000800000000)
   the space 21248K,  27% used [0x00000007fae00000, 0x00000007fb3a9f20, 0x00000007fb3aa000, 0x00000007fc2c0000)
No shared spaces configured.
Event: 1.082 GC heap after
Heap after GC invocations=1 (full 0):
 def new generation   total 5760K, used 576K [0x00000007e8400000, 0x00000007e8a30000, 0x00000007ee750000)
  eden space 5184K,   0% used [0x00000007e8400000, 0x00000007e8400000, 0x00000007e8910000)
  from space 576K, 100% used [0x00000007e89a0000, 0x00000007e8a30000, 0x00000007e8a30000)
  to   space 576K,   0% used [0x00000007e8910000, 0x00000007e8910000, 0x00000007e89a0000)
 tenured generation   total 12736K, used 757K [0x00000007ee750000, 0x00000007ef3c0000, 0x00000007fae00000)
   the space 12736K,   5% used [0x00000007ee750000, 0x00000007ee80d400, 0x00000007ee80d400, 0x00000007ef3c0000)
 compacting perm gen  total 21248K, used 5799K [0x00000007fae00000, 0x00000007fc2c0000, 0x0000000800000000)
   the space 21248K,  27% used [0x00000007fae00000, 0x00000007fb3a9f20, 0x00000007fb3aa000, 0x00000007fc2c0000)
No shared spaces configured.
}

Deoptimization events (0 events):
No events

Internal exceptions (10 events):
Event: 1.045 Thread 0x00007ff552804000 Threw 0x00000007e8857148 at /HUDSON/workspace/jdk7u17-2-build-macosx-amd64-product/jdk7u17/hotspot/src/share/vm/prims/jvm.cpp:1166
Event: 1.047 Thread 0x00007ff552804000 Threw 0x00000007e8862208 at /HUDSON/workspace/jdk7u17-2-build-macosx-amd64-product/jdk7u17/hotspot/src/share/vm/prims/jvm.cpp:1166
Event: 1.047 Thread 0x00007ff552804000 Threw 0x00000007e8862430 at /HUDSON/workspace/jdk7u17-2-build-macosx-amd64-product/jdk7u17/hotspot/src/share/vm/prims/jvm.cpp:1166
Event: 1.055 Thread 0x00007ff552804000 Threw 0x00000007e8885708 at /HUDSON/workspace/jdk7u17-2-build-macosx-amd64-product/jdk7u17/hotspot/src/share/vm/prims/jvm.cpp:1166
Event: 1.057 Thread 0x00007ff552804000 Threw 0x00000007e888c240 at /HUDSON/workspace/jdk7u17-2-build-macosx-amd64-product/jdk7u17/hotspot/src/share/vm/prims/jvm.cpp:1166
Event: 1.059 Thread 0x00007ff552804000 Threw 0x00000007e8890e88 at /HUDSON/workspace/jdk7u17-2-build-macosx-amd64-product/jdk7u17/hotspot/src/share/vm/prims/jvm.cpp:1166
Event: 1.060 Thread 0x00007ff552804000 Threw 0x00000007e8897b78 at /HUDSON/workspace/jdk7u17-2-build-macosx-amd64-product/jdk7u17/hotspot/src/share/vm/prims/jvm.cpp:1166
Event: 1.083 Thread 0x00007ff552804000 Threw 0x00000007e848cd00 at /HUDSON/workspace/jdk7u17-2-build-macosx-amd64-product/jdk7u17/hotspot/src/share/vm/prims/jvm.cpp:1166
Event: 1.088 Thread 0x00007ff552804000 Threw 0x00000007e849b088 at /HUDSON/workspace/jdk7u17-2-build-macosx-amd64-product/jdk7u17/hotspot/src/share/vm/prims/jvm.cpp:1166
Event: 1.124 Thread 0x00007ff552804000 Threw 0x00000007e84a1d78 at /HUDSON/workspace/jdk7u17-2-build-macosx-amd64-product/jdk7u17/hotspot/src/share/vm/prims/jvm.cpp:1166

Events (10 events):
Event: 1.089 loading class 0x00007ff5515e84a0
Event: 1.089 loading class 0x00007ff551434cb0
Event: 1.089 loading class 0x00007ff551434cb0 done
Event: 1.089 loading class 0x00007ff5515e84a0 done
Event: 1.124 loading class 0x00007ff55165e3b0
Event: 1.124 loading class 0x00007ff55165e3b0 done
Event: 1.128 loading class 0x00007ff5515011e0
Event: 1.129 loading class 0x00007ff5515011e0 done
Event: 4.280 Executing VM operation: EnableBiasedLocking
Event: 4.280 Executing VM operation: EnableBiasedLocking done


Dynamic libraries:
0x000000000373f000 	/System/Library/Frameworks/Cocoa.framework/Versions/A/Cocoa
0x000000000373f000 	/System/Library/Frameworks/Security.framework/Versions/A/Security
0x000000000373f000 	/System/Library/Frameworks/ApplicationServices.framework/Versions/A/ApplicationServices
0x000000000373f000 	/usr/lib/libz.1.dylib
0x000000000373f000 	/usr/lib/libSystem.B.dylib
0x000000000373f000 	/usr/lib/libobjc.A.dylib
0x000000000373f000 	/System/Library/Frameworks/CoreFoundation.framework/Versions/A/CoreFoundation
0x000000000373f000 	/System/Library/Frameworks/AppKit.framework/Versions/C/AppKit
0x000000000373f000 	/System/Library/Frameworks/CoreData.framework/Versions/A/CoreData
0x000000000373f000 	/System/Library/Frameworks/Foundation.framework/Versions/C/Foundation
0x000000000373f000 	/System/Library/PrivateFrameworks/RemoteViewServices.framework/Versions/A/RemoteViewServices
0x000000000373f000 	/System/Library/PrivateFrameworks/UIFoundation.framework/Versions/A/UIFoundation
0x000000000373f000 	/System/Library/Frameworks/IOSurface.framework/Versions/A/IOSurface
0x000000000373f000 	/System/Library/Frameworks/AudioToolbox.framework/Versions/A/AudioToolbox
0x000000000373f000 	/System/Library/Frameworks/AudioUnit.framework/Versions/A/AudioUnit
0x000000000373f000 	/System/Library/PrivateFrameworks/DataDetectorsCore.framework/Versions/A/DataDetectorsCore
0x000000000373f000 	/System/Library/PrivateFrameworks/DesktopServicesPriv.framework/Versions/A/DesktopServicesPriv
0x000000000373f000 	/System/Library/Frameworks/Carbon.framework/Versions/A/Frameworks/HIToolbox.framework/Versions/A/HIToolbox
0x000000000373f000 	/System/Library/Frameworks/QuartzCore.framework/Versions/A/QuartzCore
0x000000000373f000 	/System/Library/Frameworks/Carbon.framework/Versions/A/Frameworks/SpeechRecognition.framework/Versions/A/SpeechRecognition
0x000000000373f000 	/usr/lib/libauto.dylib
0x000000000373f000 	/usr/lib/libicucore.A.dylib
0x000000000373f000 	/usr/lib/libxml2.2.dylib
0x000000000373f000 	/System/Library/PrivateFrameworks/CoreUI.framework/Versions/A/CoreUI
0x000000000373f000 	/System/Library/Frameworks/CoreAudio.framework/Versions/A/CoreAudio
0x000000000373f000 	/System/Library/Frameworks/DiskArbitration.framework/Versions/A/DiskArbitration
0x000000000373f000 	/usr/lib/liblangid.dylib
0x000000000373f000 	/System/Library/PrivateFrameworks/MultitouchSupport.framework/Versions/A/MultitouchSupport
0x000000000373f000 	/System/Library/Frameworks/IOKit.framework/Versions/A/IOKit
0x000000000373f000 	/usr/lib/libDiagnosticMessagesClient.dylib
0x000000000373f000 	/System/Library/Frameworks/CoreServices.framework/Versions/A/CoreServices
0x000000000373f000 	/System/Library/PrivateFrameworks/PerformanceAnalysis.framework/Versions/A/PerformanceAnalysis
0x000000000373f000 	/System/Library/PrivateFrameworks/GenerationalStorage.framework/Versions/A/GenerationalStorage
0x000000000373f000 	/System/Library/Frameworks/OpenGL.framework/Versions/A/OpenGL
0x000000000373f000 	/System/Library/PrivateFrameworks/Sharing.framework/Versions/A/Sharing
0x000000000373f000 	/System/Library/Frameworks/CoreGraphics.framework/Versions/A/CoreGraphics
0x000000000373f000 	/System/Library/Frameworks/CoreText.framework/Versions/A/CoreText
0x000000000373f000 	/System/Library/Frameworks/ImageIO.framework/Versions/A/ImageIO
0x000000000373f000 	/usr/lib/libextension.dylib
0x000000000373f000 	/System/Library/PrivateFrameworks/Backup.framework/Versions/A/Backup
0x000000000373f000 	/usr/lib/libarchive.2.dylib
0x000000000373f000 	/System/Library/Frameworks/CFNetwork.framework/Versions/A/CFNetwork
0x000000000373f000 	/System/Library/Frameworks/SystemConfiguration.framework/Versions/A/SystemConfiguration
0x000000000373f000 	/usr/lib/libCRFSuite.dylib
0x000000000373f000 	/usr/lib/libc++.1.dylib
0x000000000373f000 	/usr/lib/libc++abi.dylib
0x000000000373f000 	/usr/lib/system/libcache.dylib
0x000000000373f000 	/usr/lib/system/libcommonCrypto.dylib
0x000000000373f000 	/usr/lib/system/libcompiler_rt.dylib
0x000000000373f000 	/usr/lib/system/libcopyfile.dylib
0x000000000373f000 	/usr/lib/system/libcorecrypto.dylib
0x000000000373f000 	/usr/lib/system/libdispatch.dylib
0x000000000373f000 	/usr/lib/system/libdyld.dylib
0x000000000373f000 	/usr/lib/system/libkeymgr.dylib
0x000000000373f000 	/usr/lib/system/liblaunch.dylib
0x000000000373f000 	/usr/lib/system/libmacho.dylib
0x000000000373f000 	/usr/lib/system/libquarantine.dylib
0x000000000373f000 	/usr/lib/system/libremovefile.dylib
0x000000000373f000 	/usr/lib/system/libsystem_asl.dylib
0x000000000373f000 	/usr/lib/system/libsystem_blocks.dylib
0x000000000373f000 	/usr/lib/system/libsystem_c.dylib
0x000000000373f000 	/usr/lib/system/libsystem_configuration.dylib
0x000000000373f000 	/usr/lib/system/libsystem_coreservices.dylib
0x000000000373f000 	/usr/lib/system/libsystem_coretls.dylib
0x000000000373f000 	/usr/lib/system/libsystem_dnssd.dylib
0x000000000373f000 	/usr/lib/system/libsystem_info.dylib
0x000000000373f000 	/usr/lib/system/libsystem_kernel.dylib
0x000000000373f000 	/usr/lib/system/libsystem_m.dylib
0x000000000373f000 	/usr/lib/system/libsystem_malloc.dylib
0x000000000373f000 	/usr/lib/system/libsystem_network.dylib
0x000000000373f000 	/usr/lib/system/libsystem_networkextension.dylib
0x000000000373f000 	/usr/lib/system/libsystem_notify.dylib
0x000000000373f000 	/usr/lib/system/libsystem_platform.dylib
0x000000000373f000 	/usr/lib/system/libsystem_pthread.dylib
0x000000000373f000 	/usr/lib/system/libsystem_sandbox.dylib
0x000000000373f000 	/usr/lib/system/libsystem_secinit.dylib
0x000000000373f000 	/usr/lib/system/libsystem_stats.dylib
0x000000000373f000 	/usr/lib/system/libsystem_trace.dylib
0x000000000373f000 	/usr/lib/system/libunc.dylib
0x000000000373f000 	/usr/lib/system/libunwind.dylib
0x000000000373f000 	/usr/lib/system/libxpc.dylib
0x000000000373f000 	/usr/lib/libbz2.1.0.dylib
0x000000000373f000 	/usr/lib/liblzma.5.dylib
0x000000000373f000 	/usr/lib/libbsm.0.dylib
0x000000000373f000 	/usr/lib/libsqlite3.dylib
0x000000000373f000 	/usr/lib/system/libkxld.dylib
0x000000000373f000 	/usr/lib/libxar.1.dylib
0x000000000373f000 	/usr/lib/libpam.2.dylib
0x000000000373f000 	/usr/lib/libOpenScriptingUtil.dylib
0x000000000373f000 	/System/Library/Frameworks/CoreServices.framework/Versions/A/Frameworks/FSEvents.framework/Versions/A/FSEvents
0x000000000373f000 	/System/Library/Frameworks/CoreServices.framework/Versions/A/Frameworks/CarbonCore.framework/Versions/A/CarbonCore
0x000000000373f000 	/System/Library/Frameworks/CoreServices.framework/Versions/A/Frameworks/Metadata.framework/Versions/A/Metadata
0x000000000373f000 	/System/Library/Frameworks/CoreServices.framework/Versions/A/Frameworks/OSServices.framework/Versions/A/OSServices
0x000000000373f000 	/System/Library/Frameworks/CoreServices.framework/Versions/A/Frameworks/SearchKit.framework/Versions/A/SearchKit
0x000000000373f000 	/System/Library/Frameworks/CoreServices.framework/Versions/A/Frameworks/AE.framework/Versions/A/AE
0x000000000373f000 	/System/Library/Frameworks/CoreServices.framework/Versions/A/Frameworks/LaunchServices.framework/Versions/A/LaunchServices
0x000000000373f000 	/System/Library/Frameworks/CoreServices.framework/Versions/A/Frameworks/DictionaryServices.framework/Versions/A/DictionaryServices
0x000000000373f000 	/System/Library/Frameworks/NetFS.framework/Versions/A/NetFS
0x000000000373f000 	/System/Library/PrivateFrameworks/NetAuth.framework/Versions/A/NetAuth
0x000000000373f000 	/System/Library/PrivateFrameworks/login.framework/Versions/A/Frameworks/loginsupport.framework/Versions/A/loginsupport
0x000000000373f000 	/System/Library/PrivateFrameworks/TCC.framework/Versions/A/TCC
0x000000000373f000 	/usr/lib/libmecabra.dylib
0x000000000373f000 	/System/Library/Frameworks/ApplicationServices.framework/Versions/A/Frameworks/ATS.framework/Versions/A/ATS
0x000000000373f000 	/System/Library/Frameworks/ApplicationServices.framework/Versions/A/Frameworks/ColorSync.framework/Versions/A/ColorSync
0x000000000373f000 	/System/Library/Frameworks/ApplicationServices.framework/Versions/A/Frameworks/HIServices.framework/Versions/A/HIServices
0x000000000373f000 	/System/Library/Frameworks/ApplicationServices.framework/Versions/A/Frameworks/LangAnalysis.framework/Versions/A/LangAnalysis
0x000000000373f000 	/System/Library/Frameworks/ApplicationServices.framework/Versions/A/Frameworks/PrintCore.framework/Versions/A/PrintCore
0x000000000373f000 	/System/Library/Frameworks/ApplicationServices.framework/Versions/A/Frameworks/QD.framework/Versions/A/QD
0x000000000373f000 	/System/Library/Frameworks/ApplicationServices.framework/Versions/A/Frameworks/SpeechSynthesis.framework/Versions/A/SpeechSynthesis
0x000000000373f000 	/System/Library/Frameworks/Accelerate.framework/Versions/A/Accelerate
0x000000000373f000 	/System/Library/Frameworks/Accelerate.framework/Versions/A/Frameworks/vImage.framework/Versions/A/vImage
0x000000000373f000 	/System/Library/Frameworks/Accelerate.framework/Versions/A/Frameworks/vecLib.framework/Versions/A/vecLib
0x000000000373f000 	/System/Library/Frameworks/Accelerate.framework/Versions/A/Frameworks/vecLib.framework/Versions/A/libvDSP.dylib
0x000000000373f000 	/System/Library/Frameworks/Accelerate.framework/Versions/A/Frameworks/vecLib.framework/Versions/A/libvMisc.dylib
0x000000000373f000 	/System/Library/Frameworks/Accelerate.framework/Versions/A/Frameworks/vecLib.framework/Versions/A/libLAPACK.dylib
0x000000000373f000 	/System/Library/Frameworks/Accelerate.framework/Versions/A/Frameworks/vecLib.framework/Versions/A/libBLAS.dylib
0x000000000373f000 	/System/Library/Frameworks/Accelerate.framework/Versions/A/Frameworks/vecLib.framework/Versions/A/libLinearAlgebra.dylib
0x000000000373f000 	/System/Library/Frameworks/ApplicationServices.framework/Versions/A/Frameworks/ATS.framework/Versions/A/Resources/libFontParser.dylib
0x000000000373f000 	/System/Library/Frameworks/ApplicationServices.framework/Versions/A/Frameworks/ATS.framework/Versions/A/Resources/libFontRegistry.dylib
0x000000000373f000 	/System/Library/PrivateFrameworks/AppleVPA.framework/Versions/A/AppleVPA
0x000000000373f000 	/System/Library/PrivateFrameworks/AppleJPEG.framework/Versions/A/AppleJPEG
0x000000000373f000 	/System/Library/Frameworks/ImageIO.framework/Versions/A/Resources/libJPEG.dylib
0x000000000373f000 	/System/Library/Frameworks/ImageIO.framework/Versions/A/Resources/libTIFF.dylib
0x000000000373f000 	/System/Library/Frameworks/ImageIO.framework/Versions/A/Resources/libPng.dylib
0x000000000373f000 	/System/Library/Frameworks/ImageIO.framework/Versions/A/Resources/libGIF.dylib
0x000000000373f000 	/System/Library/Frameworks/ImageIO.framework/Versions/A/Resources/libJP2.dylib
0x000000000373f000 	/System/Library/Frameworks/ImageIO.framework/Versions/A/Resources/libRadiance.dylib
0x000000000373f000 	/System/Library/Frameworks/CoreVideo.framework/Versions/A/CoreVideo
0x000000000373f000 	/System/Library/Frameworks/OpenGL.framework/Versions/A/Libraries/libGLU.dylib
0x000000000373f000 	/System/Library/Frameworks/OpenGL.framework/Versions/A/Libraries/libGFXShared.dylib
0x000000000373f000 	/System/Library/Frameworks/OpenGL.framework/Versions/A/Libraries/libGL.dylib
0x000000000373f000 	/System/Library/Frameworks/OpenGL.framework/Versions/A/Libraries/libGLImage.dylib
0x000000000373f000 	/System/Library/Frameworks/OpenGL.framework/Versions/A/Libraries/libCVMSPluginSupport.dylib
0x000000000373f000 	/System/Library/Frameworks/OpenGL.framework/Versions/A/Libraries/libCoreVMClient.dylib
0x000000000373f000 	/usr/lib/libcups.2.dylib
0x000000000373f000 	/System/Library/Frameworks/Kerberos.framework/Versions/A/Kerberos
0x000000000373f000 	/System/Library/Frameworks/GSS.framework/Versions/A/GSS
0x000000000373f000 	/usr/lib/libresolv.9.dylib
0x000000000373f000 	/usr/lib/libiconv.2.dylib
0x000000000373f000 	/System/Library/PrivateFrameworks/Heimdal.framework/Versions/A/Heimdal
0x000000000373f000 	/usr/lib/libheimdal-asn1.dylib
0x000000000373f000 	/System/Library/Frameworks/OpenDirectory.framework/Versions/A/OpenDirectory
0x000000000373f000 	/System/Library/PrivateFrameworks/CommonAuth.framework/Versions/A/CommonAuth
0x000000000373f000 	/System/Library/Frameworks/OpenDirectory.framework/Versions/A/Frameworks/CFOpenDirectory.framework/Versions/A/CFOpenDirectory
0x000000000373f000 	/System/Library/Frameworks/SecurityFoundation.framework/Versions/A/SecurityFoundation
0x000000000373f000 	/System/Library/PrivateFrameworks/LanguageModeling.framework/Versions/A/LanguageModeling
0x000000000373f000 	/usr/lib/libcmph.dylib
0x000000000373f000 	/System/Library/Frameworks/ServiceManagement.framework/Versions/A/ServiceManagement
0x000000000373f000 	/usr/lib/libxslt.1.dylib
0x000000000373f000 	/System/Library/Frameworks/Carbon.framework/Versions/A/Frameworks/Ink.framework/Versions/A/Ink
0x000000000373f000 	/System/Library/Frameworks/QuartzCore.framework/Versions/A/Frameworks/CoreImage.framework/Versions/A/CoreImage
0x000000000373f000 	/System/Library/PrivateFrameworks/CrashReporterSupport.framework/Versions/A/CrashReporterSupport
0x000000000373f000 	/System/Library/Frameworks/OpenCL.framework/Versions/A/OpenCL
0x000000000373f000 	/System/Library/PrivateFrameworks/FaceCore.framework/Versions/A/FaceCore
0x000000000373f000 	/System/Library/PrivateFrameworks/Ubiquity.framework/Versions/A/Ubiquity
0x000000000373f000 	/System/Library/PrivateFrameworks/IconServices.framework/Versions/A/IconServices
0x000000000373f000 	/System/Library/PrivateFrameworks/ChunkingLibrary.framework/Versions/A/ChunkingLibrary
0x000000000373f000 	/System/Library/PrivateFrameworks/Apple80211.framework/Versions/A/Apple80211
0x000000000373f000 	/System/Library/Frameworks/CoreWLAN.framework/Versions/A/CoreWLAN
0x000000000373f000 	/System/Library/Frameworks/IOBluetooth.framework/Versions/A/IOBluetooth
0x000000000373f000 	/System/Library/PrivateFrameworks/CoreWiFi.framework/Versions/A/CoreWiFi
0x000000000373f000 	/System/Library/Frameworks/CoreBluetooth.framework/Versions/A/CoreBluetooth
0x000000000373f000 	/System/Library/PrivateFrameworks/DebugSymbols.framework/Versions/A/DebugSymbols
0x000000000373f000 	/System/Library/PrivateFrameworks/CoreSymbolication.framework/Versions/A/CoreSymbolication
0x000000000373f000 	/System/Library/PrivateFrameworks/Symbolication.framework/Versions/A/Symbolication
0x000000000373f000 	/System/Library/PrivateFrameworks/SpeechRecognitionCore.framework/Versions/A/SpeechRecognitionCore
0x000000010ae00000 	/Library/Java/JavaVirtualMachines/jdk1.7.0_17.jdk/Contents/Home/jre/lib/server/libjvm.dylib
0x000000000373f000 	/usr/lib/libstdc++.6.dylib
0x000000010a536000 	/Library/Java/JavaVirtualMachines/jdk1.7.0_17.jdk/Contents/Home/jre/lib/libverify.dylib
0x000000010a543000 	/Library/Java/JavaVirtualMachines/jdk1.7.0_17.jdk/Contents/Home/jre/lib/libjava.dylib
0x000000010a57d000 	/Library/Java/JavaVirtualMachines/jdk1.7.0_17.jdk/Contents/Home/jre/lib/libzip.dylib
0x000000010f0dd000 	/System/Library/Frameworks/JavaVM.framework/Frameworks/JavaRuntimeSupport.framework/JavaRuntimeSupport
0x000000010a5eb000 	/System/Library/Frameworks/JavaVM.framework/Versions/A/Frameworks/JavaNativeFoundation.framework/Versions/A/JavaNativeFoundation
0x000000010f0f5000 	/System/Library/Frameworks/JavaVM.framework/Versions/A/JavaVM
0x000000000373f000 	/System/Library/Frameworks/Carbon.framework/Versions/A/Carbon
0x000000010f102000 	/System/Library/PrivateFrameworks/JavaLaunching.framework/Versions/A/JavaLaunching
0x000000000373f000 	/System/Library/Frameworks/Carbon.framework/Versions/A/Frameworks/CommonPanels.framework/Versions/A/CommonPanels
0x000000000373f000 	/System/Library/Frameworks/Carbon.framework/Versions/A/Frameworks/Help.framework/Versions/A/Help
0x000000000373f000 	/System/Library/Frameworks/Carbon.framework/Versions/A/Frameworks/ImageCapture.framework/Versions/A/ImageCapture
0x000000000373f000 	/System/Library/Frameworks/Carbon.framework/Versions/A/Frameworks/OpenScripting.framework/Versions/A/OpenScripting
0x000000000373f000 	/System/Library/Frameworks/Carbon.framework/Versions/A/Frameworks/Print.framework/Versions/A/Print
0x000000000373f000 	/System/Library/Frameworks/Carbon.framework/Versions/A/Frameworks/SecurityHI.framework/Versions/A/SecurityHI
0x0000000110f43000 	/Library/Java/JavaVirtualMachines/jdk1.7.0_17.jdk/Contents/Home/jre/lib/libawt.dylib
0x0000000110ff2000 	/Library/Java/JavaVirtualMachines/jdk1.7.0_17.jdk/Contents/Home/jre/lib/./libmlib_image.dylib
0x00000001110be000 	/Library/Java/JavaVirtualMachines/jdk1.7.0_17.jdk/Contents/Home/jre/lib/lwawt/liblwawt.dylib
0x0000000111170000 	/Library/Java/JavaVirtualMachines/jdk1.7.0_17.jdk/Contents/Home/jre/lib/libosxapp.dylib
0x000000000373f000 	/System/Library/Frameworks/ExceptionHandling.framework/Versions/A/ExceptionHandling
0x000000000373f000 	/System/Library/PrivateFrameworks/CoreServicesInternal.framework/Versions/A/CoreServicesInternal
0x000000000373f000 	/System/Library/PrivateFrameworks/CloudDocs.framework/Versions/A/CloudDocs
0x000000000373f000 	/System/Library/PrivateFrameworks/CoreDuet.framework/Versions/A/CoreDuet
0x000000000373f000 	/System/Library/Frameworks/CloudKit.framework/Versions/A/CloudKit
0x000000000373f000 	/System/Library/PrivateFrameworks/ProtocolBuffer.framework/Versions/A/ProtocolBuffer
0x000000000373f000 	/System/Library/PrivateFrameworks/CoreDuetDaemonProtocol.framework/Versions/A/CoreDuetDaemonProtocol
0x000000000373f000 	/System/Library/PrivateFrameworks/CoreDuetDebugLogging.framework/Versions/A/CoreDuetDebugLogging
0x000000000373f000 	/System/Library/PrivateFrameworks/MMCS.framework/Versions/A/MMCS
0x000000000373f000 	/System/Library/Frameworks/CoreLocation.framework/Versions/A/CoreLocation
0x000000000373f000 	/System/Library/PrivateFrameworks/ProtectedCloudStorage.framework/Versions/A/ProtectedCloudStorage
0x000000000373f000 	/System/Library/PrivateFrameworks/GeoServices.framework/Versions/A/GeoServices
0x000000000373f000 	/System/Library/Frameworks/CoreGraphics.framework/Versions/A/Resources/libCGCMS.A.dylib
0x000000000373f000 	/System/Library/Frameworks/CoreGraphics.framework/Versions/A/Resources/libRIP.A.dylib
0x000000000373f000 	/System/Library/Frameworks/CoreGraphics.framework/Versions/A/Resources/libCGXType.A.dylib
0x000000000373f000 	/System/Library/Frameworks/OpenCL.framework/Versions/A/Libraries/libcldcpuengine.dylib
0x000000000373f000 	/System/Library/PrivateFrameworks/DiskImages.framework/Versions/A/DiskImages
0x000000000373f000 	/System/Library/Frameworks/DiscRecording.framework/Versions/A/DiscRecording
0x000000000373f000 	/usr/lib/libcsfde.dylib
0x000000000373f000 	/usr/lib/libcurl.4.dylib
0x000000000373f000 	/System/Library/PrivateFrameworks/MediaKit.framework/Versions/A/MediaKit
0x000000000373f000 	/usr/lib/libCoreStorage.dylib
0x000000000373f000 	/System/Library/PrivateFrameworks/EFILogin.framework/Versions/A/EFILogin
0x000000000373f000 	/usr/lib/libutil.dylib
0x000000000373f000 	/System/Library/PrivateFrameworks/FindMyDevice.framework/Versions/A/FindMyDevice
0x000000000373f000 	/System/Library/Frameworks/LDAP.framework/Versions/A/LDAP
0x000000000373f000 	/usr/lib/libsasl2.2.dylib
0x000000000373f000 	/System/Library/PrivateFrameworks/CoreDaemon.framework/Versions/B/CoreDaemon
0x000000000373f000 	/usr/lib/libcrypto.0.9.8.dylib
0x000000000373f000 	/System/Library/PrivateFrameworks/AppleSRP.framework/Versions/A/AppleSRP
0x000000000373f000 	/System/Library/PrivateFrameworks/TrustEvaluationAgent.framework/Versions/A/TrustEvaluationAgent
0x0000000113f11000 	cl_kernels
0x0000000113f13000 	/System/Library/Frameworks/OpenCL.framework/Versions/A/Libraries/ImageFormats/unorm8_bgra.dylib
0x0000000113f02000 	cl_kernels
0x000000000373f000 	/System/Library/PrivateFrameworks/FamilyControls.framework/Versions/A/FamilyControls
0x000000000373f000 	/System/Library/PrivateFrameworks/CommerceKit.framework/Versions/A/Frameworks/CommerceCore.framework/Versions/A/CommerceCore
0x000000000373f000 	/System/Library/PrivateFrameworks/SystemAdministration.framework/Versions/A/SystemAdministration
0x000000000373f000 	/System/Library/PrivateFrameworks/AppContainer.framework/Versions/A/AppContainer
0x000000000373f000 	/System/Library/PrivateFrameworks/SecCodeWrapper.framework/Versions/A/SecCodeWrapper
0x000000000373f000 	/System/Library/Frameworks/DirectoryService.framework/Versions/A/DirectoryService
0x000000000373f000 	/System/Library/PrivateFrameworks/LoginUIKit.framework/Versions/A/Frameworks/LoginUICore.framework/Versions/A/LoginUICore
0x000000000373f000 	/usr/lib/libodfde.dylib
0x00000001151dc000 	/Library/Java/JavaVirtualMachines/jdk1.7.0_17.jdk/Contents/Home/jre/lib/libfontmanager.dylib
0x0000000115228000 	/Users/William/Documents/workspace/FRESHSTART/lib/natives/macosx/liblwjgl.dylib
0x0000000113445000 	/Library/Java/JavaVirtualMachines/jdk1.7.0_17.jdk/Contents/Home/jre/lib/libjawt.dylib
0x000000000373f000 	/System/Library/Frameworks/OpenGL.framework/Versions/A/Resources/GLEngine.bundle/GLEngine
0x000000000373f000 	/System/Library/Frameworks/OpenGL.framework/Versions/A/Libraries/libGLProgrammability.dylib
0x00000001152aa000 	/System/Library/Extensions/AppleIntelHD4000GraphicsGLDriver.bundle/Contents/MacOS/AppleIntelHD4000GraphicsGLDriver
0x000000000373f000 	/System/Library/PrivateFrameworks/IOAccelerator.framework/Versions/A/IOAccelerator
0x000000000373f000 	/System/Library/PrivateFrameworks/GPUSupport.framework/Versions/A/Libraries/libGPUSupportMercury.dylib
0x000000000373f000 	/System/Library/Frameworks/OpenGL.framework/Versions/A/Resources/GLRendererFloat.bundle/GLRendererFloat
0x0000000115ff6000 	/Library/Java/JavaVirtualMachines/jdk1.7.0_17.jdk/Contents/Home/jre/lib/libnio.dylib
0x0000000116005000 	/Library/Java/JavaVirtualMachines/jdk1.7.0_17.jdk/Contents/Home/jre/lib/./libnet.dylib

VM Arguments:
jvm_args: -Djava.library.path=/Users/William/Documents/workspace/FRESHSTART/lib/natives/macosx -Dfile.encoding=US-ASCII 
java_command: gravityDemo
Launcher Type: SUN_STANDARD

Environment Variables:
PATH=/usr/bin:/bin:/usr/sbin:/sbin
SHELL=/bin/bash
DISPLAY=/private/tmp/com.apple.launchd.LAIZL6y7cY/org.macosforge.xquartz:0

Signal Handlers:
SIGSEGV: [libjvm.dylib+0x4a361d], sa_mask[0]=0xfffefeff, sa_flags=0x00000042
SIGBUS: [libjvm.dylib+0x4a361d], sa_mask[0]=0xfffefeff, sa_flags=0x00000042
SIGFPE: [libjvm.dylib+0x3b302d], sa_mask[0]=0xfffefeff, sa_flags=0x00000042
SIGPIPE: [libjvm.dylib+0x3b302d], sa_mask[0]=0xfffefeff, sa_flags=0x00000042
SIGXFSZ: [libjvm.dylib+0x3b302d], sa_mask[0]=0xfffefeff, sa_flags=0x00000042
SIGILL: [libjvm.dylib+0x3b302d], sa_mask[0]=0xfffefeff, sa_flags=0x00000042
SIGUSR1: SIG_DFL, sa_mask[0]=0x00000000, sa_flags=0x00000000
SIGUSR2: [libjvm.dylib+0x3b2bc6], sa_mask[0]=0x00000004, sa_flags=0x00000042
SIGHUP: [libjvm.dylib+0x3b0e27], sa_mask[0]=0xfffefeff, sa_flags=0x00000042
SIGINT: [libjvm.dylib+0x3b0e27], sa_mask[0]=0xfffefeff, sa_flags=0x00000042
SIGTERM: [libjvm.dylib+0x3b0e27], sa_mask[0]=0xfffefeff, sa_flags=0x00000042
SIGQUIT: [libjvm.dylib+0x3b0e27], sa_mask[0]=0xfffefeff, sa_flags=0x00000042


---------------  S Y S T E M  ---------------

OS:Bsduname:Darwin 14.5.0 Darwin Kernel Version 14.5.0: Wed Jul 29 02:26:53 PDT 2015; root:xnu-2782.40.9~1/RELEASE_X86_64 x86_64
rlimit: STACK 8192k, CORE 0k, NPROC 709, NOFILE 10240, AS infinity
load average:27.29 40.34 26.21

CPU:total 4 (2 cores per cpu, 2 threads per core) family 6 model 58 stepping 9, cmov, cx8, fxsr, mmx, sse, sse2, sse3, ssse3, sse4.1, sse4.2, popcnt, avx, ht, tsc, tscinvbit, tscinv

Memory: 4k page, physical 1217816k(304454k free)

/proc/meminfo:


vm_info: Java HotSpot(TM) 64-Bit Server VM (23.7-b01) for bsd-amd64 JRE (1.7.0_17-b02), built on Mar  1 2013 06:41:23 by "java_re" with gcc 4.2.1 (Based on Apple Inc. build 5658) (LLVM build 2336.11.00)

time: Wed Oct 28 12:35:52 2015
elapsed time: 6 seconds

