#
# A fatal error has been detected by the Java Runtime Environment:
#
#  SIGSEGV (0xb) at pc=0x00007fff937a20dd, pid=5525, tid=1299
#
# JRE version: 7.0_17-b02
# Java VM: Java HotSpot(TM) 64-Bit Server VM (23.7-b01 mixed mode bsd-amd64 compressed oops)
# Problematic frame:
# C  [libobjc.A.dylib+0x10dd]  objc_msgSend+0x1d
#
# Failed to write core dump. Core dumps have been disabled. To enable core dumping, try "ulimit -c unlimited" before starting Java again
#
# If you would like to submit a bug report, please visit:
#   http://bugreport.sun.com/bugreport/crash.jsp
# The crash happened outside the Java Virtual Machine in native code.
# See problematic frame for where to report the bug.
#

---------------  T H R E A D  ---------------

Current thread (0x00007ff8fb8d2000):  JavaThread "AppKit Thread" daemon [_thread_in_native, id=1299, stack(0x00007fff55314000,0x00007fff55394000)]

siginfo:si_signo=SIGSEGV: si_errno=0, si_code=1 (SEGV_MAPERR), si_addr=0x0000000000000018

Registers:
RAX=0x0000000000000000, RBX=0x00007ff8f9c63c90, RCX=0x0000000000000000, RDX=0x00007ff8f9c63c90
RSP=0x00007fff5538ebe8, RBP=0x00007fff5538ec10, RSI=0x00007fff9706e212, RDI=0x00007ff8f9e87d10
R8 =0x0000000000000001, R9 =0x0000000000000001, R10=0x00007fff9706e212, R11=0x0000000000000000
R12=0x0000000000000094, R13=0x00007ff8f9f5e8c0, R14=0x00007ff8f9e87d10, R15=0x00007fff5538f100
RIP=0x00007fff937a20dd, EFLAGS=0x0000000000010246, ERR=0x0000000000000004
  TRAPNO=0x000000000000000e

Top of Stack: (sp=0x00007fff5538ebe8)
0x00007fff5538ebe8:   0000000115387598 00007ff8f9c63c90
0x00007fff5538ebf8:   00000001153bbc60 00007ff8f9f5e8c0
0x00007fff5538ec08:   00007ff8f9c63c90 00007fff5538f0f0
0x00007fff5538ec18:   00007fff967eb3c5 0000000000000000
0x00007fff5538ec28:   0000000000000000 4084000000000000
0x00007fff5538ec38:   407e000000000000 0000000000000000
0x00007fff5538ec48:   0000000000000000 4084000000000000
0x00007fff5538ec58:   407e000000000000 4084000000000000
0x00007fff5538ec68:   407f600000000000 401c000000000000
0x00007fff5538ec78:   407e300000000000 402c000000000000
0x00007fff5538ec88:   4030000000000000 401c000000000000
0x00007fff5538ec98:   0000000000000000 0000000000000000
0x00007fff5538eca8:   4030000000000000 00007fff9703212a
0x00007fff5538ecb8:   4008000000000000 00007ff8f9c6ce80
0x00007fff5538ecc8:   0000000100000000 0000000000000000
0x00007fff5538ecd8:   00007ff8f9f52540 00007fff5538ee30
0x00007fff5538ece8:   00007fff968b12b6 00007fff5538ee30
0x00007fff5538ecf8:   00007fff968b1da2 402c000000000000
0x00007fff5538ed08:   4030000000000000 401c000000000000
0x00007fff5538ed18:   407e300000000000 402c000000000000
0x00007fff5538ed28:   4030000000000000 0000000000000000
0x00007fff5538ed38:   0000000000000000 4084000000000000
0x00007fff5538ed48:   407f600000000000 401c000000000000
0x00007fff5538ed58:   407e300000000000 000000010a888800
0x00007fff5538ed68:   00007ff8f9f80110 00000000000000b0
0x00007fff5538ed78:   0000000000000003 0000000000000800
0x00007fff5538ed88:   000000010a883000 00007fff5538ee30
0x00007fff5538ed98:   00007fff990fc4ff 0000000000000000
0x00007fff5538eda8:   000000010a883000 00007fff5538ee50
0x00007fff5538edb8:   0000000000000801 00007fff5538eebf
0x00007fff5538edc8:   0000000000020000 00007ff8f9ffc080
0x00007fff5538edd8:   00007ff8f9f80060 0000000000000009 

Instructions: (pc=0x00007fff937a20dd)
0x00007fff937a20bd:   00 00 00 48 85 ff 2e 74 7a 40 f6 c7 01 2e 75 7e
0x00007fff937a20cd:   49 bb f8 ff ff ff ff 7f 00 00 4c 23 1f 49 89 f2
0x00007fff937a20dd:   45 23 53 18 49 c1 e2 04 4d 03 53 10 49 3b 32 75
0x00007fff937a20ed:   04 41 ff 62 08 49 83 3a 00 74 6a 4d 3b 53 10 74 

Register to memory mapping:

RAX=0x0000000000000000 is an unknown value
RBX=0x00007ff8f9c63c90 is an unknown value
RCX=0x0000000000000000 is an unknown value
RDX=0x00007ff8f9c63c90 is an unknown value
RSP=0x00007fff5538ebe8 is pointing into the stack for thread: 0x00007ff8fb8d2000
RBP=0x00007fff5538ec10 is pointing into the stack for thread: 0x00007ff8fb8d2000
RSI=0x00007fff9706e212: -[NSTitlebarContainerView shouldRoundCorners]+0x5ce34 in /System/Library/Frameworks/AppKit.framework/Versions/C/AppKit at 0x00007fff9669d000
RDI=0x00007ff8f9e87d10 is an unknown value
R8 =0x0000000000000001 is an unknown value
R9 =0x0000000000000001 is an unknown value
R10=0x00007fff9706e212: -[NSTitlebarContainerView shouldRoundCorners]+0x5ce34 in /System/Library/Frameworks/AppKit.framework/Versions/C/AppKit at 0x00007fff9669d000
R11=0x0000000000000000 is an unknown value
R12=0x0000000000000094 is an unknown value
R13=0x00007ff8f9f5e8c0 is an unknown value
R14=0x00007ff8f9e87d10 is an unknown value
R15=0x00007fff5538f100 is pointing into the stack for thread: 0x00007ff8fb8d2000


Stack: [0x00007fff55314000,0x00007fff55394000],  sp=0x00007fff5538ebe8,  free space=490k
Native frames: (J=compiled Java code, j=interpreted, Vv=VM code, C=native code)
C  [libobjc.A.dylib+0x10dd]  objc_msgSend+0x1d
C  [AppKit+0x14e3c5]  -[NSView _recursiveDisplayRectIfNeededIgnoringOpacity:isVisibleRect:rectIsVisibleRectForView:topView:]+0x740
C  [AppKit+0x14f420]  -[NSView _recursiveDisplayRectIfNeededIgnoringOpacity:isVisibleRect:rectIsVisibleRectForView:topView:]+0x179b
C  [AppKit+0x14d773]  -[NSThemeFrame _recursiveDisplayRectIfNeededIgnoringOpacity:isVisibleRect:rectIsVisibleRectForView:topView:]+0x14d
C  [AppKit+0x14a2cb]  -[NSView _displayRectIgnoringOpacity:isVisibleRect:rectIsVisibleRectForView:]+0xac9
C  [AppKit+0x128e2d]  -[NSView displayIfNeeded]+0x754
C  [AppKit+0x1461c5]  -[NSWindow displayIfNeeded]+0xe8
C  [AppKit+0x183322]  _handleWindowNeedsDisplayOrLayoutOrUpdateConstraints+0x3a8
C  [AppKit+0x74c0e1]  __83-[NSWindow _postWindowNeedsDisplayOrLayoutOrUpdateConstraintsUnlessPostingDisabled]_block_invoke1531+0x2e
C  [CoreFoundation+0x7fda7]  __CFRUNLOOP_IS_CALLING_OUT_TO_AN_OBSERVER_CALLBACK_FUNCTION__+0x17
C  [CoreFoundation+0x7fd00]  __CFRunLoopDoObservers+0x170
C  [CoreFoundation+0x71e08]  __CFRunLoopRun+0x368
C  [CoreFoundation+0x71858]  CFRunLoopRunSpecific+0x128
C  [HIToolbox+0x2eaef]  RunCurrentEventLoopInMode+0xeb
C  [HIToolbox+0x2e76e]  ReceiveNextEventCommon+0xb3
C  [HIToolbox+0x2e6ab]  _BlockUntilNextEventMatchingListInModeWithFilter+0x47
C  [AppKit+0x23f81]  _DPSNextEvent+0x3c4
C  [AppKit+0x23730]  -[NSApplication nextEventMatchingMask:untilDate:inMode:dequeue:]+0xc2
C  [libosxapp.dylib+0x1b56]  -[NSApplicationAWT nextEventMatchingMask:untilDate:inMode:dequeue:]+0x7c
C  [AppKit+0x17593]  -[NSApplication run]+0x252
C  [libosxapp.dylib+0x19b9]  +[NSApplicationAWT runAWTLoopWithApp:]+0x9c
C  [liblwawt.dylib+0xd81a]  -[AWTStarter starter:]+0x637
C  [Foundation+0x65cdc]  __NSThreadPerformPerform+0x125
C  [CoreFoundation+0x80681]  __CFRUNLOOP_IS_CALLING_OUT_TO_A_SOURCE0_PERFORM_FUNCTION__+0x11
C  [CoreFoundation+0x7280d]  __CFRunLoopDoSources0+0x10d
C  [CoreFoundation+0x71e3f]  __CFRunLoopRun+0x39f
C  [CoreFoundation+0x71858]  CFRunLoopRunSpecific+0x128
C  [java+0x742d]  CreateExecutionEnvironment+0x367
C  [java+0x1bdc]  JLI_Launch+0x7a0
C  [java+0x778a]  main+0x65
C  [java+0x1434]  start+0x34


---------------  P R O C E S S  ---------------

Java Threads: ( => current thread )
  0x00007ff8fa184800 JavaThread "AWT-Shutdown" [_thread_blocked, id=44603, stack(0x000000011c331000,0x000000011c431000)]
=>0x00007ff8fb8d2000 JavaThread "AppKit Thread" daemon [_thread_in_native, id=1299, stack(0x00007fff55314000,0x00007fff55394000)]
  0x00007ff8fb846800 JavaThread "Service Thread" daemon [_thread_blocked, id=13827, stack(0x000000011103f000,0x000000011113f000)]
  0x00007ff8fb845000 JavaThread "C2 CompilerThread1" daemon [_thread_blocked, id=13571, stack(0x0000000110f3c000,0x000000011103c000)]
  0x00007ff8fa009000 JavaThread "C2 CompilerThread0" daemon [_thread_blocked, id=13319, stack(0x0000000110e39000,0x0000000110f39000)]
  0x00007ff8fa820800 JavaThread "Signal Dispatcher" daemon [_thread_blocked, id=10263, stack(0x0000000110d36000,0x0000000110e36000)]
  0x00007ff8fa014800 JavaThread "Finalizer" daemon [_thread_blocked, id=8707, stack(0x000000010f3f0000,0x000000010f4f0000)]
  0x00007ff8fa013800 JavaThread "Reference Handler" daemon [_thread_blocked, id=8451, stack(0x000000010f2ed000,0x000000010f3ed000)]
  0x00007ff8fa00b000 JavaThread "main" [_thread_in_native, id=4355, stack(0x000000010bca8000,0x000000010bda8000)]

Other Threads:
  0x00007ff8fb836000 VMThread [stack: 0x000000010f1ea000,0x000000010f2ea000] [id=8195]
  0x00007ff8fb850000 WatcherThread [stack: 0x0000000111142000,0x0000000111242000] [id=14083]

VM state:not at safepoint (normal execution)

VM Mutex/Monitor currently owned by a thread: None

Heap
 def new generation   total 4864K, used 2946K [0x00000007eb000000, 0x00000007eb540000, 0x00000007f04a0000)
  eden space 4352K,  66% used [0x00000007eb000000, 0x00000007eb2d2fc0, 0x00000007eb440000)
  from space 512K,  10% used [0x00000007eb440000, 0x00000007eb44dc20, 0x00000007eb4c0000)
  to   space 512K,   0% used [0x00000007eb4c0000, 0x00000007eb4c0000, 0x00000007eb540000)
 tenured generation   total 10880K, used 1355K [0x00000007f04a0000, 0x00000007f0f40000, 0x00000007fae00000)
   the space 10880K,  12% used [0x00000007f04a0000, 0x00000007f05f2ed0, 0x00000007f05f3000, 0x00000007f0f40000)
 compacting perm gen  total 21248K, used 5917K [0x00000007fae00000, 0x00000007fc2c0000, 0x0000000800000000)
   the space 21248K,  27% used [0x00000007fae00000, 0x00000007fb3c7430, 0x00000007fb3c7600, 0x00000007fc2c0000)
No shared spaces configured.

Card table byte_map: [0x000000010ee6a000,0x000000010ef13000] byte_map_base: 0x000000010af12000

Polling page: 0x000000010a9bb000

Code Cache  [0x000000010bdaa000, 0x000000010c01a000, 0x000000010edaa000)
 total_blobs=364 nmethods=56 adapters=261 free_code_cache=48614Kb largest_free_block=49751616

Compilation events (10 events):
Event: 3.540 Thread 0x00007ff8fa009000   51             org.lwjgl.opengl.GLContext::getCapabilities (20 bytes)
Event: 3.540 Thread 0x00007ff8fb845000   52             org.lwjgl.opengl.GLContext::getCapabilitiesImpl (23 bytes)
Event: 3.540 Thread 0x00007ff8fa009000 nmethod 51 0x000000010be29150 code [0x000000010be292a0, 0x000000010be29358]
Event: 3.541 Thread 0x00007ff8fb845000 nmethod 52 0x000000010be28ed0 code [0x000000010be29020, 0x000000010be290b8]
Event: 3.922 Thread 0x00007ff8fa009000   53             java.nio.Buffer::checkIndex (22 bytes)
Event: 3.922 Thread 0x00007ff8fa009000 nmethod 53 0x000000010be2d090 code [0x000000010be2d1c0, 0x000000010be2d238]
Event: 4.061 Thread 0x00007ff8fb845000   54             java.lang.CharacterData::of (120 bytes)
Event: 4.061 Thread 0x00007ff8fa009000   55             java.lang.CharacterDataLatin1::getProperties (11 bytes)
Event: 4.062 Thread 0x00007ff8fa009000 nmethod 55 0x000000010be28c90 code [0x000000010be28dc0, 0x000000010be28e58]
Event: 4.062 Thread 0x00007ff8fb845000 nmethod 54 0x000000010be28950 code [0x000000010be28aa0, 0x000000010be28b78]

GC Heap History (10 events):
Event: 3.778 GC heap before
{Heap before GC invocations=27 (full 0):
 def new generation   total 4864K, used 4088K [0x00000007eb000000, 0x00000007eb540000, 0x00000007f04a0000)
  eden space 4352K,  92% used [0x00000007eb000000, 0x00000007eb3f07c8, 0x00000007eb440000)
  from space 512K,  10% used [0x00000007eb4c0000, 0x00000007eb4cdc10, 0x00000007eb540000)
  to   space 512K,   0% used [0x00000007eb440000, 0x00000007eb440000, 0x00000007eb4c0000)
 tenured generation   total 10880K, used 1341K [0x00000007f04a0000, 0x00000007f0f40000, 0x00000007fae00000)
   the space 10880K,  12% used [0x00000007f04a0000, 0x00000007f05ef778, 0x00000007f05ef800, 0x00000007f0f40000)
 compacting perm gen  total 21248K, used 5911K [0x00000007fae00000, 0x00000007fc2c0000, 0x0000000800000000)
   the space 21248K,  27% used [0x00000007fae00000, 0x00000007fb3c5dc0, 0x00000007fb3c5e00, 0x00000007fc2c0000)
No shared spaces configured.
Event: 3.779 GC heap after
Heap after GC invocations=28 (full 0):
 def new generation   total 4864K, used 54K [0x00000007eb000000, 0x00000007eb540000, 0x00000007f04a0000)
  eden space 4352K,   0% used [0x00000007eb000000, 0x00000007eb000000, 0x00000007eb440000)
  from space 512K,  10% used [0x00000007eb440000, 0x00000007eb44d8e0, 0x00000007eb4c0000)
  to   space 512K,   0% used [0x00000007eb4c0000, 0x00000007eb4c0000, 0x00000007eb540000)
 tenured generation   total 10880K, used 1345K [0x00000007f04a0000, 0x00000007f0f40000, 0x00000007fae00000)
   the space 10880K,  12% used [0x00000007f04a0000, 0x00000007f05f04f0, 0x00000007f05f0600, 0x00000007f0f40000)
 compacting perm gen  total 21248K, used 5911K [0x00000007fae00000, 0x00000007fc2c0000, 0x0000000800000000)
   the space 21248K,  27% used [0x00000007fae00000, 0x00000007fb3c5dc0, 0x00000007fb3c5e00, 0x00000007fc2c0000)
No shared spaces configured.
}
Event: 3.896 GC heap before
{Heap before GC invocations=28 (full 0):
 def new generation   total 4864K, used 4090K [0x00000007eb000000, 0x00000007eb540000, 0x00000007f04a0000)
  eden space 4352K,  92% used [0x00000007eb000000, 0x00000007eb3f0fe0, 0x00000007eb440000)
  from space 512K,  10% used [0x00000007eb440000, 0x00000007eb44d8e0, 0x00000007eb4c0000)
  to   space 512K,   0% used [0x00000007eb4c0000, 0x00000007eb4c0000, 0x00000007eb540000)
 tenured generation   total 10880K, used 1345K [0x00000007f04a0000, 0x00000007f0f40000, 0x00000007fae00000)
   the space 10880K,  12% used [0x00000007f04a0000, 0x00000007f05f04f0, 0x00000007f05f0600, 0x00000007f0f40000)
 compacting perm gen  total 21248K, used 5911K [0x00000007fae00000, 0x00000007fc2c0000, 0x0000000800000000)
   the space 21248K,  27% used [0x00000007fae00000, 0x00000007fb3c5dc0, 0x00000007fb3c5e00, 0x00000007fc2c0000)
No shared spaces configured.
Event: 3.896 GC heap after
Heap after GC invocations=29 (full 0):
 def new generation   total 4864K, used 55K [0x00000007eb000000, 0x00000007eb540000, 0x00000007f04a0000)
  eden space 4352K,   0% used [0x00000007eb000000, 0x00000007eb000000, 0x00000007eb440000)
  from space 512K,  10% used [0x00000007eb4c0000, 0x00000007eb4cdce0, 0x00000007eb540000)
  to   space 512K,   0% used [0x00000007eb440000, 0x00000007eb440000, 0x00000007eb4c0000)
 tenured generation   total 10880K, used 1347K [0x00000007f04a0000, 0x00000007f0f40000, 0x00000007fae00000)
   the space 10880K,  12% used [0x00000007f04a0000, 0x00000007f05f0f38, 0x00000007f05f1000, 0x00000007f0f40000)
 compacting perm gen  total 21248K, used 5911K [0x00000007fae00000, 0x00000007fc2c0000, 0x0000000800000000)
   the space 21248K,  27% used [0x00000007fae00000, 0x00000007fb3c5dc0, 0x00000007fb3c5e00, 0x00000007fc2c0000)
No shared spaces configured.
}
Event: 4.011 GC heap before
{Heap before GC invocations=29 (full 0):
 def new generation   total 4864K, used 4089K [0x00000007eb000000, 0x00000007eb540000, 0x00000007f04a0000)
  eden space 4352K,  92% used [0x00000007eb000000, 0x00000007eb3f07d0, 0x00000007eb440000)
  from space 512K,  10% used [0x00000007eb4c0000, 0x00000007eb4cdce0, 0x00000007eb540000)
  to   space 512K,   0% used [0x00000007eb440000, 0x00000007eb440000, 0x00000007eb4c0000)
 tenured generation   total 10880K, used 1347K [0x00000007f04a0000, 0x00000007f0f40000, 0x00000007fae00000)
   the space 10880K,  12% used [0x00000007f04a0000, 0x00000007f05f0f38, 0x00000007f05f1000, 0x00000007f0f40000)
 compacting perm gen  total 21248K, used 5911K [0x00000007fae00000, 0x00000007fc2c0000, 0x0000000800000000)
   the space 21248K,  27% used [0x00000007fae00000, 0x00000007fb3c5ec8, 0x00000007fb3c6000, 0x00000007fc2c0000)
No shared spaces configured.
Event: 4.011 GC heap after
Heap after GC invocations=30 (full 0):
 def new generation   total 4864K, used 55K [0x00000007eb000000, 0x00000007eb540000, 0x00000007f04a0000)
  eden space 4352K,   0% used [0x00000007eb000000, 0x00000007eb000000, 0x00000007eb440000)
  from space 512K,  10% used [0x00000007eb440000, 0x00000007eb44dce0, 0x00000007eb4c0000)
  to   space 512K,   0% used [0x00000007eb4c0000, 0x00000007eb4c0000, 0x00000007eb540000)
 tenured generation   total 10880K, used 1350K [0x00000007f04a0000, 0x00000007f0f40000, 0x00000007fae00000)
   the space 10880K,  12% used [0x00000007f04a0000, 0x00000007f05f1980, 0x00000007f05f1a00, 0x00000007f0f40000)
 compacting perm gen  total 21248K, used 5911K [0x00000007fae00000, 0x00000007fc2c0000, 0x0000000800000000)
   the space 21248K,  27% used [0x00000007fae00000, 0x00000007fb3c5ec8, 0x00000007fb3c6000, 0x00000007fc2c0000)
No shared spaces configured.
}
Event: 4.128 GC heap before
{Heap before GC invocations=30 (full 0):
 def new generation   total 4864K, used 4089K [0x00000007eb000000, 0x00000007eb540000, 0x00000007f04a0000)
  eden space 4352K,  92% used [0x00000007eb000000, 0x00000007eb3f07d0, 0x00000007eb440000)
  from space 512K,  10% used [0x00000007eb440000, 0x00000007eb44dce0, 0x00000007eb4c0000)
  to   space 512K,   0% used [0x00000007eb4c0000, 0x00000007eb4c0000, 0x00000007eb540000)
 tenured generation   total 10880K, used 1350K [0x00000007f04a0000, 0x00000007f0f40000, 0x00000007fae00000)
   the space 10880K,  12% used [0x00000007f04a0000, 0x00000007f05f1980, 0x00000007f05f1a00, 0x00000007f0f40000)
 compacting perm gen  total 21248K, used 5911K [0x00000007fae00000, 0x00000007fc2c0000, 0x0000000800000000)
   the space 21248K,  27% used [0x00000007fae00000, 0x00000007fb3c5ec8, 0x00000007fb3c6000, 0x00000007fc2c0000)
No shared spaces configured.
Event: 4.129 GC heap after
Heap after GC invocations=31 (full 0):
 def new generation   total 4864K, used 55K [0x00000007eb000000, 0x00000007eb540000, 0x00000007f04a0000)
  eden space 4352K,   0% used [0x00000007eb000000, 0x00000007eb000000, 0x00000007eb440000)
  from space 512K,  10% used [0x00000007eb4c0000, 0x00000007eb4cdc20, 0x00000007eb540000)
  to   space 512K,   0% used [0x00000007eb440000, 0x00000007eb440000, 0x00000007eb4c0000)
 tenured generation   total 10880K, used 1353K [0x00000007f04a0000, 0x00000007f0f40000, 0x00000007fae00000)
   the space 10880K,  12% used [0x00000007f04a0000, 0x00000007f05f2488, 0x00000007f05f2600, 0x00000007f0f40000)
 compacting perm gen  total 21248K, used 5911K [0x00000007fae00000, 0x00000007fc2c0000, 0x0000000800000000)
   the space 21248K,  27% used [0x00000007fae00000, 0x00000007fb3c5ec8, 0x00000007fb3c6000, 0x00000007fc2c0000)
No shared spaces configured.
}
Event: 4.248 GC heap before
{Heap before GC invocations=31 (full 0):
 def new generation   total 4864K, used 4088K [0x00000007eb000000, 0x00000007eb540000, 0x00000007f04a0000)
  eden space 4352K,  92% used [0x00000007eb000000, 0x00000007eb3f07d0, 0x00000007eb440000)
  from space 512K,  10% used [0x00000007eb4c0000, 0x00000007eb4cdc20, 0x00000007eb540000)
  to   space 512K,   0% used [0x00000007eb440000, 0x00000007eb440000, 0x00000007eb4c0000)
 tenured generation   total 10880K, used 1353K [0x00000007f04a0000, 0x00000007f0f40000, 0x00000007fae00000)
   the space 10880K,  12% used [0x00000007f04a0000, 0x00000007f05f2488, 0x00000007f05f2600, 0x00000007f0f40000)
 compacting perm gen  total 21248K, used 5911K [0x00000007fae00000, 0x00000007fc2c0000, 0x0000000800000000)
   the space 21248K,  27% used [0x00000007fae00000, 0x00000007fb3c5ec8, 0x00000007fb3c6000, 0x00000007fc2c0000)
No shared spaces configured.
Event: 4.248 GC heap after
Heap after GC invocations=32 (full 0):
 def new generation   total 4864K, used 55K [0x00000007eb000000, 0x00000007eb540000, 0x00000007f04a0000)
  eden space 4352K,   0% used [0x00000007eb000000, 0x00000007eb000000, 0x00000007eb440000)
  from space 512K,  10% used [0x00000007eb440000, 0x00000007eb44dc20, 0x00000007eb4c0000)
  to   space 512K,   0% used [0x00000007eb4c0000, 0x00000007eb4c0000, 0x00000007eb540000)
 tenured generation   total 10880K, used 1355K [0x00000007f04a0000, 0x00000007f0f40000, 0x00000007fae00000)
   the space 10880K,  12% used [0x00000007f04a0000, 0x00000007f05f2ed0, 0x00000007f05f3000, 0x00000007f0f40000)
 compacting perm gen  total 21248K, used 5911K [0x00000007fae00000, 0x00000007fc2c0000, 0x0000000800000000)
   the space 21248K,  27% used [0x00000007fae00000, 0x00000007fb3c5ec8, 0x00000007fb3c6000, 0x00000007fc2c0000)
No shared spaces configured.
}

Deoptimization events (0 events):
No events

Internal exceptions (10 events):
Event: 0.518 Thread 0x00007ff8fa00b000 Threw 0x00000007eb0578c0 at /HUDSON/workspace/jdk7u17-2-build-macosx-amd64-product/jdk7u17/hotspot/src/share/vm/prims/jvm.cpp:1166
Event: 0.520 Thread 0x00007ff8fa00b000 Threw 0x00000007eb05e408 at /HUDSON/workspace/jdk7u17-2-build-macosx-amd64-product/jdk7u17/hotspot/src/share/vm/prims/jvm.cpp:1166
Event: 0.521 Thread 0x00007ff8fa00b000 Threw 0x00000007eb063050 at /HUDSON/workspace/jdk7u17-2-build-macosx-amd64-product/jdk7u17/hotspot/src/share/vm/prims/jvm.cpp:1166
Event: 0.521 Thread 0x00007ff8fa00b000 Threw 0x00000007eb069d40 at /HUDSON/workspace/jdk7u17-2-build-macosx-amd64-product/jdk7u17/hotspot/src/share/vm/prims/jvm.cpp:1166
Event: 0.528 Thread 0x00007ff8fa00b000 Threw 0x00000007eb075000 at /HUDSON/workspace/jdk7u17-2-build-macosx-amd64-product/jdk7u17/hotspot/src/share/vm/prims/jvm.cpp:1166
Event: 0.531 Thread 0x00007ff8fa00b000 Threw 0x00000007eb083388 at /HUDSON/workspace/jdk7u17-2-build-macosx-amd64-product/jdk7u17/hotspot/src/share/vm/prims/jvm.cpp:1166
Event: 0.548 Thread 0x00007ff8fa00b000 Threw 0x00000007eb1155b0 at /HUDSON/workspace/jdk7u17-2-build-macosx-amd64-product/jdk7u17/hotspot/src/share/vm/prims/jvm.cpp:1166
Event: 0.622 Thread 0x00007ff8fa00b000 Threw 0x00000007eb2466c0 at /HUDSON/workspace/jdk7u17-2-build-macosx-amd64-product/jdk7u17/hotspot/src/share/vm/prims/jvm.cpp:1166
Event: 0.623 Thread 0x00007ff8fa00b000 Threw 0x00000007eb24b090 at /HUDSON/workspace/jdk7u17-2-build-macosx-amd64-product/jdk7u17/hotspot/src/share/vm/prims/jvm.cpp:1166
Event: 4.364 Thread 0x00007ff8fa00b000 Threw 0x00000007eb2cf098 at /HUDSON/workspace/jdk7u17-2-build-macosx-amd64-product/jdk7u17/hotspot/src/share/vm/prims/jvm.cpp:1166

Events (10 events):
Event: 4.011 Executing VM operation: GenCollectForAllocation
Event: 4.011 Executing VM operation: GenCollectForAllocation done
Event: 4.128 Executing VM operation: GenCollectForAllocation
Event: 4.129 Executing VM operation: GenCollectForAllocation done
Event: 4.248 Executing VM operation: GenCollectForAllocation
Event: 4.249 Executing VM operation: GenCollectForAllocation done
Event: 4.328 Executing VM operation: EnableBiasedLocking
Event: 4.328 Executing VM operation: EnableBiasedLocking done
Event: 4.364 loading class 0x00007ff8f9f7a230
Event: 4.364 loading class 0x00007ff8f9f7a230 done


Dynamic libraries:
0x000000000d5bd000 	/System/Library/Frameworks/Cocoa.framework/Versions/A/Cocoa
0x000000000d5bd000 	/System/Library/Frameworks/Security.framework/Versions/A/Security
0x000000000d5bd000 	/System/Library/Frameworks/ApplicationServices.framework/Versions/A/ApplicationServices
0x000000000d5bd000 	/usr/lib/libz.1.dylib
0x000000000d5bd000 	/usr/lib/libSystem.B.dylib
0x000000000d5bd000 	/usr/lib/libobjc.A.dylib
0x000000000d5bd000 	/System/Library/Frameworks/CoreFoundation.framework/Versions/A/CoreFoundation
0x000000000d5bd000 	/System/Library/Frameworks/AppKit.framework/Versions/C/AppKit
0x000000000d5bd000 	/System/Library/Frameworks/CoreData.framework/Versions/A/CoreData
0x000000000d5bd000 	/System/Library/Frameworks/Foundation.framework/Versions/C/Foundation
0x000000000d5bd000 	/System/Library/PrivateFrameworks/RemoteViewServices.framework/Versions/A/RemoteViewServices
0x000000000d5bd000 	/System/Library/PrivateFrameworks/UIFoundation.framework/Versions/A/UIFoundation
0x000000000d5bd000 	/System/Library/Frameworks/IOSurface.framework/Versions/A/IOSurface
0x000000000d5bd000 	/System/Library/Frameworks/AudioToolbox.framework/Versions/A/AudioToolbox
0x000000000d5bd000 	/System/Library/Frameworks/AudioUnit.framework/Versions/A/AudioUnit
0x000000000d5bd000 	/System/Library/PrivateFrameworks/DataDetectorsCore.framework/Versions/A/DataDetectorsCore
0x000000000d5bd000 	/System/Library/PrivateFrameworks/DesktopServicesPriv.framework/Versions/A/DesktopServicesPriv
0x000000000d5bd000 	/System/Library/Frameworks/Carbon.framework/Versions/A/Frameworks/HIToolbox.framework/Versions/A/HIToolbox
0x000000000d5bd000 	/System/Library/Frameworks/QuartzCore.framework/Versions/A/QuartzCore
0x000000000d5bd000 	/System/Library/Frameworks/Carbon.framework/Versions/A/Frameworks/SpeechRecognition.framework/Versions/A/SpeechRecognition
0x000000000d5bd000 	/usr/lib/libauto.dylib
0x000000000d5bd000 	/usr/lib/libicucore.A.dylib
0x000000000d5bd000 	/usr/lib/libxml2.2.dylib
0x000000000d5bd000 	/System/Library/PrivateFrameworks/CoreUI.framework/Versions/A/CoreUI
0x000000000d5bd000 	/System/Library/Frameworks/CoreAudio.framework/Versions/A/CoreAudio
0x000000000d5bd000 	/System/Library/Frameworks/DiskArbitration.framework/Versions/A/DiskArbitration
0x000000000d5bd000 	/usr/lib/liblangid.dylib
0x000000000d5bd000 	/System/Library/PrivateFrameworks/MultitouchSupport.framework/Versions/A/MultitouchSupport
0x000000000d5bd000 	/System/Library/Frameworks/IOKit.framework/Versions/A/IOKit
0x000000000d5bd000 	/usr/lib/libDiagnosticMessagesClient.dylib
0x000000000d5bd000 	/System/Library/Frameworks/CoreServices.framework/Versions/A/CoreServices
0x000000000d5bd000 	/System/Library/PrivateFrameworks/PerformanceAnalysis.framework/Versions/A/PerformanceAnalysis
0x000000000d5bd000 	/System/Library/PrivateFrameworks/GenerationalStorage.framework/Versions/A/GenerationalStorage
0x000000000d5bd000 	/System/Library/Frameworks/OpenGL.framework/Versions/A/OpenGL
0x000000000d5bd000 	/System/Library/PrivateFrameworks/Sharing.framework/Versions/A/Sharing
0x000000000d5bd000 	/System/Library/Frameworks/CoreGraphics.framework/Versions/A/CoreGraphics
0x000000000d5bd000 	/System/Library/Frameworks/CoreText.framework/Versions/A/CoreText
0x000000000d5bd000 	/System/Library/Frameworks/ImageIO.framework/Versions/A/ImageIO
0x000000000d5bd000 	/usr/lib/libextension.dylib
0x000000000d5bd000 	/System/Library/PrivateFrameworks/Backup.framework/Versions/A/Backup
0x000000000d5bd000 	/usr/lib/libarchive.2.dylib
0x000000000d5bd000 	/System/Library/Frameworks/CFNetwork.framework/Versions/A/CFNetwork
0x000000000d5bd000 	/System/Library/Frameworks/SystemConfiguration.framework/Versions/A/SystemConfiguration
0x000000000d5bd000 	/usr/lib/libCRFSuite.dylib
0x000000000d5bd000 	/usr/lib/libc++.1.dylib
0x000000000d5bd000 	/usr/lib/libc++abi.dylib
0x000000000d5bd000 	/usr/lib/system/libcache.dylib
0x000000000d5bd000 	/usr/lib/system/libcommonCrypto.dylib
0x000000000d5bd000 	/usr/lib/system/libcompiler_rt.dylib
0x000000000d5bd000 	/usr/lib/system/libcopyfile.dylib
0x000000000d5bd000 	/usr/lib/system/libcorecrypto.dylib
0x000000000d5bd000 	/usr/lib/system/libdispatch.dylib
0x000000000d5bd000 	/usr/lib/system/libdyld.dylib
0x000000000d5bd000 	/usr/lib/system/libkeymgr.dylib
0x000000000d5bd000 	/usr/lib/system/liblaunch.dylib
0x000000000d5bd000 	/usr/lib/system/libmacho.dylib
0x000000000d5bd000 	/usr/lib/system/libquarantine.dylib
0x000000000d5bd000 	/usr/lib/system/libremovefile.dylib
0x000000000d5bd000 	/usr/lib/system/libsystem_asl.dylib
0x000000000d5bd000 	/usr/lib/system/libsystem_blocks.dylib
0x000000000d5bd000 	/usr/lib/system/libsystem_c.dylib
0x000000000d5bd000 	/usr/lib/system/libsystem_configuration.dylib
0x000000000d5bd000 	/usr/lib/system/libsystem_coreservices.dylib
0x000000000d5bd000 	/usr/lib/system/libsystem_coretls.dylib
0x000000000d5bd000 	/usr/lib/system/libsystem_dnssd.dylib
0x000000000d5bd000 	/usr/lib/system/libsystem_info.dylib
0x000000000d5bd000 	/usr/lib/system/libsystem_kernel.dylib
0x000000000d5bd000 	/usr/lib/system/libsystem_m.dylib
0x000000000d5bd000 	/usr/lib/system/libsystem_malloc.dylib
0x000000000d5bd000 	/usr/lib/system/libsystem_network.dylib
0x000000000d5bd000 	/usr/lib/system/libsystem_networkextension.dylib
0x000000000d5bd000 	/usr/lib/system/libsystem_notify.dylib
0x000000000d5bd000 	/usr/lib/system/libsystem_platform.dylib
0x000000000d5bd000 	/usr/lib/system/libsystem_pthread.dylib
0x000000000d5bd000 	/usr/lib/system/libsystem_sandbox.dylib
0x000000000d5bd000 	/usr/lib/system/libsystem_secinit.dylib
0x000000000d5bd000 	/usr/lib/system/libsystem_stats.dylib
0x000000000d5bd000 	/usr/lib/system/libsystem_trace.dylib
0x000000000d5bd000 	/usr/lib/system/libunc.dylib
0x000000000d5bd000 	/usr/lib/system/libunwind.dylib
0x000000000d5bd000 	/usr/lib/system/libxpc.dylib
0x000000000d5bd000 	/usr/lib/libbz2.1.0.dylib
0x000000000d5bd000 	/usr/lib/liblzma.5.dylib
0x000000000d5bd000 	/usr/lib/libbsm.0.dylib
0x000000000d5bd000 	/usr/lib/libsqlite3.dylib
0x000000000d5bd000 	/usr/lib/system/libkxld.dylib
0x000000000d5bd000 	/usr/lib/libxar.1.dylib
0x000000000d5bd000 	/usr/lib/libpam.2.dylib
0x000000000d5bd000 	/usr/lib/libOpenScriptingUtil.dylib
0x000000000d5bd000 	/System/Library/Frameworks/CoreServices.framework/Versions/A/Frameworks/FSEvents.framework/Versions/A/FSEvents
0x000000000d5bd000 	/System/Library/Frameworks/CoreServices.framework/Versions/A/Frameworks/CarbonCore.framework/Versions/A/CarbonCore
0x000000000d5bd000 	/System/Library/Frameworks/CoreServices.framework/Versions/A/Frameworks/Metadata.framework/Versions/A/Metadata
0x000000000d5bd000 	/System/Library/Frameworks/CoreServices.framework/Versions/A/Frameworks/OSServices.framework/Versions/A/OSServices
0x000000000d5bd000 	/System/Library/Frameworks/CoreServices.framework/Versions/A/Frameworks/SearchKit.framework/Versions/A/SearchKit
0x000000000d5bd000 	/System/Library/Frameworks/CoreServices.framework/Versions/A/Frameworks/AE.framework/Versions/A/AE
0x000000000d5bd000 	/System/Library/Frameworks/CoreServices.framework/Versions/A/Frameworks/LaunchServices.framework/Versions/A/LaunchServices
0x000000000d5bd000 	/System/Library/Frameworks/CoreServices.framework/Versions/A/Frameworks/DictionaryServices.framework/Versions/A/DictionaryServices
0x000000000d5bd000 	/System/Library/Frameworks/NetFS.framework/Versions/A/NetFS
0x000000000d5bd000 	/System/Library/PrivateFrameworks/NetAuth.framework/Versions/A/NetAuth
0x000000000d5bd000 	/System/Library/PrivateFrameworks/login.framework/Versions/A/Frameworks/loginsupport.framework/Versions/A/loginsupport
0x000000000d5bd000 	/System/Library/PrivateFrameworks/TCC.framework/Versions/A/TCC
0x000000000d5bd000 	/usr/lib/libmecabra.dylib
0x000000000d5bd000 	/System/Library/Frameworks/ApplicationServices.framework/Versions/A/Frameworks/ATS.framework/Versions/A/ATS
0x000000000d5bd000 	/System/Library/Frameworks/ApplicationServices.framework/Versions/A/Frameworks/ColorSync.framework/Versions/A/ColorSync
0x000000000d5bd000 	/System/Library/Frameworks/ApplicationServices.framework/Versions/A/Frameworks/HIServices.framework/Versions/A/HIServices
0x000000000d5bd000 	/System/Library/Frameworks/ApplicationServices.framework/Versions/A/Frameworks/LangAnalysis.framework/Versions/A/LangAnalysis
0x000000000d5bd000 	/System/Library/Frameworks/ApplicationServices.framework/Versions/A/Frameworks/PrintCore.framework/Versions/A/PrintCore
0x000000000d5bd000 	/System/Library/Frameworks/ApplicationServices.framework/Versions/A/Frameworks/QD.framework/Versions/A/QD
0x000000000d5bd000 	/System/Library/Frameworks/ApplicationServices.framework/Versions/A/Frameworks/SpeechSynthesis.framework/Versions/A/SpeechSynthesis
0x000000000d5bd000 	/System/Library/Frameworks/Accelerate.framework/Versions/A/Accelerate
0x000000000d5bd000 	/System/Library/Frameworks/Accelerate.framework/Versions/A/Frameworks/vImage.framework/Versions/A/vImage
0x000000000d5bd000 	/System/Library/Frameworks/Accelerate.framework/Versions/A/Frameworks/vecLib.framework/Versions/A/vecLib
0x000000000d5bd000 	/System/Library/Frameworks/Accelerate.framework/Versions/A/Frameworks/vecLib.framework/Versions/A/libvDSP.dylib
0x000000000d5bd000 	/System/Library/Frameworks/Accelerate.framework/Versions/A/Frameworks/vecLib.framework/Versions/A/libvMisc.dylib
0x000000000d5bd000 	/System/Library/Frameworks/Accelerate.framework/Versions/A/Frameworks/vecLib.framework/Versions/A/libLAPACK.dylib
0x000000000d5bd000 	/System/Library/Frameworks/Accelerate.framework/Versions/A/Frameworks/vecLib.framework/Versions/A/libBLAS.dylib
0x000000000d5bd000 	/System/Library/Frameworks/Accelerate.framework/Versions/A/Frameworks/vecLib.framework/Versions/A/libLinearAlgebra.dylib
0x000000000d5bd000 	/System/Library/Frameworks/ApplicationServices.framework/Versions/A/Frameworks/ATS.framework/Versions/A/Resources/libFontParser.dylib
0x000000000d5bd000 	/System/Library/Frameworks/ApplicationServices.framework/Versions/A/Frameworks/ATS.framework/Versions/A/Resources/libFontRegistry.dylib
0x000000000d5bd000 	/System/Library/PrivateFrameworks/AppleVPA.framework/Versions/A/AppleVPA
0x000000000d5bd000 	/System/Library/PrivateFrameworks/AppleJPEG.framework/Versions/A/AppleJPEG
0x000000000d5bd000 	/System/Library/Frameworks/ImageIO.framework/Versions/A/Resources/libJPEG.dylib
0x000000000d5bd000 	/System/Library/Frameworks/ImageIO.framework/Versions/A/Resources/libTIFF.dylib
0x000000000d5bd000 	/System/Library/Frameworks/ImageIO.framework/Versions/A/Resources/libPng.dylib
0x000000000d5bd000 	/System/Library/Frameworks/ImageIO.framework/Versions/A/Resources/libGIF.dylib
0x000000000d5bd000 	/System/Library/Frameworks/ImageIO.framework/Versions/A/Resources/libJP2.dylib
0x000000000d5bd000 	/System/Library/Frameworks/ImageIO.framework/Versions/A/Resources/libRadiance.dylib
0x000000000d5bd000 	/System/Library/Frameworks/CoreVideo.framework/Versions/A/CoreVideo
0x000000000d5bd000 	/System/Library/Frameworks/OpenGL.framework/Versions/A/Libraries/libGLU.dylib
0x000000000d5bd000 	/System/Library/Frameworks/OpenGL.framework/Versions/A/Libraries/libGFXShared.dylib
0x000000000d5bd000 	/System/Library/Frameworks/OpenGL.framework/Versions/A/Libraries/libGL.dylib
0x000000000d5bd000 	/System/Library/Frameworks/OpenGL.framework/Versions/A/Libraries/libGLImage.dylib
0x000000000d5bd000 	/System/Library/Frameworks/OpenGL.framework/Versions/A/Libraries/libCVMSPluginSupport.dylib
0x000000000d5bd000 	/System/Library/Frameworks/OpenGL.framework/Versions/A/Libraries/libCoreVMClient.dylib
0x000000000d5bd000 	/usr/lib/libcups.2.dylib
0x000000000d5bd000 	/System/Library/Frameworks/Kerberos.framework/Versions/A/Kerberos
0x000000000d5bd000 	/System/Library/Frameworks/GSS.framework/Versions/A/GSS
0x000000000d5bd000 	/usr/lib/libresolv.9.dylib
0x000000000d5bd000 	/usr/lib/libiconv.2.dylib
0x000000000d5bd000 	/System/Library/PrivateFrameworks/Heimdal.framework/Versions/A/Heimdal
0x000000000d5bd000 	/usr/lib/libheimdal-asn1.dylib
0x000000000d5bd000 	/System/Library/Frameworks/OpenDirectory.framework/Versions/A/OpenDirectory
0x000000000d5bd000 	/System/Library/PrivateFrameworks/CommonAuth.framework/Versions/A/CommonAuth
0x000000000d5bd000 	/System/Library/Frameworks/OpenDirectory.framework/Versions/A/Frameworks/CFOpenDirectory.framework/Versions/A/CFOpenDirectory
0x000000000d5bd000 	/System/Library/Frameworks/SecurityFoundation.framework/Versions/A/SecurityFoundation
0x000000000d5bd000 	/System/Library/PrivateFrameworks/LanguageModeling.framework/Versions/A/LanguageModeling
0x000000000d5bd000 	/usr/lib/libcmph.dylib
0x000000000d5bd000 	/System/Library/Frameworks/ServiceManagement.framework/Versions/A/ServiceManagement
0x000000000d5bd000 	/usr/lib/libxslt.1.dylib
0x000000000d5bd000 	/System/Library/Frameworks/Carbon.framework/Versions/A/Frameworks/Ink.framework/Versions/A/Ink
0x000000000d5bd000 	/System/Library/Frameworks/QuartzCore.framework/Versions/A/Frameworks/CoreImage.framework/Versions/A/CoreImage
0x000000000d5bd000 	/System/Library/PrivateFrameworks/CrashReporterSupport.framework/Versions/A/CrashReporterSupport
0x000000000d5bd000 	/System/Library/Frameworks/OpenCL.framework/Versions/A/OpenCL
0x000000000d5bd000 	/System/Library/PrivateFrameworks/FaceCore.framework/Versions/A/FaceCore
0x000000000d5bd000 	/System/Library/PrivateFrameworks/Ubiquity.framework/Versions/A/Ubiquity
0x000000000d5bd000 	/System/Library/PrivateFrameworks/IconServices.framework/Versions/A/IconServices
0x000000000d5bd000 	/System/Library/PrivateFrameworks/ChunkingLibrary.framework/Versions/A/ChunkingLibrary
0x000000000d5bd000 	/System/Library/PrivateFrameworks/Apple80211.framework/Versions/A/Apple80211
0x000000000d5bd000 	/System/Library/Frameworks/CoreWLAN.framework/Versions/A/CoreWLAN
0x000000000d5bd000 	/System/Library/Frameworks/IOBluetooth.framework/Versions/A/IOBluetooth
0x000000000d5bd000 	/System/Library/PrivateFrameworks/CoreWiFi.framework/Versions/A/CoreWiFi
0x000000000d5bd000 	/System/Library/Frameworks/CoreBluetooth.framework/Versions/A/CoreBluetooth
0x000000000d5bd000 	/System/Library/PrivateFrameworks/DebugSymbols.framework/Versions/A/DebugSymbols
0x000000000d5bd000 	/System/Library/PrivateFrameworks/CoreSymbolication.framework/Versions/A/CoreSymbolication
0x000000000d5bd000 	/System/Library/PrivateFrameworks/Symbolication.framework/Versions/A/Symbolication
0x000000000d5bd000 	/System/Library/PrivateFrameworks/SpeechRecognitionCore.framework/Versions/A/SpeechRecognitionCore
0x000000010b200000 	/Library/Java/JavaVirtualMachines/jdk1.7.0_17.jdk/Contents/Home/jre/lib/server/libjvm.dylib
0x000000000d5bd000 	/usr/lib/libstdc++.6.dylib
0x000000010a97e000 	/Library/Java/JavaVirtualMachines/jdk1.7.0_17.jdk/Contents/Home/jre/lib/libverify.dylib
0x000000010a98b000 	/Library/Java/JavaVirtualMachines/jdk1.7.0_17.jdk/Contents/Home/jre/lib/libjava.dylib
0x000000010a9c5000 	/Library/Java/JavaVirtualMachines/jdk1.7.0_17.jdk/Contents/Home/jre/lib/libzip.dylib
0x000000010f4f2000 	/System/Library/Frameworks/JavaVM.framework/Frameworks/JavaRuntimeSupport.framework/JavaRuntimeSupport
0x000000010f50a000 	/System/Library/Frameworks/JavaVM.framework/Versions/A/Frameworks/JavaNativeFoundation.framework/Versions/A/JavaNativeFoundation
0x000000010f51f000 	/System/Library/Frameworks/JavaVM.framework/Versions/A/JavaVM
0x000000000d5bd000 	/System/Library/Frameworks/Carbon.framework/Versions/A/Carbon
0x000000010f52c000 	/System/Library/PrivateFrameworks/JavaLaunching.framework/Versions/A/JavaLaunching
0x000000000d5bd000 	/System/Library/Frameworks/Carbon.framework/Versions/A/Frameworks/CommonPanels.framework/Versions/A/CommonPanels
0x000000000d5bd000 	/System/Library/Frameworks/Carbon.framework/Versions/A/Frameworks/Help.framework/Versions/A/Help
0x000000000d5bd000 	/System/Library/Frameworks/Carbon.framework/Versions/A/Frameworks/ImageCapture.framework/Versions/A/ImageCapture
0x000000000d5bd000 	/System/Library/Frameworks/Carbon.framework/Versions/A/Frameworks/OpenScripting.framework/Versions/A/OpenScripting
0x000000000d5bd000 	/System/Library/Frameworks/Carbon.framework/Versions/A/Frameworks/Print.framework/Versions/A/Print
0x000000000d5bd000 	/System/Library/Frameworks/Carbon.framework/Versions/A/Frameworks/SecurityHI.framework/Versions/A/SecurityHI
0x000000011128b000 	/Library/Java/JavaVirtualMachines/jdk1.7.0_17.jdk/Contents/Home/jre/lib/libawt.dylib
0x000000011133a000 	/Library/Java/JavaVirtualMachines/jdk1.7.0_17.jdk/Contents/Home/jre/lib/./libmlib_image.dylib
0x0000000111406000 	/Library/Java/JavaVirtualMachines/jdk1.7.0_17.jdk/Contents/Home/jre/lib/lwawt/liblwawt.dylib
0x00000001114b8000 	/Library/Java/JavaVirtualMachines/jdk1.7.0_17.jdk/Contents/Home/jre/lib/libosxapp.dylib
0x000000000d5bd000 	/System/Library/Frameworks/ExceptionHandling.framework/Versions/A/ExceptionHandling
0x000000000d5bd000 	/System/Library/PrivateFrameworks/CoreServicesInternal.framework/Versions/A/CoreServicesInternal
0x000000000d5bd000 	/System/Library/PrivateFrameworks/CloudDocs.framework/Versions/A/CloudDocs
0x000000000d5bd000 	/System/Library/PrivateFrameworks/CoreDuet.framework/Versions/A/CoreDuet
0x000000000d5bd000 	/System/Library/Frameworks/CloudKit.framework/Versions/A/CloudKit
0x000000000d5bd000 	/System/Library/PrivateFrameworks/ProtocolBuffer.framework/Versions/A/ProtocolBuffer
0x000000000d5bd000 	/System/Library/PrivateFrameworks/CoreDuetDaemonProtocol.framework/Versions/A/CoreDuetDaemonProtocol
0x000000000d5bd000 	/System/Library/PrivateFrameworks/CoreDuetDebugLogging.framework/Versions/A/CoreDuetDebugLogging
0x000000000d5bd000 	/System/Library/Frameworks/CoreLocation.framework/Versions/A/CoreLocation
0x000000000d5bd000 	/System/Library/Frameworks/Accounts.framework/Versions/A/Accounts
0x000000000d5bd000 	/System/Library/PrivateFrameworks/ApplePushService.framework/Versions/A/ApplePushService
0x000000000d5bd000 	/System/Library/PrivateFrameworks/GeoServices.framework/Versions/A/GeoServices
0x000000000d5bd000 	/System/Library/PrivateFrameworks/OAuth.framework/Versions/A/OAuth
0x000000000d5bd000 	/System/Library/PrivateFrameworks/CoreDaemon.framework/Versions/B/CoreDaemon
0x000000000d5bd000 	/usr/lib/libcrypto.0.9.8.dylib
0x000000000d5bd000 	/System/Library/PrivateFrameworks/AppleSRP.framework/Versions/A/AppleSRP
0x000000000d5bd000 	/System/Library/PrivateFrameworks/TrustEvaluationAgent.framework/Versions/A/TrustEvaluationAgent
0x000000000d5bd000 	/System/Library/Frameworks/CoreGraphics.framework/Versions/A/Resources/libCGCMS.A.dylib
0x000000000d5bd000 	/System/Library/Frameworks/CoreGraphics.framework/Versions/A/Resources/libRIP.A.dylib
0x000000000d5bd000 	/System/Library/Frameworks/CoreGraphics.framework/Versions/A/Resources/libCGXType.A.dylib
0x000000000d5bd000 	/System/Library/Frameworks/OpenCL.framework/Versions/A/Libraries/libcldcpuengine.dylib
0x000000000d5bd000 	/System/Library/PrivateFrameworks/DiskImages.framework/Versions/A/DiskImages
0x000000000d5bd000 	/System/Library/Frameworks/DiscRecording.framework/Versions/A/DiscRecording
0x000000000d5bd000 	/usr/lib/libcsfde.dylib
0x000000000d5bd000 	/usr/lib/libcurl.4.dylib
0x000000000d5bd000 	/System/Library/PrivateFrameworks/MediaKit.framework/Versions/A/MediaKit
0x000000000d5bd000 	/System/Library/PrivateFrameworks/ProtectedCloudStorage.framework/Versions/A/ProtectedCloudStorage
0x000000000d5bd000 	/usr/lib/libCoreStorage.dylib
0x000000000d5bd000 	/System/Library/PrivateFrameworks/EFILogin.framework/Versions/A/EFILogin
0x000000000d5bd000 	/usr/lib/libutil.dylib
0x000000000d5bd000 	/System/Library/PrivateFrameworks/FindMyDevice.framework/Versions/A/FindMyDevice
0x000000000d5bd000 	/System/Library/Frameworks/LDAP.framework/Versions/A/LDAP
0x000000000d5bd000 	/usr/lib/libsasl2.2.dylib
0x0000000114066000 	cl_kernels
0x0000000114068000 	/System/Library/Frameworks/OpenCL.framework/Versions/A/Libraries/ImageFormats/unorm8_bgra.dylib
0x0000000114057000 	cl_kernels
0x000000000d5bd000 	/System/Library/PrivateFrameworks/FamilyControls.framework/Versions/A/FamilyControls
0x000000000d5bd000 	/System/Library/PrivateFrameworks/CommerceKit.framework/Versions/A/Frameworks/CommerceCore.framework/Versions/A/CommerceCore
0x000000000d5bd000 	/System/Library/PrivateFrameworks/SystemAdministration.framework/Versions/A/SystemAdministration
0x000000000d5bd000 	/System/Library/PrivateFrameworks/AppContainer.framework/Versions/A/AppContainer
0x000000000d5bd000 	/System/Library/PrivateFrameworks/SecCodeWrapper.framework/Versions/A/SecCodeWrapper
0x000000000d5bd000 	/System/Library/Frameworks/DirectoryService.framework/Versions/A/DirectoryService
0x000000000d5bd000 	/System/Library/PrivateFrameworks/LoginUIKit.framework/Versions/A/Frameworks/LoginUICore.framework/Versions/A/LoginUICore
0x000000000d5bd000 	/usr/lib/libodfde.dylib
0x0000000115331000 	/Library/Java/JavaVirtualMachines/jdk1.7.0_17.jdk/Contents/Home/jre/lib/libfontmanager.dylib
0x000000011537d000 	/Users/William/Documents/workspace/FRESHSTART/lib/natives/macosx/liblwjgl.dylib
0x0000000113598000 	/Library/Java/JavaVirtualMachines/jdk1.7.0_17.jdk/Contents/Home/jre/lib/libjawt.dylib
0x000000000d5bd000 	/System/Library/Frameworks/OpenGL.framework/Versions/A/Resources/GLEngine.bundle/GLEngine
0x000000000d5bd000 	/System/Library/Frameworks/OpenGL.framework/Versions/A/Libraries/libGLProgrammability.dylib
0x0000000000000000 	/System/Library/Extensions/AppleIntelHD4000GraphicsGLDriver.bundle/Contents/MacOS/AppleIntelHD4000GraphicsGLDriver
0x000000000d5bd000 	/System/Library/PrivateFrameworks/IOAccelerator.framework/Versions/A/IOAccelerator
0x000000000d5bd000 	/System/Library/PrivateFrameworks/GPUSupport.framework/Versions/A/Libraries/libGPUSupportMercury.dylib
0x000000000d5bd000 	/System/Library/Frameworks/OpenGL.framework/Versions/A/Resources/GLRendererFloat.bundle/GLRendererFloat
0x0000000115af0000 	/Library/Java/JavaVirtualMachines/jdk1.7.0_17.jdk/Contents/Home/jre/lib/libnio.dylib
0x0000000115aff000 	/Library/Java/JavaVirtualMachines/jdk1.7.0_17.jdk/Contents/Home/jre/lib/./libnet.dylib

VM Arguments:
jvm_args: -Djava.library.path=/Users/William/Documents/workspace/FRESHSTART/lib/natives/macosx -Dfile.encoding=US-ASCII 
java_command: gravityDemo
Launcher Type: SUN_STANDARD

Environment Variables:
PATH=/usr/bin:/bin:/usr/sbin:/sbin
SHELL=/bin/bash
DISPLAY=/private/tmp/com.apple.launchd.66b5yCvX5a/org.macosforge.xquartz:0

Signal Handlers:
SIGSEGV: [libjvm.dylib+0x4a361d], sa_mask[0]=0xfffefeff, sa_flags=0x00000042
SIGBUS: [libjvm.dylib+0x4a361d], sa_mask[0]=0xfffefeff, sa_flags=0x00000042
SIGFPE: [libjvm.dylib+0x3b302d], sa_mask[0]=0xfffefeff, sa_flags=0x00000042
SIGPIPE: [libjvm.dylib+0x3b302d], sa_mask[0]=0xfffefeff, sa_flags=0x00000042
SIGXFSZ: [libjvm.dylib+0x3b302d], sa_mask[0]=0xfffefeff, sa_flags=0x00000042
SIGILL: [libjvm.dylib+0x3b302d], sa_mask[0]=0xfffefeff, sa_flags=0x00000042
SIGUSR1: SIG_DFL, sa_mask[0]=0x00000000, sa_flags=0x00000000
SIGUSR2: [libjvm.dylib+0x3b2bc6], sa_mask[0]=0x00000004, sa_flags=0x00000042
SIGHUP: [libjvm.dylib+0x3b0e27], sa_mask[0]=0xfffefeff, sa_flags=0x00000042
SIGINT: [libjvm.dylib+0x3b0e27], sa_mask[0]=0xfffefeff, sa_flags=0x00000042
SIGTERM: [libjvm.dylib+0x3b0e27], sa_mask[0]=0xfffefeff, sa_flags=0x00000042
SIGQUIT: [libjvm.dylib+0x3b0e27], sa_mask[0]=0xfffefeff, sa_flags=0x00000042


---------------  S Y S T E M  ---------------

OS:Bsduname:Darwin 14.1.0 Darwin Kernel Version 14.1.0: Mon Dec 22 23:10:38 PST 2014; root:xnu-2782.10.72~2/RELEASE_X86_64 x86_64
rlimit: STACK 8192k, CORE 0k, NPROC 709, NOFILE 10240, AS infinity
load average:2.28 6.07 11.17

CPU:total 4 (2 cores per cpu, 2 threads per core) family 6 model 58 stepping 9, cmov, cx8, fxsr, mmx, sse, sse2, sse3, ssse3, sse4.1, sse4.2, popcnt, avx, ht, tsc, tscinvbit, tscinv

Memory: 4k page, physical 1039676k(259919k free)

/proc/meminfo:


vm_info: Java HotSpot(TM) 64-Bit Server VM (23.7-b01) for bsd-amd64 JRE (1.7.0_17-b02), built on Mar  1 2013 06:41:23 by "java_re" with gcc 4.2.1 (Based on Apple Inc. build 5658) (LLVM build 2336.11.00)

time: Wed Mar 18 09:22:02 2015
elapsed time: 4 seconds

