#
# A fatal error has been detected by the Java Runtime Environment:
#
#  SIGSEGV (0xb) at pc=0x00007fff8eb398f2, pid=11627, tid=1299
#
# JRE version: 7.0_17-b02
# Java VM: Java HotSpot(TM) 64-Bit Server VM (23.7-b01 mixed mode bsd-amd64 compressed oops)
# Problematic frame:
# C  [libGPUSupportMercury.dylib+0xb8f2]  gldAttachDrawable+0x60
#
# Failed to write core dump. Core dumps have been disabled. To enable core dumping, try "ulimit -c unlimited" before starting Java again
#
# If you would like to submit a bug report, please visit:
#   http://bugreport.sun.com/bugreport/crash.jsp
# The crash happened outside the Java Virtual Machine in native code.
# See problematic frame for where to report the bug.
#

---------------  T H R E A D  ---------------

Current thread (0x00007fed0b850000):  JavaThread "AppKit Thread" daemon [_thread_in_native, id=1299, stack(0x00007fff546a2000,0x00007fff54722000)]

siginfo:si_signo=SIGSEGV: si_errno=0, si_code=0 (SEGV0), si_addr=0x0000000000000000

Registers:
RAX=0x1000000000000000, RBX=0x000000000000271e, RCX=0x0000000000000000, RDX=0x00007fed09fb5878
RSP=0x00007fff5471b9d0, RBP=0x00007fff5471bad0, RSI=0x0000000000000050, RDI=0x00007fff7f0f8070
R8 =0x00007fed0c80aa60, R9 =0x00007fed0c800000, R10=0x000000000000003c, R11=0x0000000000000206
R12=0x0000000000002718, R13=0x00007fed0a8d4800, R14=0x0000000000000050, R15=0x0000000000000000
RIP=0x00007fff8eb398f2, EFLAGS=0x0000000000010212, ERR=0x0000000000000000
  TRAPNO=0x000000000000000d

Top of Stack: (sp=0x00007fff5471b9d0)
0x00007fff5471b9d0:   00007fff5471ba44 00007fed09e1d1d0
0x00007fff5471b9e0:   ffffffffffffffff 0000206000000040
0x00007fff5471b9f0:   00007fed09e1d1e8 00007fff9ce8664f
0x00007fff5471ba00:   0000000000000000 1000000000000000
0x00007fff5471ba10:   0000000300000003 00007fff5471bb58
0x00007fff5471ba20:   00007fff5471bae4 00000000000576df
0x00007fff5471ba30:   00007fff5471badc 00007fff5471bae0
0x00007fff5471ba40:   00007fff5471bac0 00007fff907e2e11
0x00007fff5471ba50:   0000000000000000 0000000000001a42
0x00007fff5471ba60:   0000003400001200 0000020b00000000
0x00007fff5471ba70:   00007fff5471baa0 00007fff9077952c
0x00007fff5471ba80:   00007fff5471bad0 0000000000001a42
0x00007fff5471ba90:   0000000004273140 00000000214d258d
0x00007fff5471baa0:   f30076979e23e4b4 00007fed0c800c00
0x00007fff5471bab0:   0000000000002718 0000000000000000
0x00007fff5471bac0:   0000000000000050 0000000000000000
0x00007fff5471bad0:   00007fff5471bb20 000000011631d7e8
0x00007fff5471bae0:   00007fed0c80aa60 0000000000000000
0x00007fff5471baf0:   00007fed09fb5878 00007fed09e544f0
0x00007fff5471bb00:   0000000000000000 00007fed0a0afb50
0x00007fff5471bb10:   00007fed0a0adc00 00007fff7f0f8070
0x00007fff5471bb20:   00007fff5471bc10 00007fff992fd870
0x00007fff5471bb30:   4089000000000000 4074000000000000
0x00007fff5471bb40:   4061400000000000 4084000000000000
0x00007fff5471bb50:   407f600000000000 0000000000000000
0x00007fff5471bb60:   4036000000000000 4084000000000000
0x00007fff5471bb70:   407e000000000000 0000000000000000
0x00007fff5471bb80:   0000000000000000 0000000000000001
0x00007fff5471bb90:   00007fed09fb5878 0000000000000001
0x00007fff5471bba0:   00007fff5471bc10 00007fff9930266b
0x00007fff5471bbb0:   0000000100000003 00007fed0a0afb50
0x00007fff5471bbc0:   00007fed0a0afa88 000000029972ffff 

Instructions: (pc=0x00007fff8eb398f2)
0x00007fff8eb398d2:   48 85 d2 b8 01 00 00 00 bb 15 27 00 00 0f 44 d8
0x00007fff8eb398e2:   e9 7f 01 00 00 49 8b 45 08 48 89 85 38 ff ff ff
0x00007fff8eb398f2:   48 8b 00 48 89 85 30 ff ff ff 83 fe 4f 0f 8f fd
0x00007fff8eb39902:   00 00 00 48 89 d0 bb 15 27 00 00 83 fe 35 0f 84 

Register to memory mapping:

RAX=0x1000000000000000 is an unknown value
RBX=0x000000000000271e is an unknown value
RCX=0x0000000000000000 is an unknown value
RDX=0x00007fed09fb5878 is an unknown value
RSP=0x00007fff5471b9d0 is pointing into the stack for thread: 0x00007fed0b850000
RBP=0x00007fff5471bad0 is pointing into the stack for thread: 0x00007fed0b850000
RSI=0x0000000000000050 is an unknown value
RDI=0x00007fff7f0f8070: __stack_chk_guard+0 in /usr/lib/system/libsystem_c.dylib at 0x00007fff99130000
R8 =0x00007fed0c80aa60 is an unknown value
R9 =0x00007fed0c800000 is an unknown value
R10=0x000000000000003c is an unknown value
R11=0x0000000000000206 is an unknown value
R12=0x0000000000002718 is an unknown value
R13=0x00007fed0a8d4800 is an unknown value
R14=0x0000000000000050 is an unknown value
R15=0x0000000000000000 is an unknown value


Stack: [0x00007fff546a2000,0x00007fff54722000],  sp=0x00007fff5471b9d0,  free space=486k
Native frames: (J=compiled Java code, j=interpreted, Vv=VM code, C=native code)
C  [libGPUSupportMercury.dylib+0xb8f2]  gldAttachDrawable+0x60
C  [GLEngine+0x167e8]  gliAttachDrawableWithOptions+0x101
C  [OpenGL+0x3870]  glcGetIOAccelService+0xe03
C  [OpenGL+0x7412]  CGLSetPBuffer+0xb90
C  [OpenGL+0x7735]  CGLSetSurface+0x124
C  [AppKit+0x332d44]  NSOpenGLContextAttachOnScreenViewSurface+0x109
C  [AppKit+0x31dc8c]  -[NSOpenGLContext setView:]+0x83
C  [liblwjgl.dylib+0xa586]  -[MacOSXOpenGLView lockFocus]+0x76
C  [AppKit+0xe2055]  -[NSView _recursiveDisplayRectIfNeededIgnoringOpacity:isVisibleRect:rectIsVisibleRectForView:topView:]+0x740
C  [AppKit+0xe30b0]  -[NSView _recursiveDisplayRectIfNeededIgnoringOpacity:isVisibleRect:rectIsVisibleRectForView:topView:]+0x179b
C  [AppKit+0xe1403]  -[NSThemeFrame _recursiveDisplayRectIfNeededIgnoringOpacity:isVisibleRect:rectIsVisibleRectForView:topView:]+0x14d
C  [AppKit+0xdd79b]  -[NSView _displayRectIgnoringOpacity:isVisibleRect:rectIsVisibleRectForView:]+0xac9
C  [AppKit+0x952be]  -[NSView displayIfNeeded]+0x754
C  [AppKit+0x94b19]  -[NSWindow displayIfNeeded]+0xec
C  [AppKit+0x94782]  _handleWindowNeedsDisplayOrLayoutOrUpdateConstraints+0x3a8
C  [Foundation+0x4b953]  __NSFireTimer+0x5f
C  [CoreFoundation+0xb72e4]  __CFRUNLOOP_IS_CALLING_OUT_TO_A_TIMER_CALLBACK_FUNCTION__+0x14
C  [CoreFoundation+0xb6f73]  __CFRunLoopDoTimer+0x423
C  [CoreFoundation+0x12a53d]  __CFRunLoopDoTimers+0x12d
C  [CoreFoundation+0x72608]  __CFRunLoopRun+0x7e8
C  [CoreFoundation+0x71bd8]  CFRunLoopRunSpecific+0x128
C  [HIToolbox+0x3256f]  RunCurrentEventLoopInMode+0xeb
C  [HIToolbox+0x322ea]  ReceiveNextEventCommon+0x1af
C  [HIToolbox+0x3212b]  _BlockUntilNextEventMatchingListInModeWithFilter+0x47
C  [AppKit+0x919bb]  _DPSNextEvent+0x3d2
C  [AppKit+0x90f68]  -[NSApplication nextEventMatchingMask:untilDate:inMode:dequeue:]+0x15a
C  [libosxapp.dylib+0x1b56]  -[NSApplicationAWT nextEventMatchingMask:untilDate:inMode:dequeue:]+0x7c
C  [AppKit+0x86bf3]  -[NSApplication run]+0x252
C  [libosxapp.dylib+0x19b9]  +[NSApplicationAWT runAWTLoopWithApp:]+0x9c
C  [liblwawt.dylib+0xd81a]  -[AWTStarter starter:]+0x637
C  [Foundation+0x92d00]  __NSThreadPerformPerform+0x125
C  [CoreFoundation+0x80a01]  __CFRUNLOOP_IS_CALLING_OUT_TO_A_SOURCE0_PERFORM_FUNCTION__+0x11
C  [CoreFoundation+0x72b8d]  __CFRunLoopDoSources0+0x10d
C  [CoreFoundation+0x721bf]  __CFRunLoopRun+0x39f
C  [CoreFoundation+0x71bd8]  CFRunLoopRunSpecific+0x128
C  [java+0x742d]  CreateExecutionEnvironment+0x367
C  [java+0x1bdc]  JLI_Launch+0x7a0
C  [java+0x778a]  main+0x65
C  [java+0x1434]  start+0x34


---------------  P R O C E S S  ---------------

Java Threads: ( => current thread )
  0x00007fed0b952000 JavaThread "Java2D Disposer" daemon [_thread_blocked, id=46851, stack(0x00000001175a2000,0x00000001176a2000)]
  0x00007fed0a12e800 JavaThread "Java2D Queue Flusher" daemon [_thread_blocked, id=46087, stack(0x0000000116c13000,0x0000000116d13000)]
  0x00007fed0b8df000 JavaThread "AWT-Shutdown" [_thread_blocked, id=14087, stack(0x00000001121ba000,0x00000001122ba000)]
=>0x00007fed0b850000 JavaThread "AppKit Thread" daemon [_thread_in_native, id=1299, stack(0x00007fff546a2000,0x00007fff54722000)]
  0x00007fed0a030800 JavaThread "Service Thread" daemon [_thread_blocked, id=13571, stack(0x0000000111d21000,0x0000000111e21000)]
  0x00007fed0a02f800 JavaThread "C2 CompilerThread1" daemon [_thread_blocked, id=13315, stack(0x0000000111c1e000,0x0000000111d1e000)]
  0x00007fed0a02f000 JavaThread "C2 CompilerThread0" daemon [_thread_blocked, id=13091, stack(0x0000000111b1b000,0x0000000111c1b000)]
  0x00007fed0a027800 JavaThread "Signal Dispatcher" daemon [_thread_blocked, id=9487, stack(0x0000000111a18000,0x0000000111b18000)]
  0x00007fed0a019000 JavaThread "Finalizer" daemon [_thread_blocked, id=8707, stack(0x0000000110076000,0x0000000110176000)]
  0x00007fed0a006000 JavaThread "Reference Handler" daemon [_thread_blocked, id=8451, stack(0x000000010ff73000,0x0000000110073000)]
  0x00007fed0a803000 JavaThread "main" [_thread_in_native, id=4355, stack(0x000000010c8a8000,0x000000010c9a8000)]

Other Threads:
  0x00007fed0a016000 VMThread [stack: 0x000000010fe70000,0x000000010ff70000] [id=8195]
  0x00007fed0a028800 WatcherThread [stack: 0x0000000111e24000,0x0000000111f24000] [id=13827]

VM state:not at safepoint (normal execution)

VM Mutex/Monitor currently owned by a thread: None

Heap
 def new generation   total 5568K, used 3523K [0x00000007e9000000, 0x00000007e9600000, 0x00000007eef50000)
  eden space 4992K,  69% used [0x00000007e9000000, 0x00000007e93623d0, 0x00000007e94e0000)
  from space 576K,  10% used [0x00000007e9570000, 0x00000007e957e8f0, 0x00000007e9600000)
  to   space 576K,   0% used [0x00000007e94e0000, 0x00000007e94e0000, 0x00000007e9570000)
 tenured generation   total 12224K, used 5632K [0x00000007eef50000, 0x00000007efb40000, 0x00000007fae00000)
   the space 12224K,  46% used [0x00000007eef50000, 0x00000007ef4d00a0, 0x00000007ef4d0200, 0x00000007efb40000)
 compacting perm gen  total 21248K, used 8343K [0x00000007fae00000, 0x00000007fc2c0000, 0x0000000800000000)
   the space 21248K,  39% used [0x00000007fae00000, 0x00000007fb625e70, 0x00000007fb626000, 0x00000007fc2c0000)
No shared spaces configured.

Card table byte_map: [0x000000010faab000,0x000000010fb64000] byte_map_base: 0x000000010bb63000

Polling page: 0x000000010b5fd000

Code Cache  [0x000000010c9eb000, 0x000000010cc5b000, 0x000000010f9eb000)
 total_blobs=537 nmethods=107 adapters=383 free_code_cache=48431Kb largest_free_block=49564160

Compilation events (10 events):
Event: 7.968 Thread 0x00007fed0a02f000  101             java.nio.Buffer::checkIndex (22 bytes)
Event: 7.969 Thread 0x00007fed0a02f000 nmethod 101 0x000000010ca59890 code [0x000000010ca599c0, 0x000000010ca59a38]
Event: 8.234 Thread 0x00007fed0a02f800  102             org.newdawn.slick.opengl.renderer.ImmediateModeOGLRenderer::glTexCoord2f (6 bytes)
Event: 8.234 Thread 0x00007fed0a02f000  103             org.lwjgl.opengl.GL11::glTexCoord2f (20 bytes)
Event: 8.236 Thread 0x00007fed0a02f000 nmethod 103 0x000000010ca9a250 code [0x000000010ca9a3a0, 0x000000010ca9a4a8]
Event: 8.236 Thread 0x00007fed0a02f000  105             org.newdawn.slick.opengl.renderer.ImmediateModeOGLRenderer::glVertex2f (6 bytes)
Event: 8.236 Thread 0x00007fed0a02f800 nmethod 102 0x000000010caa0510 code [0x000000010caa0660, 0x000000010caa0788]
Event: 8.236 Thread 0x00007fed0a02f800  106             org.lwjgl.opengl.GL11::glVertex2f (20 bytes)
Event: 8.239 Thread 0x00007fed0a02f800 nmethod 106 0x000000010ca9fd90 code [0x000000010ca9fee0, 0x000000010ca9ffe8]
Event: 8.239 Thread 0x00007fed0a02f000 nmethod 105 0x000000010ca9f950 code [0x000000010ca9faa0, 0x000000010ca9fbc8]

GC Heap History (10 events):
Event: 9.476 GC heap before
{Heap before GC invocations=55 (full 1):
 def new generation   total 5568K, used 4667K [0x00000007e9000000, 0x00000007e9600000, 0x00000007eef50000)
  eden space 4992K,  92% used [0x00000007e9000000, 0x00000007e947fa48, 0x00000007e94e0000)
  from space 576K,  10% used [0x00000007e94e0000, 0x00000007e94ef1c0, 0x00000007e9570000)
  to   space 576K,   0% used [0x00000007e9570000, 0x00000007e9570000, 0x00000007e9600000)
 tenured generation   total 12224K, used 5615K [0x00000007eef50000, 0x00000007efb40000, 0x00000007fae00000)
   the space 12224K,  45% used [0x00000007eef50000, 0x00000007ef4cbd10, 0x00000007ef4cbe00, 0x00000007efb40000)
 compacting perm gen  total 21248K, used 8337K [0x00000007fae00000, 0x00000007fc2c0000, 0x0000000800000000)
   the space 21248K,  39% used [0x00000007fae00000, 0x00000007fb6246c8, 0x00000007fb624800, 0x00000007fc2c0000)
No shared spaces configured.
Event: 9.476 GC heap after
Heap after GC invocations=56 (full 1):
 def new generation   total 5568K, used 60K [0x00000007e9000000, 0x00000007e9600000, 0x00000007eef50000)
  eden space 4992K,   0% used [0x00000007e9000000, 0x00000007e9000000, 0x00000007e94e0000)
  from space 576K,  10% used [0x00000007e9570000, 0x00000007e957f160, 0x00000007e9600000)
  to   space 576K,   0% used [0x00000007e94e0000, 0x00000007e94e0000, 0x00000007e9570000)
 tenured generation   total 12224K, used 5618K [0x00000007eef50000, 0x00000007efb40000, 0x00000007fae00000)
   the space 12224K,  45% used [0x00000007eef50000, 0x00000007ef4cc930, 0x00000007ef4cca00, 0x00000007efb40000)
 compacting perm gen  total 21248K, used 8337K [0x00000007fae00000, 0x00000007fc2c0000, 0x0000000800000000)
   the space 21248K,  39% used [0x00000007fae00000, 0x00000007fb6246c8, 0x00000007fb624800, 0x00000007fc2c0000)
No shared spaces configured.
}
Event: 9.610 GC heap before
{Heap before GC invocations=56 (full 1):
 def new generation   total 5568K, used 4666K [0x00000007e9000000, 0x00000007e9600000, 0x00000007eef50000)
  eden space 4992K,  92% used [0x00000007e9000000, 0x00000007e947fa48, 0x00000007e94e0000)
  from space 576K,  10% used [0x00000007e9570000, 0x00000007e957f160, 0x00000007e9600000)
  to   space 576K,   0% used [0x00000007e94e0000, 0x00000007e94e0000, 0x00000007e9570000)
 tenured generation   total 12224K, used 5618K [0x00000007eef50000, 0x00000007efb40000, 0x00000007fae00000)
   the space 12224K,  45% used [0x00000007eef50000, 0x00000007ef4cc930, 0x00000007ef4cca00, 0x00000007efb40000)
 compacting perm gen  total 21248K, used 8337K [0x00000007fae00000, 0x00000007fc2c0000, 0x0000000800000000)
   the space 21248K,  39% used [0x00000007fae00000, 0x00000007fb6246c8, 0x00000007fb624800, 0x00000007fc2c0000)
No shared spaces configured.
Event: 9.610 GC heap after
Heap after GC invocations=57 (full 1):
 def new generation   total 5568K, used 60K [0x00000007e9000000, 0x00000007e9600000, 0x00000007eef50000)
  eden space 4992K,   0% used [0x00000007e9000000, 0x00000007e9000000, 0x00000007e94e0000)
  from space 576K,  10% used [0x00000007e94e0000, 0x00000007e94ef160, 0x00000007e9570000)
  to   space 576K,   0% used [0x00000007e9570000, 0x00000007e9570000, 0x00000007e9600000)
 tenured generation   total 12224K, used 5621K [0x00000007eef50000, 0x00000007efb40000, 0x00000007fae00000)
   the space 12224K,  45% used [0x00000007eef50000, 0x00000007ef4cd4f0, 0x00000007ef4cd600, 0x00000007efb40000)
 compacting perm gen  total 21248K, used 8337K [0x00000007fae00000, 0x00000007fc2c0000, 0x0000000800000000)
   the space 21248K,  39% used [0x00000007fae00000, 0x00000007fb6246c8, 0x00000007fb624800, 0x00000007fc2c0000)
No shared spaces configured.
}
Event: 9.773 GC heap before
{Heap before GC invocations=57 (full 1):
 def new generation   total 5568K, used 4666K [0x00000007e9000000, 0x00000007e9600000, 0x00000007eef50000)
  eden space 4992K,  92% used [0x00000007e9000000, 0x00000007e947fa50, 0x00000007e94e0000)
  from space 576K,  10% used [0x00000007e94e0000, 0x00000007e94ef160, 0x00000007e9570000)
  to   space 576K,   0% used [0x00000007e9570000, 0x00000007e9570000, 0x00000007e9600000)
 tenured generation   total 12224K, used 5621K [0x00000007eef50000, 0x00000007efb40000, 0x00000007fae00000)
   the space 12224K,  45% used [0x00000007eef50000, 0x00000007ef4cd4f0, 0x00000007ef4cd600, 0x00000007efb40000)
 compacting perm gen  total 21248K, used 8337K [0x00000007fae00000, 0x00000007fc2c0000, 0x0000000800000000)
   the space 21248K,  39% used [0x00000007fae00000, 0x00000007fb6246c8, 0x00000007fb624800, 0x00000007fc2c0000)
No shared spaces configured.
Event: 9.773 GC heap after
Heap after GC invocations=58 (full 1):
 def new generation   total 5568K, used 58K [0x00000007e9000000, 0x00000007e9600000, 0x00000007eef50000)
  eden space 4992K,   0% used [0x00000007e9000000, 0x00000007e9000000, 0x00000007e94e0000)
  from space 576K,  10% used [0x00000007e9570000, 0x00000007e957e920, 0x00000007e9600000)
  to   space 576K,   0% used [0x00000007e94e0000, 0x00000007e94e0000, 0x00000007e9570000)
 tenured generation   total 12224K, used 5626K [0x00000007eef50000, 0x00000007efb40000, 0x00000007fae00000)
   the space 12224K,  46% used [0x00000007eef50000, 0x00000007ef4ce8f0, 0x00000007ef4cea00, 0x00000007efb40000)
 compacting perm gen  total 21248K, used 8337K [0x00000007fae00000, 0x00000007fc2c0000, 0x0000000800000000)
   the space 21248K,  39% used [0x00000007fae00000, 0x00000007fb6246c8, 0x00000007fb624800, 0x00000007fc2c0000)
No shared spaces configured.
}
Event: 9.898 GC heap before
{Heap before GC invocations=58 (full 1):
 def new generation   total 5568K, used 4664K [0x00000007e9000000, 0x00000007e9600000, 0x00000007eef50000)
  eden space 4992K,  92% used [0x00000007e9000000, 0x00000007e947fa48, 0x00000007e94e0000)
  from space 576K,  10% used [0x00000007e9570000, 0x00000007e957e920, 0x00000007e9600000)
  to   space 576K,   0% used [0x00000007e94e0000, 0x00000007e94e0000, 0x00000007e9570000)
 tenured generation   total 12224K, used 5626K [0x00000007eef50000, 0x00000007efb40000, 0x00000007fae00000)
   the space 12224K,  46% used [0x00000007eef50000, 0x00000007ef4ce8f0, 0x00000007ef4cea00, 0x00000007efb40000)
 compacting perm gen  total 21248K, used 8337K [0x00000007fae00000, 0x00000007fc2c0000, 0x0000000800000000)
   the space 21248K,  39% used [0x00000007fae00000, 0x00000007fb6246c8, 0x00000007fb624800, 0x00000007fc2c0000)
No shared spaces configured.
Event: 9.898 GC heap after
Heap after GC invocations=59 (full 1):
 def new generation   total 5568K, used 58K [0x00000007e9000000, 0x00000007e9600000, 0x00000007eef50000)
  eden space 4992K,   0% used [0x00000007e9000000, 0x00000007e9000000, 0x00000007e94e0000)
  from space 576K,  10% used [0x00000007e94e0000, 0x00000007e94ee8f0, 0x00000007e9570000)
  to   space 576K,   0% used [0x00000007e9570000, 0x00000007e9570000, 0x00000007e9600000)
 tenured generation   total 12224K, used 5629K [0x00000007eef50000, 0x00000007efb40000, 0x00000007fae00000)
   the space 12224K,  46% used [0x00000007eef50000, 0x00000007ef4cf4e0, 0x00000007ef4cf600, 0x00000007efb40000)
 compacting perm gen  total 21248K, used 8337K [0x00000007fae00000, 0x00000007fc2c0000, 0x0000000800000000)
   the space 21248K,  39% used [0x00000007fae00000, 0x00000007fb6246c8, 0x00000007fb624800, 0x00000007fc2c0000)
No shared spaces configured.
}
Event: 10.028 GC heap before
{Heap before GC invocations=59 (full 1):
 def new generation   total 5568K, used 4664K [0x00000007e9000000, 0x00000007e9600000, 0x00000007eef50000)
  eden space 4992K,  92% used [0x00000007e9000000, 0x00000007e947fa50, 0x00000007e94e0000)
  from space 576K,  10% used [0x00000007e94e0000, 0x00000007e94ee8f0, 0x00000007e9570000)
  to   space 576K,   0% used [0x00000007e9570000, 0x00000007e9570000, 0x00000007e9600000)
 tenured generation   total 12224K, used 5629K [0x00000007eef50000, 0x00000007efb40000, 0x00000007fae00000)
   the space 12224K,  46% used [0x00000007eef50000, 0x00000007ef4cf4e0, 0x00000007ef4cf600, 0x00000007efb40000)
 compacting perm gen  total 21248K, used 8338K [0x00000007fae00000, 0x00000007fc2c0000, 0x0000000800000000)
   the space 21248K,  39% used [0x00000007fae00000, 0x00000007fb624828, 0x00000007fb624a00, 0x00000007fc2c0000)
No shared spaces configured.
Event: 10.028 GC heap after
Heap after GC invocations=60 (full 1):
 def new generation   total 5568K, used 58K [0x00000007e9000000, 0x00000007e9600000, 0x00000007eef50000)
  eden space 4992K,   0% used [0x00000007e9000000, 0x00000007e9000000, 0x00000007e94e0000)
  from space 576K,  10% used [0x00000007e9570000, 0x00000007e957e8f0, 0x00000007e9600000)
  to   space 576K,   0% used [0x00000007e94e0000, 0x00000007e94e0000, 0x00000007e9570000)
 tenured generation   total 12224K, used 5632K [0x00000007eef50000, 0x00000007efb40000, 0x00000007fae00000)
   the space 12224K,  46% used [0x00000007eef50000, 0x00000007ef4d00a0, 0x00000007ef4d0200, 0x00000007efb40000)
 compacting perm gen  total 21248K, used 8338K [0x00000007fae00000, 0x00000007fc2c0000, 0x0000000800000000)
   the space 21248K,  39% used [0x00000007fae00000, 0x00000007fb624828, 0x00000007fb624a00, 0x00000007fc2c0000)
No shared spaces configured.
}

Deoptimization events (1 events):
Event: 0.573 Thread 0x00007fed0b850000 Uncommon trap -12 fr.pc 0x000000010ca598e8

Internal exceptions (10 events):
Event: 4.408 Thread 0x00007fed0a803000 Threw 0x00000007e90eda48 at /HUDSON/workspace/jdk7u17-2-build-macosx-amd64-product/jdk7u17/hotspot/src/share/vm/prims/jvm.cpp:1166
Event: 4.417 Thread 0x00007fed0a803000 Threw 0x00000007e911ba98 at /HUDSON/workspace/jdk7u17-2-build-macosx-amd64-product/jdk7u17/hotspot/src/share/vm/prims/jvm.cpp:1166
Event: 4.418 Thread 0x00007fed0a803000 Threw 0x00000007e9122b88 at /HUDSON/workspace/jdk7u17-2-build-macosx-amd64-product/jdk7u17/hotspot/src/share/vm/prims/jvm.cpp:1166
Event: 4.418 Thread 0x00007fed0a803000 Threw 0x00000007e91277d0 at /HUDSON/workspace/jdk7u17-2-build-macosx-amd64-product/jdk7u17/hotspot/src/share/vm/prims/jvm.cpp:1166
Event: 4.419 Thread 0x00007fed0a803000 Threw 0x00000007e9130578 at /HUDSON/workspace/jdk7u17-2-build-macosx-amd64-product/jdk7u17/hotspot/src/share/vm/prims/jvm.cpp:1166
Event: 4.421 Thread 0x00007fed0a803000 Threw 0x00000007e91c9de0 at /HUDSON/workspace/jdk7u17-2-build-macosx-amd64-product/jdk7u17/hotspot/src/share/vm/prims/jvm.cpp:1166
Event: 4.438 Thread 0x00007fed0a803000 Threw 0x00000007e91d08f8 at /HUDSON/workspace/jdk7u17-2-build-macosx-amd64-product/jdk7u17/hotspot/src/share/vm/prims/jvm.cpp:1166
Event: 4.445 Thread 0x00007fed0a803000 Threw 0x00000007e91d8228 at /HUDSON/workspace/jdk7u17-2-build-macosx-amd64-product/jdk7u17/hotspot/src/share/vm/prims/jvm.cpp:1166
Event: 4.446 Thread 0x00007fed0a803000 Threw 0x00000007e91dcbf8 at /HUDSON/workspace/jdk7u17-2-build-macosx-amd64-product/jdk7u17/hotspot/src/share/vm/prims/jvm.cpp:1166
Event: 10.162 Thread 0x00007fed0a803000 Threw 0x00000007e935e6c8 at /HUDSON/workspace/jdk7u17-2-build-macosx-amd64-product/jdk7u17/hotspot/src/share/vm/prims/jvm.cpp:1166

Events (10 events):
Event: 9.610 Executing VM operation: GenCollectForAllocation
Event: 9.610 Executing VM operation: GenCollectForAllocation done
Event: 9.773 Executing VM operation: GenCollectForAllocation
Event: 9.773 Executing VM operation: GenCollectForAllocation done
Event: 9.898 Executing VM operation: GenCollectForAllocation
Event: 9.898 Executing VM operation: GenCollectForAllocation done
Event: 10.027 Executing VM operation: GenCollectForAllocation
Event: 10.028 Executing VM operation: GenCollectForAllocation done
Event: 10.162 loading class 0x00007fed09c6cb40
Event: 10.162 loading class 0x00007fed09c6cb40 done


Dynamic libraries:
0x000000000d31f000 	/System/Library/Frameworks/Cocoa.framework/Versions/A/Cocoa
0x000000000d31f000 	/System/Library/Frameworks/Security.framework/Versions/A/Security
0x000000000d31f000 	/System/Library/Frameworks/ApplicationServices.framework/Versions/A/ApplicationServices
0x000000000d31f000 	/usr/lib/libz.1.dylib
0x000000000d31f000 	/usr/lib/libSystem.B.dylib
0x000000000d31f000 	/usr/lib/libobjc.A.dylib
0x000000000d31f000 	/System/Library/Frameworks/CoreFoundation.framework/Versions/A/CoreFoundation
0x000000000d31f000 	/System/Library/Frameworks/AppKit.framework/Versions/C/AppKit
0x000000000d31f000 	/System/Library/Frameworks/CoreData.framework/Versions/A/CoreData
0x000000000d31f000 	/System/Library/Frameworks/Foundation.framework/Versions/C/Foundation
0x000000000d31f000 	/System/Library/PrivateFrameworks/RemoteViewServices.framework/Versions/A/RemoteViewServices
0x000000000d31f000 	/System/Library/PrivateFrameworks/UIFoundation.framework/Versions/A/UIFoundation
0x000000000d31f000 	/System/Library/Frameworks/IOSurface.framework/Versions/A/IOSurface
0x000000000d31f000 	/System/Library/Frameworks/AudioToolbox.framework/Versions/A/AudioToolbox
0x000000000d31f000 	/System/Library/Frameworks/AudioUnit.framework/Versions/A/AudioUnit
0x000000000d31f000 	/System/Library/PrivateFrameworks/DataDetectorsCore.framework/Versions/A/DataDetectorsCore
0x000000000d31f000 	/System/Library/PrivateFrameworks/DesktopServicesPriv.framework/Versions/A/DesktopServicesPriv
0x000000000d31f000 	/System/Library/Frameworks/Carbon.framework/Versions/A/Frameworks/HIToolbox.framework/Versions/A/HIToolbox
0x000000000d31f000 	/System/Library/Frameworks/QuartzCore.framework/Versions/A/QuartzCore
0x000000000d31f000 	/System/Library/Frameworks/Carbon.framework/Versions/A/Frameworks/SpeechRecognition.framework/Versions/A/SpeechRecognition
0x000000000d31f000 	/usr/lib/libauto.dylib
0x000000000d31f000 	/usr/lib/libicucore.A.dylib
0x000000000d31f000 	/usr/lib/libxml2.2.dylib
0x000000000d31f000 	/System/Library/PrivateFrameworks/CoreUI.framework/Versions/A/CoreUI
0x000000000d31f000 	/System/Library/Frameworks/CoreAudio.framework/Versions/A/CoreAudio
0x000000000d31f000 	/System/Library/Frameworks/DiskArbitration.framework/Versions/A/DiskArbitration
0x000000000d31f000 	/usr/lib/liblangid.dylib
0x000000000d31f000 	/System/Library/PrivateFrameworks/MultitouchSupport.framework/Versions/A/MultitouchSupport
0x000000000d31f000 	/System/Library/Frameworks/IOKit.framework/Versions/A/IOKit
0x000000000d31f000 	/usr/lib/libDiagnosticMessagesClient.dylib
0x000000000d31f000 	/System/Library/Frameworks/CoreServices.framework/Versions/A/CoreServices
0x000000000d31f000 	/System/Library/PrivateFrameworks/PerformanceAnalysis.framework/Versions/A/PerformanceAnalysis
0x000000000d31f000 	/System/Library/PrivateFrameworks/GenerationalStorage.framework/Versions/A/GenerationalStorage
0x000000000d31f000 	/System/Library/Frameworks/OpenGL.framework/Versions/A/OpenGL
0x000000000d31f000 	/System/Library/PrivateFrameworks/Sharing.framework/Versions/A/Sharing
0x000000000d31f000 	/System/Library/Frameworks/CoreGraphics.framework/Versions/A/CoreGraphics
0x000000000d31f000 	/System/Library/Frameworks/CoreText.framework/Versions/A/CoreText
0x000000000d31f000 	/System/Library/Frameworks/ImageIO.framework/Versions/A/ImageIO
0x000000000d31f000 	/usr/lib/libextension.dylib
0x000000000d31f000 	/System/Library/PrivateFrameworks/Backup.framework/Versions/A/Backup
0x000000000d31f000 	/usr/lib/libarchive.2.dylib
0x000000000d31f000 	/System/Library/Frameworks/CFNetwork.framework/Versions/A/CFNetwork
0x000000000d31f000 	/System/Library/Frameworks/SystemConfiguration.framework/Versions/A/SystemConfiguration
0x000000000d31f000 	/usr/lib/libCRFSuite.dylib
0x000000000d31f000 	/usr/lib/libc++.1.dylib
0x000000000d31f000 	/usr/lib/libc++abi.dylib
0x000000000d31f000 	/usr/lib/system/libcache.dylib
0x000000000d31f000 	/usr/lib/system/libcommonCrypto.dylib
0x000000000d31f000 	/usr/lib/system/libcompiler_rt.dylib
0x000000000d31f000 	/usr/lib/system/libcopyfile.dylib
0x000000000d31f000 	/usr/lib/system/libcorecrypto.dylib
0x000000000d31f000 	/usr/lib/system/libdispatch.dylib
0x000000000d31f000 	/usr/lib/system/libdyld.dylib
0x000000000d31f000 	/usr/lib/system/libkeymgr.dylib
0x000000000d31f000 	/usr/lib/system/liblaunch.dylib
0x000000000d31f000 	/usr/lib/system/libmacho.dylib
0x000000000d31f000 	/usr/lib/system/libquarantine.dylib
0x000000000d31f000 	/usr/lib/system/libremovefile.dylib
0x000000000d31f000 	/usr/lib/system/libsystem_asl.dylib
0x000000000d31f000 	/usr/lib/system/libsystem_blocks.dylib
0x000000000d31f000 	/usr/lib/system/libsystem_c.dylib
0x000000000d31f000 	/usr/lib/system/libsystem_configuration.dylib
0x000000000d31f000 	/usr/lib/system/libsystem_coreservices.dylib
0x000000000d31f000 	/usr/lib/system/libsystem_coretls.dylib
0x000000000d31f000 	/usr/lib/system/libsystem_dnssd.dylib
0x000000000d31f000 	/usr/lib/system/libsystem_info.dylib
0x000000000d31f000 	/usr/lib/system/libsystem_kernel.dylib
0x000000000d31f000 	/usr/lib/system/libsystem_m.dylib
0x000000000d31f000 	/usr/lib/system/libsystem_malloc.dylib
0x000000000d31f000 	/usr/lib/system/libsystem_network.dylib
0x000000000d31f000 	/usr/lib/system/libsystem_networkextension.dylib
0x000000000d31f000 	/usr/lib/system/libsystem_notify.dylib
0x000000000d31f000 	/usr/lib/system/libsystem_platform.dylib
0x000000000d31f000 	/usr/lib/system/libsystem_pthread.dylib
0x000000000d31f000 	/usr/lib/system/libsystem_sandbox.dylib
0x000000000d31f000 	/usr/lib/system/libsystem_secinit.dylib
0x000000000d31f000 	/usr/lib/system/libsystem_stats.dylib
0x000000000d31f000 	/usr/lib/system/libsystem_trace.dylib
0x000000000d31f000 	/usr/lib/system/libunc.dylib
0x000000000d31f000 	/usr/lib/system/libunwind.dylib
0x000000000d31f000 	/usr/lib/system/libxpc.dylib
0x000000000d31f000 	/usr/lib/libbz2.1.0.dylib
0x000000000d31f000 	/usr/lib/liblzma.5.dylib
0x000000000d31f000 	/usr/lib/libbsm.0.dylib
0x000000000d31f000 	/usr/lib/libsqlite3.dylib
0x000000000d31f000 	/usr/lib/system/libkxld.dylib
0x000000000d31f000 	/usr/lib/libxar.1.dylib
0x000000000d31f000 	/usr/lib/libpam.2.dylib
0x000000000d31f000 	/usr/lib/libOpenScriptingUtil.dylib
0x000000000d31f000 	/System/Library/Frameworks/CoreServices.framework/Versions/A/Frameworks/FSEvents.framework/Versions/A/FSEvents
0x000000000d31f000 	/System/Library/Frameworks/CoreServices.framework/Versions/A/Frameworks/CarbonCore.framework/Versions/A/CarbonCore
0x000000000d31f000 	/System/Library/Frameworks/CoreServices.framework/Versions/A/Frameworks/Metadata.framework/Versions/A/Metadata
0x000000000d31f000 	/System/Library/Frameworks/CoreServices.framework/Versions/A/Frameworks/OSServices.framework/Versions/A/OSServices
0x000000000d31f000 	/System/Library/Frameworks/CoreServices.framework/Versions/A/Frameworks/SearchKit.framework/Versions/A/SearchKit
0x000000000d31f000 	/System/Library/Frameworks/CoreServices.framework/Versions/A/Frameworks/AE.framework/Versions/A/AE
0x000000000d31f000 	/System/Library/Frameworks/CoreServices.framework/Versions/A/Frameworks/LaunchServices.framework/Versions/A/LaunchServices
0x000000000d31f000 	/System/Library/Frameworks/CoreServices.framework/Versions/A/Frameworks/DictionaryServices.framework/Versions/A/DictionaryServices
0x000000000d31f000 	/System/Library/Frameworks/NetFS.framework/Versions/A/NetFS
0x000000000d31f000 	/System/Library/PrivateFrameworks/NetAuth.framework/Versions/A/NetAuth
0x000000000d31f000 	/System/Library/PrivateFrameworks/login.framework/Versions/A/Frameworks/loginsupport.framework/Versions/A/loginsupport
0x000000000d31f000 	/System/Library/PrivateFrameworks/TCC.framework/Versions/A/TCC
0x000000000d31f000 	/usr/lib/libmecabra.dylib
0x000000000d31f000 	/System/Library/Frameworks/ApplicationServices.framework/Versions/A/Frameworks/ATS.framework/Versions/A/ATS
0x000000000d31f000 	/System/Library/Frameworks/ApplicationServices.framework/Versions/A/Frameworks/ColorSync.framework/Versions/A/ColorSync
0x000000000d31f000 	/System/Library/Frameworks/ApplicationServices.framework/Versions/A/Frameworks/HIServices.framework/Versions/A/HIServices
0x000000000d31f000 	/System/Library/Frameworks/ApplicationServices.framework/Versions/A/Frameworks/LangAnalysis.framework/Versions/A/LangAnalysis
0x000000000d31f000 	/System/Library/Frameworks/ApplicationServices.framework/Versions/A/Frameworks/PrintCore.framework/Versions/A/PrintCore
0x000000000d31f000 	/System/Library/Frameworks/ApplicationServices.framework/Versions/A/Frameworks/QD.framework/Versions/A/QD
0x000000000d31f000 	/System/Library/Frameworks/ApplicationServices.framework/Versions/A/Frameworks/SpeechSynthesis.framework/Versions/A/SpeechSynthesis
0x000000000d31f000 	/System/Library/Frameworks/Accelerate.framework/Versions/A/Accelerate
0x000000000d31f000 	/System/Library/Frameworks/Accelerate.framework/Versions/A/Frameworks/vImage.framework/Versions/A/vImage
0x000000000d31f000 	/System/Library/Frameworks/Accelerate.framework/Versions/A/Frameworks/vecLib.framework/Versions/A/vecLib
0x000000000d31f000 	/System/Library/Frameworks/Accelerate.framework/Versions/A/Frameworks/vecLib.framework/Versions/A/libvDSP.dylib
0x000000000d31f000 	/System/Library/Frameworks/Accelerate.framework/Versions/A/Frameworks/vecLib.framework/Versions/A/libvMisc.dylib
0x000000000d31f000 	/System/Library/Frameworks/Accelerate.framework/Versions/A/Frameworks/vecLib.framework/Versions/A/libLAPACK.dylib
0x000000000d31f000 	/System/Library/Frameworks/Accelerate.framework/Versions/A/Frameworks/vecLib.framework/Versions/A/libBLAS.dylib
0x000000000d31f000 	/System/Library/Frameworks/Accelerate.framework/Versions/A/Frameworks/vecLib.framework/Versions/A/libLinearAlgebra.dylib
0x000000000d31f000 	/System/Library/Frameworks/ApplicationServices.framework/Versions/A/Frameworks/ATS.framework/Versions/A/Resources/libFontParser.dylib
0x000000000d31f000 	/System/Library/Frameworks/ApplicationServices.framework/Versions/A/Frameworks/ATS.framework/Versions/A/Resources/libFontRegistry.dylib
0x000000000d31f000 	/System/Library/PrivateFrameworks/AppleVPA.framework/Versions/A/AppleVPA
0x000000000d31f000 	/System/Library/PrivateFrameworks/AppleJPEG.framework/Versions/A/AppleJPEG
0x000000000d31f000 	/System/Library/Frameworks/ImageIO.framework/Versions/A/Resources/libJPEG.dylib
0x000000000d31f000 	/System/Library/Frameworks/ImageIO.framework/Versions/A/Resources/libTIFF.dylib
0x000000000d31f000 	/System/Library/Frameworks/ImageIO.framework/Versions/A/Resources/libPng.dylib
0x000000000d31f000 	/System/Library/Frameworks/ImageIO.framework/Versions/A/Resources/libGIF.dylib
0x000000000d31f000 	/System/Library/Frameworks/ImageIO.framework/Versions/A/Resources/libJP2.dylib
0x000000000d31f000 	/System/Library/Frameworks/ImageIO.framework/Versions/A/Resources/libRadiance.dylib
0x000000000d31f000 	/System/Library/Frameworks/CoreVideo.framework/Versions/A/CoreVideo
0x000000000d31f000 	/System/Library/Frameworks/OpenGL.framework/Versions/A/Libraries/libGLU.dylib
0x000000000d31f000 	/System/Library/Frameworks/OpenGL.framework/Versions/A/Libraries/libGFXShared.dylib
0x000000000d31f000 	/System/Library/Frameworks/OpenGL.framework/Versions/A/Libraries/libGL.dylib
0x000000000d31f000 	/System/Library/Frameworks/OpenGL.framework/Versions/A/Libraries/libGLImage.dylib
0x000000000d31f000 	/System/Library/Frameworks/OpenGL.framework/Versions/A/Libraries/libCVMSPluginSupport.dylib
0x000000000d31f000 	/System/Library/Frameworks/OpenGL.framework/Versions/A/Libraries/libCoreVMClient.dylib
0x000000000d31f000 	/usr/lib/libcups.2.dylib
0x000000000d31f000 	/System/Library/Frameworks/Kerberos.framework/Versions/A/Kerberos
0x000000000d31f000 	/System/Library/Frameworks/GSS.framework/Versions/A/GSS
0x000000000d31f000 	/usr/lib/libresolv.9.dylib
0x000000000d31f000 	/usr/lib/libiconv.2.dylib
0x000000000d31f000 	/System/Library/PrivateFrameworks/Heimdal.framework/Versions/A/Heimdal
0x000000000d31f000 	/usr/lib/libheimdal-asn1.dylib
0x000000000d31f000 	/System/Library/Frameworks/OpenDirectory.framework/Versions/A/OpenDirectory
0x000000000d31f000 	/System/Library/PrivateFrameworks/CommonAuth.framework/Versions/A/CommonAuth
0x000000000d31f000 	/System/Library/Frameworks/OpenDirectory.framework/Versions/A/Frameworks/CFOpenDirectory.framework/Versions/A/CFOpenDirectory
0x000000000d31f000 	/System/Library/Frameworks/SecurityFoundation.framework/Versions/A/SecurityFoundation
0x000000000d31f000 	/System/Library/PrivateFrameworks/LanguageModeling.framework/Versions/A/LanguageModeling
0x000000000d31f000 	/usr/lib/libcmph.dylib
0x000000000d31f000 	/System/Library/Frameworks/ServiceManagement.framework/Versions/A/ServiceManagement
0x000000000d31f000 	/usr/lib/libxslt.1.dylib
0x000000000d31f000 	/System/Library/Frameworks/Carbon.framework/Versions/A/Frameworks/Ink.framework/Versions/A/Ink
0x000000000d31f000 	/System/Library/Frameworks/QuartzCore.framework/Versions/A/Frameworks/CoreImage.framework/Versions/A/CoreImage
0x000000000d31f000 	/System/Library/PrivateFrameworks/CrashReporterSupport.framework/Versions/A/CrashReporterSupport
0x000000000d31f000 	/System/Library/Frameworks/OpenCL.framework/Versions/A/OpenCL
0x000000000d31f000 	/System/Library/PrivateFrameworks/FaceCore.framework/Versions/A/FaceCore
0x000000000d31f000 	/System/Library/PrivateFrameworks/Ubiquity.framework/Versions/A/Ubiquity
0x000000000d31f000 	/System/Library/PrivateFrameworks/IconServices.framework/Versions/A/IconServices
0x000000000d31f000 	/System/Library/PrivateFrameworks/ChunkingLibrary.framework/Versions/A/ChunkingLibrary
0x000000000d31f000 	/System/Library/PrivateFrameworks/Apple80211.framework/Versions/A/Apple80211
0x000000000d31f000 	/System/Library/Frameworks/CoreWLAN.framework/Versions/A/CoreWLAN
0x000000000d31f000 	/System/Library/Frameworks/IOBluetooth.framework/Versions/A/IOBluetooth
0x000000000d31f000 	/System/Library/PrivateFrameworks/CoreWiFi.framework/Versions/A/CoreWiFi
0x000000000d31f000 	/System/Library/Frameworks/CoreBluetooth.framework/Versions/A/CoreBluetooth
0x000000000d31f000 	/System/Library/PrivateFrameworks/DebugSymbols.framework/Versions/A/DebugSymbols
0x000000000d31f000 	/System/Library/PrivateFrameworks/CoreSymbolication.framework/Versions/A/CoreSymbolication
0x000000000d31f000 	/System/Library/PrivateFrameworks/Symbolication.framework/Versions/A/Symbolication
0x000000000d31f000 	/System/Library/PrivateFrameworks/SpeechRecognitionCore.framework/Versions/A/SpeechRecognitionCore
0x000000010be00000 	/Library/Java/JavaVirtualMachines/jdk1.7.0_17.jdk/Contents/Home/jre/lib/server/libjvm.dylib
0x000000000d31f000 	/usr/lib/libstdc++.6.dylib
0x000000010b5f0000 	/Library/Java/JavaVirtualMachines/jdk1.7.0_17.jdk/Contents/Home/jre/lib/libverify.dylib
0x000000010c9aa000 	/Library/Java/JavaVirtualMachines/jdk1.7.0_17.jdk/Contents/Home/jre/lib/libjava.dylib
0x000000010c9e2000 	/Library/Java/JavaVirtualMachines/jdk1.7.0_17.jdk/Contents/Home/jre/lib/libzip.dylib
0x0000000110178000 	/System/Library/Frameworks/JavaVM.framework/Frameworks/JavaRuntimeSupport.framework/JavaRuntimeSupport
0x0000000110190000 	/System/Library/Frameworks/JavaVM.framework/Versions/A/Frameworks/JavaNativeFoundation.framework/Versions/A/JavaNativeFoundation
0x00000001101a5000 	/System/Library/Frameworks/JavaVM.framework/Versions/A/JavaVM
0x000000000d31f000 	/System/Library/Frameworks/Carbon.framework/Versions/A/Carbon
0x00000001101b2000 	/System/Library/PrivateFrameworks/JavaLaunching.framework/Versions/A/JavaLaunching
0x000000000d31f000 	/System/Library/Frameworks/Carbon.framework/Versions/A/Frameworks/CommonPanels.framework/Versions/A/CommonPanels
0x000000000d31f000 	/System/Library/Frameworks/Carbon.framework/Versions/A/Frameworks/Help.framework/Versions/A/Help
0x000000000d31f000 	/System/Library/Frameworks/Carbon.framework/Versions/A/Frameworks/ImageCapture.framework/Versions/A/ImageCapture
0x000000000d31f000 	/System/Library/Frameworks/Carbon.framework/Versions/A/Frameworks/OpenScripting.framework/Versions/A/OpenScripting
0x000000000d31f000 	/System/Library/Frameworks/Carbon.framework/Versions/A/Frameworks/Print.framework/Versions/A/Print
0x000000000d31f000 	/System/Library/Frameworks/Carbon.framework/Versions/A/Frameworks/SecurityHI.framework/Versions/A/SecurityHI
0x0000000111f70000 	/Library/Java/JavaVirtualMachines/jdk1.7.0_17.jdk/Contents/Home/jre/lib/libawt.dylib
0x000000011201f000 	/Library/Java/JavaVirtualMachines/jdk1.7.0_17.jdk/Contents/Home/jre/lib/./libmlib_image.dylib
0x00000001120eb000 	/Library/Java/JavaVirtualMachines/jdk1.7.0_17.jdk/Contents/Home/jre/lib/lwawt/liblwawt.dylib
0x000000011219d000 	/Library/Java/JavaVirtualMachines/jdk1.7.0_17.jdk/Contents/Home/jre/lib/libosxapp.dylib
0x000000000d31f000 	/System/Library/Frameworks/ExceptionHandling.framework/Versions/A/ExceptionHandling
0x000000000d31f000 	/System/Library/PrivateFrameworks/CoreServicesInternal.framework/Versions/A/CoreServicesInternal
0x000000000d31f000 	/System/Library/PrivateFrameworks/CloudDocs.framework/Versions/A/CloudDocs
0x000000000d31f000 	/System/Library/PrivateFrameworks/CoreDuet.framework/Versions/A/CoreDuet
0x000000000d31f000 	/System/Library/Frameworks/CloudKit.framework/Versions/A/CloudKit
0x000000000d31f000 	/System/Library/PrivateFrameworks/ProtocolBuffer.framework/Versions/A/ProtocolBuffer
0x000000000d31f000 	/System/Library/PrivateFrameworks/CoreDuetDaemonProtocol.framework/Versions/A/CoreDuetDaemonProtocol
0x000000000d31f000 	/System/Library/PrivateFrameworks/CoreDuetDebugLogging.framework/Versions/A/CoreDuetDebugLogging
0x000000000d31f000 	/System/Library/PrivateFrameworks/MMCS.framework/Versions/A/MMCS
0x000000000d31f000 	/System/Library/Frameworks/CoreLocation.framework/Versions/A/CoreLocation
0x000000000d31f000 	/System/Library/PrivateFrameworks/ProtectedCloudStorage.framework/Versions/A/ProtectedCloudStorage
0x000000000d31f000 	/System/Library/PrivateFrameworks/GeoServices.framework/Versions/A/GeoServices
0x00000001139ae000 	/System/Library/Frameworks/CoreGraphics.framework/Versions/A/Resources/libCGCMS.A.dylib
0x000000011438e000 	/System/Library/Frameworks/CoreGraphics.framework/Versions/A/Resources/libRIP.A.dylib
0x0000000114604000 	/System/Library/Frameworks/CoreGraphics.framework/Versions/A/Resources/libCGXType.A.dylib
0x000000000d31f000 	/System/Library/Frameworks/OpenCL.framework/Versions/A/Libraries/libcldcpuengine.dylib
0x000000000d31f000 	/System/Library/PrivateFrameworks/DiskImages.framework/Versions/A/DiskImages
0x000000000d31f000 	/System/Library/Frameworks/DiscRecording.framework/Versions/A/DiscRecording
0x000000000d31f000 	/usr/lib/libcsfde.dylib
0x000000000d31f000 	/usr/lib/libcurl.4.dylib
0x000000000d31f000 	/System/Library/PrivateFrameworks/MediaKit.framework/Versions/A/MediaKit
0x000000000d31f000 	/usr/lib/libCoreStorage.dylib
0x000000000d31f000 	/System/Library/PrivateFrameworks/EFILogin.framework/Versions/A/EFILogin
0x000000000d31f000 	/usr/lib/libutil.dylib
0x000000000d31f000 	/System/Library/PrivateFrameworks/FindMyDevice.framework/Versions/A/FindMyDevice
0x000000000d31f000 	/System/Library/Frameworks/LDAP.framework/Versions/A/LDAP
0x000000000d31f000 	/usr/lib/libsasl2.2.dylib
0x000000000d31f000 	/System/Library/PrivateFrameworks/CoreDaemon.framework/Versions/B/CoreDaemon
0x000000000d31f000 	/usr/lib/libcrypto.0.9.8.dylib
0x000000000d31f000 	/System/Library/PrivateFrameworks/AppleSRP.framework/Versions/A/AppleSRP
0x000000000d31f000 	/System/Library/PrivateFrameworks/TrustEvaluationAgent.framework/Versions/A/TrustEvaluationAgent
0x0000000115074000 	cl_kernels
0x0000000115076000 	/System/Library/Frameworks/OpenCL.framework/Versions/A/Libraries/ImageFormats/unorm8_bgra.dylib
0x0000000115065000 	cl_kernels
0x000000000d31f000 	/System/Library/PrivateFrameworks/FamilyControls.framework/Versions/A/FamilyControls
0x000000000d31f000 	/System/Library/PrivateFrameworks/CommerceKit.framework/Versions/A/Frameworks/CommerceCore.framework/Versions/A/CommerceCore
0x000000000d31f000 	/System/Library/PrivateFrameworks/SystemAdministration.framework/Versions/A/SystemAdministration
0x000000000d31f000 	/System/Library/PrivateFrameworks/AppContainer.framework/Versions/A/AppContainer
0x000000000d31f000 	/System/Library/PrivateFrameworks/SecCodeWrapper.framework/Versions/A/SecCodeWrapper
0x000000000d31f000 	/System/Library/Frameworks/DirectoryService.framework/Versions/A/DirectoryService
0x000000000d31f000 	/System/Library/PrivateFrameworks/LoginUIKit.framework/Versions/A/Frameworks/LoginUICore.framework/Versions/A/LoginUICore
0x000000000d31f000 	/usr/lib/libodfde.dylib
0x0000000116239000 	/Library/Java/JavaVirtualMachines/jdk1.7.0_17.jdk/Contents/Home/jre/lib/libfontmanager.dylib
0x0000000116285000 	/Users/William/Documents/workspace/FRESHSTART/lib/natives/macosx/liblwjgl.dylib
0x000000011459f000 	/Library/Java/JavaVirtualMachines/jdk1.7.0_17.jdk/Contents/Home/jre/lib/libjawt.dylib
0x0000000116307000 	/System/Library/Frameworks/OpenGL.framework/Resources/GLEngine.bundle/GLEngine
0x000000000d31f000 	/System/Library/Frameworks/OpenGL.framework/Versions/A/Libraries/libGLProgrammability.dylib
0x0000000000000000 	/System/Library/Extensions/AppleIntelHD4000GraphicsGLDriver.bundle/Contents/MacOS/AppleIntelHD4000GraphicsGLDriver
0x000000000d31f000 	/System/Library/PrivateFrameworks/IOAccelerator.framework/Versions/A/IOAccelerator
0x000000000d31f000 	/System/Library/PrivateFrameworks/GPUSupport.framework/Versions/A/Libraries/libGPUSupportMercury.dylib
0x00000001164f2000 	/System/Library/Frameworks/OpenGL.framework/Resources//GLRendererFloat.bundle/GLRendererFloat
0x0000000117941000 	/Library/Java/JavaVirtualMachines/jdk1.7.0_17.jdk/Contents/Home/jre/lib/libnet.dylib
0x0000000117753000 	/Library/Java/JavaVirtualMachines/jdk1.7.0_17.jdk/Contents/Home/jre/lib/libnio.dylib
0x000000000d31f000 	/System/Library/Frameworks/ApplicationServices.framework/Versions/A/Frameworks/ATS.framework/Versions/A/Resources/libTrueTypeScaler.dylib
0x000000000d31f000 	/System/Library/Frameworks/ApplicationServices.framework/Versions/A/Frameworks/ATS.framework/Versions/A/Resources/libType1Scaler.dylib

VM Arguments:
jvm_args: -Djava.library.path=/Users/William/Documents/workspace/FRESHSTART/lib/natives/macosx -Dfile.encoding=US-ASCII 
java_command: WordDemo
Launcher Type: SUN_STANDARD

Environment Variables:
PATH=/usr/bin:/bin:/usr/sbin:/sbin
SHELL=/bin/bash
DISPLAY=/private/tmp/com.apple.launchd.xgv3UUrgAs/org.macosforge.xquartz:0

Signal Handlers:
SIGSEGV: [libjvm.dylib+0x4a361d], sa_mask[0]=0xfffefeff, sa_flags=0x00000042
SIGBUS: [libjvm.dylib+0x4a361d], sa_mask[0]=0xfffefeff, sa_flags=0x00000042
SIGFPE: [libjvm.dylib+0x3b302d], sa_mask[0]=0xfffefeff, sa_flags=0x00000042
SIGPIPE: [libjvm.dylib+0x3b302d], sa_mask[0]=0xfffefeff, sa_flags=0x00000042
SIGXFSZ: [libjvm.dylib+0x3b302d], sa_mask[0]=0xfffefeff, sa_flags=0x00000042
SIGILL: [libjvm.dylib+0x3b302d], sa_mask[0]=0xfffefeff, sa_flags=0x00000042
SIGUSR1: SIG_DFL, sa_mask[0]=0x00000000, sa_flags=0x00000000
SIGUSR2: [libjvm.dylib+0x3b2bc6], sa_mask[0]=0x00000004, sa_flags=0x00000042
SIGHUP: [libjvm.dylib+0x3b0e27], sa_mask[0]=0xfffefeff, sa_flags=0x00000042
SIGINT: [libjvm.dylib+0x3b0e27], sa_mask[0]=0xfffefeff, sa_flags=0x00000042
SIGTERM: [libjvm.dylib+0x3b0e27], sa_mask[0]=0xfffefeff, sa_flags=0x00000042
SIGQUIT: [libjvm.dylib+0x3b0e27], sa_mask[0]=0xfffefeff, sa_flags=0x00000042


---------------  S Y S T E M  ---------------

OS:Bsduname:Darwin 14.3.0 Darwin Kernel Version 14.3.0: Mon Mar 23 11:59:05 PDT 2015; root:xnu-2782.20.48~5/RELEASE_X86_64 x86_64
rlimit: STACK 8192k, CORE 0k, NPROC 709, NOFILE 10240, AS infinity
load average:2.20 6.44 8.16

CPU:total 4 (2 cores per cpu, 2 threads per core) family 6 model 58 stepping 9, cmov, cx8, fxsr, mmx, sse, sse2, sse3, ssse3, sse4.1, sse4.2, popcnt, avx, ht, tsc, tscinvbit, tscinv

Memory: 4k page, physical 1167864k(291966k free)

/proc/meminfo:


vm_info: Java HotSpot(TM) 64-Bit Server VM (23.7-b01) for bsd-amd64 JRE (1.7.0_17-b02), built on Mar  1 2013 06:41:23 by "java_re" with gcc 4.2.1 (Based on Apple Inc. build 5658) (LLVM build 2336.11.00)

time: Wed Apr 29 11:02:51 2015
elapsed time: 10 seconds

