#
# A fatal error has been detected by the Java Runtime Environment:
#
#  SIGSEGV (0xb) at pc=0x00007fff8c41e8f2, pid=1204, tid=1299
#
# JRE version: 7.0_17-b02
# Java VM: Java HotSpot(TM) 64-Bit Server VM (23.7-b01 mixed mode bsd-amd64 compressed oops)
# Problematic frame:
# C  [libGPUSupportMercury.dylib+0xb8f2]  gldAttachDrawable+0x60
#
# Failed to write core dump. Core dumps have been disabled. To enable core dumping, try "ulimit -c unlimited" before starting Java again
#
# If you would like to submit a bug report, please visit:
#   http://bugreport.sun.com/bugreport/crash.jsp
# The crash happened outside the Java Virtual Machine in native code.
# See problematic frame for where to report the bug.
#

---------------  T H R E A D  ---------------

Current thread (0x00007fe833055800):  JavaThread "AppKit Thread" daemon [_thread_in_native, id=1299, stack(0x00007fff5ccd8000,0x00007fff5cd58000)]

siginfo:si_signo=SIGSEGV: si_errno=0, si_code=1 (SEGV_MAPERR), si_addr=0x0000000000000000

Registers:
RAX=0x0000000000000000, RBX=0x000000000000271e, RCX=0x0000000000000000, RDX=0x00007fe832652618
RSP=0x00007fff5cd519d0, RBP=0x00007fff5cd51ad0, RSI=0x0000000000000050, RDI=0x00007fff74693070
R8 =0x00007fe835809e60, R9 =0x00007fe835000000, R10=0x000000000000003c, R11=0x0000000000000206
R12=0x0000000000002718, R13=0x00007fe833100400, R14=0x0000000000000050, R15=0x0000000000000000
RIP=0x00007fff8c41e8f2, EFLAGS=0x0000000000010212, ERR=0x0000000000000004
  TRAPNO=0x000000000000000e

Top of Stack: (sp=0x00007fff5cd519d0)
0x00007fff5cd519d0:   00007fff5cd51a44 00007fe83253f930
0x00007fff5cd519e0:   ffffffffffffffff 0000206000000040
0x00007fff5cd519f0:   00007fe83253f948 00007fff9178f64f
0x00007fff5cd51a00:   0000000000000000 0000000000000000
0x00007fff5cd51a10:   0000000300000003 00007fff5cd51b58
0x00007fff5cd51a20:   00007fff5cd51ae4 000000000002e9d3
0x00007fff5cd51a30:   00007fff5cd51adc 00007fff5cd51ae0
0x00007fff5cd51a40:   00007fff5cd51ac0 00007fff8e6db541
0x00007fff5cd51a50:   0000000000000000 0000000000000501
0x00007fff5cd51a60:   0000003400001200 0000020b00000000
0x00007fff5cd51a70:   00007fff5cd51aa0 00007fff8e671c5c
0x00007fff5cd51a80:   00007fff5cd51ad0 0000000000000501
0x00007fff5cd51a90:   0000000004273140 00000000164d56d6
0x00007fff5cd51aa0:   99004486046e7770 00007fe835800000
0x00007fff5cd51ab0:   0000000000002718 0000000000000000
0x00007fff5cd51ac0:   0000000000000050 0000000000000000
0x00007fff5cd51ad0:   00007fff5cd51b20 00007fff840de7e8
0x00007fff5cd51ae0:   00007fe835809e60 0000000000000000
0x00007fff5cd51af0:   00007fe832652618 00007fe83248dbd0
0x00007fff5cd51b00:   0000000000000000 00007fe8330fe350
0x00007fff5cd51b10:   00007fe8330fc400 00007fff74693070
0x00007fff5cd51b20:   00007fff5cd51c10 00007fff91773870
0x00007fff5cd51b30:   4089000000000000 4089600000000000
0x00007fff5cd51b40:   4071000000000000 4084000000000000
0x00007fff5cd51b50:   407f600000000000 0000000000000000
0x00007fff5cd51b60:   4036000000000000 4084000000000000
0x00007fff5cd51b70:   407e000000000000 0000000000000000
0x00007fff5cd51b80:   0000000000000000 0000000000000001
0x00007fff5cd51b90:   00007fe832652618 0000000000000001
0x00007fff5cd51ba0:   00007fff5cd51c10 00007fff9177866b
0x00007fff5cd51bb0:   0000000100000003 00007fe8330fe350
0x00007fff5cd51bc0:   00007fe8330fe288 0000000291aeffff 

Instructions: (pc=0x00007fff8c41e8f2)
0x00007fff8c41e8d2:   48 85 d2 b8 01 00 00 00 bb 15 27 00 00 0f 44 d8
0x00007fff8c41e8e2:   e9 7f 01 00 00 49 8b 45 08 48 89 85 38 ff ff ff
0x00007fff8c41e8f2:   48 8b 00 48 89 85 30 ff ff ff 83 fe 4f 0f 8f fd
0x00007fff8c41e902:   00 00 00 48 89 d0 bb 15 27 00 00 83 fe 35 0f 84 

Register to memory mapping:

RAX=0x0000000000000000 is an unknown value
RBX=0x000000000000271e is an unknown value
RCX=0x0000000000000000 is an unknown value
RDX=0x00007fe832652618 is an unknown value
RSP=0x00007fff5cd519d0 is pointing into the stack for thread: 0x00007fe833055800
RBP=0x00007fff5cd51ad0 is pointing into the stack for thread: 0x00007fe833055800
RSI=0x0000000000000050 is an unknown value
RDI=0x00007fff74693070: __stack_chk_guard+0 in /usr/lib/system/libsystem_c.dylib at 0x00007fff88701000
R8 =0x00007fe835809e60 is an unknown value
R9 =0x00007fe835000000 is an unknown value
R10=0x000000000000003c is an unknown value
R11=0x0000000000000206 is an unknown value
R12=0x0000000000002718 is an unknown value
R13=0x00007fe833100400 is an unknown value
R14=0x0000000000000050 is an unknown value
R15=0x0000000000000000 is an unknown value


Stack: [0x00007fff5ccd8000,0x00007fff5cd58000],  sp=0x00007fff5cd519d0,  free space=486k
Native frames: (J=compiled Java code, j=interpreted, Vv=VM code, C=native code)
C  [libGPUSupportMercury.dylib+0xb8f2]  gldAttachDrawable+0x60
C  [GLEngine+0x167e8]  gliAttachDrawableWithOptions+0x101
C  [OpenGL+0x3870]  glcGetIOAccelService+0xe03
C  [OpenGL+0x7412]  CGLSetPBuffer+0xb90
C  [OpenGL+0x7735]  CGLSetSurface+0x124
C  [AppKit+0x332c34]  NSOpenGLContextAttachOnScreenViewSurface+0x109
C  [AppKit+0x31db7c]  -[NSOpenGLContext setView:]+0x83
C  [liblwjgl.dylib+0xa586]  -[MacOSXOpenGLView lockFocus]+0x76
C  [AppKit+0xe1f45]  -[NSView _recursiveDisplayRectIfNeededIgnoringOpacity:isVisibleRect:rectIsVisibleRectForView:topView:]+0x740
C  [AppKit+0xe2fa0]  -[NSView _recursiveDisplayRectIfNeededIgnoringOpacity:isVisibleRect:rectIsVisibleRectForView:topView:]+0x179b
C  [AppKit+0xe12f3]  -[NSThemeFrame _recursiveDisplayRectIfNeededIgnoringOpacity:isVisibleRect:rectIsVisibleRectForView:topView:]+0x14d
C  [AppKit+0xdd68b]  -[NSView _displayRectIgnoringOpacity:isVisibleRect:rectIsVisibleRectForView:]+0xac9
C  [AppKit+0x951ae]  -[NSView displayIfNeeded]+0x754
C  [AppKit+0x94a09]  -[NSWindow displayIfNeeded]+0xec
C  [AppKit+0x94672]  _handleWindowNeedsDisplayOrLayoutOrUpdateConstraints+0x3a8
C  [Foundation+0x4ba23]  __NSFireTimer+0x5f
C  [CoreFoundation+0xb72e4]  __CFRUNLOOP_IS_CALLING_OUT_TO_A_TIMER_CALLBACK_FUNCTION__+0x14
C  [CoreFoundation+0xb6f73]  __CFRunLoopDoTimer+0x423
C  [CoreFoundation+0x12a53d]  __CFRunLoopDoTimers+0x12d
C  [CoreFoundation+0x72608]  __CFRunLoopRun+0x7e8
C  [CoreFoundation+0x71bd8]  CFRunLoopRunSpecific+0x128
C  [HIToolbox+0x3256f]  RunCurrentEventLoopInMode+0xeb
C  [HIToolbox+0x322ea]  ReceiveNextEventCommon+0x1af
C  [HIToolbox+0x3212b]  _BlockUntilNextEventMatchingListInModeWithFilter+0x47
C  [AppKit+0x918ab]  _DPSNextEvent+0x3d2
C  [AppKit+0x90e58]  -[NSApplication nextEventMatchingMask:untilDate:inMode:dequeue:]+0x15a
C  [libosxapp.dylib+0x1b56]  -[NSApplicationAWT nextEventMatchingMask:untilDate:inMode:dequeue:]+0x7c
C  [AppKit+0x86af3]  -[NSApplication run]+0x252
C  [libosxapp.dylib+0x19b9]  +[NSApplicationAWT runAWTLoopWithApp:]+0x9c
C  [liblwawt.dylib+0xd81a]  -[AWTStarter starter:]+0x637
C  [Foundation+0x92dd0]  __NSThreadPerformPerform+0x125
C  [CoreFoundation+0x80a01]  __CFRUNLOOP_IS_CALLING_OUT_TO_A_SOURCE0_PERFORM_FUNCTION__+0x11
C  [CoreFoundation+0x72b8d]  __CFRunLoopDoSources0+0x10d
C  [CoreFoundation+0x721bf]  __CFRunLoopRun+0x39f
C  [CoreFoundation+0x71bd8]  CFRunLoopRunSpecific+0x128
C  [java+0x742d]  CreateExecutionEnvironment+0x367
C  [java+0x1bdc]  JLI_Launch+0x7a0
C  [java+0x778a]  main+0x65
C  [java+0x1434]  start+0x34


---------------  P R O C E S S  ---------------

Java Threads: ( => current thread )
  0x00007fe8330f7800 JavaThread "AWT-Shutdown" [_thread_blocked, id=37195, stack(0x0000000107c1c000,0x0000000107d1c000)]
=>0x00007fe833055800 JavaThread "AppKit Thread" daemon [_thread_in_native, id=1299, stack(0x00007fff5ccd8000,0x00007fff5cd58000)]
  0x00007fe832859800 JavaThread "Service Thread" daemon [_thread_blocked, id=13827, stack(0x000000010977a000,0x000000010987a000)]
  0x00007fe832859000 JavaThread "C2 CompilerThread1" daemon [_thread_blocked, id=13571, stack(0x0000000109677000,0x0000000109777000)]
  0x00007fe832858000 JavaThread "C2 CompilerThread0" daemon [_thread_blocked, id=13319, stack(0x0000000109574000,0x0000000109674000)]
  0x00007fe832855000 JavaThread "Signal Dispatcher" daemon [_thread_blocked, id=10263, stack(0x0000000109471000,0x0000000109571000)]
  0x00007fe833019800 JavaThread "Finalizer" daemon [_thread_blocked, id=8707, stack(0x0000000107a50000,0x0000000107b50000)]
  0x00007fe834000800 JavaThread "Reference Handler" daemon [_thread_blocked, id=8451, stack(0x000000010794d000,0x0000000107a4d000)]
  0x00007fe833007800 JavaThread "main" [_thread_in_native, id=4355, stack(0x00000001042a8000,0x00000001043a8000)]

Other Threads:
  0x00007fe83380b000 VMThread [stack: 0x000000010784a000,0x000000010794a000] [id=8195]
  0x00007fe832843800 WatcherThread [stack: 0x000000010987d000,0x000000010997d000] [id=14083]

VM state:not at safepoint (normal execution)

VM Mutex/Monitor currently owned by a thread: None

Heap
 def new generation   total 5760K, used 2506K [0x00000007e8400000, 0x00000007e8a30000, 0x00000007ee750000)
  eden space 5184K,  37% used [0x00000007e8400000, 0x00000007e85e2868, 0x00000007e8910000)
  from space 576K, 100% used [0x00000007e89a0000, 0x00000007e8a30000, 0x00000007e8a30000)
  to   space 576K,   0% used [0x00000007e8910000, 0x00000007e8910000, 0x00000007e89a0000)
 tenured generation   total 12672K, used 757K [0x00000007ee750000, 0x00000007ef3b0000, 0x00000007fae00000)
   the space 12672K,   5% used [0x00000007ee750000, 0x00000007ee80d400, 0x00000007ee80d400, 0x00000007ef3b0000)
 compacting perm gen  total 21248K, used 5899K [0x00000007fae00000, 0x00000007fc2c0000, 0x0000000800000000)
   the space 21248K,  27% used [0x00000007fae00000, 0x00000007fb3c2d10, 0x00000007fb3c2e00, 0x00000007fc2c0000)
No shared spaces configured.

Card table byte_map: [0x000000010747b000,0x000000010753a000] byte_map_base: 0x0000000103539000

Polling page: 0x0000000102ff7000

Code Cache  [0x00000001043bb000, 0x000000010462b000, 0x00000001073bb000)
 total_blobs=387 nmethods=76 adapters=264 free_code_cache=48620Kb largest_free_block=49770624

Compilation events (10 events):
Event: 19.054 Thread 0x00007fe832859000   69   !         org.lwjgl.input.Keyboard::isKeyDown (45 bytes)
Event: 19.054 Thread 0x00007fe832858000   70             java.nio.DirectByteBuffer::get (16 bytes)
Event: 19.055 Thread 0x00007fe832858000 nmethod 70 0x000000010443da10 code [0x000000010443db40, 0x000000010443dbd8]
Event: 19.056 Thread 0x00007fe832859000 nmethod 69 0x000000010443d510 code [0x000000010443d660, 0x000000010443d918]
Event: 21.353 Thread 0x00007fe832858000   72             org.lwjgl.opengl.GL11::glTexCoord2f (20 bytes)
Event: 21.355 Thread 0x00007fe832859000   74             org.lwjgl.opengl.GL11::glVertex2d (25 bytes)
Event: 21.355 Thread 0x00007fe832858000 nmethod 72 0x0000000104442390 code [0x00000001044424e0, 0x00000001044425e8]
Event: 21.357 Thread 0x00007fe832859000 nmethod 74 0x0000000104441c10 code [0x0000000104441d60, 0x0000000104441e68]
Event: 23.087 Thread 0x00007fe832858000   76             java.nio.Buffer::limit (5 bytes)
Event: 23.087 Thread 0x00007fe832858000 nmethod 76 0x0000000104441a10 code [0x0000000104441b40, 0x0000000104441b98]

GC Heap History (2 events):
Event: 0.479 GC heap before
{Heap before GC invocations=0 (full 0):
 def new generation   total 5760K, used 4838K [0x00000007e8400000, 0x00000007e8a30000, 0x00000007ee750000)
  eden space 5184K,  93% used [0x00000007e8400000, 0x00000007e88b9ab0, 0x00000007e8910000)
  from space 576K,   0% used [0x00000007e8910000, 0x00000007e8910000, 0x00000007e89a0000)
  to   space 576K,   0% used [0x00000007e89a0000, 0x00000007e89a0000, 0x00000007e8a30000)
 tenured generation   total 12672K, used 0K [0x00000007ee750000, 0x00000007ef3b0000, 0x00000007fae00000)
   the space 12672K,   0% used [0x00000007ee750000, 0x00000007ee750000, 0x00000007ee750200, 0x00000007ef3b0000)
 compacting perm gen  total 21248K, used 5799K [0x00000007fae00000, 0x00000007fc2c0000, 0x0000000800000000)
   the space 21248K,  27% used [0x00000007fae00000, 0x00000007fb3a9f80, 0x00000007fb3aa000, 0x00000007fc2c0000)
No shared spaces configured.
Event: 0.485 GC heap after
Heap after GC invocations=1 (full 0):
 def new generation   total 5760K, used 576K [0x00000007e8400000, 0x00000007e8a30000, 0x00000007ee750000)
  eden space 5184K,   0% used [0x00000007e8400000, 0x00000007e8400000, 0x00000007e8910000)
  from space 576K, 100% used [0x00000007e89a0000, 0x00000007e8a30000, 0x00000007e8a30000)
  to   space 576K,   0% used [0x00000007e8910000, 0x00000007e8910000, 0x00000007e89a0000)
 tenured generation   total 12672K, used 757K [0x00000007ee750000, 0x00000007ef3b0000, 0x00000007fae00000)
   the space 12672K,   5% used [0x00000007ee750000, 0x00000007ee80d400, 0x00000007ee80d400, 0x00000007ef3b0000)
 compacting perm gen  total 21248K, used 5799K [0x00000007fae00000, 0x00000007fc2c0000, 0x0000000800000000)
   the space 21248K,  27% used [0x00000007fae00000, 0x00000007fb3a9f80, 0x00000007fb3aa000, 0x00000007fc2c0000)
No shared spaces configured.
}

Deoptimization events (0 events):
No events

Internal exceptions (10 events):
Event: 0.470 Thread 0x00007fe833007800 Threw 0x00000007e88634e0 at /HUDSON/workspace/jdk7u17-2-build-macosx-amd64-product/jdk7u17/hotspot/src/share/vm/prims/jvm.cpp:1166
Event: 0.473 Thread 0x00007fe833007800 Threw 0x00000007e88867a0 at /HUDSON/workspace/jdk7u17-2-build-macosx-amd64-product/jdk7u17/hotspot/src/share/vm/prims/jvm.cpp:1166
Event: 0.474 Thread 0x00007fe833007800 Threw 0x00000007e888d2d8 at /HUDSON/workspace/jdk7u17-2-build-macosx-amd64-product/jdk7u17/hotspot/src/share/vm/prims/jvm.cpp:1166
Event: 0.475 Thread 0x00007fe833007800 Threw 0x00000007e8891f20 at /HUDSON/workspace/jdk7u17-2-build-macosx-amd64-product/jdk7u17/hotspot/src/share/vm/prims/jvm.cpp:1166
Event: 0.475 Thread 0x00007fe833007800 Threw 0x00000007e8898c10 at /HUDSON/workspace/jdk7u17-2-build-macosx-amd64-product/jdk7u17/hotspot/src/share/vm/prims/jvm.cpp:1166
Event: 0.486 Thread 0x00007fe833007800 Threw 0x00000007e848cd00 at /HUDSON/workspace/jdk7u17-2-build-macosx-amd64-product/jdk7u17/hotspot/src/share/vm/prims/jvm.cpp:1166
Event: 0.488 Thread 0x00007fe833007800 Threw 0x00000007e849b088 at /HUDSON/workspace/jdk7u17-2-build-macosx-amd64-product/jdk7u17/hotspot/src/share/vm/prims/jvm.cpp:1166
Event: 0.504 Thread 0x00007fe833007800 Threw 0x00000007e84a1d78 at /HUDSON/workspace/jdk7u17-2-build-macosx-amd64-product/jdk7u17/hotspot/src/share/vm/prims/jvm.cpp:1166
Event: 0.520 Thread 0x00007fe833007800 Threw 0x00000007e84ae2d0 at /HUDSON/workspace/jdk7u17-2-build-macosx-amd64-product/jdk7u17/hotspot/src/share/vm/prims/jvm.cpp:1166
Event: 0.521 Thread 0x00007fe833007800 Threw 0x00000007e84b2ca0 at /HUDSON/workspace/jdk7u17-2-build-macosx-amd64-product/jdk7u17/hotspot/src/share/vm/prims/jvm.cpp:1166

Events (10 events):
Event: 18.203 loading class 0x00007fe832453880 done
Event: 18.203 loading class 0x00007fe832611f60
Event: 18.203 loading class 0x00007fe832611f60 done
Event: 18.203 loading class 0x00007fe83251c110
Event: 18.203 loading class 0x00007fe83251c110 done
Event: 18.203 loading class 0x00007fe8324533e0
Event: 18.203 loading class 0x00007fe8324533e0 done
Event: 18.203 Thread 0x00007fe8328e7000 Thread exited: 0x00007fe8328e7000
Event: 21.545 Thread 0x00007fe8330f7800 Thread added: 0x00007fe8330f7800
Event: 23.577 loading class 0x00007fe83274c0e0


Dynamic libraries:
0x000000000373f000 	/System/Library/Frameworks/Cocoa.framework/Versions/A/Cocoa
0x000000000373f000 	/System/Library/Frameworks/Security.framework/Versions/A/Security
0x000000000373f000 	/System/Library/Frameworks/ApplicationServices.framework/Versions/A/ApplicationServices
0x000000000373f000 	/usr/lib/libz.1.dylib
0x000000000373f000 	/usr/lib/libSystem.B.dylib
0x000000000373f000 	/usr/lib/libobjc.A.dylib
0x000000000373f000 	/System/Library/Frameworks/CoreFoundation.framework/Versions/A/CoreFoundation
0x000000000373f000 	/System/Library/Frameworks/AppKit.framework/Versions/C/AppKit
0x000000000373f000 	/System/Library/Frameworks/CoreData.framework/Versions/A/CoreData
0x000000000373f000 	/System/Library/Frameworks/Foundation.framework/Versions/C/Foundation
0x000000000373f000 	/System/Library/PrivateFrameworks/RemoteViewServices.framework/Versions/A/RemoteViewServices
0x000000000373f000 	/System/Library/PrivateFrameworks/UIFoundation.framework/Versions/A/UIFoundation
0x000000000373f000 	/System/Library/Frameworks/IOSurface.framework/Versions/A/IOSurface
0x000000000373f000 	/System/Library/Frameworks/AudioToolbox.framework/Versions/A/AudioToolbox
0x000000000373f000 	/System/Library/Frameworks/AudioUnit.framework/Versions/A/AudioUnit
0x000000000373f000 	/System/Library/PrivateFrameworks/DataDetectorsCore.framework/Versions/A/DataDetectorsCore
0x000000000373f000 	/System/Library/PrivateFrameworks/DesktopServicesPriv.framework/Versions/A/DesktopServicesPriv
0x000000000373f000 	/System/Library/Frameworks/Carbon.framework/Versions/A/Frameworks/HIToolbox.framework/Versions/A/HIToolbox
0x000000000373f000 	/System/Library/Frameworks/QuartzCore.framework/Versions/A/QuartzCore
0x000000000373f000 	/System/Library/Frameworks/Carbon.framework/Versions/A/Frameworks/SpeechRecognition.framework/Versions/A/SpeechRecognition
0x000000000373f000 	/usr/lib/libauto.dylib
0x000000000373f000 	/usr/lib/libicucore.A.dylib
0x000000000373f000 	/usr/lib/libxml2.2.dylib
0x000000000373f000 	/System/Library/PrivateFrameworks/CoreUI.framework/Versions/A/CoreUI
0x000000000373f000 	/System/Library/Frameworks/CoreAudio.framework/Versions/A/CoreAudio
0x000000000373f000 	/System/Library/Frameworks/DiskArbitration.framework/Versions/A/DiskArbitration
0x000000000373f000 	/usr/lib/liblangid.dylib
0x000000000373f000 	/System/Library/PrivateFrameworks/MultitouchSupport.framework/Versions/A/MultitouchSupport
0x000000000373f000 	/System/Library/Frameworks/IOKit.framework/Versions/A/IOKit
0x000000000373f000 	/usr/lib/libDiagnosticMessagesClient.dylib
0x000000000373f000 	/System/Library/Frameworks/CoreServices.framework/Versions/A/CoreServices
0x000000000373f000 	/System/Library/PrivateFrameworks/PerformanceAnalysis.framework/Versions/A/PerformanceAnalysis
0x000000000373f000 	/System/Library/PrivateFrameworks/GenerationalStorage.framework/Versions/A/GenerationalStorage
0x000000000373f000 	/System/Library/Frameworks/OpenGL.framework/Versions/A/OpenGL
0x000000000373f000 	/System/Library/PrivateFrameworks/Sharing.framework/Versions/A/Sharing
0x000000000373f000 	/System/Library/Frameworks/CoreGraphics.framework/Versions/A/CoreGraphics
0x000000000373f000 	/System/Library/Frameworks/CoreText.framework/Versions/A/CoreText
0x000000000373f000 	/System/Library/Frameworks/ImageIO.framework/Versions/A/ImageIO
0x000000000373f000 	/usr/lib/libextension.dylib
0x000000000373f000 	/System/Library/PrivateFrameworks/Backup.framework/Versions/A/Backup
0x000000000373f000 	/usr/lib/libarchive.2.dylib
0x000000000373f000 	/System/Library/Frameworks/CFNetwork.framework/Versions/A/CFNetwork
0x000000000373f000 	/System/Library/Frameworks/SystemConfiguration.framework/Versions/A/SystemConfiguration
0x000000000373f000 	/usr/lib/libCRFSuite.dylib
0x000000000373f000 	/usr/lib/libc++.1.dylib
0x000000000373f000 	/usr/lib/libc++abi.dylib
0x000000000373f000 	/usr/lib/system/libcache.dylib
0x000000000373f000 	/usr/lib/system/libcommonCrypto.dylib
0x000000000373f000 	/usr/lib/system/libcompiler_rt.dylib
0x000000000373f000 	/usr/lib/system/libcopyfile.dylib
0x000000000373f000 	/usr/lib/system/libcorecrypto.dylib
0x000000000373f000 	/usr/lib/system/libdispatch.dylib
0x000000000373f000 	/usr/lib/system/libdyld.dylib
0x000000000373f000 	/usr/lib/system/libkeymgr.dylib
0x000000000373f000 	/usr/lib/system/liblaunch.dylib
0x000000000373f000 	/usr/lib/system/libmacho.dylib
0x000000000373f000 	/usr/lib/system/libquarantine.dylib
0x000000000373f000 	/usr/lib/system/libremovefile.dylib
0x000000000373f000 	/usr/lib/system/libsystem_asl.dylib
0x000000000373f000 	/usr/lib/system/libsystem_blocks.dylib
0x000000000373f000 	/usr/lib/system/libsystem_c.dylib
0x000000000373f000 	/usr/lib/system/libsystem_configuration.dylib
0x000000000373f000 	/usr/lib/system/libsystem_coreservices.dylib
0x000000000373f000 	/usr/lib/system/libsystem_coretls.dylib
0x000000000373f000 	/usr/lib/system/libsystem_dnssd.dylib
0x000000000373f000 	/usr/lib/system/libsystem_info.dylib
0x000000000373f000 	/usr/lib/system/libsystem_kernel.dylib
0x000000000373f000 	/usr/lib/system/libsystem_m.dylib
0x000000000373f000 	/usr/lib/system/libsystem_malloc.dylib
0x000000000373f000 	/usr/lib/system/libsystem_network.dylib
0x000000000373f000 	/usr/lib/system/libsystem_networkextension.dylib
0x000000000373f000 	/usr/lib/system/libsystem_notify.dylib
0x000000000373f000 	/usr/lib/system/libsystem_platform.dylib
0x000000000373f000 	/usr/lib/system/libsystem_pthread.dylib
0x000000000373f000 	/usr/lib/system/libsystem_sandbox.dylib
0x000000000373f000 	/usr/lib/system/libsystem_secinit.dylib
0x000000000373f000 	/usr/lib/system/libsystem_stats.dylib
0x000000000373f000 	/usr/lib/system/libsystem_trace.dylib
0x000000000373f000 	/usr/lib/system/libunc.dylib
0x000000000373f000 	/usr/lib/system/libunwind.dylib
0x000000000373f000 	/usr/lib/system/libxpc.dylib
0x000000000373f000 	/usr/lib/libbz2.1.0.dylib
0x000000000373f000 	/usr/lib/liblzma.5.dylib
0x000000000373f000 	/usr/lib/libbsm.0.dylib
0x000000000373f000 	/usr/lib/libsqlite3.dylib
0x000000000373f000 	/usr/lib/system/libkxld.dylib
0x000000000373f000 	/usr/lib/libxar.1.dylib
0x000000000373f000 	/usr/lib/libpam.2.dylib
0x000000000373f000 	/usr/lib/libOpenScriptingUtil.dylib
0x000000000373f000 	/System/Library/Frameworks/CoreServices.framework/Versions/A/Frameworks/FSEvents.framework/Versions/A/FSEvents
0x000000000373f000 	/System/Library/Frameworks/CoreServices.framework/Versions/A/Frameworks/CarbonCore.framework/Versions/A/CarbonCore
0x000000000373f000 	/System/Library/Frameworks/CoreServices.framework/Versions/A/Frameworks/Metadata.framework/Versions/A/Metadata
0x000000000373f000 	/System/Library/Frameworks/CoreServices.framework/Versions/A/Frameworks/OSServices.framework/Versions/A/OSServices
0x000000000373f000 	/System/Library/Frameworks/CoreServices.framework/Versions/A/Frameworks/SearchKit.framework/Versions/A/SearchKit
0x000000000373f000 	/System/Library/Frameworks/CoreServices.framework/Versions/A/Frameworks/AE.framework/Versions/A/AE
0x000000000373f000 	/System/Library/Frameworks/CoreServices.framework/Versions/A/Frameworks/LaunchServices.framework/Versions/A/LaunchServices
0x000000000373f000 	/System/Library/Frameworks/CoreServices.framework/Versions/A/Frameworks/DictionaryServices.framework/Versions/A/DictionaryServices
0x000000000373f000 	/System/Library/Frameworks/NetFS.framework/Versions/A/NetFS
0x000000000373f000 	/System/Library/PrivateFrameworks/NetAuth.framework/Versions/A/NetAuth
0x000000000373f000 	/System/Library/PrivateFrameworks/login.framework/Versions/A/Frameworks/loginsupport.framework/Versions/A/loginsupport
0x000000000373f000 	/System/Library/PrivateFrameworks/TCC.framework/Versions/A/TCC
0x000000000373f000 	/usr/lib/libmecabra.dylib
0x000000000373f000 	/System/Library/Frameworks/ApplicationServices.framework/Versions/A/Frameworks/ATS.framework/Versions/A/ATS
0x000000000373f000 	/System/Library/Frameworks/ApplicationServices.framework/Versions/A/Frameworks/ColorSync.framework/Versions/A/ColorSync
0x000000000373f000 	/System/Library/Frameworks/ApplicationServices.framework/Versions/A/Frameworks/HIServices.framework/Versions/A/HIServices
0x000000000373f000 	/System/Library/Frameworks/ApplicationServices.framework/Versions/A/Frameworks/LangAnalysis.framework/Versions/A/LangAnalysis
0x000000000373f000 	/System/Library/Frameworks/ApplicationServices.framework/Versions/A/Frameworks/PrintCore.framework/Versions/A/PrintCore
0x000000000373f000 	/System/Library/Frameworks/ApplicationServices.framework/Versions/A/Frameworks/QD.framework/Versions/A/QD
0x000000000373f000 	/System/Library/Frameworks/ApplicationServices.framework/Versions/A/Frameworks/SpeechSynthesis.framework/Versions/A/SpeechSynthesis
0x000000000373f000 	/System/Library/Frameworks/Accelerate.framework/Versions/A/Accelerate
0x000000000373f000 	/System/Library/Frameworks/Accelerate.framework/Versions/A/Frameworks/vImage.framework/Versions/A/vImage
0x000000000373f000 	/System/Library/Frameworks/Accelerate.framework/Versions/A/Frameworks/vecLib.framework/Versions/A/vecLib
0x000000000373f000 	/System/Library/Frameworks/Accelerate.framework/Versions/A/Frameworks/vecLib.framework/Versions/A/libvDSP.dylib
0x000000000373f000 	/System/Library/Frameworks/Accelerate.framework/Versions/A/Frameworks/vecLib.framework/Versions/A/libvMisc.dylib
0x000000000373f000 	/System/Library/Frameworks/Accelerate.framework/Versions/A/Frameworks/vecLib.framework/Versions/A/libLAPACK.dylib
0x000000000373f000 	/System/Library/Frameworks/Accelerate.framework/Versions/A/Frameworks/vecLib.framework/Versions/A/libBLAS.dylib
0x000000000373f000 	/System/Library/Frameworks/Accelerate.framework/Versions/A/Frameworks/vecLib.framework/Versions/A/libLinearAlgebra.dylib
0x000000000373f000 	/System/Library/Frameworks/ApplicationServices.framework/Versions/A/Frameworks/ATS.framework/Versions/A/Resources/libFontParser.dylib
0x000000000373f000 	/System/Library/Frameworks/ApplicationServices.framework/Versions/A/Frameworks/ATS.framework/Versions/A/Resources/libFontRegistry.dylib
0x000000000373f000 	/System/Library/PrivateFrameworks/AppleVPA.framework/Versions/A/AppleVPA
0x000000000373f000 	/System/Library/PrivateFrameworks/AppleJPEG.framework/Versions/A/AppleJPEG
0x000000000373f000 	/System/Library/Frameworks/ImageIO.framework/Versions/A/Resources/libJPEG.dylib
0x000000000373f000 	/System/Library/Frameworks/ImageIO.framework/Versions/A/Resources/libTIFF.dylib
0x000000000373f000 	/System/Library/Frameworks/ImageIO.framework/Versions/A/Resources/libPng.dylib
0x000000000373f000 	/System/Library/Frameworks/ImageIO.framework/Versions/A/Resources/libGIF.dylib
0x000000000373f000 	/System/Library/Frameworks/ImageIO.framework/Versions/A/Resources/libJP2.dylib
0x000000000373f000 	/System/Library/Frameworks/ImageIO.framework/Versions/A/Resources/libRadiance.dylib
0x000000000373f000 	/System/Library/Frameworks/CoreVideo.framework/Versions/A/CoreVideo
0x000000000373f000 	/System/Library/Frameworks/OpenGL.framework/Versions/A/Libraries/libGLU.dylib
0x000000000373f000 	/System/Library/Frameworks/OpenGL.framework/Versions/A/Libraries/libGFXShared.dylib
0x000000000373f000 	/System/Library/Frameworks/OpenGL.framework/Versions/A/Libraries/libGL.dylib
0x000000000373f000 	/System/Library/Frameworks/OpenGL.framework/Versions/A/Libraries/libGLImage.dylib
0x000000000373f000 	/System/Library/Frameworks/OpenGL.framework/Versions/A/Libraries/libCVMSPluginSupport.dylib
0x000000000373f000 	/System/Library/Frameworks/OpenGL.framework/Versions/A/Libraries/libCoreVMClient.dylib
0x000000000373f000 	/usr/lib/libcups.2.dylib
0x000000000373f000 	/System/Library/Frameworks/Kerberos.framework/Versions/A/Kerberos
0x000000000373f000 	/System/Library/Frameworks/GSS.framework/Versions/A/GSS
0x000000000373f000 	/usr/lib/libresolv.9.dylib
0x000000000373f000 	/usr/lib/libiconv.2.dylib
0x000000000373f000 	/System/Library/PrivateFrameworks/Heimdal.framework/Versions/A/Heimdal
0x000000000373f000 	/usr/lib/libheimdal-asn1.dylib
0x000000000373f000 	/System/Library/Frameworks/OpenDirectory.framework/Versions/A/OpenDirectory
0x000000000373f000 	/System/Library/PrivateFrameworks/CommonAuth.framework/Versions/A/CommonAuth
0x000000000373f000 	/System/Library/Frameworks/OpenDirectory.framework/Versions/A/Frameworks/CFOpenDirectory.framework/Versions/A/CFOpenDirectory
0x000000000373f000 	/System/Library/Frameworks/SecurityFoundation.framework/Versions/A/SecurityFoundation
0x000000000373f000 	/System/Library/PrivateFrameworks/LanguageModeling.framework/Versions/A/LanguageModeling
0x000000000373f000 	/usr/lib/libcmph.dylib
0x000000000373f000 	/System/Library/Frameworks/ServiceManagement.framework/Versions/A/ServiceManagement
0x000000000373f000 	/usr/lib/libxslt.1.dylib
0x000000000373f000 	/System/Library/Frameworks/Carbon.framework/Versions/A/Frameworks/Ink.framework/Versions/A/Ink
0x000000000373f000 	/System/Library/Frameworks/QuartzCore.framework/Versions/A/Frameworks/CoreImage.framework/Versions/A/CoreImage
0x000000000373f000 	/System/Library/PrivateFrameworks/CrashReporterSupport.framework/Versions/A/CrashReporterSupport
0x000000000373f000 	/System/Library/Frameworks/OpenCL.framework/Versions/A/OpenCL
0x000000000373f000 	/System/Library/PrivateFrameworks/FaceCore.framework/Versions/A/FaceCore
0x000000000373f000 	/System/Library/PrivateFrameworks/Ubiquity.framework/Versions/A/Ubiquity
0x000000000373f000 	/System/Library/PrivateFrameworks/IconServices.framework/Versions/A/IconServices
0x000000000373f000 	/System/Library/PrivateFrameworks/ChunkingLibrary.framework/Versions/A/ChunkingLibrary
0x000000000373f000 	/System/Library/PrivateFrameworks/Apple80211.framework/Versions/A/Apple80211
0x000000000373f000 	/System/Library/Frameworks/CoreWLAN.framework/Versions/A/CoreWLAN
0x000000000373f000 	/System/Library/Frameworks/IOBluetooth.framework/Versions/A/IOBluetooth
0x000000000373f000 	/System/Library/PrivateFrameworks/CoreWiFi.framework/Versions/A/CoreWiFi
0x000000000373f000 	/System/Library/Frameworks/CoreBluetooth.framework/Versions/A/CoreBluetooth
0x000000000373f000 	/System/Library/PrivateFrameworks/DebugSymbols.framework/Versions/A/DebugSymbols
0x000000000373f000 	/System/Library/PrivateFrameworks/CoreSymbolication.framework/Versions/A/CoreSymbolication
0x000000000373f000 	/System/Library/PrivateFrameworks/Symbolication.framework/Versions/A/Symbolication
0x000000000373f000 	/System/Library/PrivateFrameworks/SpeechRecognitionCore.framework/Versions/A/SpeechRecognitionCore
0x0000000103800000 	/Library/Java/JavaVirtualMachines/jdk1.7.0_17.jdk/Contents/Home/jre/lib/server/libjvm.dylib
0x000000000373f000 	/usr/lib/libstdc++.6.dylib
0x0000000102fba000 	/Library/Java/JavaVirtualMachines/jdk1.7.0_17.jdk/Contents/Home/jre/lib/libverify.dylib
0x0000000102fc7000 	/Library/Java/JavaVirtualMachines/jdk1.7.0_17.jdk/Contents/Home/jre/lib/libjava.dylib
0x00000001043b2000 	/Library/Java/JavaVirtualMachines/jdk1.7.0_17.jdk/Contents/Home/jre/lib/libzip.dylib
0x0000000107b52000 	/System/Library/Frameworks/JavaVM.framework/Frameworks/JavaRuntimeSupport.framework/JavaRuntimeSupport
0x0000000107b6a000 	/System/Library/Frameworks/JavaVM.framework/Versions/A/Frameworks/JavaNativeFoundation.framework/Versions/A/JavaNativeFoundation
0x0000000107b7f000 	/System/Library/Frameworks/JavaVM.framework/Versions/A/JavaVM
0x000000000373f000 	/System/Library/Frameworks/Carbon.framework/Versions/A/Carbon
0x0000000107b8c000 	/System/Library/PrivateFrameworks/JavaLaunching.framework/Versions/A/JavaLaunching
0x000000000373f000 	/System/Library/Frameworks/Carbon.framework/Versions/A/Frameworks/CommonPanels.framework/Versions/A/CommonPanels
0x000000000373f000 	/System/Library/Frameworks/Carbon.framework/Versions/A/Frameworks/Help.framework/Versions/A/Help
0x000000000373f000 	/System/Library/Frameworks/Carbon.framework/Versions/A/Frameworks/ImageCapture.framework/Versions/A/ImageCapture
0x000000000373f000 	/System/Library/Frameworks/Carbon.framework/Versions/A/Frameworks/OpenScripting.framework/Versions/A/OpenScripting
0x000000000373f000 	/System/Library/Frameworks/Carbon.framework/Versions/A/Frameworks/Print.framework/Versions/A/Print
0x000000000373f000 	/System/Library/Frameworks/Carbon.framework/Versions/A/Frameworks/SecurityHI.framework/Versions/A/SecurityHI
0x00000001099c8000 	/Library/Java/JavaVirtualMachines/jdk1.7.0_17.jdk/Contents/Home/jre/lib/libawt.dylib
0x0000000109a77000 	/Library/Java/JavaVirtualMachines/jdk1.7.0_17.jdk/Contents/Home/jre/lib/./libmlib_image.dylib
0x0000000109b43000 	/Library/Java/JavaVirtualMachines/jdk1.7.0_17.jdk/Contents/Home/jre/lib/lwawt/liblwawt.dylib
0x0000000109bf5000 	/Library/Java/JavaVirtualMachines/jdk1.7.0_17.jdk/Contents/Home/jre/lib/libosxapp.dylib
0x000000000373f000 	/System/Library/Frameworks/ExceptionHandling.framework/Versions/A/ExceptionHandling
0x000000000373f000 	/System/Library/PrivateFrameworks/CoreServicesInternal.framework/Versions/A/CoreServicesInternal
0x000000000373f000 	/System/Library/PrivateFrameworks/CloudDocs.framework/Versions/A/CloudDocs
0x000000000373f000 	/System/Library/PrivateFrameworks/CoreDuet.framework/Versions/A/CoreDuet
0x000000000373f000 	/System/Library/Frameworks/CloudKit.framework/Versions/A/CloudKit
0x000000000373f000 	/System/Library/PrivateFrameworks/ProtocolBuffer.framework/Versions/A/ProtocolBuffer
0x000000000373f000 	/System/Library/PrivateFrameworks/CoreDuetDaemonProtocol.framework/Versions/A/CoreDuetDaemonProtocol
0x000000000373f000 	/System/Library/PrivateFrameworks/CoreDuetDebugLogging.framework/Versions/A/CoreDuetDebugLogging
0x000000000373f000 	/System/Library/PrivateFrameworks/MMCS.framework/Versions/A/MMCS
0x000000000373f000 	/System/Library/Frameworks/CoreLocation.framework/Versions/A/CoreLocation
0x000000000373f000 	/System/Library/PrivateFrameworks/ProtectedCloudStorage.framework/Versions/A/ProtectedCloudStorage
0x000000000373f000 	/System/Library/PrivateFrameworks/GeoServices.framework/Versions/A/GeoServices
0x000000000373f000 	/System/Library/Frameworks/CoreGraphics.framework/Versions/A/Resources/libCGCMS.A.dylib
0x000000000373f000 	/System/Library/Frameworks/CoreGraphics.framework/Versions/A/Resources/libRIP.A.dylib
0x000000000373f000 	/System/Library/Frameworks/CoreGraphics.framework/Versions/A/Resources/libCGXType.A.dylib
0x000000000373f000 	/System/Library/Frameworks/OpenCL.framework/Versions/A/Libraries/libcldcpuengine.dylib
0x000000000373f000 	/System/Library/PrivateFrameworks/DiskImages.framework/Versions/A/DiskImages
0x000000000373f000 	/System/Library/Frameworks/DiscRecording.framework/Versions/A/DiscRecording
0x000000000373f000 	/usr/lib/libcsfde.dylib
0x000000000373f000 	/usr/lib/libcurl.4.dylib
0x000000000373f000 	/System/Library/PrivateFrameworks/MediaKit.framework/Versions/A/MediaKit
0x000000000373f000 	/usr/lib/libCoreStorage.dylib
0x000000000373f000 	/System/Library/PrivateFrameworks/EFILogin.framework/Versions/A/EFILogin
0x000000000373f000 	/usr/lib/libutil.dylib
0x000000000373f000 	/System/Library/PrivateFrameworks/FindMyDevice.framework/Versions/A/FindMyDevice
0x000000000373f000 	/System/Library/Frameworks/LDAP.framework/Versions/A/LDAP
0x000000000373f000 	/usr/lib/libsasl2.2.dylib
0x000000000373f000 	/System/Library/PrivateFrameworks/CoreDaemon.framework/Versions/B/CoreDaemon
0x000000000373f000 	/usr/lib/libcrypto.0.9.8.dylib
0x000000000373f000 	/System/Library/PrivateFrameworks/AppleSRP.framework/Versions/A/AppleSRP
0x000000000373f000 	/System/Library/PrivateFrameworks/TrustEvaluationAgent.framework/Versions/A/TrustEvaluationAgent
0x000000010ca18000 	cl_kernels
0x000000010ca1a000 	/System/Library/Frameworks/OpenCL.framework/Versions/A/Libraries/ImageFormats/unorm8_bgra.dylib
0x000000010ca09000 	cl_kernels
0x000000000373f000 	/System/Library/PrivateFrameworks/FamilyControls.framework/Versions/A/FamilyControls
0x000000000373f000 	/System/Library/PrivateFrameworks/CommerceKit.framework/Versions/A/Frameworks/CommerceCore.framework/Versions/A/CommerceCore
0x000000000373f000 	/System/Library/PrivateFrameworks/SystemAdministration.framework/Versions/A/SystemAdministration
0x000000000373f000 	/System/Library/PrivateFrameworks/AppContainer.framework/Versions/A/AppContainer
0x000000000373f000 	/System/Library/PrivateFrameworks/SecCodeWrapper.framework/Versions/A/SecCodeWrapper
0x000000000373f000 	/System/Library/Frameworks/DirectoryService.framework/Versions/A/DirectoryService
0x000000000373f000 	/System/Library/PrivateFrameworks/LoginUIKit.framework/Versions/A/Frameworks/LoginUICore.framework/Versions/A/LoginUICore
0x000000000373f000 	/usr/lib/libodfde.dylib
0x000000010dbdd000 	/Library/Java/JavaVirtualMachines/jdk1.7.0_17.jdk/Contents/Home/jre/lib/libfontmanager.dylib
0x000000010dc29000 	/Users/William/Documents/workspace/FRESHSTART/lib/natives/macosx/liblwjgl.dylib
0x000000010bf4c000 	/Library/Java/JavaVirtualMachines/jdk1.7.0_17.jdk/Contents/Home/jre/lib/libjawt.dylib
0x000000000373f000 	/System/Library/Frameworks/OpenGL.framework/Versions/A/Resources/GLEngine.bundle/GLEngine
0x000000000373f000 	/System/Library/Frameworks/OpenGL.framework/Versions/A/Libraries/libGLProgrammability.dylib
0x000000010dcab000 	/System/Library/Extensions/AppleIntelHD4000GraphicsGLDriver.bundle/Contents/MacOS/AppleIntelHD4000GraphicsGLDriver
0x000000000373f000 	/System/Library/PrivateFrameworks/IOAccelerator.framework/Versions/A/IOAccelerator
0x000000000373f000 	/System/Library/PrivateFrameworks/GPUSupport.framework/Versions/A/Libraries/libGPUSupportMercury.dylib
0x000000000373f000 	/System/Library/Frameworks/OpenGL.framework/Versions/A/Resources/GLRendererFloat.bundle/GLRendererFloat
0x000000010e9f7000 	/Library/Java/JavaVirtualMachines/jdk1.7.0_17.jdk/Contents/Home/jre/lib/libnio.dylib
0x000000010ea06000 	/Library/Java/JavaVirtualMachines/jdk1.7.0_17.jdk/Contents/Home/jre/lib/./libnet.dylib

VM Arguments:
jvm_args: -Djava.library.path=/Users/William/Documents/workspace/FRESHSTART/lib/natives/macosx -Dfile.encoding=US-ASCII 
java_command: gravityDemo
Launcher Type: SUN_STANDARD

Environment Variables:
PATH=/usr/bin:/bin:/usr/sbin:/sbin
SHELL=/bin/bash
DISPLAY=/private/tmp/com.apple.launchd.LAIZL6y7cY/org.macosforge.xquartz:0

Signal Handlers:
SIGSEGV: [libjvm.dylib+0x4a361d], sa_mask[0]=0xfffefeff, sa_flags=0x00000042
SIGBUS: [libjvm.dylib+0x4a361d], sa_mask[0]=0xfffefeff, sa_flags=0x00000042
SIGFPE: [libjvm.dylib+0x3b302d], sa_mask[0]=0xfffefeff, sa_flags=0x00000042
SIGPIPE: [libjvm.dylib+0x3b302d], sa_mask[0]=0xfffefeff, sa_flags=0x00000042
SIGXFSZ: [libjvm.dylib+0x3b302d], sa_mask[0]=0xfffefeff, sa_flags=0x00000042
SIGILL: [libjvm.dylib+0x3b302d], sa_mask[0]=0xfffefeff, sa_flags=0x00000042
SIGUSR1: SIG_DFL, sa_mask[0]=0x00000000, sa_flags=0x00000000
SIGUSR2: [libjvm.dylib+0x3b2bc6], sa_mask[0]=0x00000004, sa_flags=0x00000042
SIGHUP: [libjvm.dylib+0x3b0e27], sa_mask[0]=0xfffefeff, sa_flags=0x00000042
SIGINT: [libjvm.dylib+0x3b0e27], sa_mask[0]=0xfffefeff, sa_flags=0x00000042
SIGTERM: [libjvm.dylib+0x3b0e27], sa_mask[0]=0xfffefeff, sa_flags=0x00000042
SIGQUIT: [libjvm.dylib+0x3b0e27], sa_mask[0]=0xfffefeff, sa_flags=0x00000042


---------------  S Y S T E M  ---------------

OS:Bsduname:Darwin 14.5.0 Darwin Kernel Version 14.5.0: Wed Jul 29 02:26:53 PDT 2015; root:xnu-2782.40.9~1/RELEASE_X86_64 x86_64
rlimit: STACK 8192k, CORE 0k, NPROC 709, NOFILE 10240, AS infinity
load average:1.70 1.97 3.73

CPU:total 4 (2 cores per cpu, 2 threads per core) family 6 model 58 stepping 9, cmov, cx8, fxsr, mmx, sse, sse2, sse3, ssse3, sse4.1, sse4.2, popcnt, avx, ht, tsc, tscinvbit, tscinv

Memory: 4k page, physical 1214016k(303504k free)

/proc/meminfo:


vm_info: Java HotSpot(TM) 64-Bit Server VM (23.7-b01) for bsd-amd64 JRE (1.7.0_17-b02), built on Mar  1 2013 06:41:23 by "java_re" with gcc 4.2.1 (Based on Apple Inc. build 5658) (LLVM build 2336.11.00)

time: Wed Oct 28 13:37:44 2015
elapsed time: 23 seconds

