#
# A fatal error has been detected by the Java Runtime Environment:
#
#  SIGSEGV (0xb) at pc=0x00007fff99d558f2, pid=1958, tid=1299
#
# JRE version: 7.0_17-b02
# Java VM: Java HotSpot(TM) 64-Bit Server VM (23.7-b01 mixed mode bsd-amd64 compressed oops)
# Problematic frame:
# C  [libGPUSupportMercury.dylib+0xb8f2]  gldAttachDrawable+0x60
#
# Failed to write core dump. Core dumps have been disabled. To enable core dumping, try "ulimit -c unlimited" before starting Java again
#
# If you would like to submit a bug report, please visit:
#   http://bugreport.sun.com/bugreport/crash.jsp
# The crash happened outside the Java Virtual Machine in native code.
# See problematic frame for where to report the bug.
#

---------------  T H R E A D  ---------------

Current thread (0x00007f95f180c800):  JavaThread "AppKit Thread" daemon [_thread_in_native, id=1299, stack(0x00007fff52550000,0x00007fff525d0000)]

siginfo:si_signo=SIGSEGV: si_errno=0, si_code=0 (SEGV0), si_addr=0x0000000000000000

Registers:
RAX=0x4000000000000000, RBX=0x000000000000271e, RCX=0x0000000000000000, RDX=0x00007f95f34f04b8
RSP=0x00007fff525c99d0, RBP=0x00007fff525c9ad0, RSI=0x0000000000000050, RDI=0x00007fff7f2c5070
R8 =0x00007f95f380aa60, R9 =0x00007f95f3800000, R10=0x000000000000003c, R11=0x0000000000000206
R12=0x0000000000002718, R13=0x00007f95f2084200, R14=0x0000000000000050, R15=0x0000000000000000
RIP=0x00007fff99d558f2, EFLAGS=0x0000000000010212, ERR=0x0000000000000000
  TRAPNO=0x000000000000000d

Top of Stack: (sp=0x00007fff525c99d0)
0x00007fff525c99d0:   00007fff525c9a44 00007f95f0d1f7b0
0x00007fff525c99e0:   ffffffffffffffff 0000206000000040
0x00007fff525c99f0:   00007f95f0d1f7c8 00007fff8e62c64f
0x00007fff525c9a00:   0000000000000000 4000000000000000
0x00007fff525c9a10:   0000000300000003 00007fff525c9b58
0x00007fff525c9a20:   00007fff525c9ae4 00000000000227df
0x00007fff525c9a30:   00007fff525c9adc 00007fff525c9ae0
0x00007fff525c9a40:   00007fff525c9ac0 00007fff97fc7e11
0x00007fff525c9a50:   0000000000000000 0000000000001352
0x00007fff525c9a60:   0000003400001200 0000020b00000000
0x00007fff525c9a70:   00007fff525c9aa0 00007fff97f5e52c
0x00007fff525c9a80:   00007fff525c9ad0 0000000000001352
0x00007fff525c9a90:   0000000004273140 000000004554ab43
0x00007fff525c9aa0:   3d0050c09bb49961 00007f95f3800c00
0x00007fff525c9ab0:   0000000000002718 0000000000000000
0x00007fff525c9ac0:   0000000000000050 0000000000000000
0x00007fff525c9ad0:   00007fff525c9b20 00007fff923d87e8
0x00007fff525c9ae0:   00007f95f380aa60 0000000000000000
0x00007fff525c9af0:   00007f95f34f04b8 00007f95f0c19580
0x00007fff525c9b00:   0000000000000000 00007f95f207a750
0x00007fff525c9b10:   00007f95f2078800 00007fff7f2c5070
0x00007fff525c9b20:   00007fff525c9c10 00007fff9be05870
0x00007fff525c9b30:   4089000000000000 4076800000000000
0x00007fff525c9b40:   4037000000000000 4081800000000000
0x00007fff525c9b50:   4087300000000000 0000000000000000
0x00007fff525c9b60:   4036000000000000 4081800000000000
0x00007fff525c9b70:   4086800000000000 0000000000000000
0x00007fff525c9b80:   0000000000000000 0000000000000001
0x00007fff525c9b90:   00007f95f34f04b8 0000000000000001
0x00007fff525c9ba0:   00007fff525c9c10 00007fff9be0a66b
0x00007fff525c9bb0:   0000000100000003 00007f95f207a750
0x00007fff525c9bc0:   00007f95f207a688 000000029586ffff 

Instructions: (pc=0x00007fff99d558f2)
0x00007fff99d558d2:   48 85 d2 b8 01 00 00 00 bb 15 27 00 00 0f 44 d8
0x00007fff99d558e2:   e9 7f 01 00 00 49 8b 45 08 48 89 85 38 ff ff ff
0x00007fff99d558f2:   48 8b 00 48 89 85 30 ff ff ff 83 fe 4f 0f 8f fd
0x00007fff99d55902:   00 00 00 48 89 d0 bb 15 27 00 00 83 fe 35 0f 84 

Register to memory mapping:

RAX=0x4000000000000000 is an unknown value
RBX=0x000000000000271e is an unknown value
RCX=0x0000000000000000 is an unknown value
RDX=0x00007f95f34f04b8 is an unknown value
RSP=0x00007fff525c99d0 is pointing into the stack for thread: 0x00007f95f180c800
RBP=0x00007fff525c9ad0 is pointing into the stack for thread: 0x00007f95f180c800
RSI=0x0000000000000050 is an unknown value
RDI=0x00007fff7f2c5070: __stack_chk_guard+0 in /usr/lib/system/libsystem_c.dylib at 0x00007fff9a474000
R8 =0x00007f95f380aa60 is an unknown value
R9 =0x00007f95f3800000 is an unknown value
R10=0x000000000000003c is an unknown value
R11=0x0000000000000206 is an unknown value
R12=0x0000000000002718 is an unknown value
R13=0x00007f95f2084200 is an unknown value
R14=0x0000000000000050 is an unknown value
R15=0x0000000000000000 is an unknown value


Stack: [0x00007fff52550000,0x00007fff525d0000],  sp=0x00007fff525c99d0,  free space=486k
Native frames: (J=compiled Java code, j=interpreted, Vv=VM code, C=native code)
C  [libGPUSupportMercury.dylib+0xb8f2]  gldAttachDrawable+0x60
C  [GLEngine+0x167e8]  gliAttachDrawableWithOptions+0x101
C  [OpenGL+0x3870]  glcGetIOAccelService+0xe03
C  [OpenGL+0x7412]  CGLSetPBuffer+0xb90
C  [OpenGL+0x7735]  CGLSetSurface+0x124
C  [AppKit+0x332d44]  NSOpenGLContextAttachOnScreenViewSurface+0x109
C  [AppKit+0x31dc8c]  -[NSOpenGLContext setView:]+0x83
C  [liblwjgl.dylib+0xa586]  -[MacOSXOpenGLView lockFocus]+0x76
C  [AppKit+0xe2055]  -[NSView _recursiveDisplayRectIfNeededIgnoringOpacity:isVisibleRect:rectIsVisibleRectForView:topView:]+0x740
C  [AppKit+0xe30b0]  -[NSView _recursiveDisplayRectIfNeededIgnoringOpacity:isVisibleRect:rectIsVisibleRectForView:topView:]+0x179b
C  [AppKit+0xe1403]  -[NSThemeFrame _recursiveDisplayRectIfNeededIgnoringOpacity:isVisibleRect:rectIsVisibleRectForView:topView:]+0x14d
C  [AppKit+0xdd79b]  -[NSView _displayRectIgnoringOpacity:isVisibleRect:rectIsVisibleRectForView:]+0xac9
C  [AppKit+0x952be]  -[NSView displayIfNeeded]+0x754
C  [AppKit+0x94b19]  -[NSWindow displayIfNeeded]+0xec
C  [AppKit+0x94782]  _handleWindowNeedsDisplayOrLayoutOrUpdateConstraints+0x3a8
C  [Foundation+0x4b953]  __NSFireTimer+0x5f
C  [CoreFoundation+0xb72e4]  __CFRUNLOOP_IS_CALLING_OUT_TO_A_TIMER_CALLBACK_FUNCTION__+0x14
C  [CoreFoundation+0xb6f73]  __CFRunLoopDoTimer+0x423
C  [CoreFoundation+0x12a53d]  __CFRunLoopDoTimers+0x12d
C  [CoreFoundation+0x72608]  __CFRunLoopRun+0x7e8
C  [CoreFoundation+0x71bd8]  CFRunLoopRunSpecific+0x128
C  [HIToolbox+0x3256f]  RunCurrentEventLoopInMode+0xeb
C  [HIToolbox+0x321ee]  ReceiveNextEventCommon+0xb3
C  [HIToolbox+0x3212b]  _BlockUntilNextEventMatchingListInModeWithFilter+0x47
C  [AppKit+0x919bb]  _DPSNextEvent+0x3d2
C  [AppKit+0x90f68]  -[NSApplication nextEventMatchingMask:untilDate:inMode:dequeue:]+0x15a
C  [libosxapp.dylib+0x1b56]  -[NSApplicationAWT nextEventMatchingMask:untilDate:inMode:dequeue:]+0x7c
C  [AppKit+0x86bf3]  -[NSApplication run]+0x252
C  [libosxapp.dylib+0x19b9]  +[NSApplicationAWT runAWTLoopWithApp:]+0x9c
C  [liblwawt.dylib+0xd81a]  -[AWTStarter starter:]+0x637
C  [Foundation+0x92d00]  __NSThreadPerformPerform+0x125
C  [CoreFoundation+0x80a01]  __CFRUNLOOP_IS_CALLING_OUT_TO_A_SOURCE0_PERFORM_FUNCTION__+0x11
C  [CoreFoundation+0x72b8d]  __CFRunLoopDoSources0+0x10d
C  [CoreFoundation+0x721bf]  __CFRunLoopRun+0x39f
C  [CoreFoundation+0x71bd8]  CFRunLoopRunSpecific+0x128
C  [java+0x742d]  CreateExecutionEnvironment+0x367
C  [java+0x1bdc]  JLI_Launch+0x7a0
C  [java+0x778a]  main+0x65
C  [java+0x1434]  start+0x34


---------------  P R O C E S S  ---------------

Java Threads: ( => current thread )
  0x00007f95edfcd000 JavaThread "AWT-Shutdown" [_thread_blocked, id=10015, stack(0x00000001467f2000,0x00000001468f2000)]
  0x00007f95f1900000 JavaThread "Java2D Disposer" daemon [_thread_blocked, id=46107, stack(0x00000001196ca000,0x00000001197ca000)]
  0x00007f95f20ae000 JavaThread "Java2D Queue Flusher" daemon [_thread_blocked, id=46855, stack(0x0000000118d34000,0x0000000118e34000)]
=>0x00007f95f180c800 JavaThread "AppKit Thread" daemon [_thread_in_native, id=1299, stack(0x00007fff52550000,0x00007fff525d0000)]
  0x00007f95f280b000 JavaThread "Service Thread" daemon [_thread_blocked, id=13827, stack(0x0000000113e9d000,0x0000000113f9d000)]
  0x00007f95f1052800 JavaThread "C2 CompilerThread1" daemon [_thread_blocked, id=13571, stack(0x0000000113d9a000,0x0000000113e9a000)]
  0x00007f95f1052000 JavaThread "C2 CompilerThread0" daemon [_thread_blocked, id=13323, stack(0x0000000113c97000,0x0000000113d97000)]
  0x00007f95f1051000 JavaThread "Signal Dispatcher" daemon [_thread_blocked, id=13083, stack(0x0000000113b94000,0x0000000113c94000)]
  0x00007f95f1037800 JavaThread "Finalizer" daemon [_thread_blocked, id=8707, stack(0x0000000112173000,0x0000000112273000)]
  0x00007f95f1037000 JavaThread "Reference Handler" daemon [_thread_blocked, id=8451, stack(0x0000000112070000,0x0000000112170000)]
  0x00007f95f100c000 JavaThread "main" [_thread_in_native, id=4355, stack(0x000000010eaa8000,0x000000010eba8000)]

Other Threads:
  0x00007f95f202a800 VMThread [stack: 0x0000000111f6d000,0x000000011206d000] [id=8195]
  0x00007f95f2038800 WatcherThread [stack: 0x0000000113fa0000,0x00000001140a0000] [id=14083]

VM state:not at safepoint (normal execution)

VM Mutex/Monitor currently owned by a thread: None

Heap
 def new generation   total 20096K, used 2375K [0x00000007f0000000, 0x00000007f15c0000, 0x00000007f3a00000)
  eden space 17920K,   5% used [0x00000007f0000000, 0x00000007f010c798, 0x00000007f1180000)
  from space 2176K,  59% used [0x00000007f13a0000, 0x00000007f14e5490, 0x00000007f15c0000)
  to   space 2176K,   0% used [0x00000007f1180000, 0x00000007f1180000, 0x00000007f13a0000)
 tenured generation   total 44468K, used 38109K [0x00000007f3a00000, 0x00000007f656d000, 0x00000007fae00000)
   the space 44468K,  85% used [0x00000007f3a00000, 0x00000007f5f37560, 0x00000007f5f37600, 0x00000007f656d000)
 compacting perm gen  total 21248K, used 8805K [0x00000007fae00000, 0x00000007fc2c0000, 0x0000000800000000)
   the space 21248K,  41% used [0x00000007fae00000, 0x00000007fb699638, 0x00000007fb699800, 0x00000007fc2c0000)
No shared spaces configured.

Card table byte_map: [0x0000000111c6a000,0x0000000111ceb000] byte_map_base: 0x000000010dcea000

Polling page: 0x000000010d77f000

Code Cache  [0x000000010ebaa000, 0x000000010eefa000, 0x0000000111baa000)
 total_blobs=1070 nmethods=630 adapters=392 free_code_cache=46945Kb largest_free_block=46905792

Compilation events (10 events):
Event: 189.535 Thread 0x00007f95f1052000 nmethod 624 0x000000010ece3bd0 code [0x000000010ece3d20, 0x000000010ece3ff8]
Event: 189.553 Thread 0x00007f95f1052800 nmethod 622 0x000000010ed2bd10 code [0x000000010ed2c060, 0x000000010ed2e1e0]
Event: 215.438 Thread 0x00007f95f1052000  628             Pacman$FWall::update (1 bytes)
Event: 215.438 Thread 0x00007f95f1052800  629             Pacman$FWall::draw (84 bytes)
Event: 215.439 Thread 0x00007f95f1052000 nmethod 628 0x000000010ecdf890 code [0x000000010ecdf9c0, 0x000000010ecdfa18]
Event: 215.449 Thread 0x00007f95f1052800 nmethod 629 0x000000010ed2a0d0 code [0x000000010ed2a380, 0x000000010ed2acd0]
Event: 215.540 Thread 0x00007f95f1052000  630             Pacman$Clear::update (1 bytes)
Event: 215.540 Thread 0x00007f95f1052800  631             Pacman$Clear::draw (83 bytes)
Event: 215.540 Thread 0x00007f95f1052000 nmethod 630 0x000000010ed289d0 code [0x000000010ed28b00, 0x000000010ed28b58]
Event: 215.548 Thread 0x00007f95f1052800 nmethod 631 0x000000010ed38390 code [0x000000010ed38600, 0x000000010ed38ed0]

GC Heap History (10 events):
Event: 210.055 GC heap before
{Heap before GC invocations=1065 (full 73):
 def new generation   total 20096K, used 19221K [0x00000007f0000000, 0x00000007f15c0000, 0x00000007f3a00000)
  eden space 17920K, 100% used [0x00000007f0000000, 0x00000007f1180000, 0x00000007f1180000)
  from space 2176K,  59% used [0x00000007f1180000, 0x00000007f12c5440, 0x00000007f13a0000)
  to   space 2176K,   0% used [0x00000007f13a0000, 0x00000007f13a0000, 0x00000007f15c0000)
 tenured generation   total 44468K, used 36721K [0x00000007f3a00000, 0x00000007f656d000, 0x00000007fae00000)
   the space 44468K,  82% used [0x00000007f3a00000, 0x00000007f5ddc5f0, 0x00000007f5ddc600, 0x00000007f656d000)
 compacting perm gen  total 21248K, used 8800K [0x00000007fae00000, 0x00000007fc2c0000, 0x0000000800000000)
   the space 21248K,  41% used [0x00000007fae00000, 0x00000007fb6980d0, 0x00000007fb698200, 0x00000007fc2c0000)
No shared spaces configured.
Event: 210.060 GC heap after
Heap after GC invocations=1066 (full 73):
 def new generation   total 20096K, used 1299K [0x00000007f0000000, 0x00000007f15c0000, 0x00000007f3a00000)
  eden space 17920K,   0% used [0x00000007f0000000, 0x00000007f0000000, 0x00000007f1180000)
  from space 2176K,  59% used [0x00000007f13a0000, 0x00000007f14e4ff8, 0x00000007f15c0000)
  to   space 2176K,   0% used [0x00000007f1180000, 0x00000007f1180000, 0x00000007f13a0000)
 tenured generation   total 44468K, used 36999K [0x00000007f3a00000, 0x00000007f656d000, 0x00000007fae00000)
   the space 44468K,  83% used [0x00000007f3a00000, 0x00000007f5e21c68, 0x00000007f5e21e00, 0x00000007f656d000)
 compacting perm gen  total 21248K, used 8800K [0x00000007fae00000, 0x00000007fc2c0000, 0x0000000800000000)
   the space 21248K,  41% used [0x00000007fae00000, 0x00000007fb6980d0, 0x00000007fb698200, 0x00000007fc2c0000)
No shared spaces configured.
}
Event: 211.766 GC heap before
{Heap before GC invocations=1066 (full 73):
 def new generation   total 20096K, used 19219K [0x00000007f0000000, 0x00000007f15c0000, 0x00000007f3a00000)
  eden space 17920K, 100% used [0x00000007f0000000, 0x00000007f1180000, 0x00000007f1180000)
  from space 2176K,  59% used [0x00000007f13a0000, 0x00000007f14e4ff8, 0x00000007f15c0000)
  to   space 2176K,   0% used [0x00000007f1180000, 0x00000007f1180000, 0x00000007f13a0000)
 tenured generation   total 44468K, used 36999K [0x00000007f3a00000, 0x00000007f656d000, 0x00000007fae00000)
   the space 44468K,  83% used [0x00000007f3a00000, 0x00000007f5e21c68, 0x00000007f5e21e00, 0x00000007f656d000)
 compacting perm gen  total 21248K, used 8800K [0x00000007fae00000, 0x00000007fc2c0000, 0x0000000800000000)
   the space 21248K,  41% used [0x00000007fae00000, 0x00000007fb6980d0, 0x00000007fb698200, 0x00000007fc2c0000)
No shared spaces configured.
Event: 211.771 GC heap after
Heap after GC invocations=1067 (full 73):
 def new generation   total 20096K, used 1309K [0x00000007f0000000, 0x00000007f15c0000, 0x00000007f3a00000)
  eden space 17920K,   0% used [0x00000007f0000000, 0x00000007f0000000, 0x00000007f1180000)
  from space 2176K,  60% used [0x00000007f1180000, 0x00000007f12c7498, 0x00000007f13a0000)
  to   space 2176K,   0% used [0x00000007f13a0000, 0x00000007f13a0000, 0x00000007f15c0000)
 tenured generation   total 44468K, used 37277K [0x00000007f3a00000, 0x00000007f656d000, 0x00000007fae00000)
   the space 44468K,  83% used [0x00000007f3a00000, 0x00000007f5e67418, 0x00000007f5e67600, 0x00000007f656d000)
 compacting perm gen  total 21248K, used 8800K [0x00000007fae00000, 0x00000007fc2c0000, 0x0000000800000000)
   the space 21248K,  41% used [0x00000007fae00000, 0x00000007fb6980d0, 0x00000007fb698200, 0x00000007fc2c0000)
No shared spaces configured.
}
Event: 213.859 GC heap before
{Heap before GC invocations=1067 (full 73):
 def new generation   total 20096K, used 19229K [0x00000007f0000000, 0x00000007f15c0000, 0x00000007f3a00000)
  eden space 17920K, 100% used [0x00000007f0000000, 0x00000007f1180000, 0x00000007f1180000)
  from space 2176K,  60% used [0x00000007f1180000, 0x00000007f12c7498, 0x00000007f13a0000)
  to   space 2176K,   0% used [0x00000007f13a0000, 0x00000007f13a0000, 0x00000007f15c0000)
 tenured generation   total 44468K, used 37277K [0x00000007f3a00000, 0x00000007f656d000, 0x00000007fae00000)
   the space 44468K,  83% used [0x00000007f3a00000, 0x00000007f5e67418, 0x00000007f5e67600, 0x00000007f656d000)
 compacting perm gen  total 21248K, used 8800K [0x00000007fae00000, 0x00000007fc2c0000, 0x0000000800000000)
   the space 21248K,  41% used [0x00000007fae00000, 0x00000007fb6980d0, 0x00000007fb698200, 0x00000007fc2c0000)
No shared spaces configured.
Event: 213.864 GC heap after
Heap after GC invocations=1068 (full 73):
 def new generation   total 20096K, used 1302K [0x00000007f0000000, 0x00000007f15c0000, 0x00000007f3a00000)
  eden space 17920K,   0% used [0x00000007f0000000, 0x00000007f0000000, 0x00000007f1180000)
  from space 2176K,  59% used [0x00000007f13a0000, 0x00000007f14e5820, 0x00000007f15c0000)
  to   space 2176K,   0% used [0x00000007f1180000, 0x00000007f1180000, 0x00000007f13a0000)
 tenured generation   total 44468K, used 37554K [0x00000007f3a00000, 0x00000007f656d000, 0x00000007fae00000)
   the space 44468K,  84% used [0x00000007f3a00000, 0x00000007f5eac968, 0x00000007f5eaca00, 0x00000007f656d000)
 compacting perm gen  total 21248K, used 8800K [0x00000007fae00000, 0x00000007fc2c0000, 0x0000000800000000)
   the space 21248K,  41% used [0x00000007fae00000, 0x00000007fb6980d0, 0x00000007fb698200, 0x00000007fc2c0000)
No shared spaces configured.
}
Event: 215.389 GC heap before
{Heap before GC invocations=1068 (full 73):
 def new generation   total 20096K, used 19222K [0x00000007f0000000, 0x00000007f15c0000, 0x00000007f3a00000)
  eden space 17920K, 100% used [0x00000007f0000000, 0x00000007f1180000, 0x00000007f1180000)
  from space 2176K,  59% used [0x00000007f13a0000, 0x00000007f14e5820, 0x00000007f15c0000)
  to   space 2176K,   0% used [0x00000007f1180000, 0x00000007f1180000, 0x00000007f13a0000)
 tenured generation   total 44468K, used 37554K [0x00000007f3a00000, 0x00000007f656d000, 0x00000007fae00000)
   the space 44468K,  84% used [0x00000007f3a00000, 0x00000007f5eac968, 0x00000007f5eaca00, 0x00000007f656d000)
 compacting perm gen  total 21248K, used 8800K [0x00000007fae00000, 0x00000007fc2c0000, 0x0000000800000000)
   the space 21248K,  41% used [0x00000007fae00000, 0x00000007fb6980d0, 0x00000007fb698200, 0x00000007fc2c0000)
No shared spaces configured.
Event: 215.395 GC heap after
Heap after GC invocations=1069 (full 73):
 def new generation   total 20096K, used 1310K [0x00000007f0000000, 0x00000007f15c0000, 0x00000007f3a00000)
  eden space 17920K,   0% used [0x00000007f0000000, 0x00000007f0000000, 0x00000007f1180000)
  from space 2176K,  60% used [0x00000007f1180000, 0x00000007f12c7898, 0x00000007f13a0000)
  to   space 2176K,   0% used [0x00000007f13a0000, 0x00000007f13a0000, 0x00000007f15c0000)
 tenured generation   total 44468K, used 37831K [0x00000007f3a00000, 0x00000007f656d000, 0x00000007fae00000)
   the space 44468K,  85% used [0x00000007f3a00000, 0x00000007f5ef1e38, 0x00000007f5ef2000, 0x00000007f656d000)
 compacting perm gen  total 21248K, used 8800K [0x00000007fae00000, 0x00000007fc2c0000, 0x0000000800000000)
   the space 21248K,  41% used [0x00000007fae00000, 0x00000007fb6980d0, 0x00000007fb698200, 0x00000007fc2c0000)
No shared spaces configured.
}
Event: 236.287 GC heap before
{Heap before GC invocations=1069 (full 73):
 def new generation   total 20096K, used 19230K [0x00000007f0000000, 0x00000007f15c0000, 0x00000007f3a00000)
  eden space 17920K, 100% used [0x00000007f0000000, 0x00000007f1180000, 0x00000007f1180000)
  from space 2176K,  60% used [0x00000007f1180000, 0x00000007f12c7898, 0x00000007f13a0000)
  to   space 2176K,   0% used [0x00000007f13a0000, 0x00000007f13a0000, 0x00000007f15c0000)
 tenured generation   total 44468K, used 37831K [0x00000007f3a00000, 0x00000007f656d000, 0x00000007fae00000)
   the space 44468K,  85% used [0x00000007f3a00000, 0x00000007f5ef1e38, 0x00000007f5ef2000, 0x00000007f656d000)
 compacting perm gen  total 21248K, used 8800K [0x00000007fae00000, 0x00000007fc2c0000, 0x0000000800000000)
   the space 21248K,  41% used [0x00000007fae00000, 0x00000007fb6980d0, 0x00000007fb698200, 0x00000007fc2c0000)
No shared spaces configured.
Event: 236.293 GC heap after
Heap after GC invocations=1070 (full 73):
 def new generation   total 20096K, used 1301K [0x00000007f0000000, 0x00000007f15c0000, 0x00000007f3a00000)
  eden space 17920K,   0% used [0x00000007f0000000, 0x00000007f0000000, 0x00000007f1180000)
  from space 2176K,  59% used [0x00000007f13a0000, 0x00000007f14e5490, 0x00000007f15c0000)
  to   space 2176K,   0% used [0x00000007f1180000, 0x00000007f1180000, 0x00000007f13a0000)
 tenured generation   total 44468K, used 38109K [0x00000007f3a00000, 0x00000007f656d000, 0x00000007fae00000)
   the space 44468K,  85% used [0x00000007f3a00000, 0x00000007f5f37560, 0x00000007f5f37600, 0x00000007f656d000)
 compacting perm gen  total 21248K, used 8800K [0x00000007fae00000, 0x00000007fc2c0000, 0x0000000800000000)
   the space 21248K,  41% used [0x00000007fae00000, 0x00000007fb6980d0, 0x00000007fb698200, 0x00000007fc2c0000)
No shared spaces configured.
}

Deoptimization events (10 events):
Event: 14.882 Thread 0x00007f95f100c000 Uncommon trap -34 fr.pc 0x000000010ecc70bc
Event: 14.882 Thread 0x00007f95f100c000 Uncommon trap -34 fr.pc 0x000000010ecc70bc
Event: 14.883 Thread 0x00007f95f100c000 Uncommon trap -34 fr.pc 0x000000010ecc70bc
Event: 17.174 Thread 0x00007f95f100c000 Uncommon trap -83 fr.pc 0x000000010eca4054
Event: 17.296 Thread 0x00007f95f100c000 Uncommon trap 367 fr.pc 0x000000010ece34c0
Event: 18.466 Thread 0x00007f95f100c000 Uncommon trap -83 fr.pc 0x000000010ed36b98
Event: 21.264 Thread 0x00007f95f100c000 Uncommon trap -83 fr.pc 0x000000010edb682c
Event: 22.986 Thread 0x00007f95f100c000 Uncommon trap -83 fr.pc 0x000000010edf74c8
Event: 24.725 Thread 0x00007f95f100c000 Uncommon trap -83 fr.pc 0x000000010ee3e4cc
Event: 27.195 Thread 0x00007f95f100c000 Uncommon trap -83 fr.pc 0x000000010ee859a4

Internal exceptions (10 events):
Event: 14.816 Thread 0x00007f95f100c000 Threw 0x00000007f0010668 at /HUDSON/workspace/jdk7u17-2-build-macosx-amd64-product/jdk7u17/hotspot/src/share/vm/prims/jvm.cpp:1166
Event: 14.838 Thread 0x00007f95f100c000 Threw 0x00000007f01276d8 at /HUDSON/workspace/jdk7u17-2-build-macosx-amd64-product/jdk7u17/hotspot/src/share/vm/prims/jvm.cpp:1166
Event: 14.839 Thread 0x00007f95f100c000 Threw 0x00000007f012e500 at /HUDSON/workspace/jdk7u17-2-build-macosx-amd64-product/jdk7u17/hotspot/src/share/vm/prims/jvm.cpp:1166
Event: 14.839 Thread 0x00007f95f100c000 Threw 0x00000007f0131008 at /HUDSON/workspace/jdk7u17-2-build-macosx-amd64-product/jdk7u17/hotspot/src/share/vm/prims/jvm.cpp:1166
Event: 14.840 Thread 0x00007f95f100c000 Threw 0x00000007f0134b68 at /HUDSON/workspace/jdk7u17-2-build-macosx-amd64-product/jdk7u17/hotspot/src/share/vm/prims/jvm.cpp:1166
Event: 14.862 Thread 0x00007f95f100c000 Threw 0x00000007f0149b38 at /HUDSON/workspace/jdk7u17-2-build-macosx-amd64-product/jdk7u17/hotspot/src/share/vm/prims/jvm.cpp:1166
Event: 14.880 Thread 0x00007f95f100c000 Threw 0x00000007f016b9b8 at /HUDSON/workspace/jdk7u17-2-build-macosx-amd64-product/jdk7u17/hotspot/src/share/vm/prims/jvm.cpp:1166
Event: 14.881 Thread 0x00007f95f100c000 Threw 0x00000007f0170388 at /HUDSON/workspace/jdk7u17-2-build-macosx-amd64-product/jdk7u17/hotspot/src/share/vm/prims/jvm.cpp:1166
Event: 17.296 Thread 0x00007f95f100c000 Threw 0x00000007f00d1798 at /HUDSON/workspace/jdk7u17-2-build-macosx-amd64-product/jdk7u17/hotspot/src/share/vm/prims/jvm.cpp:1166
Event: 238.345 Thread 0x00007f95f100c000 Threw 0x00000007f0106be0 at /HUDSON/workspace/jdk7u17-2-build-macosx-amd64-product/jdk7u17/hotspot/src/share/vm/prims/jvm.cpp:1166

Events (10 events):
Event: 211.771 Executing VM operation: GenCollectForAllocation done
Event: 213.859 Executing VM operation: GenCollectForAllocation
Event: 213.864 Executing VM operation: GenCollectForAllocation done
Event: 215.389 Executing VM operation: GenCollectForAllocation
Event: 215.395 Executing VM operation: GenCollectForAllocation done
Event: 229.949 Thread 0x00007f95edfcd000 Thread added: 0x00007f95edfcd000
Event: 236.287 Executing VM operation: GenCollectForAllocation
Event: 236.294 Executing VM operation: GenCollectForAllocation done
Event: 238.344 loading class 0x00007f95f0d49630
Event: 238.344 loading class 0x00007f95f0d49630 done


Dynamic libraries:
0x000000000d2be000 	/System/Library/Frameworks/Cocoa.framework/Versions/A/Cocoa
0x000000000d2be000 	/System/Library/Frameworks/Security.framework/Versions/A/Security
0x000000000d2be000 	/System/Library/Frameworks/ApplicationServices.framework/Versions/A/ApplicationServices
0x000000000d2be000 	/usr/lib/libz.1.dylib
0x000000000d2be000 	/usr/lib/libSystem.B.dylib
0x000000000d2be000 	/usr/lib/libobjc.A.dylib
0x000000000d2be000 	/System/Library/Frameworks/CoreFoundation.framework/Versions/A/CoreFoundation
0x000000000d2be000 	/System/Library/Frameworks/AppKit.framework/Versions/C/AppKit
0x000000000d2be000 	/System/Library/Frameworks/CoreData.framework/Versions/A/CoreData
0x000000000d2be000 	/System/Library/Frameworks/Foundation.framework/Versions/C/Foundation
0x000000000d2be000 	/System/Library/PrivateFrameworks/RemoteViewServices.framework/Versions/A/RemoteViewServices
0x000000000d2be000 	/System/Library/PrivateFrameworks/UIFoundation.framework/Versions/A/UIFoundation
0x000000000d2be000 	/System/Library/Frameworks/IOSurface.framework/Versions/A/IOSurface
0x000000000d2be000 	/System/Library/Frameworks/AudioToolbox.framework/Versions/A/AudioToolbox
0x000000000d2be000 	/System/Library/Frameworks/AudioUnit.framework/Versions/A/AudioUnit
0x000000000d2be000 	/System/Library/PrivateFrameworks/DataDetectorsCore.framework/Versions/A/DataDetectorsCore
0x000000000d2be000 	/System/Library/PrivateFrameworks/DesktopServicesPriv.framework/Versions/A/DesktopServicesPriv
0x000000000d2be000 	/System/Library/Frameworks/Carbon.framework/Versions/A/Frameworks/HIToolbox.framework/Versions/A/HIToolbox
0x000000000d2be000 	/System/Library/Frameworks/QuartzCore.framework/Versions/A/QuartzCore
0x000000000d2be000 	/System/Library/Frameworks/Carbon.framework/Versions/A/Frameworks/SpeechRecognition.framework/Versions/A/SpeechRecognition
0x000000000d2be000 	/usr/lib/libauto.dylib
0x000000000d2be000 	/usr/lib/libicucore.A.dylib
0x000000000d2be000 	/usr/lib/libxml2.2.dylib
0x000000000d2be000 	/System/Library/PrivateFrameworks/CoreUI.framework/Versions/A/CoreUI
0x000000000d2be000 	/System/Library/Frameworks/CoreAudio.framework/Versions/A/CoreAudio
0x000000000d2be000 	/System/Library/Frameworks/DiskArbitration.framework/Versions/A/DiskArbitration
0x000000000d2be000 	/usr/lib/liblangid.dylib
0x000000000d2be000 	/System/Library/PrivateFrameworks/MultitouchSupport.framework/Versions/A/MultitouchSupport
0x000000000d2be000 	/System/Library/Frameworks/IOKit.framework/Versions/A/IOKit
0x000000000d2be000 	/usr/lib/libDiagnosticMessagesClient.dylib
0x000000000d2be000 	/System/Library/Frameworks/CoreServices.framework/Versions/A/CoreServices
0x000000000d2be000 	/System/Library/PrivateFrameworks/PerformanceAnalysis.framework/Versions/A/PerformanceAnalysis
0x000000000d2be000 	/System/Library/PrivateFrameworks/GenerationalStorage.framework/Versions/A/GenerationalStorage
0x000000000d2be000 	/System/Library/Frameworks/OpenGL.framework/Versions/A/OpenGL
0x000000000d2be000 	/System/Library/PrivateFrameworks/Sharing.framework/Versions/A/Sharing
0x000000000d2be000 	/System/Library/Frameworks/CoreGraphics.framework/Versions/A/CoreGraphics
0x000000000d2be000 	/System/Library/Frameworks/CoreText.framework/Versions/A/CoreText
0x000000000d2be000 	/System/Library/Frameworks/ImageIO.framework/Versions/A/ImageIO
0x000000000d2be000 	/usr/lib/libextension.dylib
0x000000000d2be000 	/System/Library/PrivateFrameworks/Backup.framework/Versions/A/Backup
0x000000000d2be000 	/usr/lib/libarchive.2.dylib
0x000000000d2be000 	/System/Library/Frameworks/CFNetwork.framework/Versions/A/CFNetwork
0x000000000d2be000 	/System/Library/Frameworks/SystemConfiguration.framework/Versions/A/SystemConfiguration
0x000000000d2be000 	/usr/lib/libCRFSuite.dylib
0x000000000d2be000 	/usr/lib/libc++.1.dylib
0x000000000d2be000 	/usr/lib/libc++abi.dylib
0x000000000d2be000 	/usr/lib/system/libcache.dylib
0x000000000d2be000 	/usr/lib/system/libcommonCrypto.dylib
0x000000000d2be000 	/usr/lib/system/libcompiler_rt.dylib
0x000000000d2be000 	/usr/lib/system/libcopyfile.dylib
0x000000000d2be000 	/usr/lib/system/libcorecrypto.dylib
0x000000000d2be000 	/usr/lib/system/libdispatch.dylib
0x000000000d2be000 	/usr/lib/system/libdyld.dylib
0x000000000d2be000 	/usr/lib/system/libkeymgr.dylib
0x000000000d2be000 	/usr/lib/system/liblaunch.dylib
0x000000000d2be000 	/usr/lib/system/libmacho.dylib
0x000000000d2be000 	/usr/lib/system/libquarantine.dylib
0x000000000d2be000 	/usr/lib/system/libremovefile.dylib
0x000000000d2be000 	/usr/lib/system/libsystem_asl.dylib
0x000000000d2be000 	/usr/lib/system/libsystem_blocks.dylib
0x000000000d2be000 	/usr/lib/system/libsystem_c.dylib
0x000000000d2be000 	/usr/lib/system/libsystem_configuration.dylib
0x000000000d2be000 	/usr/lib/system/libsystem_coreservices.dylib
0x000000000d2be000 	/usr/lib/system/libsystem_coretls.dylib
0x000000000d2be000 	/usr/lib/system/libsystem_dnssd.dylib
0x000000000d2be000 	/usr/lib/system/libsystem_info.dylib
0x000000000d2be000 	/usr/lib/system/libsystem_kernel.dylib
0x000000000d2be000 	/usr/lib/system/libsystem_m.dylib
0x000000000d2be000 	/usr/lib/system/libsystem_malloc.dylib
0x000000000d2be000 	/usr/lib/system/libsystem_network.dylib
0x000000000d2be000 	/usr/lib/system/libsystem_networkextension.dylib
0x000000000d2be000 	/usr/lib/system/libsystem_notify.dylib
0x000000000d2be000 	/usr/lib/system/libsystem_platform.dylib
0x000000000d2be000 	/usr/lib/system/libsystem_pthread.dylib
0x000000000d2be000 	/usr/lib/system/libsystem_sandbox.dylib
0x000000000d2be000 	/usr/lib/system/libsystem_secinit.dylib
0x000000000d2be000 	/usr/lib/system/libsystem_stats.dylib
0x000000000d2be000 	/usr/lib/system/libsystem_trace.dylib
0x000000000d2be000 	/usr/lib/system/libunc.dylib
0x000000000d2be000 	/usr/lib/system/libunwind.dylib
0x000000000d2be000 	/usr/lib/system/libxpc.dylib
0x000000000d2be000 	/usr/lib/libbz2.1.0.dylib
0x000000000d2be000 	/usr/lib/liblzma.5.dylib
0x000000000d2be000 	/usr/lib/libbsm.0.dylib
0x000000000d2be000 	/usr/lib/libsqlite3.dylib
0x000000000d2be000 	/usr/lib/system/libkxld.dylib
0x000000000d2be000 	/usr/lib/libxar.1.dylib
0x000000000d2be000 	/usr/lib/libpam.2.dylib
0x000000000d2be000 	/usr/lib/libOpenScriptingUtil.dylib
0x000000000d2be000 	/System/Library/Frameworks/CoreServices.framework/Versions/A/Frameworks/FSEvents.framework/Versions/A/FSEvents
0x000000000d2be000 	/System/Library/Frameworks/CoreServices.framework/Versions/A/Frameworks/CarbonCore.framework/Versions/A/CarbonCore
0x000000000d2be000 	/System/Library/Frameworks/CoreServices.framework/Versions/A/Frameworks/Metadata.framework/Versions/A/Metadata
0x000000000d2be000 	/System/Library/Frameworks/CoreServices.framework/Versions/A/Frameworks/OSServices.framework/Versions/A/OSServices
0x000000000d2be000 	/System/Library/Frameworks/CoreServices.framework/Versions/A/Frameworks/SearchKit.framework/Versions/A/SearchKit
0x000000000d2be000 	/System/Library/Frameworks/CoreServices.framework/Versions/A/Frameworks/AE.framework/Versions/A/AE
0x000000000d2be000 	/System/Library/Frameworks/CoreServices.framework/Versions/A/Frameworks/LaunchServices.framework/Versions/A/LaunchServices
0x000000000d2be000 	/System/Library/Frameworks/CoreServices.framework/Versions/A/Frameworks/DictionaryServices.framework/Versions/A/DictionaryServices
0x000000000d2be000 	/System/Library/Frameworks/NetFS.framework/Versions/A/NetFS
0x000000000d2be000 	/System/Library/PrivateFrameworks/NetAuth.framework/Versions/A/NetAuth
0x000000000d2be000 	/System/Library/PrivateFrameworks/login.framework/Versions/A/Frameworks/loginsupport.framework/Versions/A/loginsupport
0x000000000d2be000 	/System/Library/PrivateFrameworks/TCC.framework/Versions/A/TCC
0x000000000d2be000 	/usr/lib/libmecabra.dylib
0x000000000d2be000 	/System/Library/Frameworks/ApplicationServices.framework/Versions/A/Frameworks/ATS.framework/Versions/A/ATS
0x000000000d2be000 	/System/Library/Frameworks/ApplicationServices.framework/Versions/A/Frameworks/ColorSync.framework/Versions/A/ColorSync
0x000000000d2be000 	/System/Library/Frameworks/ApplicationServices.framework/Versions/A/Frameworks/HIServices.framework/Versions/A/HIServices
0x000000000d2be000 	/System/Library/Frameworks/ApplicationServices.framework/Versions/A/Frameworks/LangAnalysis.framework/Versions/A/LangAnalysis
0x000000000d2be000 	/System/Library/Frameworks/ApplicationServices.framework/Versions/A/Frameworks/PrintCore.framework/Versions/A/PrintCore
0x000000000d2be000 	/System/Library/Frameworks/ApplicationServices.framework/Versions/A/Frameworks/QD.framework/Versions/A/QD
0x000000000d2be000 	/System/Library/Frameworks/ApplicationServices.framework/Versions/A/Frameworks/SpeechSynthesis.framework/Versions/A/SpeechSynthesis
0x000000000d2be000 	/System/Library/Frameworks/Accelerate.framework/Versions/A/Accelerate
0x000000000d2be000 	/System/Library/Frameworks/Accelerate.framework/Versions/A/Frameworks/vImage.framework/Versions/A/vImage
0x000000000d2be000 	/System/Library/Frameworks/Accelerate.framework/Versions/A/Frameworks/vecLib.framework/Versions/A/vecLib
0x000000000d2be000 	/System/Library/Frameworks/Accelerate.framework/Versions/A/Frameworks/vecLib.framework/Versions/A/libvDSP.dylib
0x000000000d2be000 	/System/Library/Frameworks/Accelerate.framework/Versions/A/Frameworks/vecLib.framework/Versions/A/libvMisc.dylib
0x000000000d2be000 	/System/Library/Frameworks/Accelerate.framework/Versions/A/Frameworks/vecLib.framework/Versions/A/libLAPACK.dylib
0x000000000d2be000 	/System/Library/Frameworks/Accelerate.framework/Versions/A/Frameworks/vecLib.framework/Versions/A/libBLAS.dylib
0x000000000d2be000 	/System/Library/Frameworks/Accelerate.framework/Versions/A/Frameworks/vecLib.framework/Versions/A/libLinearAlgebra.dylib
0x000000000d2be000 	/System/Library/Frameworks/ApplicationServices.framework/Versions/A/Frameworks/ATS.framework/Versions/A/Resources/libFontParser.dylib
0x000000000d2be000 	/System/Library/Frameworks/ApplicationServices.framework/Versions/A/Frameworks/ATS.framework/Versions/A/Resources/libFontRegistry.dylib
0x000000000d2be000 	/System/Library/PrivateFrameworks/AppleVPA.framework/Versions/A/AppleVPA
0x000000000d2be000 	/System/Library/PrivateFrameworks/AppleJPEG.framework/Versions/A/AppleJPEG
0x000000000d2be000 	/System/Library/Frameworks/ImageIO.framework/Versions/A/Resources/libJPEG.dylib
0x000000000d2be000 	/System/Library/Frameworks/ImageIO.framework/Versions/A/Resources/libTIFF.dylib
0x000000000d2be000 	/System/Library/Frameworks/ImageIO.framework/Versions/A/Resources/libPng.dylib
0x000000000d2be000 	/System/Library/Frameworks/ImageIO.framework/Versions/A/Resources/libGIF.dylib
0x000000000d2be000 	/System/Library/Frameworks/ImageIO.framework/Versions/A/Resources/libJP2.dylib
0x000000000d2be000 	/System/Library/Frameworks/ImageIO.framework/Versions/A/Resources/libRadiance.dylib
0x000000000d2be000 	/System/Library/Frameworks/CoreVideo.framework/Versions/A/CoreVideo
0x000000000d2be000 	/System/Library/Frameworks/OpenGL.framework/Versions/A/Libraries/libGLU.dylib
0x000000000d2be000 	/System/Library/Frameworks/OpenGL.framework/Versions/A/Libraries/libGFXShared.dylib
0x000000000d2be000 	/System/Library/Frameworks/OpenGL.framework/Versions/A/Libraries/libGL.dylib
0x000000000d2be000 	/System/Library/Frameworks/OpenGL.framework/Versions/A/Libraries/libGLImage.dylib
0x000000000d2be000 	/System/Library/Frameworks/OpenGL.framework/Versions/A/Libraries/libCVMSPluginSupport.dylib
0x000000000d2be000 	/System/Library/Frameworks/OpenGL.framework/Versions/A/Libraries/libCoreVMClient.dylib
0x000000000d2be000 	/usr/lib/libcups.2.dylib
0x000000000d2be000 	/System/Library/Frameworks/Kerberos.framework/Versions/A/Kerberos
0x000000000d2be000 	/System/Library/Frameworks/GSS.framework/Versions/A/GSS
0x000000000d2be000 	/usr/lib/libresolv.9.dylib
0x000000000d2be000 	/usr/lib/libiconv.2.dylib
0x000000000d2be000 	/System/Library/PrivateFrameworks/Heimdal.framework/Versions/A/Heimdal
0x000000000d2be000 	/usr/lib/libheimdal-asn1.dylib
0x000000000d2be000 	/System/Library/Frameworks/OpenDirectory.framework/Versions/A/OpenDirectory
0x000000000d2be000 	/System/Library/PrivateFrameworks/CommonAuth.framework/Versions/A/CommonAuth
0x000000000d2be000 	/System/Library/Frameworks/OpenDirectory.framework/Versions/A/Frameworks/CFOpenDirectory.framework/Versions/A/CFOpenDirectory
0x000000000d2be000 	/System/Library/Frameworks/SecurityFoundation.framework/Versions/A/SecurityFoundation
0x000000000d2be000 	/System/Library/PrivateFrameworks/LanguageModeling.framework/Versions/A/LanguageModeling
0x000000000d2be000 	/usr/lib/libcmph.dylib
0x000000000d2be000 	/System/Library/Frameworks/ServiceManagement.framework/Versions/A/ServiceManagement
0x000000000d2be000 	/usr/lib/libxslt.1.dylib
0x000000000d2be000 	/System/Library/Frameworks/Carbon.framework/Versions/A/Frameworks/Ink.framework/Versions/A/Ink
0x000000000d2be000 	/System/Library/Frameworks/QuartzCore.framework/Versions/A/Frameworks/CoreImage.framework/Versions/A/CoreImage
0x000000000d2be000 	/System/Library/PrivateFrameworks/CrashReporterSupport.framework/Versions/A/CrashReporterSupport
0x000000000d2be000 	/System/Library/Frameworks/OpenCL.framework/Versions/A/OpenCL
0x000000000d2be000 	/System/Library/PrivateFrameworks/FaceCore.framework/Versions/A/FaceCore
0x000000000d2be000 	/System/Library/PrivateFrameworks/Ubiquity.framework/Versions/A/Ubiquity
0x000000000d2be000 	/System/Library/PrivateFrameworks/IconServices.framework/Versions/A/IconServices
0x000000000d2be000 	/System/Library/PrivateFrameworks/ChunkingLibrary.framework/Versions/A/ChunkingLibrary
0x000000000d2be000 	/System/Library/PrivateFrameworks/Apple80211.framework/Versions/A/Apple80211
0x000000000d2be000 	/System/Library/Frameworks/CoreWLAN.framework/Versions/A/CoreWLAN
0x000000000d2be000 	/System/Library/Frameworks/IOBluetooth.framework/Versions/A/IOBluetooth
0x000000000d2be000 	/System/Library/PrivateFrameworks/CoreWiFi.framework/Versions/A/CoreWiFi
0x000000000d2be000 	/System/Library/Frameworks/CoreBluetooth.framework/Versions/A/CoreBluetooth
0x000000000d2be000 	/System/Library/PrivateFrameworks/DebugSymbols.framework/Versions/A/DebugSymbols
0x000000000d2be000 	/System/Library/PrivateFrameworks/CoreSymbolication.framework/Versions/A/CoreSymbolication
0x000000000d2be000 	/System/Library/PrivateFrameworks/Symbolication.framework/Versions/A/Symbolication
0x000000000d2be000 	/System/Library/PrivateFrameworks/SpeechRecognitionCore.framework/Versions/A/SpeechRecognitionCore
0x000000010e000000 	/Library/Java/JavaVirtualMachines/jdk1.7.0_17.jdk/Contents/Home/jre/lib/server/libjvm.dylib
0x000000000d2be000 	/usr/lib/libstdc++.6.dylib
0x000000010d742000 	/Library/Java/JavaVirtualMachines/jdk1.7.0_17.jdk/Contents/Home/jre/lib/libverify.dylib
0x000000010d74f000 	/Library/Java/JavaVirtualMachines/jdk1.7.0_17.jdk/Contents/Home/jre/lib/libjava.dylib
0x000000010d789000 	/Library/Java/JavaVirtualMachines/jdk1.7.0_17.jdk/Contents/Home/jre/lib/libzip.dylib
0x0000000112275000 	/System/Library/Frameworks/JavaVM.framework/Frameworks/JavaRuntimeSupport.framework/JavaRuntimeSupport
0x000000011228d000 	/System/Library/Frameworks/JavaVM.framework/Versions/A/Frameworks/JavaNativeFoundation.framework/Versions/A/JavaNativeFoundation
0x00000001122a2000 	/System/Library/Frameworks/JavaVM.framework/Versions/A/JavaVM
0x000000000d2be000 	/System/Library/Frameworks/Carbon.framework/Versions/A/Carbon
0x00000001122af000 	/System/Library/PrivateFrameworks/JavaLaunching.framework/Versions/A/JavaLaunching
0x000000000d2be000 	/System/Library/Frameworks/Carbon.framework/Versions/A/Frameworks/CommonPanels.framework/Versions/A/CommonPanels
0x000000000d2be000 	/System/Library/Frameworks/Carbon.framework/Versions/A/Frameworks/Help.framework/Versions/A/Help
0x000000000d2be000 	/System/Library/Frameworks/Carbon.framework/Versions/A/Frameworks/ImageCapture.framework/Versions/A/ImageCapture
0x000000000d2be000 	/System/Library/Frameworks/Carbon.framework/Versions/A/Frameworks/OpenScripting.framework/Versions/A/OpenScripting
0x000000000d2be000 	/System/Library/Frameworks/Carbon.framework/Versions/A/Frameworks/Print.framework/Versions/A/Print
0x000000000d2be000 	/System/Library/Frameworks/Carbon.framework/Versions/A/Frameworks/SecurityHI.framework/Versions/A/SecurityHI
0x00000001140e9000 	/Library/Java/JavaVirtualMachines/jdk1.7.0_17.jdk/Contents/Home/jre/lib/libawt.dylib
0x0000000114198000 	/Library/Java/JavaVirtualMachines/jdk1.7.0_17.jdk/Contents/Home/jre/lib/./libmlib_image.dylib
0x0000000114264000 	/Library/Java/JavaVirtualMachines/jdk1.7.0_17.jdk/Contents/Home/jre/lib/lwawt/liblwawt.dylib
0x0000000114316000 	/Library/Java/JavaVirtualMachines/jdk1.7.0_17.jdk/Contents/Home/jre/lib/libosxapp.dylib
0x000000000d2be000 	/System/Library/Frameworks/ExceptionHandling.framework/Versions/A/ExceptionHandling
0x000000000d2be000 	/System/Library/PrivateFrameworks/CoreServicesInternal.framework/Versions/A/CoreServicesInternal
0x000000000d2be000 	/System/Library/PrivateFrameworks/CloudDocs.framework/Versions/A/CloudDocs
0x000000000d2be000 	/System/Library/PrivateFrameworks/CoreDuet.framework/Versions/A/CoreDuet
0x000000000d2be000 	/System/Library/Frameworks/CloudKit.framework/Versions/A/CloudKit
0x000000000d2be000 	/System/Library/PrivateFrameworks/ProtocolBuffer.framework/Versions/A/ProtocolBuffer
0x000000000d2be000 	/System/Library/PrivateFrameworks/CoreDuetDaemonProtocol.framework/Versions/A/CoreDuetDaemonProtocol
0x000000000d2be000 	/System/Library/PrivateFrameworks/CoreDuetDebugLogging.framework/Versions/A/CoreDuetDebugLogging
0x000000000d2be000 	/System/Library/PrivateFrameworks/MMCS.framework/Versions/A/MMCS
0x000000000d2be000 	/System/Library/Frameworks/CoreLocation.framework/Versions/A/CoreLocation
0x000000000d2be000 	/System/Library/PrivateFrameworks/ProtectedCloudStorage.framework/Versions/A/ProtectedCloudStorage
0x000000000d2be000 	/System/Library/PrivateFrameworks/GeoServices.framework/Versions/A/GeoServices
0x000000000d2be000 	/System/Library/Frameworks/CoreGraphics.framework/Versions/A/Resources/libCGCMS.A.dylib
0x000000000d2be000 	/System/Library/Frameworks/CoreGraphics.framework/Versions/A/Resources/libRIP.A.dylib
0x000000000d2be000 	/System/Library/Frameworks/CoreGraphics.framework/Versions/A/Resources/libCGXType.A.dylib
0x000000000d2be000 	/System/Library/Frameworks/OpenCL.framework/Versions/A/Libraries/libcldcpuengine.dylib
0x000000000d2be000 	/System/Library/PrivateFrameworks/DiskImages.framework/Versions/A/DiskImages
0x000000000d2be000 	/System/Library/Frameworks/DiscRecording.framework/Versions/A/DiscRecording
0x000000000d2be000 	/usr/lib/libcsfde.dylib
0x000000000d2be000 	/usr/lib/libcurl.4.dylib
0x000000000d2be000 	/System/Library/PrivateFrameworks/MediaKit.framework/Versions/A/MediaKit
0x000000000d2be000 	/usr/lib/libCoreStorage.dylib
0x000000000d2be000 	/System/Library/PrivateFrameworks/EFILogin.framework/Versions/A/EFILogin
0x000000000d2be000 	/usr/lib/libutil.dylib
0x000000000d2be000 	/System/Library/PrivateFrameworks/FindMyDevice.framework/Versions/A/FindMyDevice
0x000000000d2be000 	/System/Library/Frameworks/LDAP.framework/Versions/A/LDAP
0x000000000d2be000 	/usr/lib/libsasl2.2.dylib
0x000000000d2be000 	/System/Library/PrivateFrameworks/CoreDaemon.framework/Versions/B/CoreDaemon
0x000000000d2be000 	/usr/lib/libcrypto.0.9.8.dylib
0x000000000d2be000 	/System/Library/PrivateFrameworks/AppleSRP.framework/Versions/A/AppleSRP
0x000000000d2be000 	/System/Library/PrivateFrameworks/TrustEvaluationAgent.framework/Versions/A/TrustEvaluationAgent
0x0000000117119000 	cl_kernels
0x000000011711b000 	/System/Library/Frameworks/OpenCL.framework/Versions/A/Libraries/ImageFormats/unorm8_bgra.dylib
0x000000011710a000 	cl_kernels
0x000000000d2be000 	/System/Library/PrivateFrameworks/FamilyControls.framework/Versions/A/FamilyControls
0x000000000d2be000 	/System/Library/PrivateFrameworks/CommerceKit.framework/Versions/A/Frameworks/CommerceCore.framework/Versions/A/CommerceCore
0x000000000d2be000 	/System/Library/PrivateFrameworks/SystemAdministration.framework/Versions/A/SystemAdministration
0x000000000d2be000 	/System/Library/PrivateFrameworks/AppContainer.framework/Versions/A/AppContainer
0x000000000d2be000 	/System/Library/PrivateFrameworks/SecCodeWrapper.framework/Versions/A/SecCodeWrapper
0x000000000d2be000 	/System/Library/Frameworks/DirectoryService.framework/Versions/A/DirectoryService
0x000000000d2be000 	/System/Library/PrivateFrameworks/LoginUIKit.framework/Versions/A/Frameworks/LoginUICore.framework/Versions/A/LoginUICore
0x000000000d2be000 	/usr/lib/libodfde.dylib
0x00000001182de000 	/Library/Java/JavaVirtualMachines/jdk1.7.0_17.jdk/Contents/Home/jre/lib/libfontmanager.dylib
0x000000011832a000 	/Users/William/Documents/workspace/FRESHSTART/lib/natives/macosx/liblwjgl.dylib
0x000000011664d000 	/Library/Java/JavaVirtualMachines/jdk1.7.0_17.jdk/Contents/Home/jre/lib/libjawt.dylib
0x000000000d2be000 	/System/Library/Frameworks/OpenGL.framework/Versions/A/Resources/GLEngine.bundle/GLEngine
0x000000000d2be000 	/System/Library/Frameworks/OpenGL.framework/Versions/A/Libraries/libGLProgrammability.dylib
0x0000000000000000 	/System/Library/Extensions/AppleIntelHD4000GraphicsGLDriver.bundle/Contents/MacOS/AppleIntelHD4000GraphicsGLDriver
0x000000000d2be000 	/System/Library/PrivateFrameworks/IOAccelerator.framework/Versions/A/IOAccelerator
0x000000000d2be000 	/System/Library/PrivateFrameworks/GPUSupport.framework/Versions/A/Libraries/libGPUSupportMercury.dylib
0x000000000d2be000 	/System/Library/Frameworks/OpenGL.framework/Versions/A/Resources/GLRendererFloat.bundle/GLRendererFloat
0x0000000118d0f000 	/Library/Java/JavaVirtualMachines/jdk1.7.0_17.jdk/Contents/Home/jre/lib/libnio.dylib
0x0000000118d1e000 	/Library/Java/JavaVirtualMachines/jdk1.7.0_17.jdk/Contents/Home/jre/lib/./libnet.dylib
0x000000000d2be000 	/System/Library/Frameworks/ApplicationServices.framework/Versions/A/Frameworks/ATS.framework/Versions/A/Resources/libTrueTypeScaler.dylib
0x000000000d2be000 	/System/Library/Frameworks/ApplicationServices.framework/Versions/A/Frameworks/ATS.framework/Versions/A/Resources/libType1Scaler.dylib

VM Arguments:
jvm_args: -Djava.library.path=/Users/William/Documents/workspace/FRESHSTART/lib/natives/macosx -Dfile.encoding=US-ASCII 
java_command: Pacman
Launcher Type: SUN_STANDARD

Environment Variables:
PATH=/usr/bin:/bin:/usr/sbin:/sbin
SHELL=/bin/bash
DISPLAY=/private/tmp/com.apple.launchd.QiQzWWcW6M/org.macosforge.xquartz:0

Signal Handlers:
SIGSEGV: [libjvm.dylib+0x4a361d], sa_mask[0]=0xfffefeff, sa_flags=0x00000042
SIGBUS: [libjvm.dylib+0x4a361d], sa_mask[0]=0xfffefeff, sa_flags=0x00000042
SIGFPE: [libjvm.dylib+0x3b302d], sa_mask[0]=0xfffefeff, sa_flags=0x00000042
SIGPIPE: [libjvm.dylib+0x3b302d], sa_mask[0]=0xfffefeff, sa_flags=0x00000042
SIGXFSZ: [libjvm.dylib+0x3b302d], sa_mask[0]=0xfffefeff, sa_flags=0x00000042
SIGILL: [libjvm.dylib+0x3b302d], sa_mask[0]=0xfffefeff, sa_flags=0x00000042
SIGUSR1: SIG_DFL, sa_mask[0]=0x00000000, sa_flags=0x00000000
SIGUSR2: [libjvm.dylib+0x3b2bc6], sa_mask[0]=0x00000004, sa_flags=0x00000042
SIGHUP: [libjvm.dylib+0x3b0e27], sa_mask[0]=0xfffefeff, sa_flags=0x00000042
SIGINT: [libjvm.dylib+0x3b0e27], sa_mask[0]=0xfffefeff, sa_flags=0x00000042
SIGTERM: [libjvm.dylib+0x3b0e27], sa_mask[0]=0xfffefeff, sa_flags=0x00000042
SIGQUIT: [libjvm.dylib+0x3b0e27], sa_mask[0]=0xfffefeff, sa_flags=0x00000042


---------------  S Y S T E M  ---------------

OS:Bsduname:Darwin 14.3.0 Darwin Kernel Version 14.3.0: Mon Mar 23 11:59:05 PDT 2015; root:xnu-2782.20.48~5/RELEASE_X86_64 x86_64
rlimit: STACK 8192k, CORE 0k, NPROC 709, NOFILE 10240, AS infinity
load average:2.70 9.75 10.22

CPU:total 4 (2 cores per cpu, 2 threads per core) family 6 model 58 stepping 9, cmov, cx8, fxsr, mmx, sse, sse2, sse3, ssse3, sse4.1, sse4.2, popcnt, avx, ht, tsc, tscinvbit, tscinv

Memory: 4k page, physical 706112k(176528k free)

/proc/meminfo:


vm_info: Java HotSpot(TM) 64-Bit Server VM (23.7-b01) for bsd-amd64 JRE (1.7.0_17-b02), built on Mar  1 2013 06:41:23 by "java_re" with gcc 4.2.1 (Based on Apple Inc. build 5658) (LLVM build 2336.11.00)

time: Fri Jun 12 17:27:25 2015
elapsed time: 238 seconds

