#
# A fatal error has been detected by the Java Runtime Environment:
#
#  SIGSEGV (0xb) at pc=0x00007fff9154b0dd, pid=17463, tid=1299
#
# JRE version: 7.0_17-b02
# Java VM: Java HotSpot(TM) 64-Bit Server VM (23.7-b01 mixed mode bsd-amd64 compressed oops)
# Problematic frame:
# C  [libobjc.A.dylib+0x10dd]  objc_msgSend+0x1d
#
# Failed to write core dump. Core dumps have been disabled. To enable core dumping, try "ulimit -c unlimited" before starting Java again
#
# If you would like to submit a bug report, please visit:
#   http://bugreport.sun.com/bugreport/crash.jsp
# The crash happened outside the Java Virtual Machine in native code.
# See problematic frame for where to report the bug.
#

---------------  T H R E A D  ---------------

Current thread (0x00007fc052881800):  JavaThread "AppKit Thread" daemon [_thread_in_native, id=1299, stack(0x00007fff52aa3000,0x00007fff52b23000)]

siginfo:si_signo=SIGSEGV: si_errno=0, si_code=1 (SEGV_MAPERR), si_addr=0x000007fc05147980

Registers:
RAX=0x00007fc051485330, RBX=0x00007fff52b1e9f8, RCX=0x0000000000000000, RDX=0x00007fc0514c0990
RSP=0x00007fff52b1e818, RBP=0x00007fff52b1e820, RSI=0x00007fff9325f423, RDI=0x00007fc051485330
R8 =0x00007fff52b1e800, R9 =0x0000000000000055, R10=0x00007fff9325f423, R11=0x000007fc05147968
R12=0x00007fc0514051e0, R13=0x00000000000f42f5, R14=0x00007fc05140fcd0, R15=0x00007fff52b1e958
RIP=0x00007fff9154b0dd, EFLAGS=0x0000000000010202, ERR=0x0000000000000004
  TRAPNO=0x000000000000000e

Top of Stack: (sp=0x00007fff52b1e818)
0x00007fff52b1e818:   00007fff8dffd45c 00007fff52b1eb80
0x00007fff52b1e828:   00007fff8deed634 00007fff52b1e8ac
0x00007fff52b1e838:   00007fff52b1e8b0 00007fff52b1e8b4
0x00007fff52b1e848:   00007fff7d522e00 ffffffffffffffff
0x00007fff52b1e858:   00000000000007f8 00007fff7d522e18
0x00007fff52b1e868:   00007fc05140fcd0 0000000000000000
0x00007fff52b1e878:   00007fff52b1e950 0000000000000000
0x00007fff52b1e888:   00007fc051595e30 00007fff52b1e9d0
0x00007fff52b1e898:   0000000000000055 00000000000f42f7
0x00007fff52b1e8a8:   00007fc0514c0990 00007fc0515958d0
0x00007fff52b1e8b8:   00007fc0514051e0 0000000000000001
0x00007fff52b1e8c8:   00000000000f42f5 00007fc0514051d0
0x00007fff52b1e8d8:   00007fff91f44c05 00000001517786d0
0x00007fff52b1e8e8:   00007fff7ed9c0d0 0000000042000000
0x00007fff52b1e8f8:   00007fff91f4be63 00007fff7d4ed240
0x00007fff52b1e908:   00007fff52b1e9d8 00007fff52b1e930
0x00007fff52b1e918:   00007fff52b1e950 0000000000000000
0x00007fff52b1e928:   0000000000000006 0001d60300000001
0x00007fff52b1e938:   00007fc051405204 0000000000000000
0x00007fff52b1e948:   0000000000000000 00007fc051595eb0
0x00007fff52b1e958:   00007fc05140fcd0 0000002000000000
0x00007fff52b1e968:   0000000000000000 00007fff7ed9c0d0
0x00007fff52b1e978:   0000000042000000 00007fff91f4b4f8
0x00007fff52b1e988:   00007fff7d4ed350 00007fff52b1e8e8
0x00007fff52b1e998:   0000000000000000 00007fff52b1ea68
0x00007fff52b1e9a8:   00007fff7d617ea0 00007fff52b1eaa0
0x00007fff52b1e9b8:   00007fff957d8edc 00007fff52b1ea50
0x00007fff52b1e9c8:   00007fff929935fd 0000000000000051
0x00007fff52b1e9d8:   0000000000000000 00000000000f42e3
0x00007fff52b1e9e8:   0000000000000053 0000000000000000
0x00007fff52b1e9f8:   00000000000f42f5 00007fff52b1ea74
0x00007fff52b1ea08:   00000000003f1b01 00000000ffffffff 

Instructions: (pc=0x00007fff9154b0dd)
0x00007fff9154b0bd:   00 00 00 48 85 ff 2e 74 7a 40 f6 c7 01 2e 75 7e
0x00007fff9154b0cd:   49 bb f8 ff ff ff ff 7f 00 00 4c 23 1f 49 89 f2
0x00007fff9154b0dd:   45 23 53 18 49 c1 e2 04 4d 03 53 10 49 3b 32 75
0x00007fff9154b0ed:   04 41 ff 62 08 49 83 3a 00 74 6a 4d 3b 53 10 74 

Register to memory mapping:

RAX=0x00007fc051485330 is an unknown value
RBX=0x00007fff52b1e9f8 is pointing into the stack for thread: 0x00007fc052881800
RCX=0x0000000000000000 is an unknown value
RDX=0x00007fc0514c0990 is an unknown value
RSP=0x00007fff52b1e818 is pointing into the stack for thread: 0x00007fc052881800
RBP=0x00007fff52b1e820 is pointing into the stack for thread: 0x00007fc052881800
RSI=0x00007fff9325f423: -[NSTitlebarContainerView transparent]+0x5e307 in /System/Library/Frameworks/AppKit.framework/Versions/C/AppKit at 0x00007fff9285e000
RDI=0x00007fc051485330 is an unknown value
R8 =0x00007fff52b1e800 is pointing into the stack for thread: 0x00007fc052881800
R9 =0x0000000000000055 is an unknown value
R10=0x00007fff9325f423: -[NSTitlebarContainerView transparent]+0x5e307 in /System/Library/Frameworks/AppKit.framework/Versions/C/AppKit at 0x00007fff9285e000
R11=0x000007fc05147968 is an unknown value
R12=0x00007fc0514051e0 is an unknown value
R13=0x00000000000f42f5 is an unknown value
R14=0x00007fc05140fcd0 is an unknown value
R15=0x00007fff52b1e958 is pointing into the stack for thread: 0x00007fc052881800


Stack: [0x00007fff52aa3000,0x00007fff52b23000],  sp=0x00007fff52b1e818,  free space=494k
Native frames: (J=compiled Java code, j=interpreted, Vv=VM code, C=native code)
C  [libobjc.A.dylib+0x10dd]  objc_msgSend+0x1d
C  [CoreFoundation+0x10634]  _CFXNotificationPost+0xc44
C  [Foundation+0x79d1]  -[NSNotificationCenter postNotificationName:object:userInfo:]+0x42
C  [AppKit+0x43ac2]  -[NSSurface _disposeSurface]+0x98
C  [AppKit+0x43526]  -[NSSurface setWindow:]+0x42
C  [AppKit+0x33a10]  -[NSView _setWindow:]+0xa33
C  [AppKit+0x6b091]  -[NSView removeFromSuperview]+0x1c5
C  [AppKit+0x14bea9]  -[NSView removeFromSuperviewWithoutNeedingDisplay]+0x26
C  [liblwjgl.dylib+0xa205]  +[MacOSXKeyableWindow destroyWindow]+0xb5
C  [Foundation+0x92d00]  __NSThreadPerformPerform+0x125
C  [CoreFoundation+0x80a01]  __CFRUNLOOP_IS_CALLING_OUT_TO_A_SOURCE0_PERFORM_FUNCTION__+0x11
C  [CoreFoundation+0x72b8d]  __CFRunLoopDoSources0+0x10d
C  [CoreFoundation+0x721bf]  __CFRunLoopRun+0x39f
C  [CoreFoundation+0x71bd8]  CFRunLoopRunSpecific+0x128
C  [HIToolbox+0x3256f]  RunCurrentEventLoopInMode+0xeb
C  [HIToolbox+0x322ea]  ReceiveNextEventCommon+0x1af
C  [HIToolbox+0x3212b]  _BlockUntilNextEventMatchingListInModeWithFilter+0x47
C  [AppKit+0x919bb]  _DPSNextEvent+0x3d2
C  [AppKit+0x90f68]  -[NSApplication nextEventMatchingMask:untilDate:inMode:dequeue:]+0x15a
C  [libosxapp.dylib+0x1b56]  -[NSApplicationAWT nextEventMatchingMask:untilDate:inMode:dequeue:]+0x7c
C  [AppKit+0x86bf3]  -[NSApplication run]+0x252
C  [libosxapp.dylib+0x19b9]  +[NSApplicationAWT runAWTLoopWithApp:]+0x9c
C  [liblwawt.dylib+0xd81a]  -[AWTStarter starter:]+0x637
C  [Foundation+0x92d00]  __NSThreadPerformPerform+0x125
C  [CoreFoundation+0x80a01]  __CFRUNLOOP_IS_CALLING_OUT_TO_A_SOURCE0_PERFORM_FUNCTION__+0x11
C  [CoreFoundation+0x72b8d]  __CFRunLoopDoSources0+0x10d
C  [CoreFoundation+0x721bf]  __CFRunLoopRun+0x39f
C  [CoreFoundation+0x71bd8]  CFRunLoopRunSpecific+0x128
C  [java+0x742d]  CreateExecutionEnvironment+0x367
C  [java+0x1bdc]  JLI_Launch+0x7a0
C  [java+0x778a]  main+0x65
C  [java+0x1434]  start+0x34


---------------  P R O C E S S  ---------------

Java Threads: ( => current thread )
  0x00007fc051db8800 JavaThread "AWT-Shutdown" [_thread_blocked, id=24639, stack(0x000000011977d000,0x000000011987d000)]
=>0x00007fc052881800 JavaThread "AppKit Thread" daemon [_thread_in_native, id=1299, stack(0x00007fff52aa3000,0x00007fff52b23000)]
  0x00007fc05201c000 JavaThread "Service Thread" daemon [_thread_blocked, id=13827, stack(0x0000000113974000,0x0000000113a74000)]
  0x00007fc052811800 JavaThread "C2 CompilerThread1" daemon [_thread_blocked, id=13571, stack(0x0000000113871000,0x0000000113971000)]
  0x00007fc05280a000 JavaThread "C2 CompilerThread0" daemon [_thread_blocked, id=13323, stack(0x000000011376e000,0x000000011386e000)]
  0x00007fc05304f800 JavaThread "Signal Dispatcher" daemon [_thread_blocked, id=9739, stack(0x000000011366b000,0x000000011376b000)]
  0x00007fc052009800 JavaThread "Finalizer" daemon [_thread_blocked, id=8707, stack(0x0000000111c46000,0x0000000111d46000)]
  0x00007fc053049000 JavaThread "Reference Handler" daemon [_thread_blocked, id=8451, stack(0x0000000111b43000,0x0000000111c43000)]
  0x00007fc053001800 JavaThread "main" [_thread_in_native, id=4355, stack(0x000000010e4a8000,0x000000010e5a8000)]

Other Threads:
  0x00007fc053046800 VMThread [stack: 0x0000000111a40000,0x0000000111b40000] [id=8195]
  0x00007fc05280f000 WatcherThread [stack: 0x0000000113a77000,0x0000000113b77000] [id=14083]

VM state:not at safepoint (normal execution)

VM Mutex/Monitor currently owned by a thread: None

Heap
 def new generation   total 4416K, used 2853K [0x00000007eca00000, 0x00000007ecec0000, 0x00000007f1600000)
  eden space 3968K,  65% used [0x00000007eca00000, 0x00000007ecc8e610, 0x00000007ecde0000)
  from space 448K,  52% used [0x00000007ece50000, 0x00000007ece8b1a0, 0x00000007ecec0000)
  to   space 448K,   0% used [0x00000007ecde0000, 0x00000007ecde0000, 0x00000007ece50000)
 tenured generation   total 9728K, used 2624K [0x00000007f1600000, 0x00000007f1f80000, 0x00000007fae00000)
   the space 9728K,  26% used [0x00000007f1600000, 0x00000007f1890198, 0x00000007f1890200, 0x00000007f1f80000)
 compacting perm gen  total 21248K, used 6094K [0x00000007fae00000, 0x00000007fc2c0000, 0x0000000800000000)
   the space 21248K,  28% used [0x00000007fae00000, 0x00000007fb3f3af0, 0x00000007fb3f3c00, 0x00000007fc2c0000)
No shared spaces configured.

Card table byte_map: [0x00000001116ab000,0x0000000111747000] byte_map_base: 0x000000010d746000

Polling page: 0x000000010d1fc000

Code Cache  [0x000000010e5eb000, 0x000000010e85b000, 0x00000001115eb000)
 total_blobs=493 nmethods=177 adapters=268 free_code_cache=48430Kb largest_free_block=49567552

Compilation events (10 events):
Event: 66.495 Thread 0x00007fc05280a000 nmethod 167 0x000000010e68b050 code [0x000000010e68b180, 0x000000010e68b1d8]
Event: 66.496 Thread 0x00007fc052811800 nmethod 169 0x000000010e68add0 code [0x000000010e68af20, 0x000000010e68afa8]
Event: 66.653 Thread 0x00007fc05280a000  170             java.nio.DirectIntBufferU::put (18 bytes)
Event: 66.655 Thread 0x00007fc05280a000 nmethod 170 0x000000010e68a810 code [0x000000010e68a940, 0x000000010e68a9d8]
Event: 69.747 Thread 0x00007fc052811800  172   !         org.lwjgl.opengl.Display::isCreated (17 bytes)
Event: 69.750 Thread 0x00007fc052811800 nmethod 172 0x000000010e69f590 code [0x000000010e69f6e0, 0x000000010e69f938]
Event: 70.835 Thread 0x00007fc05280a000  174   !         sun.misc.Cleaner::clean (35 bytes)
Event: 70.835 Thread 0x00007fc052811800  175  s          sun.misc.Cleaner::remove (89 bytes)
Event: 70.841 Thread 0x00007fc052811800 nmethod 175 0x000000010e69ef90 code [0x000000010e69f100, 0x000000010e69f438]
Event: 70.845 Thread 0x00007fc05280a000 nmethod 174 0x000000010e69e490 code [0x000000010e69e640, 0x000000010e69ece8]

GC Heap History (10 events):
Event: 48.572 GC heap before
{Heap before GC invocations=12 (full 0):
 def new generation   total 4416K, used 4192K [0x00000007eca00000, 0x00000007ecec0000, 0x00000007f1600000)
  eden space 3968K, 100% used [0x00000007eca00000, 0x00000007ecde0000, 0x00000007ecde0000)
  from space 448K,  50% used [0x00000007ecde0000, 0x00000007ece18228, 0x00000007ece50000)
  to   space 448K,   0% used [0x00000007ece50000, 0x00000007ece50000, 0x00000007ecec0000)
 tenured generation   total 9728K, used 2175K [0x00000007f1600000, 0x00000007f1f80000, 0x00000007fae00000)
   the space 9728K,  22% used [0x00000007f1600000, 0x00000007f181fd08, 0x00000007f181fe00, 0x00000007f1f80000)
 compacting perm gen  total 21248K, used 6057K [0x00000007fae00000, 0x00000007fc2c0000, 0x0000000800000000)
   the space 21248K,  28% used [0x00000007fae00000, 0x00000007fb3ea438, 0x00000007fb3ea600, 0x00000007fc2c0000)
No shared spaces configured.
Event: 48.575 GC heap after
Heap after GC invocations=13 (full 0):
 def new generation   total 4416K, used 235K [0x00000007eca00000, 0x00000007ecec0000, 0x00000007f1600000)
  eden space 3968K,   0% used [0x00000007eca00000, 0x00000007eca00000, 0x00000007ecde0000)
  from space 448K,  52% used [0x00000007ece50000, 0x00000007ece8afe8, 0x00000007ecec0000)
  to   space 448K,   0% used [0x00000007ecde0000, 0x00000007ecde0000, 0x00000007ece50000)
 tenured generation   total 9728K, used 2258K [0x00000007f1600000, 0x00000007f1f80000, 0x00000007fae00000)
   the space 9728K,  23% used [0x00000007f1600000, 0x00000007f1834b80, 0x00000007f1834c00, 0x00000007f1f80000)
 compacting perm gen  total 21248K, used 6057K [0x00000007fae00000, 0x00000007fc2c0000, 0x0000000800000000)
   the space 21248K,  28% used [0x00000007fae00000, 0x00000007fb3ea438, 0x00000007fb3ea600, 0x00000007fc2c0000)
No shared spaces configured.
}
Event: 54.397 GC heap before
{Heap before GC invocations=13 (full 0):
 def new generation   total 4416K, used 4203K [0x00000007eca00000, 0x00000007ecec0000, 0x00000007f1600000)
  eden space 3968K, 100% used [0x00000007eca00000, 0x00000007ecde0000, 0x00000007ecde0000)
  from space 448K,  52% used [0x00000007ece50000, 0x00000007ece8afe8, 0x00000007ecec0000)
  to   space 448K,   0% used [0x00000007ecde0000, 0x00000007ecde0000, 0x00000007ece50000)
 tenured generation   total 9728K, used 2258K [0x00000007f1600000, 0x00000007f1f80000, 0x00000007fae00000)
   the space 9728K,  23% used [0x00000007f1600000, 0x00000007f1834b80, 0x00000007f1834c00, 0x00000007f1f80000)
 compacting perm gen  total 21248K, used 6057K [0x00000007fae00000, 0x00000007fc2c0000, 0x0000000800000000)
   the space 21248K,  28% used [0x00000007fae00000, 0x00000007fb3ea5d8, 0x00000007fb3ea600, 0x00000007fc2c0000)
No shared spaces configured.
Event: 54.400 GC heap after
Heap after GC invocations=14 (full 0):
 def new generation   total 4416K, used 222K [0x00000007eca00000, 0x00000007ecec0000, 0x00000007f1600000)
  eden space 3968K,   0% used [0x00000007eca00000, 0x00000007eca00000, 0x00000007ecde0000)
  from space 448K,  49% used [0x00000007ecde0000, 0x00000007ece17888, 0x00000007ece50000)
  to   space 448K,   0% used [0x00000007ece50000, 0x00000007ece50000, 0x00000007ecec0000)
 tenured generation   total 9728K, used 2342K [0x00000007f1600000, 0x00000007f1f80000, 0x00000007fae00000)
   the space 9728K,  24% used [0x00000007f1600000, 0x00000007f1849978, 0x00000007f1849a00, 0x00000007f1f80000)
 compacting perm gen  total 21248K, used 6057K [0x00000007fae00000, 0x00000007fc2c0000, 0x0000000800000000)
   the space 21248K,  28% used [0x00000007fae00000, 0x00000007fb3ea5d8, 0x00000007fb3ea600, 0x00000007fc2c0000)
No shared spaces configured.
}
Event: 59.436 GC heap before
{Heap before GC invocations=14 (full 0):
 def new generation   total 4416K, used 4190K [0x00000007eca00000, 0x00000007ecec0000, 0x00000007f1600000)
  eden space 3968K, 100% used [0x00000007eca00000, 0x00000007ecde0000, 0x00000007ecde0000)
  from space 448K,  49% used [0x00000007ecde0000, 0x00000007ece17888, 0x00000007ece50000)
  to   space 448K,   0% used [0x00000007ece50000, 0x00000007ece50000, 0x00000007ecec0000)
 tenured generation   total 9728K, used 2342K [0x00000007f1600000, 0x00000007f1f80000, 0x00000007fae00000)
   the space 9728K,  24% used [0x00000007f1600000, 0x00000007f1849978, 0x00000007f1849a00, 0x00000007f1f80000)
 compacting perm gen  total 21248K, used 6058K [0x00000007fae00000, 0x00000007fc2c0000, 0x0000000800000000)
   the space 21248K,  28% used [0x00000007fae00000, 0x00000007fb3ea928, 0x00000007fb3eaa00, 0x00000007fc2c0000)
No shared spaces configured.
Event: 59.439 GC heap after
Heap after GC invocations=15 (full 0):
 def new generation   total 4416K, used 338K [0x00000007eca00000, 0x00000007ecec0000, 0x00000007f1600000)
  eden space 3968K,   0% used [0x00000007eca00000, 0x00000007eca00000, 0x00000007ecde0000)
  from space 448K,  75% used [0x00000007ece50000, 0x00000007ecea4b80, 0x00000007ecec0000)
  to   space 448K,   0% used [0x00000007ecde0000, 0x00000007ecde0000, 0x00000007ece50000)
 tenured generation   total 9728K, used 2342K [0x00000007f1600000, 0x00000007f1f80000, 0x00000007fae00000)
   the space 9728K,  24% used [0x00000007f1600000, 0x00000007f1849978, 0x00000007f1849a00, 0x00000007f1f80000)
 compacting perm gen  total 21248K, used 6058K [0x00000007fae00000, 0x00000007fc2c0000, 0x0000000800000000)
   the space 21248K,  28% used [0x00000007fae00000, 0x00000007fb3ea928, 0x00000007fb3eaa00, 0x00000007fc2c0000)
No shared spaces configured.
}
Event: 65.896 GC heap before
{Heap before GC invocations=15 (full 0):
 def new generation   total 4416K, used 4306K [0x00000007eca00000, 0x00000007ecec0000, 0x00000007f1600000)
  eden space 3968K, 100% used [0x00000007eca00000, 0x00000007ecde0000, 0x00000007ecde0000)
  from space 448K,  75% used [0x00000007ece50000, 0x00000007ecea4b80, 0x00000007ecec0000)
  to   space 448K,   0% used [0x00000007ecde0000, 0x00000007ecde0000, 0x00000007ece50000)
 tenured generation   total 9728K, used 2342K [0x00000007f1600000, 0x00000007f1f80000, 0x00000007fae00000)
   the space 9728K,  24% used [0x00000007f1600000, 0x00000007f1849978, 0x00000007f1849a00, 0x00000007f1f80000)
 compacting perm gen  total 21248K, used 6085K [0x00000007fae00000, 0x00000007fc2c0000, 0x0000000800000000)
   the space 21248K,  28% used [0x00000007fae00000, 0x00000007fb3f1408, 0x00000007fb3f1600, 0x00000007fc2c0000)
No shared spaces configured.
Event: 65.899 GC heap after
Heap after GC invocations=16 (full 0):
 def new generation   total 4416K, used 235K [0x00000007eca00000, 0x00000007ecec0000, 0x00000007f1600000)
  eden space 3968K,   0% used [0x00000007eca00000, 0x00000007eca00000, 0x00000007ecde0000)
  from space 448K,  52% used [0x00000007ecde0000, 0x00000007ece1afc8, 0x00000007ece50000)
  to   space 448K,   0% used [0x00000007ece50000, 0x00000007ece50000, 0x00000007ecec0000)
 tenured generation   total 9728K, used 2540K [0x00000007f1600000, 0x00000007f1f80000, 0x00000007fae00000)
   the space 9728K,  26% used [0x00000007f1600000, 0x00000007f187b0c8, 0x00000007f187b200, 0x00000007f1f80000)
 compacting perm gen  total 21248K, used 6085K [0x00000007fae00000, 0x00000007fc2c0000, 0x0000000800000000)
   the space 21248K,  28% used [0x00000007fae00000, 0x00000007fb3f1408, 0x00000007fb3f1600, 0x00000007fc2c0000)
No shared spaces configured.
}
Event: 70.831 GC heap before
{Heap before GC invocations=16 (full 0):
 def new generation   total 4416K, used 4203K [0x00000007eca00000, 0x00000007ecec0000, 0x00000007f1600000)
  eden space 3968K, 100% used [0x00000007eca00000, 0x00000007ecde0000, 0x00000007ecde0000)
  from space 448K,  52% used [0x00000007ecde0000, 0x00000007ece1afc8, 0x00000007ece50000)
  to   space 448K,   0% used [0x00000007ece50000, 0x00000007ece50000, 0x00000007ecec0000)
 tenured generation   total 9728K, used 2540K [0x00000007f1600000, 0x00000007f1f80000, 0x00000007fae00000)
   the space 9728K,  26% used [0x00000007f1600000, 0x00000007f187b0c8, 0x00000007f187b200, 0x00000007f1f80000)
 compacting perm gen  total 21248K, used 6089K [0x00000007fae00000, 0x00000007fc2c0000, 0x0000000800000000)
   the space 21248K,  28% used [0x00000007fae00000, 0x00000007fb3f24c8, 0x00000007fb3f2600, 0x00000007fc2c0000)
No shared spaces configured.
Event: 70.835 GC heap after
Heap after GC invocations=17 (full 0):
 def new generation   total 4416K, used 236K [0x00000007eca00000, 0x00000007ecec0000, 0x00000007f1600000)
  eden space 3968K,   0% used [0x00000007eca00000, 0x00000007eca00000, 0x00000007ecde0000)
  from space 448K,  52% used [0x00000007ece50000, 0x00000007ece8b1a0, 0x00000007ecec0000)
  to   space 448K,   0% used [0x00000007ecde0000, 0x00000007ecde0000, 0x00000007ece50000)
 tenured generation   total 9728K, used 2624K [0x00000007f1600000, 0x00000007f1f80000, 0x00000007fae00000)
   the space 9728K,  26% used [0x00000007f1600000, 0x00000007f1890198, 0x00000007f1890200, 0x00000007f1f80000)
 compacting perm gen  total 21248K, used 6089K [0x00000007fae00000, 0x00000007fc2c0000, 0x0000000800000000)
   the space 21248K,  28% used [0x00000007fae00000, 0x00000007fb3f24c8, 0x00000007fb3f2600, 0x00000007fc2c0000)
No shared spaces configured.
}

Deoptimization events (0 events):
No events

Internal exceptions (10 events):
Event: 1.445 Thread 0x00007fc053001800 Threw 0x00000007ecb010f0 at /HUDSON/workspace/jdk7u17-2-build-macosx-amd64-product/jdk7u17/hotspot/src/share/vm/prims/jvm.cpp:1166
Event: 1.472 Thread 0x00007fc053001800 Threw 0x00000007ecb34880 at /HUDSON/workspace/jdk7u17-2-build-macosx-amd64-product/jdk7u17/hotspot/src/share/vm/prims/jvm.cpp:1166
Event: 1.473 Thread 0x00007fc053001800 Threw 0x00000007ecb36858 at /HUDSON/workspace/jdk7u17-2-build-macosx-amd64-product/jdk7u17/hotspot/src/share/vm/prims/jvm.cpp:1166
Event: 1.474 Thread 0x00007fc053001800 Threw 0x00000007ecb38f68 at /HUDSON/workspace/jdk7u17-2-build-macosx-amd64-product/jdk7u17/hotspot/src/share/vm/prims/jvm.cpp:1166
Event: 1.477 Thread 0x00007fc053001800 Threw 0x00000007ecb40540 at /HUDSON/workspace/jdk7u17-2-build-macosx-amd64-product/jdk7u17/hotspot/src/share/vm/prims/jvm.cpp:1166
Event: 1.477 Thread 0x00007fc053001800 Threw 0x00000007ecb43208 at /HUDSON/workspace/jdk7u17-2-build-macosx-amd64-product/jdk7u17/hotspot/src/share/vm/prims/jvm.cpp:1166
Event: 1.480 Thread 0x00007fc053001800 Threw 0x00000007ecb473e8 at /HUDSON/workspace/jdk7u17-2-build-macosx-amd64-product/jdk7u17/hotspot/src/share/vm/prims/jvm.cpp:1166
Event: 1.514 Thread 0x00007fc053001800 Threw 0x00000007ecb527b8 at /HUDSON/workspace/jdk7u17-2-build-macosx-amd64-product/jdk7u17/hotspot/src/share/vm/prims/jvm.cpp:1166
Event: 1.519 Thread 0x00007fc053001800 Threw 0x00000007ecb57228 at /HUDSON/workspace/jdk7u17-2-build-macosx-amd64-product/jdk7u17/hotspot/src/share/vm/prims/jvm.cpp:1166
Event: 75.385 Thread 0x00007fc053001800 Threw 0x00000007ecc88120 at /HUDSON/workspace/jdk7u17-2-build-macosx-amd64-product/jdk7u17/hotspot/src/share/vm/prims/jvm.cpp:1166

Events (10 events):
Event: 69.425 Thread 0x00007fc052181800 Thread exited: 0x00007fc052181800
Event: 69.917 Thread 0x00007fc0536a4800 Thread added: 0x00007fc0536a4800
Event: 70.831 Executing VM operation: GenCollectForAllocation
Event: 70.835 Executing VM operation: GenCollectForAllocation done
Event: 70.919 Executing VM operation: RevokeBias
Event: 70.919 Executing VM operation: RevokeBias done
Event: 70.919 Thread 0x00007fc0536a4800 Thread exited: 0x00007fc0536a4800
Event: 71.247 Thread 0x00007fc051db8800 Thread added: 0x00007fc051db8800
Event: 75.385 loading class 0x00007fc0517575a0
Event: 75.385 loading class 0x00007fc0517575a0 done


Dynamic libraries:
0x000000000c88d000 	/System/Library/Frameworks/Cocoa.framework/Versions/A/Cocoa
0x000000000c88d000 	/System/Library/Frameworks/Security.framework/Versions/A/Security
0x000000000c88d000 	/System/Library/Frameworks/ApplicationServices.framework/Versions/A/ApplicationServices
0x000000000c88d000 	/usr/lib/libz.1.dylib
0x000000000c88d000 	/usr/lib/libSystem.B.dylib
0x000000000c88d000 	/usr/lib/libobjc.A.dylib
0x000000000c88d000 	/System/Library/Frameworks/CoreFoundation.framework/Versions/A/CoreFoundation
0x000000000c88d000 	/System/Library/Frameworks/AppKit.framework/Versions/C/AppKit
0x000000000c88d000 	/System/Library/Frameworks/CoreData.framework/Versions/A/CoreData
0x000000000c88d000 	/System/Library/Frameworks/Foundation.framework/Versions/C/Foundation
0x000000000c88d000 	/System/Library/PrivateFrameworks/RemoteViewServices.framework/Versions/A/RemoteViewServices
0x000000000c88d000 	/System/Library/PrivateFrameworks/UIFoundation.framework/Versions/A/UIFoundation
0x000000000c88d000 	/System/Library/Frameworks/IOSurface.framework/Versions/A/IOSurface
0x000000000c88d000 	/System/Library/Frameworks/AudioToolbox.framework/Versions/A/AudioToolbox
0x000000000c88d000 	/System/Library/Frameworks/AudioUnit.framework/Versions/A/AudioUnit
0x000000000c88d000 	/System/Library/PrivateFrameworks/DataDetectorsCore.framework/Versions/A/DataDetectorsCore
0x000000000c88d000 	/System/Library/PrivateFrameworks/DesktopServicesPriv.framework/Versions/A/DesktopServicesPriv
0x000000000c88d000 	/System/Library/Frameworks/Carbon.framework/Versions/A/Frameworks/HIToolbox.framework/Versions/A/HIToolbox
0x000000000c88d000 	/System/Library/Frameworks/QuartzCore.framework/Versions/A/QuartzCore
0x000000000c88d000 	/System/Library/Frameworks/Carbon.framework/Versions/A/Frameworks/SpeechRecognition.framework/Versions/A/SpeechRecognition
0x000000000c88d000 	/usr/lib/libauto.dylib
0x000000000c88d000 	/usr/lib/libicucore.A.dylib
0x000000000c88d000 	/usr/lib/libxml2.2.dylib
0x000000000c88d000 	/System/Library/PrivateFrameworks/CoreUI.framework/Versions/A/CoreUI
0x000000000c88d000 	/System/Library/Frameworks/CoreAudio.framework/Versions/A/CoreAudio
0x000000000c88d000 	/System/Library/Frameworks/DiskArbitration.framework/Versions/A/DiskArbitration
0x000000000c88d000 	/usr/lib/liblangid.dylib
0x000000000c88d000 	/System/Library/PrivateFrameworks/MultitouchSupport.framework/Versions/A/MultitouchSupport
0x000000000c88d000 	/System/Library/Frameworks/IOKit.framework/Versions/A/IOKit
0x000000000c88d000 	/usr/lib/libDiagnosticMessagesClient.dylib
0x000000000c88d000 	/System/Library/Frameworks/CoreServices.framework/Versions/A/CoreServices
0x000000000c88d000 	/System/Library/PrivateFrameworks/PerformanceAnalysis.framework/Versions/A/PerformanceAnalysis
0x000000000c88d000 	/System/Library/PrivateFrameworks/GenerationalStorage.framework/Versions/A/GenerationalStorage
0x000000000c88d000 	/System/Library/Frameworks/OpenGL.framework/Versions/A/OpenGL
0x000000000c88d000 	/System/Library/PrivateFrameworks/Sharing.framework/Versions/A/Sharing
0x000000000c88d000 	/System/Library/Frameworks/CoreGraphics.framework/Versions/A/CoreGraphics
0x000000000c88d000 	/System/Library/Frameworks/CoreText.framework/Versions/A/CoreText
0x000000000c88d000 	/System/Library/Frameworks/ImageIO.framework/Versions/A/ImageIO
0x000000000c88d000 	/usr/lib/libextension.dylib
0x000000000c88d000 	/System/Library/PrivateFrameworks/Backup.framework/Versions/A/Backup
0x000000000c88d000 	/usr/lib/libarchive.2.dylib
0x000000000c88d000 	/System/Library/Frameworks/CFNetwork.framework/Versions/A/CFNetwork
0x000000000c88d000 	/System/Library/Frameworks/SystemConfiguration.framework/Versions/A/SystemConfiguration
0x000000000c88d000 	/usr/lib/libCRFSuite.dylib
0x000000000c88d000 	/usr/lib/libc++.1.dylib
0x000000000c88d000 	/usr/lib/libc++abi.dylib
0x000000000c88d000 	/usr/lib/system/libcache.dylib
0x000000000c88d000 	/usr/lib/system/libcommonCrypto.dylib
0x000000000c88d000 	/usr/lib/system/libcompiler_rt.dylib
0x000000000c88d000 	/usr/lib/system/libcopyfile.dylib
0x000000000c88d000 	/usr/lib/system/libcorecrypto.dylib
0x000000000c88d000 	/usr/lib/system/libdispatch.dylib
0x000000000c88d000 	/usr/lib/system/libdyld.dylib
0x000000000c88d000 	/usr/lib/system/libkeymgr.dylib
0x000000000c88d000 	/usr/lib/system/liblaunch.dylib
0x000000000c88d000 	/usr/lib/system/libmacho.dylib
0x000000000c88d000 	/usr/lib/system/libquarantine.dylib
0x000000000c88d000 	/usr/lib/system/libremovefile.dylib
0x000000000c88d000 	/usr/lib/system/libsystem_asl.dylib
0x000000000c88d000 	/usr/lib/system/libsystem_blocks.dylib
0x000000000c88d000 	/usr/lib/system/libsystem_c.dylib
0x000000000c88d000 	/usr/lib/system/libsystem_configuration.dylib
0x000000000c88d000 	/usr/lib/system/libsystem_coreservices.dylib
0x000000000c88d000 	/usr/lib/system/libsystem_coretls.dylib
0x000000000c88d000 	/usr/lib/system/libsystem_dnssd.dylib
0x000000000c88d000 	/usr/lib/system/libsystem_info.dylib
0x000000000c88d000 	/usr/lib/system/libsystem_kernel.dylib
0x000000000c88d000 	/usr/lib/system/libsystem_m.dylib
0x000000000c88d000 	/usr/lib/system/libsystem_malloc.dylib
0x000000000c88d000 	/usr/lib/system/libsystem_network.dylib
0x000000000c88d000 	/usr/lib/system/libsystem_networkextension.dylib
0x000000000c88d000 	/usr/lib/system/libsystem_notify.dylib
0x000000000c88d000 	/usr/lib/system/libsystem_platform.dylib
0x000000000c88d000 	/usr/lib/system/libsystem_pthread.dylib
0x000000000c88d000 	/usr/lib/system/libsystem_sandbox.dylib
0x000000000c88d000 	/usr/lib/system/libsystem_secinit.dylib
0x000000000c88d000 	/usr/lib/system/libsystem_stats.dylib
0x000000000c88d000 	/usr/lib/system/libsystem_trace.dylib
0x000000000c88d000 	/usr/lib/system/libunc.dylib
0x000000000c88d000 	/usr/lib/system/libunwind.dylib
0x000000000c88d000 	/usr/lib/system/libxpc.dylib
0x000000000c88d000 	/usr/lib/libbz2.1.0.dylib
0x000000000c88d000 	/usr/lib/liblzma.5.dylib
0x000000000c88d000 	/usr/lib/libbsm.0.dylib
0x000000000c88d000 	/usr/lib/libsqlite3.dylib
0x000000000c88d000 	/usr/lib/system/libkxld.dylib
0x000000000c88d000 	/usr/lib/libxar.1.dylib
0x000000000c88d000 	/usr/lib/libpam.2.dylib
0x000000000c88d000 	/usr/lib/libOpenScriptingUtil.dylib
0x000000000c88d000 	/System/Library/Frameworks/CoreServices.framework/Versions/A/Frameworks/FSEvents.framework/Versions/A/FSEvents
0x000000000c88d000 	/System/Library/Frameworks/CoreServices.framework/Versions/A/Frameworks/CarbonCore.framework/Versions/A/CarbonCore
0x000000000c88d000 	/System/Library/Frameworks/CoreServices.framework/Versions/A/Frameworks/Metadata.framework/Versions/A/Metadata
0x000000000c88d000 	/System/Library/Frameworks/CoreServices.framework/Versions/A/Frameworks/OSServices.framework/Versions/A/OSServices
0x000000000c88d000 	/System/Library/Frameworks/CoreServices.framework/Versions/A/Frameworks/SearchKit.framework/Versions/A/SearchKit
0x000000000c88d000 	/System/Library/Frameworks/CoreServices.framework/Versions/A/Frameworks/AE.framework/Versions/A/AE
0x000000000c88d000 	/System/Library/Frameworks/CoreServices.framework/Versions/A/Frameworks/LaunchServices.framework/Versions/A/LaunchServices
0x000000000c88d000 	/System/Library/Frameworks/CoreServices.framework/Versions/A/Frameworks/DictionaryServices.framework/Versions/A/DictionaryServices
0x000000000c88d000 	/System/Library/Frameworks/NetFS.framework/Versions/A/NetFS
0x000000000c88d000 	/System/Library/PrivateFrameworks/NetAuth.framework/Versions/A/NetAuth
0x000000000c88d000 	/System/Library/PrivateFrameworks/login.framework/Versions/A/Frameworks/loginsupport.framework/Versions/A/loginsupport
0x000000000c88d000 	/System/Library/PrivateFrameworks/TCC.framework/Versions/A/TCC
0x000000000c88d000 	/usr/lib/libmecabra.dylib
0x000000000c88d000 	/System/Library/Frameworks/ApplicationServices.framework/Versions/A/Frameworks/ATS.framework/Versions/A/ATS
0x000000000c88d000 	/System/Library/Frameworks/ApplicationServices.framework/Versions/A/Frameworks/ColorSync.framework/Versions/A/ColorSync
0x000000000c88d000 	/System/Library/Frameworks/ApplicationServices.framework/Versions/A/Frameworks/HIServices.framework/Versions/A/HIServices
0x000000000c88d000 	/System/Library/Frameworks/ApplicationServices.framework/Versions/A/Frameworks/LangAnalysis.framework/Versions/A/LangAnalysis
0x000000000c88d000 	/System/Library/Frameworks/ApplicationServices.framework/Versions/A/Frameworks/PrintCore.framework/Versions/A/PrintCore
0x000000000c88d000 	/System/Library/Frameworks/ApplicationServices.framework/Versions/A/Frameworks/QD.framework/Versions/A/QD
0x000000000c88d000 	/System/Library/Frameworks/ApplicationServices.framework/Versions/A/Frameworks/SpeechSynthesis.framework/Versions/A/SpeechSynthesis
0x000000000c88d000 	/System/Library/Frameworks/Accelerate.framework/Versions/A/Accelerate
0x000000000c88d000 	/System/Library/Frameworks/Accelerate.framework/Versions/A/Frameworks/vImage.framework/Versions/A/vImage
0x000000000c88d000 	/System/Library/Frameworks/Accelerate.framework/Versions/A/Frameworks/vecLib.framework/Versions/A/vecLib
0x000000000c88d000 	/System/Library/Frameworks/Accelerate.framework/Versions/A/Frameworks/vecLib.framework/Versions/A/libvDSP.dylib
0x000000000c88d000 	/System/Library/Frameworks/Accelerate.framework/Versions/A/Frameworks/vecLib.framework/Versions/A/libvMisc.dylib
0x000000000c88d000 	/System/Library/Frameworks/Accelerate.framework/Versions/A/Frameworks/vecLib.framework/Versions/A/libLAPACK.dylib
0x000000000c88d000 	/System/Library/Frameworks/Accelerate.framework/Versions/A/Frameworks/vecLib.framework/Versions/A/libBLAS.dylib
0x000000000c88d000 	/System/Library/Frameworks/Accelerate.framework/Versions/A/Frameworks/vecLib.framework/Versions/A/libLinearAlgebra.dylib
0x000000000c88d000 	/System/Library/Frameworks/ApplicationServices.framework/Versions/A/Frameworks/ATS.framework/Versions/A/Resources/libFontParser.dylib
0x000000000c88d000 	/System/Library/Frameworks/ApplicationServices.framework/Versions/A/Frameworks/ATS.framework/Versions/A/Resources/libFontRegistry.dylib
0x000000000c88d000 	/System/Library/PrivateFrameworks/AppleVPA.framework/Versions/A/AppleVPA
0x000000000c88d000 	/System/Library/PrivateFrameworks/AppleJPEG.framework/Versions/A/AppleJPEG
0x000000000c88d000 	/System/Library/Frameworks/ImageIO.framework/Versions/A/Resources/libJPEG.dylib
0x000000000c88d000 	/System/Library/Frameworks/ImageIO.framework/Versions/A/Resources/libTIFF.dylib
0x000000000c88d000 	/System/Library/Frameworks/ImageIO.framework/Versions/A/Resources/libPng.dylib
0x000000000c88d000 	/System/Library/Frameworks/ImageIO.framework/Versions/A/Resources/libGIF.dylib
0x000000000c88d000 	/System/Library/Frameworks/ImageIO.framework/Versions/A/Resources/libJP2.dylib
0x000000000c88d000 	/System/Library/Frameworks/ImageIO.framework/Versions/A/Resources/libRadiance.dylib
0x000000000c88d000 	/System/Library/Frameworks/CoreVideo.framework/Versions/A/CoreVideo
0x000000000c88d000 	/System/Library/Frameworks/OpenGL.framework/Versions/A/Libraries/libGLU.dylib
0x000000000c88d000 	/System/Library/Frameworks/OpenGL.framework/Versions/A/Libraries/libGFXShared.dylib
0x000000000c88d000 	/System/Library/Frameworks/OpenGL.framework/Versions/A/Libraries/libGL.dylib
0x000000000c88d000 	/System/Library/Frameworks/OpenGL.framework/Versions/A/Libraries/libGLImage.dylib
0x000000000c88d000 	/System/Library/Frameworks/OpenGL.framework/Versions/A/Libraries/libCVMSPluginSupport.dylib
0x000000000c88d000 	/System/Library/Frameworks/OpenGL.framework/Versions/A/Libraries/libCoreVMClient.dylib
0x000000000c88d000 	/usr/lib/libcups.2.dylib
0x000000000c88d000 	/System/Library/Frameworks/Kerberos.framework/Versions/A/Kerberos
0x000000000c88d000 	/System/Library/Frameworks/GSS.framework/Versions/A/GSS
0x000000000c88d000 	/usr/lib/libresolv.9.dylib
0x000000000c88d000 	/usr/lib/libiconv.2.dylib
0x000000000c88d000 	/System/Library/PrivateFrameworks/Heimdal.framework/Versions/A/Heimdal
0x000000000c88d000 	/usr/lib/libheimdal-asn1.dylib
0x000000000c88d000 	/System/Library/Frameworks/OpenDirectory.framework/Versions/A/OpenDirectory
0x000000000c88d000 	/System/Library/PrivateFrameworks/CommonAuth.framework/Versions/A/CommonAuth
0x000000000c88d000 	/System/Library/Frameworks/OpenDirectory.framework/Versions/A/Frameworks/CFOpenDirectory.framework/Versions/A/CFOpenDirectory
0x000000000c88d000 	/System/Library/Frameworks/SecurityFoundation.framework/Versions/A/SecurityFoundation
0x000000000c88d000 	/System/Library/PrivateFrameworks/LanguageModeling.framework/Versions/A/LanguageModeling
0x000000000c88d000 	/usr/lib/libcmph.dylib
0x000000000c88d000 	/System/Library/Frameworks/ServiceManagement.framework/Versions/A/ServiceManagement
0x000000000c88d000 	/usr/lib/libxslt.1.dylib
0x000000000c88d000 	/System/Library/Frameworks/Carbon.framework/Versions/A/Frameworks/Ink.framework/Versions/A/Ink
0x000000000c88d000 	/System/Library/Frameworks/QuartzCore.framework/Versions/A/Frameworks/CoreImage.framework/Versions/A/CoreImage
0x000000000c88d000 	/System/Library/PrivateFrameworks/CrashReporterSupport.framework/Versions/A/CrashReporterSupport
0x000000000c88d000 	/System/Library/Frameworks/OpenCL.framework/Versions/A/OpenCL
0x000000000c88d000 	/System/Library/PrivateFrameworks/FaceCore.framework/Versions/A/FaceCore
0x000000000c88d000 	/System/Library/PrivateFrameworks/Ubiquity.framework/Versions/A/Ubiquity
0x000000000c88d000 	/System/Library/PrivateFrameworks/IconServices.framework/Versions/A/IconServices
0x000000000c88d000 	/System/Library/PrivateFrameworks/ChunkingLibrary.framework/Versions/A/ChunkingLibrary
0x000000000c88d000 	/System/Library/PrivateFrameworks/Apple80211.framework/Versions/A/Apple80211
0x000000000c88d000 	/System/Library/Frameworks/CoreWLAN.framework/Versions/A/CoreWLAN
0x000000000c88d000 	/System/Library/Frameworks/IOBluetooth.framework/Versions/A/IOBluetooth
0x000000000c88d000 	/System/Library/PrivateFrameworks/CoreWiFi.framework/Versions/A/CoreWiFi
0x000000000c88d000 	/System/Library/Frameworks/CoreBluetooth.framework/Versions/A/CoreBluetooth
0x000000000c88d000 	/System/Library/PrivateFrameworks/DebugSymbols.framework/Versions/A/DebugSymbols
0x000000000c88d000 	/System/Library/PrivateFrameworks/CoreSymbolication.framework/Versions/A/CoreSymbolication
0x000000000c88d000 	/System/Library/PrivateFrameworks/Symbolication.framework/Versions/A/Symbolication
0x000000000c88d000 	/System/Library/PrivateFrameworks/SpeechRecognitionCore.framework/Versions/A/SpeechRecognitionCore
0x000000010da00000 	/Library/Java/JavaVirtualMachines/jdk1.7.0_17.jdk/Contents/Home/jre/lib/server/libjvm.dylib
0x000000000c88d000 	/usr/lib/libstdc++.6.dylib
0x000000010d1ef000 	/Library/Java/JavaVirtualMachines/jdk1.7.0_17.jdk/Contents/Home/jre/lib/libverify.dylib
0x000000010e5aa000 	/Library/Java/JavaVirtualMachines/jdk1.7.0_17.jdk/Contents/Home/jre/lib/libjava.dylib
0x000000010e5e2000 	/Library/Java/JavaVirtualMachines/jdk1.7.0_17.jdk/Contents/Home/jre/lib/libzip.dylib
0x0000000111d48000 	/System/Library/Frameworks/JavaVM.framework/Frameworks/JavaRuntimeSupport.framework/JavaRuntimeSupport
0x0000000111d60000 	/System/Library/Frameworks/JavaVM.framework/Versions/A/Frameworks/JavaNativeFoundation.framework/Versions/A/JavaNativeFoundation
0x0000000111d75000 	/System/Library/Frameworks/JavaVM.framework/Versions/A/JavaVM
0x000000000c88d000 	/System/Library/Frameworks/Carbon.framework/Versions/A/Carbon
0x0000000111d82000 	/System/Library/PrivateFrameworks/JavaLaunching.framework/Versions/A/JavaLaunching
0x000000000c88d000 	/System/Library/Frameworks/Carbon.framework/Versions/A/Frameworks/CommonPanels.framework/Versions/A/CommonPanels
0x000000000c88d000 	/System/Library/Frameworks/Carbon.framework/Versions/A/Frameworks/Help.framework/Versions/A/Help
0x000000000c88d000 	/System/Library/Frameworks/Carbon.framework/Versions/A/Frameworks/ImageCapture.framework/Versions/A/ImageCapture
0x000000000c88d000 	/System/Library/Frameworks/Carbon.framework/Versions/A/Frameworks/OpenScripting.framework/Versions/A/OpenScripting
0x000000000c88d000 	/System/Library/Frameworks/Carbon.framework/Versions/A/Frameworks/Print.framework/Versions/A/Print
0x000000000c88d000 	/System/Library/Frameworks/Carbon.framework/Versions/A/Frameworks/SecurityHI.framework/Versions/A/SecurityHI
0x0000000113bc2000 	/Library/Java/JavaVirtualMachines/jdk1.7.0_17.jdk/Contents/Home/jre/lib/libawt.dylib
0x0000000113c71000 	/Library/Java/JavaVirtualMachines/jdk1.7.0_17.jdk/Contents/Home/jre/lib/./libmlib_image.dylib
0x0000000113d3d000 	/Library/Java/JavaVirtualMachines/jdk1.7.0_17.jdk/Contents/Home/jre/lib/lwawt/liblwawt.dylib
0x0000000113def000 	/Library/Java/JavaVirtualMachines/jdk1.7.0_17.jdk/Contents/Home/jre/lib/libosxapp.dylib
0x000000000c88d000 	/System/Library/Frameworks/ExceptionHandling.framework/Versions/A/ExceptionHandling
0x000000000c88d000 	/System/Library/PrivateFrameworks/CoreServicesInternal.framework/Versions/A/CoreServicesInternal
0x000000000c88d000 	/System/Library/PrivateFrameworks/CloudDocs.framework/Versions/A/CloudDocs
0x000000000c88d000 	/System/Library/PrivateFrameworks/CoreDuet.framework/Versions/A/CoreDuet
0x000000000c88d000 	/System/Library/Frameworks/CloudKit.framework/Versions/A/CloudKit
0x000000000c88d000 	/System/Library/PrivateFrameworks/ProtocolBuffer.framework/Versions/A/ProtocolBuffer
0x000000000c88d000 	/System/Library/PrivateFrameworks/CoreDuetDaemonProtocol.framework/Versions/A/CoreDuetDaemonProtocol
0x000000000c88d000 	/System/Library/PrivateFrameworks/CoreDuetDebugLogging.framework/Versions/A/CoreDuetDebugLogging
0x000000000c88d000 	/System/Library/PrivateFrameworks/MMCS.framework/Versions/A/MMCS
0x000000000c88d000 	/System/Library/Frameworks/CoreLocation.framework/Versions/A/CoreLocation
0x000000000c88d000 	/System/Library/PrivateFrameworks/ProtectedCloudStorage.framework/Versions/A/ProtectedCloudStorage
0x000000000c88d000 	/System/Library/PrivateFrameworks/GeoServices.framework/Versions/A/GeoServices
0x000000000c88d000 	/System/Library/Frameworks/CoreGraphics.framework/Versions/A/Resources/libCGCMS.A.dylib
0x000000000c88d000 	/System/Library/Frameworks/CoreGraphics.framework/Versions/A/Resources/libRIP.A.dylib
0x000000000c88d000 	/System/Library/Frameworks/CoreGraphics.framework/Versions/A/Resources/libCGXType.A.dylib
0x000000000c88d000 	/System/Library/Frameworks/OpenCL.framework/Versions/A/Libraries/libcldcpuengine.dylib
0x000000000c88d000 	/System/Library/PrivateFrameworks/DiskImages.framework/Versions/A/DiskImages
0x000000000c88d000 	/System/Library/Frameworks/DiscRecording.framework/Versions/A/DiscRecording
0x000000000c88d000 	/usr/lib/libcsfde.dylib
0x000000000c88d000 	/usr/lib/libcurl.4.dylib
0x000000000c88d000 	/System/Library/PrivateFrameworks/MediaKit.framework/Versions/A/MediaKit
0x000000000c88d000 	/usr/lib/libCoreStorage.dylib
0x000000000c88d000 	/System/Library/PrivateFrameworks/EFILogin.framework/Versions/A/EFILogin
0x000000000c88d000 	/usr/lib/libutil.dylib
0x000000000c88d000 	/System/Library/PrivateFrameworks/FindMyDevice.framework/Versions/A/FindMyDevice
0x000000000c88d000 	/System/Library/Frameworks/LDAP.framework/Versions/A/LDAP
0x000000000c88d000 	/usr/lib/libsasl2.2.dylib
0x000000000c88d000 	/System/Library/PrivateFrameworks/CoreDaemon.framework/Versions/B/CoreDaemon
0x000000000c88d000 	/usr/lib/libcrypto.0.9.8.dylib
0x000000000c88d000 	/System/Library/PrivateFrameworks/AppleSRP.framework/Versions/A/AppleSRP
0x000000000c88d000 	/System/Library/PrivateFrameworks/TrustEvaluationAgent.framework/Versions/A/TrustEvaluationAgent
0x0000000116bf3000 	cl_kernels
0x0000000116bf5000 	/System/Library/Frameworks/OpenCL.framework/Versions/A/Libraries/ImageFormats/unorm8_bgra.dylib
0x0000000116be4000 	cl_kernels
0x000000000c88d000 	/System/Library/PrivateFrameworks/FamilyControls.framework/Versions/A/FamilyControls
0x000000000c88d000 	/System/Library/PrivateFrameworks/CommerceKit.framework/Versions/A/Frameworks/CommerceCore.framework/Versions/A/CommerceCore
0x000000000c88d000 	/System/Library/PrivateFrameworks/SystemAdministration.framework/Versions/A/SystemAdministration
0x000000000c88d000 	/System/Library/PrivateFrameworks/AppContainer.framework/Versions/A/AppContainer
0x000000000c88d000 	/System/Library/PrivateFrameworks/SecCodeWrapper.framework/Versions/A/SecCodeWrapper
0x000000000c88d000 	/System/Library/Frameworks/DirectoryService.framework/Versions/A/DirectoryService
0x000000000c88d000 	/System/Library/PrivateFrameworks/LoginUIKit.framework/Versions/A/Frameworks/LoginUICore.framework/Versions/A/LoginUICore
0x000000000c88d000 	/usr/lib/libodfde.dylib
0x0000000117db8000 	/Library/Java/JavaVirtualMachines/jdk1.7.0_17.jdk/Contents/Home/jre/lib/libfontmanager.dylib
0x0000000117e04000 	/Users/William/Documents/workspace/FRESHSTART/lib/natives/macosx/liblwjgl.dylib
0x000000011612a000 	/Library/Java/JavaVirtualMachines/jdk1.7.0_17.jdk/Contents/Home/jre/lib/libjawt.dylib
0x000000000c88d000 	/System/Library/Frameworks/OpenGL.framework/Versions/A/Resources/GLEngine.bundle/GLEngine
0x000000000c88d000 	/System/Library/Frameworks/OpenGL.framework/Versions/A/Libraries/libGLProgrammability.dylib
0x0000000000000000 	/System/Library/Extensions/AppleIntelHD4000GraphicsGLDriver.bundle/Contents/MacOS/AppleIntelHD4000GraphicsGLDriver
0x000000000c88d000 	/System/Library/PrivateFrameworks/IOAccelerator.framework/Versions/A/IOAccelerator
0x000000000c88d000 	/System/Library/PrivateFrameworks/GPUSupport.framework/Versions/A/Libraries/libGPUSupportMercury.dylib
0x000000000c88d000 	/System/Library/Frameworks/OpenGL.framework/Versions/A/Resources/GLRendererFloat.bundle/GLRendererFloat
0x00000001185e3000 	/Library/Java/JavaVirtualMachines/jdk1.7.0_17.jdk/Contents/Home/jre/lib/libnio.dylib
0x00000001185f2000 	/Library/Java/JavaVirtualMachines/jdk1.7.0_17.jdk/Contents/Home/jre/lib/./libnet.dylib

VM Arguments:
jvm_args: -Djava.library.path=/Users/William/Documents/workspace/FRESHSTART/lib/natives/macosx -Dfile.encoding=US-ASCII 
java_command: Pacman
Launcher Type: SUN_STANDARD

Environment Variables:
PATH=/usr/bin:/bin:/usr/sbin:/sbin
SHELL=/bin/bash
DISPLAY=/private/tmp/com.apple.launchd.YnIaJSoBb3/org.macosforge.xquartz:0

Signal Handlers:
SIGSEGV: [libjvm.dylib+0x4a361d], sa_mask[0]=0xfffefeff, sa_flags=0x00000042
SIGBUS: [libjvm.dylib+0x4a361d], sa_mask[0]=0xfffefeff, sa_flags=0x00000042
SIGFPE: [libjvm.dylib+0x3b302d], sa_mask[0]=0xfffefeff, sa_flags=0x00000042
SIGPIPE: [libjvm.dylib+0x3b302d], sa_mask[0]=0xfffefeff, sa_flags=0x00000042
SIGXFSZ: [libjvm.dylib+0x3b302d], sa_mask[0]=0xfffefeff, sa_flags=0x00000042
SIGILL: [libjvm.dylib+0x3b302d], sa_mask[0]=0xfffefeff, sa_flags=0x00000042
SIGUSR1: SIG_DFL, sa_mask[0]=0x00000000, sa_flags=0x00000000
SIGUSR2: [libjvm.dylib+0x3b2bc6], sa_mask[0]=0x00000004, sa_flags=0x00000042
SIGHUP: [libjvm.dylib+0x3b0e27], sa_mask[0]=0xfffefeff, sa_flags=0x00000042
SIGINT: [libjvm.dylib+0x3b0e27], sa_mask[0]=0xfffefeff, sa_flags=0x00000042
SIGTERM: [libjvm.dylib+0x3b0e27], sa_mask[0]=0xfffefeff, sa_flags=0x00000042
SIGQUIT: [libjvm.dylib+0x3b0e27], sa_mask[0]=0xfffefeff, sa_flags=0x00000042


---------------  S Y S T E M  ---------------

OS:Bsduname:Darwin 14.3.0 Darwin Kernel Version 14.3.0: Mon Mar 23 11:59:05 PDT 2015; root:xnu-2782.20.48~5/RELEASE_X86_64 x86_64
rlimit: STACK 8192k, CORE 0k, NPROC 709, NOFILE 10240, AS infinity
load average:3.00 2.33 3.41

CPU:total 4 (2 cores per cpu, 2 threads per core) family 6 model 58 stepping 9, cmov, cx8, fxsr, mmx, sse, sse2, sse3, ssse3, sse4.1, sse4.2, popcnt, avx, ht, tsc, tscinvbit, tscinv

Memory: 4k page, physical 931136k(232784k free)

/proc/meminfo:


vm_info: Java HotSpot(TM) 64-Bit Server VM (23.7-b01) for bsd-amd64 JRE (1.7.0_17-b02), built on Mar  1 2013 06:41:23 by "java_re" with gcc 4.2.1 (Based on Apple Inc. build 5658) (LLVM build 2336.11.00)

time: Thu May 28 14:36:09 2015
elapsed time: 75 seconds

