#
# A fatal error has been detected by the Java Runtime Environment:
#
#  SIGSEGV (0xb) at pc=0x00007fff937a20dd, pid=5503, tid=1299
#
# JRE version: 7.0_17-b02
# Java VM: Java HotSpot(TM) 64-Bit Server VM (23.7-b01 mixed mode bsd-amd64 compressed oops)
# Problematic frame:
# C  [libobjc.A.dylib+0x10dd]  objc_msgSend+0x1d
#
# Failed to write core dump. Core dumps have been disabled. To enable core dumping, try "ulimit -c unlimited" before starting Java again
#
# If you would like to submit a bug report, please visit:
#   http://bugreport.sun.com/bugreport/crash.jsp
# The crash happened outside the Java Virtual Machine in native code.
# See problematic frame for where to report the bug.
#

---------------  T H R E A D  ---------------

Current thread (0x00007fb0830ac000):  JavaThread "AppKit Thread" daemon [_thread_in_native, id=1299, stack(0x00007fff521a0000,0x00007fff52220000)]

siginfo:si_signo=SIGSEGV: si_errno=0, si_code=1 (SEGV_MAPERR), si_addr=0x000007fb082cb6e8

Registers:
RAX=0x00007fb082c99d60, RBX=0x00007fff5221b828, RCX=0x0000000000000000, RDX=0x00007fb082c8f8b0
RSP=0x00007fff5221b648, RBP=0x00007fff5221b650, RSI=0x00007fff9706e2b4, RDI=0x00007fb082c99d60
R8 =0x00007fff5221b630, R9 =0x0000000000000055, R10=0x00007fff9706e2b4, R11=0x000007fb082cb6d0
R12=0x00007fb082d26c60, R13=0x00000000000f42eb, R14=0x00007fb082c4c2f0, R15=0x00007fff5221b788
RIP=0x00007fff937a20dd, EFLAGS=0x0000000000010202, ERR=0x0000000000000004
  TRAPNO=0x000000000000000e

Top of Stack: (sp=0x00007fff5221b648)
0x00007fff5221b648:   00007fff981e0cdc 00007fff5221b9b0
0x00007fff5221b658:   00007fff980d2244 00007fff5221b6dc
0x00007fff5221b668:   00007fff5221b6e0 00007fff5221b6e4
0x00007fff5221b678:   00007fff7e5b0c88 ffffffffffffffff
0x00007fff5221b688:   00000000000007f8 00007fff7e5b0ca0
0x00007fff5221b698:   00007fb082c4c2f0 0000000000000000
0x00007fff5221b6a8:   00007fff5221b780 0000000000000000
0x00007fff5221b6b8:   00007fb082c9bf90 00007fff5221b800
0x00007fff5221b6c8:   0000000000000055 00000000000f42ed
0x00007fff5221b6d8:   00007fb082c8f8b0 00007fb082c9b9c0
0x00007fff5221b6e8:   00007fb082d26c60 0000000000000001
0x00007fff5221b6f8:   00000000000f42eb 00007fb082d26c50
0x00007fff5221b708:   00007fff93c8b7ba 0000000182c9af20
0x00007fff5221b718:   00007fff7fa290d0 0000000042000000
0x00007fff5221b728:   00007fff93c93e13 00007fff7e57b1d0
0x00007fff5221b738:   00007fff5221b808 00007fff5221b760
0x00007fff5221b748:   00007fff5221b780 0000000000000000
0x00007fff5221b758:   0000000000000000 00016f0300000001
0x00007fff5221b768:   00007fb082d26c84 0000000000000000
0x00007fff5221b778:   0000000000000000 00007fb082c9c010
0x00007fff5221b788:   00007fb082c4c2f0 0000002000000000
0x00007fff5221b798:   0000000000000000 00007fff7fa290d0
0x00007fff5221b7a8:   0000000042000000 00007fff93dcc10f
0x00007fff5221b7b8:   00007fff7e57b2e0 00007fff5221b718
0x00007fff5221b7c8:   0000000000000000 00007fff5221b898
0x00007fff5221b7d8:   00007fff7ec045e0 00007fff5221b8d0
0x00007fff5221b7e8:   00007fff990f8edc 00007fff5221b880
0x00007fff5221b7f8:   00007fff96b44353 0000000000000051
0x00007fff5221b808:   0000000000000000 00000000000f42e0
0x00007fff5221b818:   0000000000000053 0000000000000000
0x00007fff5221b828:   00000000000f42eb 00007fff5221b8a4
0x00007fff5221b838:   00000000003ba501 00000000ffffffff 

Instructions: (pc=0x00007fff937a20dd)
0x00007fff937a20bd:   00 00 00 48 85 ff 2e 74 7a 40 f6 c7 01 2e 75 7e
0x00007fff937a20cd:   49 bb f8 ff ff ff ff 7f 00 00 4c 23 1f 49 89 f2
0x00007fff937a20dd:   45 23 53 18 49 c1 e2 04 4d 03 53 10 49 3b 32 75
0x00007fff937a20ed:   04 41 ff 62 08 49 83 3a 00 74 6a 4d 3b 53 10 74 

Register to memory mapping:

RAX=0x00007fb082c99d60 is an unknown value
RBX=0x00007fff5221b828 is pointing into the stack for thread: 0x00007fb0830ac000
RCX=0x0000000000000000 is an unknown value
RDX=0x00007fb082c8f8b0 is an unknown value
RSP=0x00007fff5221b648 is pointing into the stack for thread: 0x00007fb0830ac000
RBP=0x00007fff5221b650 is pointing into the stack for thread: 0x00007fb0830ac000
RSI=0x00007fff9706e2b4: -[NSTitlebarContainerView shouldRoundCorners]+0x5ced6 in /System/Library/Frameworks/AppKit.framework/Versions/C/AppKit at 0x00007fff9669d000
RDI=0x00007fb082c99d60 is an unknown value
R8 =0x00007fff5221b630 is pointing into the stack for thread: 0x00007fb0830ac000
R9 =0x0000000000000055 is an unknown value
R10=0x00007fff9706e2b4: -[NSTitlebarContainerView shouldRoundCorners]+0x5ced6 in /System/Library/Frameworks/AppKit.framework/Versions/C/AppKit at 0x00007fff9669d000
R11=0x000007fb082cb6d0 is an unknown value
R12=0x00007fb082d26c60 is an unknown value
R13=0x00000000000f42eb is an unknown value
R14=0x00007fb082c4c2f0 is an unknown value
R15=0x00007fff5221b788 is pointing into the stack for thread: 0x00007fb0830ac000


Stack: [0x00007fff521a0000,0x00007fff52220000],  sp=0x00007fff5221b648,  free space=493k
Native frames: (J=compiled Java code, j=interpreted, Vv=VM code, C=native code)
C  [libobjc.A.dylib+0x10dd]  objc_msgSend+0x1d
C  [CoreFoundation+0x10244]  _CFXNotificationPost+0xc44
C  [Foundation+0x2c31]  -[NSNotificationCenter postNotificationName:object:userInfo:]+0x42
C  [AppKit+0xdd776]  -[NSSurface _disposeSurface]+0x98
C  [AppKit+0xdd1da]  -[NSSurface setWindow:]+0x42
C  [AppKit+0x3b9ef]  -[NSView _setWindow:]+0xa22
C  [AppKit+0x3cc22]  -[NSView removeFromSuperview]+0x1c5
C  [AppKit+0x9140a]  -[NSView removeFromSuperviewWithoutNeedingDisplay]+0x26
C  [liblwjgl.dylib+0xa205]  +[MacOSXKeyableWindow destroyWindow]+0xb5
C  [Foundation+0x65cdc]  __NSThreadPerformPerform+0x125
C  [CoreFoundation+0x80681]  __CFRUNLOOP_IS_CALLING_OUT_TO_A_SOURCE0_PERFORM_FUNCTION__+0x11
C  [CoreFoundation+0x7280d]  __CFRunLoopDoSources0+0x10d
C  [CoreFoundation+0x71e3f]  __CFRunLoopRun+0x39f
C  [CoreFoundation+0x71858]  CFRunLoopRunSpecific+0x128
C  [HIToolbox+0x2eaef]  RunCurrentEventLoopInMode+0xeb
C  [HIToolbox+0x2e86a]  ReceiveNextEventCommon+0x1af
C  [HIToolbox+0x2e6ab]  _BlockUntilNextEventMatchingListInModeWithFilter+0x47
C  [AppKit+0x23f81]  _DPSNextEvent+0x3c4
C  [AppKit+0x23730]  -[NSApplication nextEventMatchingMask:untilDate:inMode:dequeue:]+0xc2
C  [libosxapp.dylib+0x1b56]  -[NSApplicationAWT nextEventMatchingMask:untilDate:inMode:dequeue:]+0x7c
C  [AppKit+0x17593]  -[NSApplication run]+0x252
C  [libosxapp.dylib+0x19b9]  +[NSApplicationAWT runAWTLoopWithApp:]+0x9c
C  [liblwawt.dylib+0xd81a]  -[AWTStarter starter:]+0x637
C  [Foundation+0x65cdc]  __NSThreadPerformPerform+0x125
C  [CoreFoundation+0x80681]  __CFRUNLOOP_IS_CALLING_OUT_TO_A_SOURCE0_PERFORM_FUNCTION__+0x11
C  [CoreFoundation+0x7280d]  __CFRunLoopDoSources0+0x10d
C  [CoreFoundation+0x71e3f]  __CFRunLoopRun+0x39f
C  [CoreFoundation+0x71858]  CFRunLoopRunSpecific+0x128
C  [java+0x742d]  CreateExecutionEnvironment+0x367
C  [java+0x1bdc]  JLI_Launch+0x7a0
C  [java+0x778a]  main+0x65
C  [java+0x1434]  start+0x34


---------------  P R O C E S S  ---------------

Java Threads: ( => current thread )
  0x00007fb08307d800 JavaThread "AWT-Shutdown" [_thread_blocked, id=15623, stack(0x0000000114652000,0x0000000114752000)]
=>0x00007fb0830ac000 JavaThread "AppKit Thread" daemon [_thread_in_native, id=1299, stack(0x00007fff521a0000,0x00007fff52220000)]
  0x00007fb083831800 JavaThread "Service Thread" daemon [_thread_blocked, id=13827, stack(0x00000001141b9000,0x00000001142b9000)]
  0x00007fb08382d000 JavaThread "C2 CompilerThread1" daemon [_thread_blocked, id=13571, stack(0x00000001140b6000,0x00000001141b6000)]
  0x00007fb08382c000 JavaThread "C2 CompilerThread0" daemon [_thread_blocked, id=13319, stack(0x0000000113fb3000,0x00000001140b3000)]
  0x00007fb08300f000 JavaThread "Signal Dispatcher" daemon [_thread_blocked, id=10263, stack(0x0000000113eb0000,0x0000000113fb0000)]
  0x00007fb08403b800 JavaThread "Finalizer" daemon [_thread_blocked, id=8707, stack(0x0000000112566000,0x0000000112666000)]
  0x00007fb08403b000 JavaThread "Reference Handler" daemon [_thread_blocked, id=8451, stack(0x0000000112463000,0x0000000112563000)]
  0x00007fb083807000 JavaThread "main" [_thread_in_native, id=4355, stack(0x000000010daf3000,0x000000010dbf3000)]

Other Threads:
  0x00007fb084808800 VMThread [stack: 0x0000000112360000,0x0000000112460000] [id=8195]
  0x00007fb08382a000 WatcherThread [stack: 0x00000001142bc000,0x00000001143bc000] [id=14083]

VM state:not at safepoint (normal execution)

VM Mutex/Monitor currently owned by a thread: None

Heap
 def new generation   total 5120K, used 1817K [0x00000007ea600000, 0x00000007eab80000, 0x00000007efe00000)
  eden space 4608K,  38% used [0x00000007ea600000, 0x00000007ea7b7bc0, 0x00000007eaa80000)
  from space 512K,  11% used [0x00000007eaa80000, 0x00000007eaa8e9b0, 0x00000007eab00000)
  to   space 512K,   0% used [0x00000007eab00000, 0x00000007eab00000, 0x00000007eab80000)
 tenured generation   total 11264K, used 4675K [0x00000007efe00000, 0x00000007f0900000, 0x00000007fae00000)
   the space 11264K,  41% used [0x00000007efe00000, 0x00000007f0290c88, 0x00000007f0290e00, 0x00000007f0900000)
 compacting perm gen  total 21248K, used 5897K [0x00000007fae00000, 0x00000007fc2c0000, 0x0000000800000000)
   the space 21248K,  27% used [0x00000007fae00000, 0x00000007fb3c2738, 0x00000007fb3c2800, 0x00000007fc2c0000)
No shared spaces configured.

Card table byte_map: [0x0000000111fad000,0x000000011205b000] byte_map_base: 0x000000010e05a000

Polling page: 0x000000010dbf5000

Code Cache  [0x000000010eeed000, 0x000000010f15d000, 0x0000000111eed000)
 total_blobs=358 nmethods=50 adapters=261 free_code_cache=48618Kb largest_free_block=49751872

Compilation events (10 events):
Event: 2.544 Thread 0x00007fb08382c000 nmethod 43 0x000000010ef68950 code [0x000000010ef68ac0, 0x000000010ef68d18]
Event: 2.546 Thread 0x00007fb08382c000   44             org.newdawn.slick.opengl.PNGDecoder::readFully (40 bytes)
Event: 2.554 Thread 0x00007fb08382d000 nmethod 42 0x000000010ef6e0d0 code [0x000000010ef6e280, 0x000000010ef6eed0]
Event: 2.570 Thread 0x00007fb08382c000 nmethod 44 0x000000010ef77550 code [0x000000010ef777a0, 0x000000010ef796d0]
Event: 2.590 Thread 0x00007fb08382d000   45   !         java.util.zip.Inflater::setInput (74 bytes)
Event: 2.592 Thread 0x00007fb08382d000 nmethod 45 0x000000010ef6fa50 code [0x000000010ef6fba0, 0x000000010ef6fe78]
Event: 2.595 Thread 0x00007fb08382d000   46             org.newdawn.slick.opengl.PNGDecoder::readChunk (42 bytes)
Event: 2.597 Thread 0x00007fb08382d000 nmethod 46 0x000000010ef6f5d0 code [0x000000010ef6f720, 0x000000010ef6f898]
Event: 3.151 Thread 0x00007fb08382c000   48             java.lang.Math::min (11 bytes)
Event: 3.151 Thread 0x00007fb08382c000 nmethod 48 0x000000010ef5f610 code [0x000000010ef5f740, 0x000000010ef5f778]

GC Heap History (10 events):
Event: 3.600 GC heap before
{Heap before GC invocations=17 (full 0):
 def new generation   total 5120K, used 4658K [0x00000007ea600000, 0x00000007eab80000, 0x00000007efe00000)
  eden space 4608K,  99% used [0x00000007ea600000, 0x00000007eaa7e140, 0x00000007eaa80000)
  from space 512K,  11% used [0x00000007eab00000, 0x00000007eab0e7a8, 0x00000007eab80000)
  to   space 512K,   0% used [0x00000007eaa80000, 0x00000007eaa80000, 0x00000007eab00000)
 tenured generation   total 11264K, used 3546K [0x00000007efe00000, 0x00000007f0900000, 0x00000007fae00000)
   the space 11264K,  31% used [0x00000007efe00000, 0x00000007f0176938, 0x00000007f0176a00, 0x00000007f0900000)
 compacting perm gen  total 21248K, used 5891K [0x00000007fae00000, 0x00000007fc2c0000, 0x0000000800000000)
   the space 21248K,  27% used [0x00000007fae00000, 0x00000007fb3c0e48, 0x00000007fb3c1000, 0x00000007fc2c0000)
No shared spaces configured.
Event: 3.601 GC heap after
Heap after GC invocations=18 (full 0):
 def new generation   total 5120K, used 49K [0x00000007ea600000, 0x00000007eab80000, 0x00000007efe00000)
  eden space 4608K,   0% used [0x00000007ea600000, 0x00000007ea600000, 0x00000007eaa80000)
  from space 512K,   9% used [0x00000007eaa80000, 0x00000007eaa8c5f0, 0x00000007eab00000)
  to   space 512K,   0% used [0x00000007eab00000, 0x00000007eab00000, 0x00000007eab80000)
 tenured generation   total 11264K, used 3549K [0x00000007efe00000, 0x00000007f0900000, 0x00000007fae00000)
   the space 11264K,  31% used [0x00000007efe00000, 0x00000007f0177500, 0x00000007f0177600, 0x00000007f0900000)
 compacting perm gen  total 21248K, used 5891K [0x00000007fae00000, 0x00000007fc2c0000, 0x0000000800000000)
   the space 21248K,  27% used [0x00000007fae00000, 0x00000007fb3c0e48, 0x00000007fb3c1000, 0x00000007fc2c0000)
No shared spaces configured.
}
Event: 3.750 GC heap before
{Heap before GC invocations=18 (full 0):
 def new generation   total 5120K, used 4657K [0x00000007ea600000, 0x00000007eab80000, 0x00000007efe00000)
  eden space 4608K,  99% used [0x00000007ea600000, 0x00000007eaa7ffd8, 0x00000007eaa80000)
  from space 512K,   9% used [0x00000007eaa80000, 0x00000007eaa8c5f0, 0x00000007eab00000)
  to   space 512K,   0% used [0x00000007eab00000, 0x00000007eab00000, 0x00000007eab80000)
 tenured generation   total 11264K, used 3549K [0x00000007efe00000, 0x00000007f0900000, 0x00000007fae00000)
   the space 11264K,  31% used [0x00000007efe00000, 0x00000007f0177500, 0x00000007f0177600, 0x00000007f0900000)
 compacting perm gen  total 21248K, used 5891K [0x00000007fae00000, 0x00000007fc2c0000, 0x0000000800000000)
   the space 21248K,  27% used [0x00000007fae00000, 0x00000007fb3c0e48, 0x00000007fb3c1000, 0x00000007fc2c0000)
No shared spaces configured.
Event: 3.751 GC heap after
Heap after GC invocations=19 (full 0):
 def new generation   total 5120K, used 50K [0x00000007ea600000, 0x00000007eab80000, 0x00000007efe00000)
  eden space 4608K,   0% used [0x00000007ea600000, 0x00000007ea600000, 0x00000007eaa80000)
  from space 512K,   9% used [0x00000007eab00000, 0x00000007eab0c820, 0x00000007eab80000)
  to   space 512K,   0% used [0x00000007eaa80000, 0x00000007eaa80000, 0x00000007eab00000)
 tenured generation   total 11264K, used 3551K [0x00000007efe00000, 0x00000007f0900000, 0x00000007fae00000)
   the space 11264K,  31% used [0x00000007efe00000, 0x00000007f0177f48, 0x00000007f0178000, 0x00000007f0900000)
 compacting perm gen  total 21248K, used 5891K [0x00000007fae00000, 0x00000007fc2c0000, 0x0000000800000000)
   the space 21248K,  27% used [0x00000007fae00000, 0x00000007fb3c0e48, 0x00000007fb3c1000, 0x00000007fc2c0000)
No shared spaces configured.
}
Event: 3.886 GC heap before
{Heap before GC invocations=19 (full 0):
 def new generation   total 5120K, used 4658K [0x00000007ea600000, 0x00000007eab80000, 0x00000007efe00000)
  eden space 4608K, 100% used [0x00000007ea600000, 0x00000007eaa80000, 0x00000007eaa80000)
  from space 512K,   9% used [0x00000007eab00000, 0x00000007eab0c820, 0x00000007eab80000)
  to   space 512K,   0% used [0x00000007eaa80000, 0x00000007eaa80000, 0x00000007eab00000)
 tenured generation   total 11264K, used 3551K [0x00000007efe00000, 0x00000007f0900000, 0x00000007fae00000)
   the space 11264K,  31% used [0x00000007efe00000, 0x00000007f0177f48, 0x00000007f0178000, 0x00000007f0900000)
 compacting perm gen  total 21248K, used 5891K [0x00000007fae00000, 0x00000007fc2c0000, 0x0000000800000000)
   the space 21248K,  27% used [0x00000007fae00000, 0x00000007fb3c0e48, 0x00000007fb3c1000, 0x00000007fc2c0000)
No shared spaces configured.
Event: 3.886 GC heap after
Heap after GC invocations=20 (full 0):
 def new generation   total 5120K, used 49K [0x00000007ea600000, 0x00000007eab80000, 0x00000007efe00000)
  eden space 4608K,   0% used [0x00000007ea600000, 0x00000007ea600000, 0x00000007eaa80000)
  from space 512K,   9% used [0x00000007eaa80000, 0x00000007eaa8c7b0, 0x00000007eab00000)
  to   space 512K,   0% used [0x00000007eab00000, 0x00000007eab00000, 0x00000007eab80000)
 tenured generation   total 11264K, used 3554K [0x00000007efe00000, 0x00000007f0900000, 0x00000007fae00000)
   the space 11264K,  31% used [0x00000007efe00000, 0x00000007f0178b08, 0x00000007f0178c00, 0x00000007f0900000)
 compacting perm gen  total 21248K, used 5891K [0x00000007fae00000, 0x00000007fc2c0000, 0x0000000800000000)
   the space 21248K,  27% used [0x00000007fae00000, 0x00000007fb3c0e48, 0x00000007fb3c1000, 0x00000007fc2c0000)
No shared spaces configured.
}
Event: 4.001 GC heap before
{Heap before GC invocations=20 (full 0):
 def new generation   total 5120K, used 4656K [0x00000007ea600000, 0x00000007eab80000, 0x00000007efe00000)
  eden space 4608K,  99% used [0x00000007ea600000, 0x00000007eaa7fb38, 0x00000007eaa80000)
  from space 512K,   9% used [0x00000007eaa80000, 0x00000007eaa8c7b0, 0x00000007eab00000)
  to   space 512K,   0% used [0x00000007eab00000, 0x00000007eab00000, 0x00000007eab80000)
 tenured generation   total 11264K, used 3554K [0x00000007efe00000, 0x00000007f0900000, 0x00000007fae00000)
   the space 11264K,  31% used [0x00000007efe00000, 0x00000007f0178b08, 0x00000007f0178c00, 0x00000007f0900000)
 compacting perm gen  total 21248K, used 5891K [0x00000007fae00000, 0x00000007fc2c0000, 0x0000000800000000)
   the space 21248K,  27% used [0x00000007fae00000, 0x00000007fb3c0e48, 0x00000007fb3c1000, 0x00000007fc2c0000)
No shared spaces configured.
Event: 4.001 GC heap after
Heap after GC invocations=21 (full 0):
 def new generation   total 5120K, used 63K [0x00000007ea600000, 0x00000007eab80000, 0x00000007efe00000)
  eden space 4608K,   0% used [0x00000007ea600000, 0x00000007ea600000, 0x00000007eaa80000)
  from space 512K,  12% used [0x00000007eab00000, 0x00000007eab0fcf8, 0x00000007eab80000)
  to   space 512K,   0% used [0x00000007eaa80000, 0x00000007eaa80000, 0x00000007eab00000)
 tenured generation   total 11264K, used 4115K [0x00000007efe00000, 0x00000007f0900000, 0x00000007fae00000)
   the space 11264K,  36% used [0x00000007efe00000, 0x00000007f0204cb8, 0x00000007f0204e00, 0x00000007f0900000)
 compacting perm gen  total 21248K, used 5891K [0x00000007fae00000, 0x00000007fc2c0000, 0x0000000800000000)
   the space 21248K,  27% used [0x00000007fae00000, 0x00000007fb3c0e48, 0x00000007fb3c1000, 0x00000007fc2c0000)
No shared spaces configured.
}
Event: 4.133 GC heap before
{Heap before GC invocations=21 (full 0):
 def new generation   total 5120K, used 4667K [0x00000007ea600000, 0x00000007eab80000, 0x00000007efe00000)
  eden space 4608K,  99% used [0x00000007ea600000, 0x00000007eaa7f0b0, 0x00000007eaa80000)
  from space 512K,  12% used [0x00000007eab00000, 0x00000007eab0fcf8, 0x00000007eab80000)
  to   space 512K,   0% used [0x00000007eaa80000, 0x00000007eaa80000, 0x00000007eab00000)
 tenured generation   total 11264K, used 4115K [0x00000007efe00000, 0x00000007f0900000, 0x00000007fae00000)
   the space 11264K,  36% used [0x00000007efe00000, 0x00000007f0204cb8, 0x00000007f0204e00, 0x00000007f0900000)
 compacting perm gen  total 21248K, used 5892K [0x00000007fae00000, 0x00000007fc2c0000, 0x0000000800000000)
   the space 21248K,  27% used [0x00000007fae00000, 0x00000007fb3c11d0, 0x00000007fb3c1200, 0x00000007fc2c0000)
No shared spaces configured.
Event: 4.134 GC heap after
Heap after GC invocations=22 (full 0):
 def new generation   total 5120K, used 58K [0x00000007ea600000, 0x00000007eab80000, 0x00000007efe00000)
  eden space 4608K,   0% used [0x00000007ea600000, 0x00000007ea600000, 0x00000007eaa80000)
  from space 512K,  11% used [0x00000007eaa80000, 0x00000007eaa8e9b0, 0x00000007eab00000)
  to   space 512K,   0% used [0x00000007eab00000, 0x00000007eab00000, 0x00000007eab80000)
 tenured generation   total 11264K, used 4675K [0x00000007efe00000, 0x00000007f0900000, 0x00000007fae00000)
   the space 11264K,  41% used [0x00000007efe00000, 0x00000007f0290c88, 0x00000007f0290e00, 0x00000007f0900000)
 compacting perm gen  total 21248K, used 5892K [0x00000007fae00000, 0x00000007fc2c0000, 0x0000000800000000)
   the space 21248K,  27% used [0x00000007fae00000, 0x00000007fb3c11d0, 0x00000007fb3c1200, 0x00000007fc2c0000)
No shared spaces configured.
}

Deoptimization events (0 events):
No events

Internal exceptions (10 events):
Event: 1.355 Thread 0x00007fb083807000 Threw 0x00000007ea6021c0 at /HUDSON/workspace/jdk7u17-2-build-macosx-amd64-product/jdk7u17/hotspot/src/share/vm/prims/jvm.cpp:1166
Event: 1.356 Thread 0x00007fb083807000 Threw 0x00000007ea608cf8 at /HUDSON/workspace/jdk7u17-2-build-macosx-amd64-product/jdk7u17/hotspot/src/share/vm/prims/jvm.cpp:1166
Event: 1.357 Thread 0x00007fb083807000 Threw 0x00000007ea60d940 at /HUDSON/workspace/jdk7u17-2-build-macosx-amd64-product/jdk7u17/hotspot/src/share/vm/prims/jvm.cpp:1166
Event: 1.357 Thread 0x00007fb083807000 Threw 0x00000007ea614630 at /HUDSON/workspace/jdk7u17-2-build-macosx-amd64-product/jdk7u17/hotspot/src/share/vm/prims/jvm.cpp:1166
Event: 1.361 Thread 0x00007fb083807000 Threw 0x00000007ea61f888 at /HUDSON/workspace/jdk7u17-2-build-macosx-amd64-product/jdk7u17/hotspot/src/share/vm/prims/jvm.cpp:1166
Event: 1.363 Thread 0x00007fb083807000 Threw 0x00000007ea6b9150 at /HUDSON/workspace/jdk7u17-2-build-macosx-amd64-product/jdk7u17/hotspot/src/share/vm/prims/jvm.cpp:1166
Event: 1.380 Thread 0x00007fb083807000 Threw 0x00000007ea6bfe40 at /HUDSON/workspace/jdk7u17-2-build-macosx-amd64-product/jdk7u17/hotspot/src/share/vm/prims/jvm.cpp:1166
Event: 1.438 Thread 0x00007fb083807000 Threw 0x00000007ea7f0ef0 at /HUDSON/workspace/jdk7u17-2-build-macosx-amd64-product/jdk7u17/hotspot/src/share/vm/prims/jvm.cpp:1166
Event: 1.439 Thread 0x00007fb083807000 Threw 0x00000007ea7f58c0 at /HUDSON/workspace/jdk7u17-2-build-macosx-amd64-product/jdk7u17/hotspot/src/share/vm/prims/jvm.cpp:1166
Event: 4.230 Thread 0x00007fb083807000 Threw 0x00000007ea7b3ad8 at /HUDSON/workspace/jdk7u17-2-build-macosx-amd64-product/jdk7u17/hotspot/src/share/vm/prims/jvm.cpp:1166

Events (10 events):
Event: 3.750 Executing VM operation: GenCollectForAllocation
Event: 3.751 Executing VM operation: GenCollectForAllocation done
Event: 3.886 Executing VM operation: GenCollectForAllocation
Event: 3.886 Executing VM operation: GenCollectForAllocation done
Event: 4.000 Executing VM operation: GenCollectForAllocation
Event: 4.001 Executing VM operation: GenCollectForAllocation done
Event: 4.133 Executing VM operation: GenCollectForAllocation
Event: 4.134 Executing VM operation: GenCollectForAllocation done
Event: 4.229 loading class 0x00007fb082dcd2a0
Event: 4.229 loading class 0x00007fb082dcd2a0 done


Dynamic libraries:
0x000000000d5bd000 	/System/Library/Frameworks/Cocoa.framework/Versions/A/Cocoa
0x000000000d5bd000 	/System/Library/Frameworks/Security.framework/Versions/A/Security
0x000000000d5bd000 	/System/Library/Frameworks/ApplicationServices.framework/Versions/A/ApplicationServices
0x000000000d5bd000 	/usr/lib/libz.1.dylib
0x000000000d5bd000 	/usr/lib/libSystem.B.dylib
0x000000000d5bd000 	/usr/lib/libobjc.A.dylib
0x000000000d5bd000 	/System/Library/Frameworks/CoreFoundation.framework/Versions/A/CoreFoundation
0x000000000d5bd000 	/System/Library/Frameworks/AppKit.framework/Versions/C/AppKit
0x000000000d5bd000 	/System/Library/Frameworks/CoreData.framework/Versions/A/CoreData
0x000000000d5bd000 	/System/Library/Frameworks/Foundation.framework/Versions/C/Foundation
0x000000000d5bd000 	/System/Library/PrivateFrameworks/RemoteViewServices.framework/Versions/A/RemoteViewServices
0x000000000d5bd000 	/System/Library/PrivateFrameworks/UIFoundation.framework/Versions/A/UIFoundation
0x000000000d5bd000 	/System/Library/Frameworks/IOSurface.framework/Versions/A/IOSurface
0x000000000d5bd000 	/System/Library/Frameworks/AudioToolbox.framework/Versions/A/AudioToolbox
0x000000000d5bd000 	/System/Library/Frameworks/AudioUnit.framework/Versions/A/AudioUnit
0x000000000d5bd000 	/System/Library/PrivateFrameworks/DataDetectorsCore.framework/Versions/A/DataDetectorsCore
0x000000000d5bd000 	/System/Library/PrivateFrameworks/DesktopServicesPriv.framework/Versions/A/DesktopServicesPriv
0x000000000d5bd000 	/System/Library/Frameworks/Carbon.framework/Versions/A/Frameworks/HIToolbox.framework/Versions/A/HIToolbox
0x000000000d5bd000 	/System/Library/Frameworks/QuartzCore.framework/Versions/A/QuartzCore
0x000000000d5bd000 	/System/Library/Frameworks/Carbon.framework/Versions/A/Frameworks/SpeechRecognition.framework/Versions/A/SpeechRecognition
0x000000000d5bd000 	/usr/lib/libauto.dylib
0x000000000d5bd000 	/usr/lib/libicucore.A.dylib
0x000000000d5bd000 	/usr/lib/libxml2.2.dylib
0x000000000d5bd000 	/System/Library/PrivateFrameworks/CoreUI.framework/Versions/A/CoreUI
0x000000000d5bd000 	/System/Library/Frameworks/CoreAudio.framework/Versions/A/CoreAudio
0x000000000d5bd000 	/System/Library/Frameworks/DiskArbitration.framework/Versions/A/DiskArbitration
0x000000000d5bd000 	/usr/lib/liblangid.dylib
0x000000000d5bd000 	/System/Library/PrivateFrameworks/MultitouchSupport.framework/Versions/A/MultitouchSupport
0x000000000d5bd000 	/System/Library/Frameworks/IOKit.framework/Versions/A/IOKit
0x000000000d5bd000 	/usr/lib/libDiagnosticMessagesClient.dylib
0x000000000d5bd000 	/System/Library/Frameworks/CoreServices.framework/Versions/A/CoreServices
0x000000000d5bd000 	/System/Library/PrivateFrameworks/PerformanceAnalysis.framework/Versions/A/PerformanceAnalysis
0x000000000d5bd000 	/System/Library/PrivateFrameworks/GenerationalStorage.framework/Versions/A/GenerationalStorage
0x000000000d5bd000 	/System/Library/Frameworks/OpenGL.framework/Versions/A/OpenGL
0x000000000d5bd000 	/System/Library/PrivateFrameworks/Sharing.framework/Versions/A/Sharing
0x000000000d5bd000 	/System/Library/Frameworks/CoreGraphics.framework/Versions/A/CoreGraphics
0x000000000d5bd000 	/System/Library/Frameworks/CoreText.framework/Versions/A/CoreText
0x000000000d5bd000 	/System/Library/Frameworks/ImageIO.framework/Versions/A/ImageIO
0x000000000d5bd000 	/usr/lib/libextension.dylib
0x000000000d5bd000 	/System/Library/PrivateFrameworks/Backup.framework/Versions/A/Backup
0x000000000d5bd000 	/usr/lib/libarchive.2.dylib
0x000000000d5bd000 	/System/Library/Frameworks/CFNetwork.framework/Versions/A/CFNetwork
0x000000000d5bd000 	/System/Library/Frameworks/SystemConfiguration.framework/Versions/A/SystemConfiguration
0x000000000d5bd000 	/usr/lib/libCRFSuite.dylib
0x000000000d5bd000 	/usr/lib/libc++.1.dylib
0x000000000d5bd000 	/usr/lib/libc++abi.dylib
0x000000000d5bd000 	/usr/lib/system/libcache.dylib
0x000000000d5bd000 	/usr/lib/system/libcommonCrypto.dylib
0x000000000d5bd000 	/usr/lib/system/libcompiler_rt.dylib
0x000000000d5bd000 	/usr/lib/system/libcopyfile.dylib
0x000000000d5bd000 	/usr/lib/system/libcorecrypto.dylib
0x000000000d5bd000 	/usr/lib/system/libdispatch.dylib
0x000000000d5bd000 	/usr/lib/system/libdyld.dylib
0x000000000d5bd000 	/usr/lib/system/libkeymgr.dylib
0x000000000d5bd000 	/usr/lib/system/liblaunch.dylib
0x000000000d5bd000 	/usr/lib/system/libmacho.dylib
0x000000000d5bd000 	/usr/lib/system/libquarantine.dylib
0x000000000d5bd000 	/usr/lib/system/libremovefile.dylib
0x000000000d5bd000 	/usr/lib/system/libsystem_asl.dylib
0x000000000d5bd000 	/usr/lib/system/libsystem_blocks.dylib
0x000000000d5bd000 	/usr/lib/system/libsystem_c.dylib
0x000000000d5bd000 	/usr/lib/system/libsystem_configuration.dylib
0x000000000d5bd000 	/usr/lib/system/libsystem_coreservices.dylib
0x000000000d5bd000 	/usr/lib/system/libsystem_coretls.dylib
0x000000000d5bd000 	/usr/lib/system/libsystem_dnssd.dylib
0x000000000d5bd000 	/usr/lib/system/libsystem_info.dylib
0x000000000d5bd000 	/usr/lib/system/libsystem_kernel.dylib
0x000000000d5bd000 	/usr/lib/system/libsystem_m.dylib
0x000000000d5bd000 	/usr/lib/system/libsystem_malloc.dylib
0x000000000d5bd000 	/usr/lib/system/libsystem_network.dylib
0x000000000d5bd000 	/usr/lib/system/libsystem_networkextension.dylib
0x000000000d5bd000 	/usr/lib/system/libsystem_notify.dylib
0x000000000d5bd000 	/usr/lib/system/libsystem_platform.dylib
0x000000000d5bd000 	/usr/lib/system/libsystem_pthread.dylib
0x000000000d5bd000 	/usr/lib/system/libsystem_sandbox.dylib
0x000000000d5bd000 	/usr/lib/system/libsystem_secinit.dylib
0x000000000d5bd000 	/usr/lib/system/libsystem_stats.dylib
0x000000000d5bd000 	/usr/lib/system/libsystem_trace.dylib
0x000000000d5bd000 	/usr/lib/system/libunc.dylib
0x000000000d5bd000 	/usr/lib/system/libunwind.dylib
0x000000000d5bd000 	/usr/lib/system/libxpc.dylib
0x000000000d5bd000 	/usr/lib/libbz2.1.0.dylib
0x000000000d5bd000 	/usr/lib/liblzma.5.dylib
0x000000000d5bd000 	/usr/lib/libbsm.0.dylib
0x000000000d5bd000 	/usr/lib/libsqlite3.dylib
0x000000000d5bd000 	/usr/lib/system/libkxld.dylib
0x000000000d5bd000 	/usr/lib/libxar.1.dylib
0x000000000d5bd000 	/usr/lib/libpam.2.dylib
0x000000000d5bd000 	/usr/lib/libOpenScriptingUtil.dylib
0x000000000d5bd000 	/System/Library/Frameworks/CoreServices.framework/Versions/A/Frameworks/FSEvents.framework/Versions/A/FSEvents
0x000000000d5bd000 	/System/Library/Frameworks/CoreServices.framework/Versions/A/Frameworks/CarbonCore.framework/Versions/A/CarbonCore
0x000000000d5bd000 	/System/Library/Frameworks/CoreServices.framework/Versions/A/Frameworks/Metadata.framework/Versions/A/Metadata
0x000000000d5bd000 	/System/Library/Frameworks/CoreServices.framework/Versions/A/Frameworks/OSServices.framework/Versions/A/OSServices
0x000000000d5bd000 	/System/Library/Frameworks/CoreServices.framework/Versions/A/Frameworks/SearchKit.framework/Versions/A/SearchKit
0x000000000d5bd000 	/System/Library/Frameworks/CoreServices.framework/Versions/A/Frameworks/AE.framework/Versions/A/AE
0x000000000d5bd000 	/System/Library/Frameworks/CoreServices.framework/Versions/A/Frameworks/LaunchServices.framework/Versions/A/LaunchServices
0x000000000d5bd000 	/System/Library/Frameworks/CoreServices.framework/Versions/A/Frameworks/DictionaryServices.framework/Versions/A/DictionaryServices
0x000000000d5bd000 	/System/Library/Frameworks/NetFS.framework/Versions/A/NetFS
0x000000000d5bd000 	/System/Library/PrivateFrameworks/NetAuth.framework/Versions/A/NetAuth
0x000000000d5bd000 	/System/Library/PrivateFrameworks/login.framework/Versions/A/Frameworks/loginsupport.framework/Versions/A/loginsupport
0x000000000d5bd000 	/System/Library/PrivateFrameworks/TCC.framework/Versions/A/TCC
0x000000000d5bd000 	/usr/lib/libmecabra.dylib
0x000000000d5bd000 	/System/Library/Frameworks/ApplicationServices.framework/Versions/A/Frameworks/ATS.framework/Versions/A/ATS
0x000000000d5bd000 	/System/Library/Frameworks/ApplicationServices.framework/Versions/A/Frameworks/ColorSync.framework/Versions/A/ColorSync
0x000000000d5bd000 	/System/Library/Frameworks/ApplicationServices.framework/Versions/A/Frameworks/HIServices.framework/Versions/A/HIServices
0x000000000d5bd000 	/System/Library/Frameworks/ApplicationServices.framework/Versions/A/Frameworks/LangAnalysis.framework/Versions/A/LangAnalysis
0x000000000d5bd000 	/System/Library/Frameworks/ApplicationServices.framework/Versions/A/Frameworks/PrintCore.framework/Versions/A/PrintCore
0x000000000d5bd000 	/System/Library/Frameworks/ApplicationServices.framework/Versions/A/Frameworks/QD.framework/Versions/A/QD
0x000000000d5bd000 	/System/Library/Frameworks/ApplicationServices.framework/Versions/A/Frameworks/SpeechSynthesis.framework/Versions/A/SpeechSynthesis
0x000000000d5bd000 	/System/Library/Frameworks/Accelerate.framework/Versions/A/Accelerate
0x000000000d5bd000 	/System/Library/Frameworks/Accelerate.framework/Versions/A/Frameworks/vImage.framework/Versions/A/vImage
0x000000000d5bd000 	/System/Library/Frameworks/Accelerate.framework/Versions/A/Frameworks/vecLib.framework/Versions/A/vecLib
0x000000000d5bd000 	/System/Library/Frameworks/Accelerate.framework/Versions/A/Frameworks/vecLib.framework/Versions/A/libvDSP.dylib
0x000000000d5bd000 	/System/Library/Frameworks/Accelerate.framework/Versions/A/Frameworks/vecLib.framework/Versions/A/libvMisc.dylib
0x000000000d5bd000 	/System/Library/Frameworks/Accelerate.framework/Versions/A/Frameworks/vecLib.framework/Versions/A/libLAPACK.dylib
0x000000000d5bd000 	/System/Library/Frameworks/Accelerate.framework/Versions/A/Frameworks/vecLib.framework/Versions/A/libBLAS.dylib
0x000000000d5bd000 	/System/Library/Frameworks/Accelerate.framework/Versions/A/Frameworks/vecLib.framework/Versions/A/libLinearAlgebra.dylib
0x000000000d5bd000 	/System/Library/Frameworks/ApplicationServices.framework/Versions/A/Frameworks/ATS.framework/Versions/A/Resources/libFontParser.dylib
0x000000000d5bd000 	/System/Library/Frameworks/ApplicationServices.framework/Versions/A/Frameworks/ATS.framework/Versions/A/Resources/libFontRegistry.dylib
0x000000000d5bd000 	/System/Library/PrivateFrameworks/AppleVPA.framework/Versions/A/AppleVPA
0x000000000d5bd000 	/System/Library/PrivateFrameworks/AppleJPEG.framework/Versions/A/AppleJPEG
0x000000000d5bd000 	/System/Library/Frameworks/ImageIO.framework/Versions/A/Resources/libJPEG.dylib
0x000000000d5bd000 	/System/Library/Frameworks/ImageIO.framework/Versions/A/Resources/libTIFF.dylib
0x000000000d5bd000 	/System/Library/Frameworks/ImageIO.framework/Versions/A/Resources/libPng.dylib
0x000000000d5bd000 	/System/Library/Frameworks/ImageIO.framework/Versions/A/Resources/libGIF.dylib
0x000000000d5bd000 	/System/Library/Frameworks/ImageIO.framework/Versions/A/Resources/libJP2.dylib
0x000000000d5bd000 	/System/Library/Frameworks/ImageIO.framework/Versions/A/Resources/libRadiance.dylib
0x000000000d5bd000 	/System/Library/Frameworks/CoreVideo.framework/Versions/A/CoreVideo
0x000000000d5bd000 	/System/Library/Frameworks/OpenGL.framework/Versions/A/Libraries/libGLU.dylib
0x000000000d5bd000 	/System/Library/Frameworks/OpenGL.framework/Versions/A/Libraries/libGFXShared.dylib
0x000000000d5bd000 	/System/Library/Frameworks/OpenGL.framework/Versions/A/Libraries/libGL.dylib
0x000000000d5bd000 	/System/Library/Frameworks/OpenGL.framework/Versions/A/Libraries/libGLImage.dylib
0x000000000d5bd000 	/System/Library/Frameworks/OpenGL.framework/Versions/A/Libraries/libCVMSPluginSupport.dylib
0x000000000d5bd000 	/System/Library/Frameworks/OpenGL.framework/Versions/A/Libraries/libCoreVMClient.dylib
0x000000000d5bd000 	/usr/lib/libcups.2.dylib
0x000000000d5bd000 	/System/Library/Frameworks/Kerberos.framework/Versions/A/Kerberos
0x000000000d5bd000 	/System/Library/Frameworks/GSS.framework/Versions/A/GSS
0x000000000d5bd000 	/usr/lib/libresolv.9.dylib
0x000000000d5bd000 	/usr/lib/libiconv.2.dylib
0x000000000d5bd000 	/System/Library/PrivateFrameworks/Heimdal.framework/Versions/A/Heimdal
0x000000000d5bd000 	/usr/lib/libheimdal-asn1.dylib
0x000000000d5bd000 	/System/Library/Frameworks/OpenDirectory.framework/Versions/A/OpenDirectory
0x000000000d5bd000 	/System/Library/PrivateFrameworks/CommonAuth.framework/Versions/A/CommonAuth
0x000000000d5bd000 	/System/Library/Frameworks/OpenDirectory.framework/Versions/A/Frameworks/CFOpenDirectory.framework/Versions/A/CFOpenDirectory
0x000000000d5bd000 	/System/Library/Frameworks/SecurityFoundation.framework/Versions/A/SecurityFoundation
0x000000000d5bd000 	/System/Library/PrivateFrameworks/LanguageModeling.framework/Versions/A/LanguageModeling
0x000000000d5bd000 	/usr/lib/libcmph.dylib
0x000000000d5bd000 	/System/Library/Frameworks/ServiceManagement.framework/Versions/A/ServiceManagement
0x000000000d5bd000 	/usr/lib/libxslt.1.dylib
0x000000000d5bd000 	/System/Library/Frameworks/Carbon.framework/Versions/A/Frameworks/Ink.framework/Versions/A/Ink
0x000000000d5bd000 	/System/Library/Frameworks/QuartzCore.framework/Versions/A/Frameworks/CoreImage.framework/Versions/A/CoreImage
0x000000000d5bd000 	/System/Library/PrivateFrameworks/CrashReporterSupport.framework/Versions/A/CrashReporterSupport
0x000000000d5bd000 	/System/Library/Frameworks/OpenCL.framework/Versions/A/OpenCL
0x000000000d5bd000 	/System/Library/PrivateFrameworks/FaceCore.framework/Versions/A/FaceCore
0x000000000d5bd000 	/System/Library/PrivateFrameworks/Ubiquity.framework/Versions/A/Ubiquity
0x000000000d5bd000 	/System/Library/PrivateFrameworks/IconServices.framework/Versions/A/IconServices
0x000000000d5bd000 	/System/Library/PrivateFrameworks/ChunkingLibrary.framework/Versions/A/ChunkingLibrary
0x000000000d5bd000 	/System/Library/PrivateFrameworks/Apple80211.framework/Versions/A/Apple80211
0x000000000d5bd000 	/System/Library/Frameworks/CoreWLAN.framework/Versions/A/CoreWLAN
0x000000000d5bd000 	/System/Library/Frameworks/IOBluetooth.framework/Versions/A/IOBluetooth
0x000000000d5bd000 	/System/Library/PrivateFrameworks/CoreWiFi.framework/Versions/A/CoreWiFi
0x000000000d5bd000 	/System/Library/Frameworks/CoreBluetooth.framework/Versions/A/CoreBluetooth
0x000000000d5bd000 	/System/Library/PrivateFrameworks/DebugSymbols.framework/Versions/A/DebugSymbols
0x000000000d5bd000 	/System/Library/PrivateFrameworks/CoreSymbolication.framework/Versions/A/CoreSymbolication
0x000000000d5bd000 	/System/Library/PrivateFrameworks/Symbolication.framework/Versions/A/Symbolication
0x000000000d5bd000 	/System/Library/PrivateFrameworks/SpeechRecognitionCore.framework/Versions/A/SpeechRecognitionCore
0x000000010e400000 	/Library/Java/JavaVirtualMachines/jdk1.7.0_17.jdk/Contents/Home/jre/lib/server/libjvm.dylib
0x000000000d5bd000 	/usr/lib/libstdc++.6.dylib
0x000000010eea7000 	/Library/Java/JavaVirtualMachines/jdk1.7.0_17.jdk/Contents/Home/jre/lib/libverify.dylib
0x000000010eeb4000 	/Library/Java/JavaVirtualMachines/jdk1.7.0_17.jdk/Contents/Home/jre/lib/libjava.dylib
0x000000010eee4000 	/Library/Java/JavaVirtualMachines/jdk1.7.0_17.jdk/Contents/Home/jre/lib/libzip.dylib
0x0000000112668000 	/System/Library/Frameworks/JavaVM.framework/Frameworks/JavaRuntimeSupport.framework/JavaRuntimeSupport
0x0000000112680000 	/System/Library/Frameworks/JavaVM.framework/Versions/A/Frameworks/JavaNativeFoundation.framework/Versions/A/JavaNativeFoundation
0x0000000112695000 	/System/Library/Frameworks/JavaVM.framework/Versions/A/JavaVM
0x000000000d5bd000 	/System/Library/Frameworks/Carbon.framework/Versions/A/Carbon
0x00000001126a2000 	/System/Library/PrivateFrameworks/JavaLaunching.framework/Versions/A/JavaLaunching
0x000000000d5bd000 	/System/Library/Frameworks/Carbon.framework/Versions/A/Frameworks/CommonPanels.framework/Versions/A/CommonPanels
0x000000000d5bd000 	/System/Library/Frameworks/Carbon.framework/Versions/A/Frameworks/Help.framework/Versions/A/Help
0x000000000d5bd000 	/System/Library/Frameworks/Carbon.framework/Versions/A/Frameworks/ImageCapture.framework/Versions/A/ImageCapture
0x000000000d5bd000 	/System/Library/Frameworks/Carbon.framework/Versions/A/Frameworks/OpenScripting.framework/Versions/A/OpenScripting
0x000000000d5bd000 	/System/Library/Frameworks/Carbon.framework/Versions/A/Frameworks/Print.framework/Versions/A/Print
0x000000000d5bd000 	/System/Library/Frameworks/Carbon.framework/Versions/A/Frameworks/SecurityHI.framework/Versions/A/SecurityHI
0x0000000114408000 	/Library/Java/JavaVirtualMachines/jdk1.7.0_17.jdk/Contents/Home/jre/lib/libawt.dylib
0x00000001144b7000 	/Library/Java/JavaVirtualMachines/jdk1.7.0_17.jdk/Contents/Home/jre/lib/./libmlib_image.dylib
0x0000000114583000 	/Library/Java/JavaVirtualMachines/jdk1.7.0_17.jdk/Contents/Home/jre/lib/lwawt/liblwawt.dylib
0x0000000114635000 	/Library/Java/JavaVirtualMachines/jdk1.7.0_17.jdk/Contents/Home/jre/lib/libosxapp.dylib
0x000000000d5bd000 	/System/Library/Frameworks/ExceptionHandling.framework/Versions/A/ExceptionHandling
0x000000000d5bd000 	/System/Library/PrivateFrameworks/CoreServicesInternal.framework/Versions/A/CoreServicesInternal
0x000000000d5bd000 	/System/Library/PrivateFrameworks/CloudDocs.framework/Versions/A/CloudDocs
0x000000000d5bd000 	/System/Library/PrivateFrameworks/CoreDuet.framework/Versions/A/CoreDuet
0x000000000d5bd000 	/System/Library/Frameworks/CloudKit.framework/Versions/A/CloudKit
0x000000000d5bd000 	/System/Library/PrivateFrameworks/ProtocolBuffer.framework/Versions/A/ProtocolBuffer
0x000000000d5bd000 	/System/Library/PrivateFrameworks/CoreDuetDaemonProtocol.framework/Versions/A/CoreDuetDaemonProtocol
0x000000000d5bd000 	/System/Library/PrivateFrameworks/CoreDuetDebugLogging.framework/Versions/A/CoreDuetDebugLogging
0x000000000d5bd000 	/System/Library/Frameworks/CoreLocation.framework/Versions/A/CoreLocation
0x000000000d5bd000 	/System/Library/Frameworks/Accounts.framework/Versions/A/Accounts
0x000000000d5bd000 	/System/Library/PrivateFrameworks/ApplePushService.framework/Versions/A/ApplePushService
0x000000000d5bd000 	/System/Library/PrivateFrameworks/GeoServices.framework/Versions/A/GeoServices
0x000000000d5bd000 	/System/Library/PrivateFrameworks/OAuth.framework/Versions/A/OAuth
0x000000000d5bd000 	/System/Library/PrivateFrameworks/CoreDaemon.framework/Versions/B/CoreDaemon
0x000000000d5bd000 	/usr/lib/libcrypto.0.9.8.dylib
0x000000000d5bd000 	/System/Library/PrivateFrameworks/AppleSRP.framework/Versions/A/AppleSRP
0x000000000d5bd000 	/System/Library/PrivateFrameworks/TrustEvaluationAgent.framework/Versions/A/TrustEvaluationAgent
0x000000000d5bd000 	/System/Library/Frameworks/CoreGraphics.framework/Versions/A/Resources/libCGCMS.A.dylib
0x000000000d5bd000 	/System/Library/Frameworks/CoreGraphics.framework/Versions/A/Resources/libRIP.A.dylib
0x000000000d5bd000 	/System/Library/Frameworks/CoreGraphics.framework/Versions/A/Resources/libCGXType.A.dylib
0x000000000d5bd000 	/System/Library/Frameworks/OpenCL.framework/Versions/A/Libraries/libcldcpuengine.dylib
0x000000000d5bd000 	/System/Library/PrivateFrameworks/DiskImages.framework/Versions/A/DiskImages
0x000000000d5bd000 	/System/Library/Frameworks/DiscRecording.framework/Versions/A/DiscRecording
0x000000000d5bd000 	/usr/lib/libcsfde.dylib
0x000000000d5bd000 	/usr/lib/libcurl.4.dylib
0x000000000d5bd000 	/System/Library/PrivateFrameworks/MediaKit.framework/Versions/A/MediaKit
0x000000000d5bd000 	/System/Library/PrivateFrameworks/ProtectedCloudStorage.framework/Versions/A/ProtectedCloudStorage
0x000000000d5bd000 	/usr/lib/libCoreStorage.dylib
0x000000000d5bd000 	/System/Library/PrivateFrameworks/EFILogin.framework/Versions/A/EFILogin
0x000000000d5bd000 	/usr/lib/libutil.dylib
0x000000000d5bd000 	/System/Library/PrivateFrameworks/FindMyDevice.framework/Versions/A/FindMyDevice
0x000000000d5bd000 	/System/Library/Frameworks/LDAP.framework/Versions/A/LDAP
0x000000000d5bd000 	/usr/lib/libsasl2.2.dylib
0x0000000117266000 	cl_kernels
0x0000000117268000 	/System/Library/Frameworks/OpenCL.framework/Versions/A/Libraries/ImageFormats/unorm8_bgra.dylib
0x0000000117257000 	cl_kernels
0x000000000d5bd000 	/System/Library/PrivateFrameworks/FamilyControls.framework/Versions/A/FamilyControls
0x000000000d5bd000 	/System/Library/PrivateFrameworks/CommerceKit.framework/Versions/A/Frameworks/CommerceCore.framework/Versions/A/CommerceCore
0x000000000d5bd000 	/System/Library/PrivateFrameworks/SystemAdministration.framework/Versions/A/SystemAdministration
0x000000000d5bd000 	/System/Library/PrivateFrameworks/AppContainer.framework/Versions/A/AppContainer
0x000000000d5bd000 	/System/Library/PrivateFrameworks/SecCodeWrapper.framework/Versions/A/SecCodeWrapper
0x000000000d5bd000 	/System/Library/Frameworks/DirectoryService.framework/Versions/A/DirectoryService
0x000000000d5bd000 	/System/Library/PrivateFrameworks/LoginUIKit.framework/Versions/A/Frameworks/LoginUICore.framework/Versions/A/LoginUICore
0x000000000d5bd000 	/usr/lib/libodfde.dylib
0x000000011842b000 	/Library/Java/JavaVirtualMachines/jdk1.7.0_17.jdk/Contents/Home/jre/lib/libfontmanager.dylib
0x0000000118477000 	/Users/William/Documents/workspace/FRESHSTART/lib/natives/macosx/liblwjgl.dylib
0x0000000116799000 	/Library/Java/JavaVirtualMachines/jdk1.7.0_17.jdk/Contents/Home/jre/lib/libjawt.dylib
0x000000000d5bd000 	/System/Library/Frameworks/OpenGL.framework/Versions/A/Resources/GLEngine.bundle/GLEngine
0x000000000d5bd000 	/System/Library/Frameworks/OpenGL.framework/Versions/A/Libraries/libGLProgrammability.dylib
0x0000000000000000 	/System/Library/Extensions/AppleIntelHD4000GraphicsGLDriver.bundle/Contents/MacOS/AppleIntelHD4000GraphicsGLDriver
0x000000000d5bd000 	/System/Library/PrivateFrameworks/IOAccelerator.framework/Versions/A/IOAccelerator
0x000000000d5bd000 	/System/Library/PrivateFrameworks/GPUSupport.framework/Versions/A/Libraries/libGPUSupportMercury.dylib
0x000000000d5bd000 	/System/Library/Frameworks/OpenGL.framework/Versions/A/Resources/GLRendererFloat.bundle/GLRendererFloat
0x0000000118be6000 	/Library/Java/JavaVirtualMachines/jdk1.7.0_17.jdk/Contents/Home/jre/lib/libnio.dylib
0x0000000118bf5000 	/Library/Java/JavaVirtualMachines/jdk1.7.0_17.jdk/Contents/Home/jre/lib/./libnet.dylib

VM Arguments:
jvm_args: -Djava.library.path=/Users/William/Documents/workspace/FRESHSTART/lib/natives/macosx -Dfile.encoding=US-ASCII 
java_command: gravityDemo
Launcher Type: SUN_STANDARD

Environment Variables:
PATH=/usr/bin:/bin:/usr/sbin:/sbin
SHELL=/bin/bash
DISPLAY=/private/tmp/com.apple.launchd.66b5yCvX5a/org.macosforge.xquartz:0

Signal Handlers:
SIGSEGV: [libjvm.dylib+0x4a361d], sa_mask[0]=0xfffefeff, sa_flags=0x00000042
SIGBUS: [libjvm.dylib+0x4a361d], sa_mask[0]=0xfffefeff, sa_flags=0x00000042
SIGFPE: [libjvm.dylib+0x3b302d], sa_mask[0]=0xfffefeff, sa_flags=0x00000042
SIGPIPE: [libjvm.dylib+0x3b302d], sa_mask[0]=0xfffefeff, sa_flags=0x00000042
SIGXFSZ: [libjvm.dylib+0x3b302d], sa_mask[0]=0xfffefeff, sa_flags=0x00000042
SIGILL: [libjvm.dylib+0x3b302d], sa_mask[0]=0xfffefeff, sa_flags=0x00000042
SIGUSR1: SIG_DFL, sa_mask[0]=0x00000000, sa_flags=0x00000000
SIGUSR2: [libjvm.dylib+0x3b2bc6], sa_mask[0]=0x00000004, sa_flags=0x00000042
SIGHUP: [libjvm.dylib+0x3b0e27], sa_mask[0]=0xfffefeff, sa_flags=0x00000042
SIGINT: [libjvm.dylib+0x3b0e27], sa_mask[0]=0xfffefeff, sa_flags=0x00000042
SIGTERM: [libjvm.dylib+0x3b0e27], sa_mask[0]=0xfffefeff, sa_flags=0x00000042
SIGQUIT: [libjvm.dylib+0x3b0e27], sa_mask[0]=0xfffefeff, sa_flags=0x00000042


---------------  S Y S T E M  ---------------

OS:Bsduname:Darwin 14.1.0 Darwin Kernel Version 14.1.0: Mon Dec 22 23:10:38 PST 2014; root:xnu-2782.10.72~2/RELEASE_X86_64 x86_64
rlimit: STACK 8192k, CORE 0k, NPROC 709, NOFILE 10240, AS infinity
load average:2.46 6.86 11.77

CPU:total 4 (2 cores per cpu, 2 threads per core) family 6 model 58 stepping 9, cmov, cx8, fxsr, mmx, sse, sse2, sse3, ssse3, sse4.1, sse4.2, popcnt, avx, ht, tsc, tscinvbit, tscinv

Memory: 4k page, physical 1079916k(269979k free)

/proc/meminfo:


vm_info: Java HotSpot(TM) 64-Bit Server VM (23.7-b01) for bsd-amd64 JRE (1.7.0_17-b02), built on Mar  1 2013 06:41:23 by "java_re" with gcc 4.2.1 (Based on Apple Inc. build 5658) (LLVM build 2336.11.00)

time: Wed Mar 18 09:21:06 2015
elapsed time: 4 seconds

