#
# A fatal error has been detected by the Java Runtime Environment:
#
#  SIGSEGV (0xb) at pc=0x00007fff9154b0dd, pid=16242, tid=1299
#
# JRE version: 7.0_17-b02
# Java VM: Java HotSpot(TM) 64-Bit Server VM (23.7-b01 mixed mode bsd-amd64 compressed oops)
# Problematic frame:
# C  [libobjc.A.dylib+0x10dd]  objc_msgSend+0x1d
#
# Failed to write core dump. Core dumps have been disabled. To enable core dumping, try "ulimit -c unlimited" before starting Java again
#
# If you would like to submit a bug report, please visit:
#   http://bugreport.sun.com/bugreport/crash.jsp
# The crash happened outside the Java Virtual Machine in native code.
# See problematic frame for where to report the bug.
#

---------------  T H R E A D  ---------------

Current thread (0x00007fe50286d000):  JavaThread "AppKit Thread" daemon [_thread_in_native, id=1299, stack(0x00007fff5ef3f000,0x00007fff5efbf000)]

siginfo:si_signo=SIGSEGV: si_errno=0, si_code=1 (SEGV_MAPERR), si_addr=0x000007fe500f3228

Registers:
RAX=0x0000000000000000, RBX=0x00007fe500f310b0, RCX=0x0000000000000000, RDX=0x00007fe500f310b0
RSP=0x00007fff5efb8d48, RBP=0x00007fff5efb8d70, RSI=0x00007fff9325f381, RDI=0x00007fe500f340e0
R8 =0x0000000000000001, R9 =0x0000000000000001, R10=0x00007fff9325f381, R11=0x000007fe500f3210
R12=0x0000000000000094, R13=0x00007fe500d6ff90, R14=0x00007fe500f340e0, R15=0x00007fff5efb9260
RIP=0x00007fff9154b0dd, EFLAGS=0x0000000000010202, ERR=0x0000000000000004
  TRAPNO=0x000000000000000e

Top of Stack: (sp=0x00007fff5efb8d48)
0x00007fff5efb8d48:   000000010b97f598 00007fe500f310b0
0x00007fff5efb8d58:   000000010b9b3c60 00007fe500d6ff90
0x00007fff5efb8d68:   00007fe500f310b0 00007fff5efb9250
0x00007fff5efb8d78:   00007fff92940055 0000000000000000
0x00007fff5efb8d88:   0000000000000000 4081800000000000
0x00007fff5efb8d98:   4086800000000000 0000000000000000
0x00007fff5efb8da8:   0000000000000000 4081800000000000
0x00007fff5efb8db8:   4086800000000000 4081800000000000
0x00007fff5efb8dc8:   4087300000000000 401c000000000000
0x00007fff5efb8dd8:   4086980000000000 402c000000000000
0x00007fff5efb8de8:   4030000000000000 401c000000000000
0x00007fff5efb8df8:   0000000000000000 0000000000000000
0x00007fff5efb8e08:   4030000000000000 00007fff93222139
0x00007fff5efb8e18:   4008000000000000 00007fe500d1c350
0x00007fff5efb8e28:   0000000100000000 0000000000000000
0x00007fff5efb8e38:   00007fe500c70910 00007fff5efb8f90
0x00007fff5efb8e48:   00007fff92944c46 00007fff5efb8f90
0x00007fff5efb8e58:   00007fff92946f92 402c000000000000
0x00007fff5efb8e68:   4030000000000000 401c000000000000
0x00007fff5efb8e78:   4086980000000000 402c000000000000
0x00007fff5efb8e88:   4030000000000000 0000000000000000
0x00007fff5efb8e98:   0000000000000000 4081800000000000
0x00007fff5efb8ea8:   4087300000000000 401c000000000000
0x00007fff5efb8eb8:   4086980000000000 0000000100c5ba00
0x00007fff5efb8ec8:   00007fe500dbebb0 00000000000000b0
0x00007fff5efb8ed8:   0000000000000000 0000000000000bea
0x00007fff5efb8ee8:   0000000100c58000 00007fff5efb8f90
0x00007fff5efb8ef8:   00007fff957dc4ff 0000000000000bec
0x00007fff5efb8f08:   0000000100c58000 00007fff5efb8fb0
0x00007fff5efb8f18:   0000000000000beb 00007fff5efb901f
0x00007fff5efb8f28:   0000000008000000 00007fe500dfc080
0x00007fff5efb8f38:   00007fe500dbeb00 0000000000000028 

Instructions: (pc=0x00007fff9154b0dd)
0x00007fff9154b0bd:   00 00 00 48 85 ff 2e 74 7a 40 f6 c7 01 2e 75 7e
0x00007fff9154b0cd:   49 bb f8 ff ff ff ff 7f 00 00 4c 23 1f 49 89 f2
0x00007fff9154b0dd:   45 23 53 18 49 c1 e2 04 4d 03 53 10 49 3b 32 75
0x00007fff9154b0ed:   04 41 ff 62 08 49 83 3a 00 74 6a 4d 3b 53 10 74 

Register to memory mapping:

RAX=0x0000000000000000 is an unknown value
RBX=0x00007fe500f310b0 is an unknown value
RCX=0x0000000000000000 is an unknown value
RDX=0x00007fe500f310b0 is an unknown value
RSP=0x00007fff5efb8d48 is pointing into the stack for thread: 0x00007fe50286d000
RBP=0x00007fff5efb8d70 is pointing into the stack for thread: 0x00007fe50286d000
RSI=0x00007fff9325f381: -[NSTitlebarContainerView transparent]+0x5e265 in /System/Library/Frameworks/AppKit.framework/Versions/C/AppKit at 0x00007fff9285e000
RDI=0x00007fe500f340e0 is an unknown value
R8 =0x0000000000000001 is an unknown value
R9 =0x0000000000000001 is an unknown value
R10=0x00007fff9325f381: -[NSTitlebarContainerView transparent]+0x5e265 in /System/Library/Frameworks/AppKit.framework/Versions/C/AppKit at 0x00007fff9285e000
R11=0x000007fe500f3210 is an unknown value
R12=0x0000000000000094 is an unknown value
R13=0x00007fe500d6ff90 is an unknown value
R14=0x00007fe500f340e0 is an unknown value
R15=0x00007fff5efb9260 is pointing into the stack for thread: 0x00007fe50286d000


Stack: [0x00007fff5ef3f000,0x00007fff5efbf000],  sp=0x00007fff5efb8d48,  free space=487k
Native frames: (J=compiled Java code, j=interpreted, Vv=VM code, C=native code)
C  [libobjc.A.dylib+0x10dd]  objc_msgSend+0x1d
C  [AppKit+0xe2055]  -[NSView _recursiveDisplayRectIfNeededIgnoringOpacity:isVisibleRect:rectIsVisibleRectForView:topView:]+0x740
C  [AppKit+0xe30b0]  -[NSView _recursiveDisplayRectIfNeededIgnoringOpacity:isVisibleRect:rectIsVisibleRectForView:topView:]+0x179b
C  [AppKit+0xe1403]  -[NSThemeFrame _recursiveDisplayRectIfNeededIgnoringOpacity:isVisibleRect:rectIsVisibleRectForView:topView:]+0x14d
C  [AppKit+0xdd79b]  -[NSView _displayRectIgnoringOpacity:isVisibleRect:rectIsVisibleRectForView:]+0xac9
C  [AppKit+0x952be]  -[NSView displayIfNeeded]+0x754
C  [AppKit+0x94b19]  -[NSWindow displayIfNeeded]+0xec
C  [AppKit+0x94782]  _handleWindowNeedsDisplayOrLayoutOrUpdateConstraints+0x3a8
C  [Foundation+0x4b953]  __NSFireTimer+0x5f
C  [CoreFoundation+0xb72e4]  __CFRUNLOOP_IS_CALLING_OUT_TO_A_TIMER_CALLBACK_FUNCTION__+0x14
C  [CoreFoundation+0xb6f73]  __CFRunLoopDoTimer+0x423
C  [CoreFoundation+0x12a53d]  __CFRunLoopDoTimers+0x12d
C  [CoreFoundation+0x72608]  __CFRunLoopRun+0x7e8
C  [CoreFoundation+0x71bd8]  CFRunLoopRunSpecific+0x128
C  [HIToolbox+0x3256f]  RunCurrentEventLoopInMode+0xeb
C  [HIToolbox+0x322ea]  ReceiveNextEventCommon+0x1af
C  [HIToolbox+0x3212b]  _BlockUntilNextEventMatchingListInModeWithFilter+0x47
C  [AppKit+0x919bb]  _DPSNextEvent+0x3d2
C  [AppKit+0x90f68]  -[NSApplication nextEventMatchingMask:untilDate:inMode:dequeue:]+0x15a
C  [libosxapp.dylib+0x1b56]  -[NSApplicationAWT nextEventMatchingMask:untilDate:inMode:dequeue:]+0x7c
C  [AppKit+0x86bf3]  -[NSApplication run]+0x252
C  [libosxapp.dylib+0x19b9]  +[NSApplicationAWT runAWTLoopWithApp:]+0x9c
C  [liblwawt.dylib+0xd81a]  -[AWTStarter starter:]+0x637
C  [Foundation+0x92d00]  __NSThreadPerformPerform+0x125
C  [CoreFoundation+0x80a01]  __CFRUNLOOP_IS_CALLING_OUT_TO_A_SOURCE0_PERFORM_FUNCTION__+0x11
C  [CoreFoundation+0x72b8d]  __CFRunLoopDoSources0+0x10d
C  [CoreFoundation+0x721bf]  __CFRunLoopRun+0x39f
C  [CoreFoundation+0x71bd8]  CFRunLoopRunSpecific+0x128
C  [java+0x742d]  CreateExecutionEnvironment+0x367
C  [java+0x1bdc]  JLI_Launch+0x7a0
C  [java+0x778a]  main+0x65
C  [java+0x1434]  start+0x34


---------------  P R O C E S S  ---------------

Java Threads: ( => current thread )
  0x00007fe502871000 JavaThread "AWT-Shutdown" [_thread_blocked, id=45627, stack(0x000000010797d000,0x0000000107a7d000)]
=>0x00007fe50286d000 JavaThread "AppKit Thread" daemon [_thread_in_native, id=1299, stack(0x00007fff5ef3f000,0x00007fff5efbf000)]
  0x00007fe501023000 JavaThread "Service Thread" daemon [_thread_blocked, id=13827, stack(0x00000001074ea000,0x00000001075ea000)]
  0x00007fe501022800 JavaThread "C2 CompilerThread1" daemon [_thread_blocked, id=13571, stack(0x00000001073e7000,0x00000001074e7000)]
  0x00007fe502853800 JavaThread "C2 CompilerThread0" daemon [_thread_blocked, id=13323, stack(0x00000001072e4000,0x00000001073e4000)]
  0x00007fe502850800 JavaThread "Signal Dispatcher" daemon [_thread_blocked, id=10259, stack(0x00000001071e1000,0x00000001072e1000)]
  0x00007fe501807800 JavaThread "Finalizer" daemon [_thread_blocked, id=8707, stack(0x00000001057c0000,0x00000001058c0000)]
  0x00007fe50101a800 JavaThread "Reference Handler" daemon [_thread_blocked, id=8451, stack(0x00000001056bd000,0x00000001057bd000)]
  0x00007fe502801000 JavaThread "main" [_thread_in_native, id=4355, stack(0x00000001020a8000,0x00000001021a8000)]

Other Threads:
  0x00007fe501018000 VMThread [stack: 0x00000001055ba000,0x00000001056ba000] [id=8195]
  0x00007fe50101f000 WatcherThread [stack: 0x00000001075ed000,0x00000001076ed000] [id=14083]

VM state:not at safepoint (normal execution)

VM Mutex/Monitor currently owned by a thread: None

Heap
 def new generation   total 4672K, used 586K [0x00000007eba00000, 0x00000007ebf10000, 0x00000007f0b50000)
  eden space 4160K,   1% used [0x00000007eba00000, 0x00000007eba12b48, 0x00000007ebe10000)
  from space 512K, 100% used [0x00000007ebe90000, 0x00000007ebf10000, 0x00000007ebf10000)
  to   space 512K,   0% used [0x00000007ebe10000, 0x00000007ebe10000, 0x00000007ebe90000)
 tenured generation   total 10432K, used 586K [0x00000007f0b50000, 0x00000007f1580000, 0x00000007fae00000)
   the space 10432K,   5% used [0x00000007f0b50000, 0x00000007f0be2a38, 0x00000007f0be2c00, 0x00000007f1580000)
 compacting perm gen  total 21248K, used 5116K [0x00000007fae00000, 0x00000007fc2c0000, 0x0000000800000000)
   the space 21248K,  24% used [0x00000007fae00000, 0x00000007fb2ff260, 0x00000007fb2ff400, 0x00000007fc2c0000)
No shared spaces configured.

Card table byte_map: [0x000000010526a000,0x000000010530e000] byte_map_base: 0x000000010130d000

Polling page: 0x0000000100d90000

Code Cache  [0x00000001021aa000, 0x000000010241a000, 0x00000001051aa000)
 total_blobs=324 nmethods=53 adapters=224 free_code_cache=48641Kb largest_free_block=49787712

Compilation events (10 events):
Event: 2.493 Thread 0x00007fe502853800 nmethod 43 0x0000000102219cd0 code [0x0000000102219e40, 0x000000010221a038]
Event: 2.493 Thread 0x00007fe502853800   46             org.lwjgl.opengl.GL11::glColor3f (24 bytes)
Event: 2.495 Thread 0x00007fe502853800 nmethod 46 0x0000000102219550 code [0x00000001022196a0, 0x00000001022197c8]
Event: 2.495 Thread 0x00007fe502853800   48             org.lwjgl.opengl.GL11::glBegin (24 bytes)
Event: 2.496 Thread 0x00007fe502853800 nmethod 48 0x0000000102224350 code [0x00000001022244a0, 0x00000001022245c8]
Event: 2.496 Thread 0x00007fe502853800   50             org.lwjgl.opengl.GL11::glEnd (26 bytes)
Event: 2.498 Thread 0x00007fe501022800 nmethod 45 0x0000000102224090 code [0x00000001022241e0, 0x0000000102224298]
Event: 2.499 Thread 0x00007fe502853800 nmethod 50 0x0000000102223950 code [0x0000000102223ae0, 0x0000000102223cf8]
Event: 3.357 Thread 0x00007fe501022800    1 % !         Pacman::<init> @ 2321 (2368 bytes)
Event: 3.402 Thread 0x00007fe501022800 nmethod 1% 0x00000001022278d0 code [0x0000000102227f00, 0x000000010222a370]

GC Heap History (2 events):
Event: 3.490 GC heap before
{Heap before GC invocations=0 (full 0):
 def new generation   total 4672K, used 4160K [0x00000007eba00000, 0x00000007ebf10000, 0x00000007f0b50000)
  eden space 4160K, 100% used [0x00000007eba00000, 0x00000007ebe10000, 0x00000007ebe10000)
  from space 512K,   0% used [0x00000007ebe10000, 0x00000007ebe10000, 0x00000007ebe90000)
  to   space 512K,   0% used [0x00000007ebe90000, 0x00000007ebe90000, 0x00000007ebf10000)
 tenured generation   total 10432K, used 0K [0x00000007f0b50000, 0x00000007f1580000, 0x00000007fae00000)
   the space 10432K,   0% used [0x00000007f0b50000, 0x00000007f0b50000, 0x00000007f0b50200, 0x00000007f1580000)
 compacting perm gen  total 21248K, used 5111K [0x00000007fae00000, 0x00000007fc2c0000, 0x0000000800000000)
   the space 21248K,  24% used [0x00000007fae00000, 0x00000007fb2fdcd8, 0x00000007fb2fde00, 0x00000007fc2c0000)
No shared spaces configured.
Event: 3.495 GC heap after
Heap after GC invocations=1 (full 0):
 def new generation   total 4672K, used 512K [0x00000007eba00000, 0x00000007ebf10000, 0x00000007f0b50000)
  eden space 4160K,   0% used [0x00000007eba00000, 0x00000007eba00000, 0x00000007ebe10000)
  from space 512K, 100% used [0x00000007ebe90000, 0x00000007ebf10000, 0x00000007ebf10000)
  to   space 512K,   0% used [0x00000007ebe10000, 0x00000007ebe10000, 0x00000007ebe90000)
 tenured generation   total 10432K, used 586K [0x00000007f0b50000, 0x00000007f1580000, 0x00000007fae00000)
   the space 10432K,   5% used [0x00000007f0b50000, 0x00000007f0be2a38, 0x00000007f0be2c00, 0x00000007f1580000)
 compacting perm gen  total 21248K, used 5111K [0x00000007fae00000, 0x00000007fc2c0000, 0x0000000800000000)
   the space 21248K,  24% used [0x00000007fae00000, 0x00000007fb2fdcd8, 0x00000007fb2fde00, 0x00000007fc2c0000)
No shared spaces configured.
}

Deoptimization events (0 events):
No events

Internal exceptions (10 events):
Event: 0.508 Thread 0x00007fe502801000 Threw 0x00000007ebdc4338 at /HUDSON/workspace/jdk7u17-2-build-macosx-amd64-product/jdk7u17/hotspot/src/share/vm/prims/jvm.cpp:1166
Event: 0.510 Thread 0x00007fe502801000 Threw 0x00000007ebdceba0 at /HUDSON/workspace/jdk7u17-2-build-macosx-amd64-product/jdk7u17/hotspot/src/share/vm/prims/jvm.cpp:1166
Event: 0.510 Thread 0x00007fe502801000 Threw 0x00000007ebdd0f48 at /HUDSON/workspace/jdk7u17-2-build-macosx-amd64-product/jdk7u17/hotspot/src/share/vm/prims/jvm.cpp:1166
Event: 0.511 Thread 0x00007fe502801000 Threw 0x00000007ebdd32a8 at /HUDSON/workspace/jdk7u17-2-build-macosx-amd64-product/jdk7u17/hotspot/src/share/vm/prims/jvm.cpp:1166
Event: 0.511 Thread 0x00007fe502801000 Threw 0x00000007ebdd56c0 at /HUDSON/workspace/jdk7u17-2-build-macosx-amd64-product/jdk7u17/hotspot/src/share/vm/prims/jvm.cpp:1166
Event: 0.512 Thread 0x00007fe502801000 Threw 0x00000007ebdd79a8 at /HUDSON/workspace/jdk7u17-2-build-macosx-amd64-product/jdk7u17/hotspot/src/share/vm/prims/jvm.cpp:1166
Event: 0.512 Thread 0x00007fe502801000 Threw 0x00000007ebddab58 at /HUDSON/workspace/jdk7u17-2-build-macosx-amd64-product/jdk7u17/hotspot/src/share/vm/prims/jvm.cpp:1166
Event: 0.522 Thread 0x00007fe502801000 Threw 0x00000007ebddead8 at /HUDSON/workspace/jdk7u17-2-build-macosx-amd64-product/jdk7u17/hotspot/src/share/vm/prims/jvm.cpp:1166
Event: 0.523 Thread 0x00007fe502801000 Threw 0x00000007ebde36a0 at /HUDSON/workspace/jdk7u17-2-build-macosx-amd64-product/jdk7u17/hotspot/src/share/vm/prims/jvm.cpp:1166
Event: 3.660 Thread 0x00007fe502801000 Threw 0x00000007eba02990 at /HUDSON/workspace/jdk7u17-2-build-macosx-amd64-product/jdk7u17/hotspot/src/share/vm/prims/jvm.cpp:1166

Events (10 events):
Event: 1.885 loading class 0x00007fe500e34b00
Event: 1.885 loading class 0x00007fe500e34b00 done
Event: 1.885 loading class 0x00007fe500c504f0
Event: 1.885 loading class 0x00007fe500c504f0 done
Event: 1.885 Thread 0x00007fe502871000 Thread exited: 0x00007fe502871000
Event: 1.948 Thread 0x00007fe502871000 Thread added: 0x00007fe502871000
Event: 3.490 Executing VM operation: GenCollectForAllocation
Event: 3.495 Executing VM operation: GenCollectForAllocation done
Event: 3.659 loading class 0x00007fe500d93c00
Event: 3.659 loading class 0x00007fe500d93c00 done


Dynamic libraries:
0x000000000c88d000 	/System/Library/Frameworks/Cocoa.framework/Versions/A/Cocoa
0x000000000c88d000 	/System/Library/Frameworks/Security.framework/Versions/A/Security
0x000000000c88d000 	/System/Library/Frameworks/ApplicationServices.framework/Versions/A/ApplicationServices
0x000000000c88d000 	/usr/lib/libz.1.dylib
0x000000000c88d000 	/usr/lib/libSystem.B.dylib
0x000000000c88d000 	/usr/lib/libobjc.A.dylib
0x000000000c88d000 	/System/Library/Frameworks/CoreFoundation.framework/Versions/A/CoreFoundation
0x000000000c88d000 	/System/Library/Frameworks/AppKit.framework/Versions/C/AppKit
0x000000000c88d000 	/System/Library/Frameworks/CoreData.framework/Versions/A/CoreData
0x000000000c88d000 	/System/Library/Frameworks/Foundation.framework/Versions/C/Foundation
0x000000000c88d000 	/System/Library/PrivateFrameworks/RemoteViewServices.framework/Versions/A/RemoteViewServices
0x000000000c88d000 	/System/Library/PrivateFrameworks/UIFoundation.framework/Versions/A/UIFoundation
0x000000000c88d000 	/System/Library/Frameworks/IOSurface.framework/Versions/A/IOSurface
0x000000000c88d000 	/System/Library/Frameworks/AudioToolbox.framework/Versions/A/AudioToolbox
0x000000000c88d000 	/System/Library/Frameworks/AudioUnit.framework/Versions/A/AudioUnit
0x000000000c88d000 	/System/Library/PrivateFrameworks/DataDetectorsCore.framework/Versions/A/DataDetectorsCore
0x000000000c88d000 	/System/Library/PrivateFrameworks/DesktopServicesPriv.framework/Versions/A/DesktopServicesPriv
0x000000000c88d000 	/System/Library/Frameworks/Carbon.framework/Versions/A/Frameworks/HIToolbox.framework/Versions/A/HIToolbox
0x000000000c88d000 	/System/Library/Frameworks/QuartzCore.framework/Versions/A/QuartzCore
0x000000000c88d000 	/System/Library/Frameworks/Carbon.framework/Versions/A/Frameworks/SpeechRecognition.framework/Versions/A/SpeechRecognition
0x000000000c88d000 	/usr/lib/libauto.dylib
0x000000000c88d000 	/usr/lib/libicucore.A.dylib
0x000000000c88d000 	/usr/lib/libxml2.2.dylib
0x000000000c88d000 	/System/Library/PrivateFrameworks/CoreUI.framework/Versions/A/CoreUI
0x000000000c88d000 	/System/Library/Frameworks/CoreAudio.framework/Versions/A/CoreAudio
0x000000000c88d000 	/System/Library/Frameworks/DiskArbitration.framework/Versions/A/DiskArbitration
0x000000000c88d000 	/usr/lib/liblangid.dylib
0x000000000c88d000 	/System/Library/PrivateFrameworks/MultitouchSupport.framework/Versions/A/MultitouchSupport
0x000000000c88d000 	/System/Library/Frameworks/IOKit.framework/Versions/A/IOKit
0x000000000c88d000 	/usr/lib/libDiagnosticMessagesClient.dylib
0x000000000c88d000 	/System/Library/Frameworks/CoreServices.framework/Versions/A/CoreServices
0x000000000c88d000 	/System/Library/PrivateFrameworks/PerformanceAnalysis.framework/Versions/A/PerformanceAnalysis
0x000000000c88d000 	/System/Library/PrivateFrameworks/GenerationalStorage.framework/Versions/A/GenerationalStorage
0x000000000c88d000 	/System/Library/Frameworks/OpenGL.framework/Versions/A/OpenGL
0x000000000c88d000 	/System/Library/PrivateFrameworks/Sharing.framework/Versions/A/Sharing
0x000000000c88d000 	/System/Library/Frameworks/CoreGraphics.framework/Versions/A/CoreGraphics
0x000000000c88d000 	/System/Library/Frameworks/CoreText.framework/Versions/A/CoreText
0x000000000c88d000 	/System/Library/Frameworks/ImageIO.framework/Versions/A/ImageIO
0x000000000c88d000 	/usr/lib/libextension.dylib
0x000000000c88d000 	/System/Library/PrivateFrameworks/Backup.framework/Versions/A/Backup
0x000000000c88d000 	/usr/lib/libarchive.2.dylib
0x000000000c88d000 	/System/Library/Frameworks/CFNetwork.framework/Versions/A/CFNetwork
0x000000000c88d000 	/System/Library/Frameworks/SystemConfiguration.framework/Versions/A/SystemConfiguration
0x000000000c88d000 	/usr/lib/libCRFSuite.dylib
0x000000000c88d000 	/usr/lib/libc++.1.dylib
0x000000000c88d000 	/usr/lib/libc++abi.dylib
0x000000000c88d000 	/usr/lib/system/libcache.dylib
0x000000000c88d000 	/usr/lib/system/libcommonCrypto.dylib
0x000000000c88d000 	/usr/lib/system/libcompiler_rt.dylib
0x000000000c88d000 	/usr/lib/system/libcopyfile.dylib
0x000000000c88d000 	/usr/lib/system/libcorecrypto.dylib
0x000000000c88d000 	/usr/lib/system/libdispatch.dylib
0x000000000c88d000 	/usr/lib/system/libdyld.dylib
0x000000000c88d000 	/usr/lib/system/libkeymgr.dylib
0x000000000c88d000 	/usr/lib/system/liblaunch.dylib
0x000000000c88d000 	/usr/lib/system/libmacho.dylib
0x000000000c88d000 	/usr/lib/system/libquarantine.dylib
0x000000000c88d000 	/usr/lib/system/libremovefile.dylib
0x000000000c88d000 	/usr/lib/system/libsystem_asl.dylib
0x000000000c88d000 	/usr/lib/system/libsystem_blocks.dylib
0x000000000c88d000 	/usr/lib/system/libsystem_c.dylib
0x000000000c88d000 	/usr/lib/system/libsystem_configuration.dylib
0x000000000c88d000 	/usr/lib/system/libsystem_coreservices.dylib
0x000000000c88d000 	/usr/lib/system/libsystem_coretls.dylib
0x000000000c88d000 	/usr/lib/system/libsystem_dnssd.dylib
0x000000000c88d000 	/usr/lib/system/libsystem_info.dylib
0x000000000c88d000 	/usr/lib/system/libsystem_kernel.dylib
0x000000000c88d000 	/usr/lib/system/libsystem_m.dylib
0x000000000c88d000 	/usr/lib/system/libsystem_malloc.dylib
0x000000000c88d000 	/usr/lib/system/libsystem_network.dylib
0x000000000c88d000 	/usr/lib/system/libsystem_networkextension.dylib
0x000000000c88d000 	/usr/lib/system/libsystem_notify.dylib
0x000000000c88d000 	/usr/lib/system/libsystem_platform.dylib
0x000000000c88d000 	/usr/lib/system/libsystem_pthread.dylib
0x000000000c88d000 	/usr/lib/system/libsystem_sandbox.dylib
0x000000000c88d000 	/usr/lib/system/libsystem_secinit.dylib
0x000000000c88d000 	/usr/lib/system/libsystem_stats.dylib
0x000000000c88d000 	/usr/lib/system/libsystem_trace.dylib
0x000000000c88d000 	/usr/lib/system/libunc.dylib
0x000000000c88d000 	/usr/lib/system/libunwind.dylib
0x000000000c88d000 	/usr/lib/system/libxpc.dylib
0x000000000c88d000 	/usr/lib/libbz2.1.0.dylib
0x000000000c88d000 	/usr/lib/liblzma.5.dylib
0x000000000c88d000 	/usr/lib/libbsm.0.dylib
0x000000000c88d000 	/usr/lib/libsqlite3.dylib
0x000000000c88d000 	/usr/lib/system/libkxld.dylib
0x000000000c88d000 	/usr/lib/libxar.1.dylib
0x000000000c88d000 	/usr/lib/libpam.2.dylib
0x000000000c88d000 	/usr/lib/libOpenScriptingUtil.dylib
0x000000000c88d000 	/System/Library/Frameworks/CoreServices.framework/Versions/A/Frameworks/FSEvents.framework/Versions/A/FSEvents
0x000000000c88d000 	/System/Library/Frameworks/CoreServices.framework/Versions/A/Frameworks/CarbonCore.framework/Versions/A/CarbonCore
0x000000000c88d000 	/System/Library/Frameworks/CoreServices.framework/Versions/A/Frameworks/Metadata.framework/Versions/A/Metadata
0x000000000c88d000 	/System/Library/Frameworks/CoreServices.framework/Versions/A/Frameworks/OSServices.framework/Versions/A/OSServices
0x000000000c88d000 	/System/Library/Frameworks/CoreServices.framework/Versions/A/Frameworks/SearchKit.framework/Versions/A/SearchKit
0x000000000c88d000 	/System/Library/Frameworks/CoreServices.framework/Versions/A/Frameworks/AE.framework/Versions/A/AE
0x000000000c88d000 	/System/Library/Frameworks/CoreServices.framework/Versions/A/Frameworks/LaunchServices.framework/Versions/A/LaunchServices
0x000000000c88d000 	/System/Library/Frameworks/CoreServices.framework/Versions/A/Frameworks/DictionaryServices.framework/Versions/A/DictionaryServices
0x000000000c88d000 	/System/Library/Frameworks/NetFS.framework/Versions/A/NetFS
0x000000000c88d000 	/System/Library/PrivateFrameworks/NetAuth.framework/Versions/A/NetAuth
0x000000000c88d000 	/System/Library/PrivateFrameworks/login.framework/Versions/A/Frameworks/loginsupport.framework/Versions/A/loginsupport
0x000000000c88d000 	/System/Library/PrivateFrameworks/TCC.framework/Versions/A/TCC
0x000000000c88d000 	/usr/lib/libmecabra.dylib
0x000000000c88d000 	/System/Library/Frameworks/ApplicationServices.framework/Versions/A/Frameworks/ATS.framework/Versions/A/ATS
0x000000000c88d000 	/System/Library/Frameworks/ApplicationServices.framework/Versions/A/Frameworks/ColorSync.framework/Versions/A/ColorSync
0x000000000c88d000 	/System/Library/Frameworks/ApplicationServices.framework/Versions/A/Frameworks/HIServices.framework/Versions/A/HIServices
0x000000000c88d000 	/System/Library/Frameworks/ApplicationServices.framework/Versions/A/Frameworks/LangAnalysis.framework/Versions/A/LangAnalysis
0x000000000c88d000 	/System/Library/Frameworks/ApplicationServices.framework/Versions/A/Frameworks/PrintCore.framework/Versions/A/PrintCore
0x000000000c88d000 	/System/Library/Frameworks/ApplicationServices.framework/Versions/A/Frameworks/QD.framework/Versions/A/QD
0x000000000c88d000 	/System/Library/Frameworks/ApplicationServices.framework/Versions/A/Frameworks/SpeechSynthesis.framework/Versions/A/SpeechSynthesis
0x000000000c88d000 	/System/Library/Frameworks/Accelerate.framework/Versions/A/Accelerate
0x000000000c88d000 	/System/Library/Frameworks/Accelerate.framework/Versions/A/Frameworks/vImage.framework/Versions/A/vImage
0x000000000c88d000 	/System/Library/Frameworks/Accelerate.framework/Versions/A/Frameworks/vecLib.framework/Versions/A/vecLib
0x000000000c88d000 	/System/Library/Frameworks/Accelerate.framework/Versions/A/Frameworks/vecLib.framework/Versions/A/libvDSP.dylib
0x000000000c88d000 	/System/Library/Frameworks/Accelerate.framework/Versions/A/Frameworks/vecLib.framework/Versions/A/libvMisc.dylib
0x000000000c88d000 	/System/Library/Frameworks/Accelerate.framework/Versions/A/Frameworks/vecLib.framework/Versions/A/libLAPACK.dylib
0x000000000c88d000 	/System/Library/Frameworks/Accelerate.framework/Versions/A/Frameworks/vecLib.framework/Versions/A/libBLAS.dylib
0x000000000c88d000 	/System/Library/Frameworks/Accelerate.framework/Versions/A/Frameworks/vecLib.framework/Versions/A/libLinearAlgebra.dylib
0x000000000c88d000 	/System/Library/Frameworks/ApplicationServices.framework/Versions/A/Frameworks/ATS.framework/Versions/A/Resources/libFontParser.dylib
0x000000000c88d000 	/System/Library/Frameworks/ApplicationServices.framework/Versions/A/Frameworks/ATS.framework/Versions/A/Resources/libFontRegistry.dylib
0x000000000c88d000 	/System/Library/PrivateFrameworks/AppleVPA.framework/Versions/A/AppleVPA
0x000000000c88d000 	/System/Library/PrivateFrameworks/AppleJPEG.framework/Versions/A/AppleJPEG
0x000000000c88d000 	/System/Library/Frameworks/ImageIO.framework/Versions/A/Resources/libJPEG.dylib
0x000000000c88d000 	/System/Library/Frameworks/ImageIO.framework/Versions/A/Resources/libTIFF.dylib
0x000000000c88d000 	/System/Library/Frameworks/ImageIO.framework/Versions/A/Resources/libPng.dylib
0x000000000c88d000 	/System/Library/Frameworks/ImageIO.framework/Versions/A/Resources/libGIF.dylib
0x000000000c88d000 	/System/Library/Frameworks/ImageIO.framework/Versions/A/Resources/libJP2.dylib
0x000000000c88d000 	/System/Library/Frameworks/ImageIO.framework/Versions/A/Resources/libRadiance.dylib
0x000000000c88d000 	/System/Library/Frameworks/CoreVideo.framework/Versions/A/CoreVideo
0x000000000c88d000 	/System/Library/Frameworks/OpenGL.framework/Versions/A/Libraries/libGLU.dylib
0x000000000c88d000 	/System/Library/Frameworks/OpenGL.framework/Versions/A/Libraries/libGFXShared.dylib
0x000000000c88d000 	/System/Library/Frameworks/OpenGL.framework/Versions/A/Libraries/libGL.dylib
0x000000000c88d000 	/System/Library/Frameworks/OpenGL.framework/Versions/A/Libraries/libGLImage.dylib
0x000000000c88d000 	/System/Library/Frameworks/OpenGL.framework/Versions/A/Libraries/libCVMSPluginSupport.dylib
0x000000000c88d000 	/System/Library/Frameworks/OpenGL.framework/Versions/A/Libraries/libCoreVMClient.dylib
0x000000000c88d000 	/usr/lib/libcups.2.dylib
0x000000000c88d000 	/System/Library/Frameworks/Kerberos.framework/Versions/A/Kerberos
0x000000000c88d000 	/System/Library/Frameworks/GSS.framework/Versions/A/GSS
0x000000000c88d000 	/usr/lib/libresolv.9.dylib
0x000000000c88d000 	/usr/lib/libiconv.2.dylib
0x000000000c88d000 	/System/Library/PrivateFrameworks/Heimdal.framework/Versions/A/Heimdal
0x000000000c88d000 	/usr/lib/libheimdal-asn1.dylib
0x000000000c88d000 	/System/Library/Frameworks/OpenDirectory.framework/Versions/A/OpenDirectory
0x000000000c88d000 	/System/Library/PrivateFrameworks/CommonAuth.framework/Versions/A/CommonAuth
0x000000000c88d000 	/System/Library/Frameworks/OpenDirectory.framework/Versions/A/Frameworks/CFOpenDirectory.framework/Versions/A/CFOpenDirectory
0x000000000c88d000 	/System/Library/Frameworks/SecurityFoundation.framework/Versions/A/SecurityFoundation
0x000000000c88d000 	/System/Library/PrivateFrameworks/LanguageModeling.framework/Versions/A/LanguageModeling
0x000000000c88d000 	/usr/lib/libcmph.dylib
0x000000000c88d000 	/System/Library/Frameworks/ServiceManagement.framework/Versions/A/ServiceManagement
0x000000000c88d000 	/usr/lib/libxslt.1.dylib
0x000000000c88d000 	/System/Library/Frameworks/Carbon.framework/Versions/A/Frameworks/Ink.framework/Versions/A/Ink
0x000000000c88d000 	/System/Library/Frameworks/QuartzCore.framework/Versions/A/Frameworks/CoreImage.framework/Versions/A/CoreImage
0x000000000c88d000 	/System/Library/PrivateFrameworks/CrashReporterSupport.framework/Versions/A/CrashReporterSupport
0x000000000c88d000 	/System/Library/Frameworks/OpenCL.framework/Versions/A/OpenCL
0x000000000c88d000 	/System/Library/PrivateFrameworks/FaceCore.framework/Versions/A/FaceCore
0x000000000c88d000 	/System/Library/PrivateFrameworks/Ubiquity.framework/Versions/A/Ubiquity
0x000000000c88d000 	/System/Library/PrivateFrameworks/IconServices.framework/Versions/A/IconServices
0x000000000c88d000 	/System/Library/PrivateFrameworks/ChunkingLibrary.framework/Versions/A/ChunkingLibrary
0x000000000c88d000 	/System/Library/PrivateFrameworks/Apple80211.framework/Versions/A/Apple80211
0x000000000c88d000 	/System/Library/Frameworks/CoreWLAN.framework/Versions/A/CoreWLAN
0x000000000c88d000 	/System/Library/Frameworks/IOBluetooth.framework/Versions/A/IOBluetooth
0x000000000c88d000 	/System/Library/PrivateFrameworks/CoreWiFi.framework/Versions/A/CoreWiFi
0x000000000c88d000 	/System/Library/Frameworks/CoreBluetooth.framework/Versions/A/CoreBluetooth
0x000000000c88d000 	/System/Library/PrivateFrameworks/DebugSymbols.framework/Versions/A/DebugSymbols
0x000000000c88d000 	/System/Library/PrivateFrameworks/CoreSymbolication.framework/Versions/A/CoreSymbolication
0x000000000c88d000 	/System/Library/PrivateFrameworks/Symbolication.framework/Versions/A/Symbolication
0x000000000c88d000 	/System/Library/PrivateFrameworks/SpeechRecognitionCore.framework/Versions/A/SpeechRecognitionCore
0x0000000101600000 	/Library/Java/JavaVirtualMachines/jdk1.7.0_17.jdk/Contents/Home/jre/lib/server/libjvm.dylib
0x000000000c88d000 	/usr/lib/libstdc++.6.dylib
0x0000000100d53000 	/Library/Java/JavaVirtualMachines/jdk1.7.0_17.jdk/Contents/Home/jre/lib/libverify.dylib
0x0000000100d60000 	/Library/Java/JavaVirtualMachines/jdk1.7.0_17.jdk/Contents/Home/jre/lib/libjava.dylib
0x0000000100d9a000 	/Library/Java/JavaVirtualMachines/jdk1.7.0_17.jdk/Contents/Home/jre/lib/libzip.dylib
0x00000001058c2000 	/System/Library/Frameworks/JavaVM.framework/Frameworks/JavaRuntimeSupport.framework/JavaRuntimeSupport
0x00000001058da000 	/System/Library/Frameworks/JavaVM.framework/Versions/A/Frameworks/JavaNativeFoundation.framework/Versions/A/JavaNativeFoundation
0x00000001058ef000 	/System/Library/Frameworks/JavaVM.framework/Versions/A/JavaVM
0x000000000c88d000 	/System/Library/Frameworks/Carbon.framework/Versions/A/Carbon
0x00000001058fc000 	/System/Library/PrivateFrameworks/JavaLaunching.framework/Versions/A/JavaLaunching
0x000000000c88d000 	/System/Library/Frameworks/Carbon.framework/Versions/A/Frameworks/CommonPanels.framework/Versions/A/CommonPanels
0x000000000c88d000 	/System/Library/Frameworks/Carbon.framework/Versions/A/Frameworks/Help.framework/Versions/A/Help
0x000000000c88d000 	/System/Library/Frameworks/Carbon.framework/Versions/A/Frameworks/ImageCapture.framework/Versions/A/ImageCapture
0x000000000c88d000 	/System/Library/Frameworks/Carbon.framework/Versions/A/Frameworks/OpenScripting.framework/Versions/A/OpenScripting
0x000000000c88d000 	/System/Library/Frameworks/Carbon.framework/Versions/A/Frameworks/Print.framework/Versions/A/Print
0x000000000c88d000 	/System/Library/Frameworks/Carbon.framework/Versions/A/Frameworks/SecurityHI.framework/Versions/A/SecurityHI
0x0000000107733000 	/Library/Java/JavaVirtualMachines/jdk1.7.0_17.jdk/Contents/Home/jre/lib/libawt.dylib
0x00000001077e2000 	/Library/Java/JavaVirtualMachines/jdk1.7.0_17.jdk/Contents/Home/jre/lib/./libmlib_image.dylib
0x00000001078ae000 	/Library/Java/JavaVirtualMachines/jdk1.7.0_17.jdk/Contents/Home/jre/lib/lwawt/liblwawt.dylib
0x0000000107960000 	/Library/Java/JavaVirtualMachines/jdk1.7.0_17.jdk/Contents/Home/jre/lib/libosxapp.dylib
0x000000000c88d000 	/System/Library/Frameworks/ExceptionHandling.framework/Versions/A/ExceptionHandling
0x000000000c88d000 	/System/Library/PrivateFrameworks/CoreServicesInternal.framework/Versions/A/CoreServicesInternal
0x000000000c88d000 	/System/Library/PrivateFrameworks/CloudDocs.framework/Versions/A/CloudDocs
0x000000000c88d000 	/System/Library/PrivateFrameworks/CoreDuet.framework/Versions/A/CoreDuet
0x000000000c88d000 	/System/Library/Frameworks/CloudKit.framework/Versions/A/CloudKit
0x000000000c88d000 	/System/Library/PrivateFrameworks/ProtocolBuffer.framework/Versions/A/ProtocolBuffer
0x000000000c88d000 	/System/Library/PrivateFrameworks/CoreDuetDaemonProtocol.framework/Versions/A/CoreDuetDaemonProtocol
0x000000000c88d000 	/System/Library/PrivateFrameworks/CoreDuetDebugLogging.framework/Versions/A/CoreDuetDebugLogging
0x000000000c88d000 	/System/Library/PrivateFrameworks/MMCS.framework/Versions/A/MMCS
0x000000000c88d000 	/System/Library/Frameworks/CoreLocation.framework/Versions/A/CoreLocation
0x000000000c88d000 	/System/Library/PrivateFrameworks/ProtectedCloudStorage.framework/Versions/A/ProtectedCloudStorage
0x000000000c88d000 	/System/Library/PrivateFrameworks/GeoServices.framework/Versions/A/GeoServices
0x000000000c88d000 	/System/Library/Frameworks/CoreGraphics.framework/Versions/A/Resources/libCGCMS.A.dylib
0x000000000c88d000 	/System/Library/Frameworks/CoreGraphics.framework/Versions/A/Resources/libRIP.A.dylib
0x000000000c88d000 	/System/Library/Frameworks/CoreGraphics.framework/Versions/A/Resources/libCGXType.A.dylib
0x000000000c88d000 	/System/Library/Frameworks/OpenCL.framework/Versions/A/Libraries/libcldcpuengine.dylib
0x000000000c88d000 	/System/Library/PrivateFrameworks/DiskImages.framework/Versions/A/DiskImages
0x000000000c88d000 	/System/Library/Frameworks/DiscRecording.framework/Versions/A/DiscRecording
0x000000000c88d000 	/usr/lib/libcsfde.dylib
0x000000000c88d000 	/usr/lib/libcurl.4.dylib
0x000000000c88d000 	/System/Library/PrivateFrameworks/MediaKit.framework/Versions/A/MediaKit
0x000000000c88d000 	/usr/lib/libCoreStorage.dylib
0x000000000c88d000 	/System/Library/PrivateFrameworks/EFILogin.framework/Versions/A/EFILogin
0x000000000c88d000 	/usr/lib/libutil.dylib
0x000000000c88d000 	/System/Library/PrivateFrameworks/FindMyDevice.framework/Versions/A/FindMyDevice
0x000000000c88d000 	/System/Library/Frameworks/LDAP.framework/Versions/A/LDAP
0x000000000c88d000 	/usr/lib/libsasl2.2.dylib
0x000000000c88d000 	/System/Library/PrivateFrameworks/CoreDaemon.framework/Versions/B/CoreDaemon
0x000000000c88d000 	/usr/lib/libcrypto.0.9.8.dylib
0x000000000c88d000 	/System/Library/PrivateFrameworks/AppleSRP.framework/Versions/A/AppleSRP
0x000000000c88d000 	/System/Library/PrivateFrameworks/TrustEvaluationAgent.framework/Versions/A/TrustEvaluationAgent
0x000000010a6e1000 	cl_kernels
0x000000010a6e3000 	/System/Library/Frameworks/OpenCL.framework/Versions/A/Libraries/ImageFormats/unorm8_bgra.dylib
0x000000010a6d2000 	cl_kernels
0x000000000c88d000 	/System/Library/PrivateFrameworks/FamilyControls.framework/Versions/A/FamilyControls
0x000000000c88d000 	/System/Library/PrivateFrameworks/CommerceKit.framework/Versions/A/Frameworks/CommerceCore.framework/Versions/A/CommerceCore
0x000000000c88d000 	/System/Library/PrivateFrameworks/SystemAdministration.framework/Versions/A/SystemAdministration
0x000000000c88d000 	/System/Library/PrivateFrameworks/AppContainer.framework/Versions/A/AppContainer
0x000000000c88d000 	/System/Library/PrivateFrameworks/SecCodeWrapper.framework/Versions/A/SecCodeWrapper
0x000000000c88d000 	/System/Library/Frameworks/DirectoryService.framework/Versions/A/DirectoryService
0x000000000c88d000 	/System/Library/PrivateFrameworks/LoginUIKit.framework/Versions/A/Frameworks/LoginUICore.framework/Versions/A/LoginUICore
0x000000000c88d000 	/usr/lib/libodfde.dylib
0x000000010b929000 	/Library/Java/JavaVirtualMachines/jdk1.7.0_17.jdk/Contents/Home/jre/lib/libfontmanager.dylib
0x000000010b975000 	/Users/William/Documents/workspace/FRESHSTART/lib/natives/macosx/liblwjgl.dylib
0x0000000109c18000 	/Library/Java/JavaVirtualMachines/jdk1.7.0_17.jdk/Contents/Home/jre/lib/libjawt.dylib
0x000000000c88d000 	/System/Library/Frameworks/OpenGL.framework/Versions/A/Resources/GLEngine.bundle/GLEngine
0x000000000c88d000 	/System/Library/Frameworks/OpenGL.framework/Versions/A/Libraries/libGLProgrammability.dylib
0x0000000000000000 	/System/Library/Extensions/AppleIntelHD4000GraphicsGLDriver.bundle/Contents/MacOS/AppleIntelHD4000GraphicsGLDriver
0x000000000c88d000 	/System/Library/PrivateFrameworks/IOAccelerator.framework/Versions/A/IOAccelerator
0x000000000c88d000 	/System/Library/PrivateFrameworks/GPUSupport.framework/Versions/A/Libraries/libGPUSupportMercury.dylib
0x000000000c88d000 	/System/Library/Frameworks/OpenGL.framework/Versions/A/Resources/GLRendererFloat.bundle/GLRendererFloat

VM Arguments:
jvm_args: -Djava.library.path=/Users/William/Documents/workspace/FRESHSTART/lib/natives/macosx -Dfile.encoding=US-ASCII 
java_command: Pacman
Launcher Type: SUN_STANDARD

Environment Variables:
PATH=/usr/bin:/bin:/usr/sbin:/sbin
SHELL=/bin/bash
DISPLAY=/private/tmp/com.apple.launchd.YnIaJSoBb3/org.macosforge.xquartz:0

Signal Handlers:
SIGSEGV: [libjvm.dylib+0x4a361d], sa_mask[0]=0xfffefeff, sa_flags=0x00000042
SIGBUS: [libjvm.dylib+0x4a361d], sa_mask[0]=0xfffefeff, sa_flags=0x00000042
SIGFPE: [libjvm.dylib+0x3b302d], sa_mask[0]=0xfffefeff, sa_flags=0x00000042
SIGPIPE: [libjvm.dylib+0x3b302d], sa_mask[0]=0xfffefeff, sa_flags=0x00000042
SIGXFSZ: [libjvm.dylib+0x3b302d], sa_mask[0]=0xfffefeff, sa_flags=0x00000042
SIGILL: [libjvm.dylib+0x3b302d], sa_mask[0]=0xfffefeff, sa_flags=0x00000042
SIGUSR1: SIG_DFL, sa_mask[0]=0x00000000, sa_flags=0x00000000
SIGUSR2: [libjvm.dylib+0x3b2bc6], sa_mask[0]=0x00000004, sa_flags=0x00000042
SIGHUP: [libjvm.dylib+0x3b0e27], sa_mask[0]=0xfffefeff, sa_flags=0x00000042
SIGINT: [libjvm.dylib+0x3b0e27], sa_mask[0]=0xfffefeff, sa_flags=0x00000042
SIGTERM: [libjvm.dylib+0x3b0e27], sa_mask[0]=0xfffefeff, sa_flags=0x00000042
SIGQUIT: [libjvm.dylib+0x3b0e27], sa_mask[0]=0xfffefeff, sa_flags=0x00000042


---------------  S Y S T E M  ---------------

OS:Bsduname:Darwin 14.3.0 Darwin Kernel Version 14.3.0: Mon Mar 23 11:59:05 PDT 2015; root:xnu-2782.20.48~5/RELEASE_X86_64 x86_64
rlimit: STACK 8192k, CORE 0k, NPROC 709, NOFILE 10240, AS infinity
load average:1.63 6.41 6.10

CPU:total 4 (2 cores per cpu, 2 threads per core) family 6 model 58 stepping 9, cmov, cx8, fxsr, mmx, sse, sse2, sse3, ssse3, sse4.1, sse4.2, popcnt, avx, ht, tsc, tscinvbit, tscinv

Memory: 4k page, physical 996236k(249059k free)

/proc/meminfo:


vm_info: Java HotSpot(TM) 64-Bit Server VM (23.7-b01) for bsd-amd64 JRE (1.7.0_17-b02), built on Mar  1 2013 06:41:23 by "java_re" with gcc 4.2.1 (Based on Apple Inc. build 5658) (LLVM build 2336.11.00)

time: Thu May 28 00:07:11 2015
elapsed time: 4 seconds

