#
# A fatal error has been detected by the Java Runtime Environment:
#
#  SIGSEGV (0xb) at pc=0x00007fff94d070dd, pid=6157, tid=1299
#
# JRE version: 7.0_17-b02
# Java VM: Java HotSpot(TM) 64-Bit Server VM (23.7-b01 mixed mode bsd-amd64 compressed oops)
# Problematic frame:
# C  [libobjc.A.dylib+0x10dd]  objc_msgSend+0x1d
#
# Failed to write core dump. Core dumps have been disabled. To enable core dumping, try "ulimit -c unlimited" before starting Java again
#
# If you would like to submit a bug report, please visit:
#   http://bugreport.sun.com/bugreport/crash.jsp
# The crash happened outside the Java Virtual Machine in native code.
# See problematic frame for where to report the bug.
#

---------------  T H R E A D  ---------------

Current thread (0x00007fa092840800):  JavaThread "AppKit Thread" daemon [_thread_in_native, id=1299, stack(0x00007fff5e230000,0x00007fff5e2b0000)]

siginfo:si_signo=SIGSEGV: si_errno=0, si_code=1 (SEGV_MAPERR), si_addr=0x000007fa09165b70

Registers:
RAX=0x00007fa09165aae0, RBX=0x00007fff5e2ab9e8, RCX=0x0000000000000000, RDX=0x00007fa09148c450
RSP=0x00007fff5e2ab808, RBP=0x00007fff5e2ab810, RSI=0x00007fff8691d423, RDI=0x00007fa09165aae0
R8 =0x00007fff5e2ab7f0, R9 =0x0000000000000055, R10=0x00007fff8691d423, R11=0x000007fa09165b58
R12=0x00007fa091510730, R13=0x00000000000f42eb, R14=0x00007fa0915af750, R15=0x00007fff5e2ab948
RIP=0x00007fff94d070dd, EFLAGS=0x0000000000010202, ERR=0x0000000000000004
  TRAPNO=0x000000000000000e

Top of Stack: (sp=0x00007fff5e2ab808)
0x00007fff5e2ab808:   00007fff88d7445c 00007fff5e2abb70
0x00007fff5e2ab818:   00007fff88c64634 00007fff5e2ab89c
0x00007fff5e2ab828:   00007fff5e2ab8a0 00007fff5e2ab8a4
0x00007fff5e2ab838:   00007fff76d33e00 ffffffffffffffff
0x00007fff5e2ab848:   00000000000007f8 00007fff76d33e18
0x00007fff5e2ab858:   00007fa0915af750 0000000000000000
0x00007fff5e2ab868:   00007fff5e2ab940 0000000000000000
0x00007fff5e2ab878:   00007fa0914bb060 00007fff5e2ab9c0
0x00007fff5e2ab888:   0000000000000055 00000000000f42ed
0x00007fff5e2ab898:   00007fa09148c450 00007fa0914baa90
0x00007fff5e2ab8a8:   00007fa091510730 0000000000000001
0x00007fff5e2ab8b8:   00000000000f42eb 00007fa091510720
0x00007fff5e2ab8c8:   00007fff8c122c05 00000001914aa640
0x00007fff5e2ab8d8:   00007fff764040d0 0000000042000000
0x00007fff5e2ab8e8:   00007fff8c129e63 00007fff76cfe240
0x00007fff5e2ab8f8:   00007fff5e2ab9c8 0000000000000000
0x00007fff5e2ab908:   00007fff780bc8c8 0000000000000000
0x00007fff5e2ab918:   000000000000000b 0001540300000001
0x00007fff5e2ab928:   00007fa091510754 0000000000000000
0x00007fff5e2ab938:   00000000003bb501 00007fa0914bb0e0
0x00007fff5e2ab948:   00007fa0915af750 0000000000000000
0x00007fff5e2ab958:   00007fff8695645d 00007fff5e2aba00
0x00007fff5e2ab968:   00007fff9204c513 00007fff5e2ab9e4
0x00007fff5e2ab978:   00000000003bb601 00000000ffffffff
0x00007fff5e2ab988:   00007fff780bc8c8 00000000003bb600
0x00007fff5e2ab998:   00007fff00000000 00007fff5e2aba90
0x00007fff5e2ab9a8:   00007fff95769edc 00007fff780bc8e8
0x00007fff5e2ab9b8:   00007fff8695645d 0000000000000051
0x00007fff5e2ab9c8:   0000000000000000 00000000000f42e1
0x00007fff5e2ab9d8:   0000000000000053 0000000000000000
0x00007fff5e2ab9e8:   00000000000f42eb 00007fff5e2aba64
0x00007fff5e2ab9f8:   00000000003bc501 00000000ffffffff 

Instructions: (pc=0x00007fff94d070dd)
0x00007fff94d070bd:   00 00 00 48 85 ff 2e 74 7a 40 f6 c7 01 2e 75 7e
0x00007fff94d070cd:   49 bb f8 ff ff ff ff 7f 00 00 4c 23 1f 49 89 f2
0x00007fff94d070dd:   45 23 53 18 49 c1 e2 04 4d 03 53 10 49 3b 32 75
0x00007fff94d070ed:   04 41 ff 62 08 49 83 3a 00 74 6a 4d 3b 53 10 74 

Register to memory mapping:

RAX=0x00007fa09165aae0 is an unknown value
RBX=0x00007fff5e2ab9e8 is pointing into the stack for thread: 0x00007fa092840800
RCX=0x0000000000000000 is an unknown value
RDX=0x00007fa09148c450 is an unknown value
RSP=0x00007fff5e2ab808 is pointing into the stack for thread: 0x00007fa092840800
RBP=0x00007fff5e2ab810 is pointing into the stack for thread: 0x00007fa092840800
RSI=0x00007fff8691d423: -[NSTitlebarContainerView transparent]+0x5e307 in /System/Library/Frameworks/AppKit.framework/Versions/C/AppKit at 0x00007fff85f1c000
RDI=0x00007fa09165aae0 is an unknown value
R8 =0x00007fff5e2ab7f0 is pointing into the stack for thread: 0x00007fa092840800
R9 =0x0000000000000055 is an unknown value
R10=0x00007fff8691d423: -[NSTitlebarContainerView transparent]+0x5e307 in /System/Library/Frameworks/AppKit.framework/Versions/C/AppKit at 0x00007fff85f1c000
R11=0x000007fa09165b58 is an unknown value
R12=0x00007fa091510730 is an unknown value
R13=0x00000000000f42eb is an unknown value
R14=0x00007fa0915af750 is an unknown value
R15=0x00007fff5e2ab948 is pointing into the stack for thread: 0x00007fa092840800


Stack: [0x00007fff5e230000,0x00007fff5e2b0000],  sp=0x00007fff5e2ab808,  free space=494k
Native frames: (J=compiled Java code, j=interpreted, Vv=VM code, C=native code)
C  [libobjc.A.dylib+0x10dd]  objc_msgSend+0x1d
C  [CoreFoundation+0x10634]  _CFXNotificationPost+0xc44
C  [Foundation+0x79d1]  -[NSNotificationCenter postNotificationName:object:userInfo:]+0x42
C  [AppKit+0x43ac2]  -[NSSurface _disposeSurface]+0x98
C  [AppKit+0x43526]  -[NSSurface setWindow:]+0x42
C  [AppKit+0x33a10]  -[NSView _setWindow:]+0xa33
C  [AppKit+0x6b091]  -[NSView removeFromSuperview]+0x1c5
C  [AppKit+0x14bea9]  -[NSView removeFromSuperviewWithoutNeedingDisplay]+0x26
C  [liblwjgl.dylib+0xa205]  +[MacOSXKeyableWindow destroyWindow]+0xb5
C  [Foundation+0x92d00]  __NSThreadPerformPerform+0x125
C  [CoreFoundation+0x80a01]  __CFRUNLOOP_IS_CALLING_OUT_TO_A_SOURCE0_PERFORM_FUNCTION__+0x11
C  [CoreFoundation+0x72b8d]  __CFRunLoopDoSources0+0x10d
C  [CoreFoundation+0x721bf]  __CFRunLoopRun+0x39f
C  [CoreFoundation+0x71bd8]  CFRunLoopRunSpecific+0x128
C  [HIToolbox+0x3256f]  RunCurrentEventLoopInMode+0xeb
C  [HIToolbox+0x322ea]  ReceiveNextEventCommon+0x1af
C  [HIToolbox+0x3212b]  _BlockUntilNextEventMatchingListInModeWithFilter+0x47
C  [AppKit+0x919bb]  _DPSNextEvent+0x3d2
C  [AppKit+0x90f68]  -[NSApplication nextEventMatchingMask:untilDate:inMode:dequeue:]+0x15a
C  [libosxapp.dylib+0x1b56]  -[NSApplicationAWT nextEventMatchingMask:untilDate:inMode:dequeue:]+0x7c
C  [AppKit+0x86bf3]  -[NSApplication run]+0x252
C  [libosxapp.dylib+0x19b9]  +[NSApplicationAWT runAWTLoopWithApp:]+0x9c
C  [liblwawt.dylib+0xd81a]  -[AWTStarter starter:]+0x637
C  [Foundation+0x92d00]  __NSThreadPerformPerform+0x125
C  [CoreFoundation+0x80a01]  __CFRUNLOOP_IS_CALLING_OUT_TO_A_SOURCE0_PERFORM_FUNCTION__+0x11
C  [CoreFoundation+0x72b8d]  __CFRunLoopDoSources0+0x10d
C  [CoreFoundation+0x721bf]  __CFRunLoopRun+0x39f
C  [CoreFoundation+0x71bd8]  CFRunLoopRunSpecific+0x128
C  [java+0x742d]  CreateExecutionEnvironment+0x367
C  [java+0x1bdc]  JLI_Launch+0x7a0
C  [java+0x778a]  main+0x65
C  [java+0x1434]  start+0x34


---------------  P R O C E S S  ---------------

Java Threads: ( => current thread )
  0x00007fa09190b000 JavaThread "AWT-Shutdown" [_thread_blocked, id=45407, stack(0x00000001086aa000,0x00000001087aa000)]
=>0x00007fa092840800 JavaThread "AppKit Thread" daemon [_thread_in_native, id=1299, stack(0x00007fff5e230000,0x00007fff5e2b0000)]
  0x00007fa092829800 JavaThread "Service Thread" daemon [_thread_blocked, id=13827, stack(0x0000000108216000,0x0000000108316000)]
  0x00007fa092828800 JavaThread "C2 CompilerThread1" daemon [_thread_blocked, id=13571, stack(0x0000000108113000,0x0000000108213000)]
  0x00007fa092828000 JavaThread "C2 CompilerThread0" daemon [_thread_blocked, id=13319, stack(0x0000000108010000,0x0000000108110000)]
  0x00007fa093026000 JavaThread "Signal Dispatcher" daemon [_thread_blocked, id=10263, stack(0x0000000107f0d000,0x000000010800d000)]
  0x00007fa09182d800 JavaThread "Finalizer" daemon [_thread_blocked, id=8707, stack(0x00000001064ec000,0x00000001065ec000)]
  0x00007fa09182d000 JavaThread "Reference Handler" daemon [_thread_blocked, id=8451, stack(0x00000001063e9000,0x00000001064e9000)]
  0x00007fa09180b800 JavaThread "main" [_thread_in_native, id=4355, stack(0x0000000101a63000,0x0000000101b63000)]

Other Threads:
  0x00007fa09280b800 VMThread [stack: 0x00000001062e6000,0x00000001063e6000] [id=8195]
  0x00007fa092833000 WatcherThread [stack: 0x0000000108319000,0x0000000108419000] [id=14083]

VM state:not at safepoint (normal execution)

VM Mutex/Monitor currently owned by a thread: None

Heap
 def new generation   total 5376K, used 5043K [0x00000007e9600000, 0x00000007e9bd0000, 0x00000007ef350000)
  eden space 4800K,  93% used [0x00000007e9600000, 0x00000007e9a5cd48, 0x00000007e9ab0000)
  from space 576K,  99% used [0x00000007e9b40000, 0x00000007e9bcfff8, 0x00000007e9bd0000)
  to   space 576K,   0% used [0x00000007e9ab0000, 0x00000007e9ab0000, 0x00000007e9b40000)
 tenured generation   total 11968K, used 756K [0x00000007ef350000, 0x00000007eff00000, 0x00000007fae00000)
   the space 11968K,   6% used [0x00000007ef350000, 0x00000007ef40d078, 0x00000007ef40d200, 0x00000007eff00000)
 compacting perm gen  total 21248K, used 5934K [0x00000007fae00000, 0x00000007fc2c0000, 0x0000000800000000)
   the space 21248K,  27% used [0x00000007fae00000, 0x00000007fb3cb958, 0x00000007fb3cba00, 0x00000007fc2c0000)
No shared spaces configured.

Card table byte_map: [0x0000000105f67000,0x000000010601d000] byte_map_base: 0x000000010201c000

Polling page: 0x0000000101ba2000

Code Cache  [0x0000000102ea7000, 0x0000000103117000, 0x0000000105ea7000)
 total_blobs=356 nmethods=45 adapters=264 free_code_cache=48645Kb largest_free_block=49784192

Compilation events (10 events):
Event: 2.251 Thread 0x00007fa092828000   40   !         sun.nio.cs.US_ASCII$Encoder::encodeArrayLoop (356 bytes)
Event: 2.261 Thread 0x00007fa092828000 nmethod 40 0x0000000102f28550 code [0x0000000102f287c0, 0x0000000102f29098]
Event: 3.077 Thread 0x00007fa092828800   41             java.nio.Buffer::position (5 bytes)
Event: 3.078 Thread 0x00007fa092828800 nmethod 41 0x0000000102f1f290 code [0x0000000102f1f3c0, 0x0000000102f1f418]
Event: 3.885 Thread 0x00007fa092828000   43             java.nio.Buffer::checkIndex (22 bytes)
Event: 3.885 Thread 0x00007fa092828000 nmethod 43 0x0000000102f22190 code [0x0000000102f222c0, 0x0000000102f22338]
Event: 4.068 Thread 0x00007fa092828800   44             org.lwjgl.opengl.GLContext::getCapabilities (20 bytes)
Event: 4.068 Thread 0x00007fa092828000   45             org.lwjgl.opengl.GLContext::getCapabilitiesImpl (23 bytes)
Event: 4.069 Thread 0x00007fa092828000 nmethod 45 0x0000000102f223d0 code [0x0000000102f22520, 0x0000000102f225b8]
Event: 4.069 Thread 0x00007fa092828800 nmethod 44 0x0000000102f21e90 code [0x0000000102f21fe0, 0x0000000102f22098]

GC Heap History (2 events):
Event: 0.641 GC heap before
{Heap before GC invocations=0 (full 0):
 def new generation   total 5376K, used 4789K [0x00000007e9600000, 0x00000007e9bd0000, 0x00000007ef350000)
  eden space 4800K,  99% used [0x00000007e9600000, 0x00000007e9aad670, 0x00000007e9ab0000)
  from space 576K,   0% used [0x00000007e9ab0000, 0x00000007e9ab0000, 0x00000007e9b40000)
  to   space 576K,   0% used [0x00000007e9b40000, 0x00000007e9b40000, 0x00000007e9bd0000)
 tenured generation   total 11968K, used 0K [0x00000007ef350000, 0x00000007eff00000, 0x00000007fae00000)
   the space 11968K,   0% used [0x00000007ef350000, 0x00000007ef350000, 0x00000007ef350200, 0x00000007eff00000)
 compacting perm gen  total 21248K, used 5790K [0x00000007fae00000, 0x00000007fc2c0000, 0x0000000800000000)
   the space 21248K,  27% used [0x00000007fae00000, 0x00000007fb3a7800, 0x00000007fb3a7800, 0x00000007fc2c0000)
No shared spaces configured.
Event: 0.647 GC heap after
Heap after GC invocations=1 (full 0):
 def new generation   total 5376K, used 575K [0x00000007e9600000, 0x00000007e9bd0000, 0x00000007ef350000)
  eden space 4800K,   0% used [0x00000007e9600000, 0x00000007e9600000, 0x00000007e9ab0000)
  from space 576K,  99% used [0x00000007e9b40000, 0x00000007e9bcfff8, 0x00000007e9bd0000)
  to   space 576K,   0% used [0x00000007e9ab0000, 0x00000007e9ab0000, 0x00000007e9b40000)
 tenured generation   total 11968K, used 756K [0x00000007ef350000, 0x00000007eff00000, 0x00000007fae00000)
   the space 11968K,   6% used [0x00000007ef350000, 0x00000007ef40d078, 0x00000007ef40d200, 0x00000007eff00000)
 compacting perm gen  total 21248K, used 5790K [0x00000007fae00000, 0x00000007fc2c0000, 0x0000000800000000)
   the space 21248K,  27% used [0x00000007fae00000, 0x00000007fb3a7800, 0x00000007fb3a7800, 0x00000007fc2c0000)
No shared spaces configured.
}

Deoptimization events (0 events):
No events

Internal exceptions (10 events):
Event: 0.727 Thread 0x00007fa09180b800 Threw 0x00000007e98f34b0 at /HUDSON/workspace/jdk7u17-2-build-macosx-amd64-product/jdk7u17/hotspot/src/share/vm/prims/jvm.cpp:1166
Event: 0.727 Thread 0x00007fa09180b800 Threw 0x00000007e98f5be8 at /HUDSON/workspace/jdk7u17-2-build-macosx-amd64-product/jdk7u17/hotspot/src/share/vm/prims/jvm.cpp:1166
Event: 0.728 Thread 0x00007fa09180b800 Threw 0x00000007e98f8098 at /HUDSON/workspace/jdk7u17-2-build-macosx-amd64-product/jdk7u17/hotspot/src/share/vm/prims/jvm.cpp:1166
Event: 0.728 Thread 0x00007fa09180b800 Threw 0x00000007e98fc0f0 at /HUDSON/workspace/jdk7u17-2-build-macosx-amd64-product/jdk7u17/hotspot/src/share/vm/prims/jvm.cpp:1166
Event: 0.729 Thread 0x00007fa09180b800 Threw 0x00000007e9989f48 at /HUDSON/workspace/jdk7u17-2-build-macosx-amd64-product/jdk7u17/hotspot/src/share/vm/prims/jvm.cpp:1166
Event: 0.729 Thread 0x00007fa09180b800 Threw 0x00000007e998c360 at /HUDSON/workspace/jdk7u17-2-build-macosx-amd64-product/jdk7u17/hotspot/src/share/vm/prims/jvm.cpp:1166
Event: 0.729 Thread 0x00007fa09180b800 Threw 0x00000007e998e648 at /HUDSON/workspace/jdk7u17-2-build-macosx-amd64-product/jdk7u17/hotspot/src/share/vm/prims/jvm.cpp:1166
Event: 0.750 Thread 0x00007fa09180b800 Threw 0x00000007e9991ff0 at /HUDSON/workspace/jdk7u17-2-build-macosx-amd64-product/jdk7u17/hotspot/src/share/vm/prims/jvm.cpp:1166
Event: 0.751 Thread 0x00007fa09180b800 Threw 0x00000007e9996be0 at /HUDSON/workspace/jdk7u17-2-build-macosx-amd64-product/jdk7u17/hotspot/src/share/vm/prims/jvm.cpp:1166
Event: 4.738 Thread 0x00007fa09180b800 Threw 0x00000007e9a591d8 at /HUDSON/workspace/jdk7u17-2-build-macosx-amd64-product/jdk7u17/hotspot/src/share/vm/prims/jvm.cpp:1166

Events (10 events):
Event: 3.195 loading class 0x00007fa0917437c0
Event: 3.195 loading class 0x00007fa0917437c0 done
Event: 3.195 loading class 0x00007fa091539f60
Event: 3.195 loading class 0x00007fa091539f60 done
Event: 3.195 Thread 0x00007fa092841000 Thread exited: 0x00007fa092841000
Event: 3.759 Thread 0x00007fa09190b000 Thread added: 0x00007fa09190b000
Event: 4.223 Executing VM operation: EnableBiasedLocking
Event: 4.223 Executing VM operation: EnableBiasedLocking done
Event: 4.738 loading class 0x00007fa091583d60
Event: 4.738 loading class 0x00007fa091583d60 done


Dynamic libraries:
0x0000000005c44000 	/System/Library/Frameworks/Cocoa.framework/Versions/A/Cocoa
0x0000000005c44000 	/System/Library/Frameworks/Security.framework/Versions/A/Security
0x0000000005c44000 	/System/Library/Frameworks/ApplicationServices.framework/Versions/A/ApplicationServices
0x0000000005c44000 	/usr/lib/libz.1.dylib
0x0000000005c44000 	/usr/lib/libSystem.B.dylib
0x0000000005c44000 	/usr/lib/libobjc.A.dylib
0x0000000005c44000 	/System/Library/Frameworks/CoreFoundation.framework/Versions/A/CoreFoundation
0x0000000005c44000 	/System/Library/Frameworks/AppKit.framework/Versions/C/AppKit
0x0000000005c44000 	/System/Library/Frameworks/CoreData.framework/Versions/A/CoreData
0x0000000005c44000 	/System/Library/Frameworks/Foundation.framework/Versions/C/Foundation
0x0000000005c44000 	/System/Library/PrivateFrameworks/RemoteViewServices.framework/Versions/A/RemoteViewServices
0x0000000005c44000 	/System/Library/PrivateFrameworks/UIFoundation.framework/Versions/A/UIFoundation
0x0000000005c44000 	/System/Library/Frameworks/IOSurface.framework/Versions/A/IOSurface
0x0000000005c44000 	/System/Library/Frameworks/AudioToolbox.framework/Versions/A/AudioToolbox
0x0000000005c44000 	/System/Library/Frameworks/AudioUnit.framework/Versions/A/AudioUnit
0x0000000005c44000 	/System/Library/PrivateFrameworks/DataDetectorsCore.framework/Versions/A/DataDetectorsCore
0x0000000005c44000 	/System/Library/PrivateFrameworks/DesktopServicesPriv.framework/Versions/A/DesktopServicesPriv
0x0000000005c44000 	/System/Library/Frameworks/Carbon.framework/Versions/A/Frameworks/HIToolbox.framework/Versions/A/HIToolbox
0x0000000005c44000 	/System/Library/Frameworks/QuartzCore.framework/Versions/A/QuartzCore
0x0000000005c44000 	/System/Library/Frameworks/Carbon.framework/Versions/A/Frameworks/SpeechRecognition.framework/Versions/A/SpeechRecognition
0x0000000005c44000 	/usr/lib/libauto.dylib
0x0000000005c44000 	/usr/lib/libicucore.A.dylib
0x0000000005c44000 	/usr/lib/libxml2.2.dylib
0x0000000005c44000 	/System/Library/PrivateFrameworks/CoreUI.framework/Versions/A/CoreUI
0x0000000005c44000 	/System/Library/Frameworks/CoreAudio.framework/Versions/A/CoreAudio
0x0000000005c44000 	/System/Library/Frameworks/DiskArbitration.framework/Versions/A/DiskArbitration
0x0000000005c44000 	/usr/lib/liblangid.dylib
0x0000000005c44000 	/System/Library/PrivateFrameworks/MultitouchSupport.framework/Versions/A/MultitouchSupport
0x0000000005c44000 	/System/Library/Frameworks/IOKit.framework/Versions/A/IOKit
0x0000000005c44000 	/usr/lib/libDiagnosticMessagesClient.dylib
0x0000000005c44000 	/System/Library/Frameworks/CoreServices.framework/Versions/A/CoreServices
0x0000000005c44000 	/System/Library/PrivateFrameworks/PerformanceAnalysis.framework/Versions/A/PerformanceAnalysis
0x0000000005c44000 	/System/Library/PrivateFrameworks/GenerationalStorage.framework/Versions/A/GenerationalStorage
0x0000000005c44000 	/System/Library/Frameworks/OpenGL.framework/Versions/A/OpenGL
0x0000000005c44000 	/System/Library/PrivateFrameworks/Sharing.framework/Versions/A/Sharing
0x0000000005c44000 	/System/Library/Frameworks/CoreGraphics.framework/Versions/A/CoreGraphics
0x0000000005c44000 	/System/Library/Frameworks/CoreText.framework/Versions/A/CoreText
0x0000000005c44000 	/System/Library/Frameworks/ImageIO.framework/Versions/A/ImageIO
0x0000000005c44000 	/usr/lib/libextension.dylib
0x0000000005c44000 	/System/Library/PrivateFrameworks/Backup.framework/Versions/A/Backup
0x0000000005c44000 	/usr/lib/libarchive.2.dylib
0x0000000005c44000 	/System/Library/Frameworks/CFNetwork.framework/Versions/A/CFNetwork
0x0000000005c44000 	/System/Library/Frameworks/SystemConfiguration.framework/Versions/A/SystemConfiguration
0x0000000005c44000 	/usr/lib/libCRFSuite.dylib
0x0000000005c44000 	/usr/lib/libc++.1.dylib
0x0000000005c44000 	/usr/lib/libc++abi.dylib
0x0000000005c44000 	/usr/lib/system/libcache.dylib
0x0000000005c44000 	/usr/lib/system/libcommonCrypto.dylib
0x0000000005c44000 	/usr/lib/system/libcompiler_rt.dylib
0x0000000005c44000 	/usr/lib/system/libcopyfile.dylib
0x0000000005c44000 	/usr/lib/system/libcorecrypto.dylib
0x0000000005c44000 	/usr/lib/system/libdispatch.dylib
0x0000000005c44000 	/usr/lib/system/libdyld.dylib
0x0000000005c44000 	/usr/lib/system/libkeymgr.dylib
0x0000000005c44000 	/usr/lib/system/liblaunch.dylib
0x0000000005c44000 	/usr/lib/system/libmacho.dylib
0x0000000005c44000 	/usr/lib/system/libquarantine.dylib
0x0000000005c44000 	/usr/lib/system/libremovefile.dylib
0x0000000005c44000 	/usr/lib/system/libsystem_asl.dylib
0x0000000005c44000 	/usr/lib/system/libsystem_blocks.dylib
0x0000000005c44000 	/usr/lib/system/libsystem_c.dylib
0x0000000005c44000 	/usr/lib/system/libsystem_configuration.dylib
0x0000000005c44000 	/usr/lib/system/libsystem_coreservices.dylib
0x0000000005c44000 	/usr/lib/system/libsystem_coretls.dylib
0x0000000005c44000 	/usr/lib/system/libsystem_dnssd.dylib
0x0000000005c44000 	/usr/lib/system/libsystem_info.dylib
0x0000000005c44000 	/usr/lib/system/libsystem_kernel.dylib
0x0000000005c44000 	/usr/lib/system/libsystem_m.dylib
0x0000000005c44000 	/usr/lib/system/libsystem_malloc.dylib
0x0000000005c44000 	/usr/lib/system/libsystem_network.dylib
0x0000000005c44000 	/usr/lib/system/libsystem_networkextension.dylib
0x0000000005c44000 	/usr/lib/system/libsystem_notify.dylib
0x0000000005c44000 	/usr/lib/system/libsystem_platform.dylib
0x0000000005c44000 	/usr/lib/system/libsystem_pthread.dylib
0x0000000005c44000 	/usr/lib/system/libsystem_sandbox.dylib
0x0000000005c44000 	/usr/lib/system/libsystem_secinit.dylib
0x0000000005c44000 	/usr/lib/system/libsystem_stats.dylib
0x0000000005c44000 	/usr/lib/system/libsystem_trace.dylib
0x0000000005c44000 	/usr/lib/system/libunc.dylib
0x0000000005c44000 	/usr/lib/system/libunwind.dylib
0x0000000005c44000 	/usr/lib/system/libxpc.dylib
0x0000000005c44000 	/usr/lib/libbz2.1.0.dylib
0x0000000005c44000 	/usr/lib/liblzma.5.dylib
0x0000000005c44000 	/usr/lib/libbsm.0.dylib
0x0000000005c44000 	/usr/lib/libsqlite3.dylib
0x0000000005c44000 	/usr/lib/system/libkxld.dylib
0x0000000005c44000 	/usr/lib/libxar.1.dylib
0x0000000005c44000 	/usr/lib/libpam.2.dylib
0x0000000005c44000 	/usr/lib/libOpenScriptingUtil.dylib
0x0000000005c44000 	/System/Library/Frameworks/CoreServices.framework/Versions/A/Frameworks/FSEvents.framework/Versions/A/FSEvents
0x0000000005c44000 	/System/Library/Frameworks/CoreServices.framework/Versions/A/Frameworks/CarbonCore.framework/Versions/A/CarbonCore
0x0000000005c44000 	/System/Library/Frameworks/CoreServices.framework/Versions/A/Frameworks/Metadata.framework/Versions/A/Metadata
0x0000000005c44000 	/System/Library/Frameworks/CoreServices.framework/Versions/A/Frameworks/OSServices.framework/Versions/A/OSServices
0x0000000005c44000 	/System/Library/Frameworks/CoreServices.framework/Versions/A/Frameworks/SearchKit.framework/Versions/A/SearchKit
0x0000000005c44000 	/System/Library/Frameworks/CoreServices.framework/Versions/A/Frameworks/AE.framework/Versions/A/AE
0x0000000005c44000 	/System/Library/Frameworks/CoreServices.framework/Versions/A/Frameworks/LaunchServices.framework/Versions/A/LaunchServices
0x0000000005c44000 	/System/Library/Frameworks/CoreServices.framework/Versions/A/Frameworks/DictionaryServices.framework/Versions/A/DictionaryServices
0x0000000005c44000 	/System/Library/Frameworks/NetFS.framework/Versions/A/NetFS
0x0000000005c44000 	/System/Library/PrivateFrameworks/NetAuth.framework/Versions/A/NetAuth
0x0000000005c44000 	/System/Library/PrivateFrameworks/login.framework/Versions/A/Frameworks/loginsupport.framework/Versions/A/loginsupport
0x0000000005c44000 	/System/Library/PrivateFrameworks/TCC.framework/Versions/A/TCC
0x0000000005c44000 	/usr/lib/libmecabra.dylib
0x0000000005c44000 	/System/Library/Frameworks/ApplicationServices.framework/Versions/A/Frameworks/ATS.framework/Versions/A/ATS
0x0000000005c44000 	/System/Library/Frameworks/ApplicationServices.framework/Versions/A/Frameworks/ColorSync.framework/Versions/A/ColorSync
0x0000000005c44000 	/System/Library/Frameworks/ApplicationServices.framework/Versions/A/Frameworks/HIServices.framework/Versions/A/HIServices
0x0000000005c44000 	/System/Library/Frameworks/ApplicationServices.framework/Versions/A/Frameworks/LangAnalysis.framework/Versions/A/LangAnalysis
0x0000000005c44000 	/System/Library/Frameworks/ApplicationServices.framework/Versions/A/Frameworks/PrintCore.framework/Versions/A/PrintCore
0x0000000005c44000 	/System/Library/Frameworks/ApplicationServices.framework/Versions/A/Frameworks/QD.framework/Versions/A/QD
0x0000000005c44000 	/System/Library/Frameworks/ApplicationServices.framework/Versions/A/Frameworks/SpeechSynthesis.framework/Versions/A/SpeechSynthesis
0x0000000005c44000 	/System/Library/Frameworks/Accelerate.framework/Versions/A/Accelerate
0x0000000005c44000 	/System/Library/Frameworks/Accelerate.framework/Versions/A/Frameworks/vImage.framework/Versions/A/vImage
0x0000000005c44000 	/System/Library/Frameworks/Accelerate.framework/Versions/A/Frameworks/vecLib.framework/Versions/A/vecLib
0x0000000005c44000 	/System/Library/Frameworks/Accelerate.framework/Versions/A/Frameworks/vecLib.framework/Versions/A/libvDSP.dylib
0x0000000005c44000 	/System/Library/Frameworks/Accelerate.framework/Versions/A/Frameworks/vecLib.framework/Versions/A/libvMisc.dylib
0x0000000005c44000 	/System/Library/Frameworks/Accelerate.framework/Versions/A/Frameworks/vecLib.framework/Versions/A/libLAPACK.dylib
0x0000000005c44000 	/System/Library/Frameworks/Accelerate.framework/Versions/A/Frameworks/vecLib.framework/Versions/A/libBLAS.dylib
0x0000000005c44000 	/System/Library/Frameworks/Accelerate.framework/Versions/A/Frameworks/vecLib.framework/Versions/A/libLinearAlgebra.dylib
0x0000000005c44000 	/System/Library/Frameworks/ApplicationServices.framework/Versions/A/Frameworks/ATS.framework/Versions/A/Resources/libFontParser.dylib
0x0000000005c44000 	/System/Library/Frameworks/ApplicationServices.framework/Versions/A/Frameworks/ATS.framework/Versions/A/Resources/libFontRegistry.dylib
0x0000000005c44000 	/System/Library/PrivateFrameworks/AppleVPA.framework/Versions/A/AppleVPA
0x0000000005c44000 	/System/Library/PrivateFrameworks/AppleJPEG.framework/Versions/A/AppleJPEG
0x0000000005c44000 	/System/Library/Frameworks/ImageIO.framework/Versions/A/Resources/libJPEG.dylib
0x0000000005c44000 	/System/Library/Frameworks/ImageIO.framework/Versions/A/Resources/libTIFF.dylib
0x0000000005c44000 	/System/Library/Frameworks/ImageIO.framework/Versions/A/Resources/libPng.dylib
0x0000000005c44000 	/System/Library/Frameworks/ImageIO.framework/Versions/A/Resources/libGIF.dylib
0x0000000005c44000 	/System/Library/Frameworks/ImageIO.framework/Versions/A/Resources/libJP2.dylib
0x0000000005c44000 	/System/Library/Frameworks/ImageIO.framework/Versions/A/Resources/libRadiance.dylib
0x0000000005c44000 	/System/Library/Frameworks/CoreVideo.framework/Versions/A/CoreVideo
0x0000000005c44000 	/System/Library/Frameworks/OpenGL.framework/Versions/A/Libraries/libGLU.dylib
0x0000000005c44000 	/System/Library/Frameworks/OpenGL.framework/Versions/A/Libraries/libGFXShared.dylib
0x0000000005c44000 	/System/Library/Frameworks/OpenGL.framework/Versions/A/Libraries/libGL.dylib
0x0000000005c44000 	/System/Library/Frameworks/OpenGL.framework/Versions/A/Libraries/libGLImage.dylib
0x0000000005c44000 	/System/Library/Frameworks/OpenGL.framework/Versions/A/Libraries/libCVMSPluginSupport.dylib
0x0000000005c44000 	/System/Library/Frameworks/OpenGL.framework/Versions/A/Libraries/libCoreVMClient.dylib
0x0000000005c44000 	/usr/lib/libcups.2.dylib
0x0000000005c44000 	/System/Library/Frameworks/Kerberos.framework/Versions/A/Kerberos
0x0000000005c44000 	/System/Library/Frameworks/GSS.framework/Versions/A/GSS
0x0000000005c44000 	/usr/lib/libresolv.9.dylib
0x0000000005c44000 	/usr/lib/libiconv.2.dylib
0x0000000005c44000 	/System/Library/PrivateFrameworks/Heimdal.framework/Versions/A/Heimdal
0x0000000005c44000 	/usr/lib/libheimdal-asn1.dylib
0x0000000005c44000 	/System/Library/Frameworks/OpenDirectory.framework/Versions/A/OpenDirectory
0x0000000005c44000 	/System/Library/PrivateFrameworks/CommonAuth.framework/Versions/A/CommonAuth
0x0000000005c44000 	/System/Library/Frameworks/OpenDirectory.framework/Versions/A/Frameworks/CFOpenDirectory.framework/Versions/A/CFOpenDirectory
0x0000000005c44000 	/System/Library/Frameworks/SecurityFoundation.framework/Versions/A/SecurityFoundation
0x0000000005c44000 	/System/Library/PrivateFrameworks/LanguageModeling.framework/Versions/A/LanguageModeling
0x0000000005c44000 	/usr/lib/libcmph.dylib
0x0000000005c44000 	/System/Library/Frameworks/ServiceManagement.framework/Versions/A/ServiceManagement
0x0000000005c44000 	/usr/lib/libxslt.1.dylib
0x0000000005c44000 	/System/Library/Frameworks/Carbon.framework/Versions/A/Frameworks/Ink.framework/Versions/A/Ink
0x0000000005c44000 	/System/Library/Frameworks/QuartzCore.framework/Versions/A/Frameworks/CoreImage.framework/Versions/A/CoreImage
0x0000000005c44000 	/System/Library/PrivateFrameworks/CrashReporterSupport.framework/Versions/A/CrashReporterSupport
0x0000000005c44000 	/System/Library/Frameworks/OpenCL.framework/Versions/A/OpenCL
0x0000000005c44000 	/System/Library/PrivateFrameworks/FaceCore.framework/Versions/A/FaceCore
0x0000000005c44000 	/System/Library/PrivateFrameworks/Ubiquity.framework/Versions/A/Ubiquity
0x0000000005c44000 	/System/Library/PrivateFrameworks/IconServices.framework/Versions/A/IconServices
0x0000000005c44000 	/System/Library/PrivateFrameworks/ChunkingLibrary.framework/Versions/A/ChunkingLibrary
0x0000000005c44000 	/System/Library/PrivateFrameworks/Apple80211.framework/Versions/A/Apple80211
0x0000000005c44000 	/System/Library/Frameworks/CoreWLAN.framework/Versions/A/CoreWLAN
0x0000000005c44000 	/System/Library/Frameworks/IOBluetooth.framework/Versions/A/IOBluetooth
0x0000000005c44000 	/System/Library/PrivateFrameworks/CoreWiFi.framework/Versions/A/CoreWiFi
0x0000000005c44000 	/System/Library/Frameworks/CoreBluetooth.framework/Versions/A/CoreBluetooth
0x0000000005c44000 	/System/Library/PrivateFrameworks/DebugSymbols.framework/Versions/A/DebugSymbols
0x0000000005c44000 	/System/Library/PrivateFrameworks/CoreSymbolication.framework/Versions/A/CoreSymbolication
0x0000000005c44000 	/System/Library/PrivateFrameworks/Symbolication.framework/Versions/A/Symbolication
0x0000000005c44000 	/System/Library/PrivateFrameworks/SpeechRecognitionCore.framework/Versions/A/SpeechRecognitionCore
0x0000000102400000 	/Library/Java/JavaVirtualMachines/jdk1.7.0_17.jdk/Contents/Home/jre/lib/server/libjvm.dylib
0x0000000005c44000 	/usr/lib/libstdc++.6.dylib
0x0000000101b65000 	/Library/Java/JavaVirtualMachines/jdk1.7.0_17.jdk/Contents/Home/jre/lib/libverify.dylib
0x0000000101b72000 	/Library/Java/JavaVirtualMachines/jdk1.7.0_17.jdk/Contents/Home/jre/lib/libjava.dylib
0x0000000101bac000 	/Library/Java/JavaVirtualMachines/jdk1.7.0_17.jdk/Contents/Home/jre/lib/libzip.dylib
0x00000001065ee000 	/System/Library/Frameworks/JavaVM.framework/Frameworks/JavaRuntimeSupport.framework/JavaRuntimeSupport
0x0000000106606000 	/System/Library/Frameworks/JavaVM.framework/Versions/A/Frameworks/JavaNativeFoundation.framework/Versions/A/JavaNativeFoundation
0x000000010661b000 	/System/Library/Frameworks/JavaVM.framework/Versions/A/JavaVM
0x0000000005c44000 	/System/Library/Frameworks/Carbon.framework/Versions/A/Carbon
0x0000000106628000 	/System/Library/PrivateFrameworks/JavaLaunching.framework/Versions/A/JavaLaunching
0x0000000005c44000 	/System/Library/Frameworks/Carbon.framework/Versions/A/Frameworks/CommonPanels.framework/Versions/A/CommonPanels
0x0000000005c44000 	/System/Library/Frameworks/Carbon.framework/Versions/A/Frameworks/Help.framework/Versions/A/Help
0x0000000005c44000 	/System/Library/Frameworks/Carbon.framework/Versions/A/Frameworks/ImageCapture.framework/Versions/A/ImageCapture
0x0000000005c44000 	/System/Library/Frameworks/Carbon.framework/Versions/A/Frameworks/OpenScripting.framework/Versions/A/OpenScripting
0x0000000005c44000 	/System/Library/Frameworks/Carbon.framework/Versions/A/Frameworks/Print.framework/Versions/A/Print
0x0000000005c44000 	/System/Library/Frameworks/Carbon.framework/Versions/A/Frameworks/SecurityHI.framework/Versions/A/SecurityHI
0x0000000108460000 	/Library/Java/JavaVirtualMachines/jdk1.7.0_17.jdk/Contents/Home/jre/lib/libawt.dylib
0x000000010850f000 	/Library/Java/JavaVirtualMachines/jdk1.7.0_17.jdk/Contents/Home/jre/lib/./libmlib_image.dylib
0x00000001085db000 	/Library/Java/JavaVirtualMachines/jdk1.7.0_17.jdk/Contents/Home/jre/lib/lwawt/liblwawt.dylib
0x000000010868d000 	/Library/Java/JavaVirtualMachines/jdk1.7.0_17.jdk/Contents/Home/jre/lib/libosxapp.dylib
0x0000000005c44000 	/System/Library/Frameworks/ExceptionHandling.framework/Versions/A/ExceptionHandling
0x0000000005c44000 	/System/Library/PrivateFrameworks/CoreServicesInternal.framework/Versions/A/CoreServicesInternal
0x0000000005c44000 	/System/Library/PrivateFrameworks/CloudDocs.framework/Versions/A/CloudDocs
0x0000000005c44000 	/System/Library/PrivateFrameworks/CoreDuet.framework/Versions/A/CoreDuet
0x0000000005c44000 	/System/Library/Frameworks/CloudKit.framework/Versions/A/CloudKit
0x0000000005c44000 	/System/Library/PrivateFrameworks/ProtocolBuffer.framework/Versions/A/ProtocolBuffer
0x0000000005c44000 	/System/Library/PrivateFrameworks/CoreDuetDaemonProtocol.framework/Versions/A/CoreDuetDaemonProtocol
0x0000000005c44000 	/System/Library/PrivateFrameworks/CoreDuetDebugLogging.framework/Versions/A/CoreDuetDebugLogging
0x0000000005c44000 	/System/Library/PrivateFrameworks/MMCS.framework/Versions/A/MMCS
0x0000000005c44000 	/System/Library/Frameworks/CoreLocation.framework/Versions/A/CoreLocation
0x0000000005c44000 	/System/Library/PrivateFrameworks/ProtectedCloudStorage.framework/Versions/A/ProtectedCloudStorage
0x0000000005c44000 	/System/Library/PrivateFrameworks/GeoServices.framework/Versions/A/GeoServices
0x0000000108a7d000 	/System/Library/Frameworks/CoreGraphics.framework/Versions/A/Resources/libCGCMS.A.dylib
0x000000010a7a0000 	/System/Library/Frameworks/CoreGraphics.framework/Versions/A/Resources/libRIP.A.dylib
0x000000010a9f5000 	/System/Library/Frameworks/CoreGraphics.framework/Versions/A/Resources/libCGXType.A.dylib
0x0000000005c44000 	/System/Library/Frameworks/OpenCL.framework/Versions/A/Libraries/libcldcpuengine.dylib
0x0000000005c44000 	/System/Library/PrivateFrameworks/DiskImages.framework/Versions/A/DiskImages
0x0000000005c44000 	/System/Library/Frameworks/DiscRecording.framework/Versions/A/DiscRecording
0x0000000005c44000 	/usr/lib/libcsfde.dylib
0x0000000005c44000 	/usr/lib/libcurl.4.dylib
0x0000000005c44000 	/System/Library/PrivateFrameworks/MediaKit.framework/Versions/A/MediaKit
0x0000000005c44000 	/usr/lib/libCoreStorage.dylib
0x0000000005c44000 	/System/Library/PrivateFrameworks/EFILogin.framework/Versions/A/EFILogin
0x0000000005c44000 	/usr/lib/libutil.dylib
0x0000000005c44000 	/System/Library/PrivateFrameworks/FindMyDevice.framework/Versions/A/FindMyDevice
0x0000000005c44000 	/System/Library/Frameworks/LDAP.framework/Versions/A/LDAP
0x0000000005c44000 	/usr/lib/libsasl2.2.dylib
0x0000000005c44000 	/System/Library/PrivateFrameworks/CoreDaemon.framework/Versions/B/CoreDaemon
0x0000000005c44000 	/usr/lib/libcrypto.0.9.8.dylib
0x0000000005c44000 	/System/Library/PrivateFrameworks/AppleSRP.framework/Versions/A/AppleSRP
0x0000000005c44000 	/System/Library/PrivateFrameworks/TrustEvaluationAgent.framework/Versions/A/TrustEvaluationAgent
0x000000010b462000 	cl_kernels
0x000000010b464000 	/System/Library/Frameworks/OpenCL.framework/Versions/A/Libraries/ImageFormats/unorm8_bgra.dylib
0x000000010b58e000 	cl_kernels
0x0000000005c44000 	/System/Library/PrivateFrameworks/FamilyControls.framework/Versions/A/FamilyControls
0x0000000005c44000 	/System/Library/PrivateFrameworks/CommerceKit.framework/Versions/A/Frameworks/CommerceCore.framework/Versions/A/CommerceCore
0x0000000005c44000 	/System/Library/PrivateFrameworks/SystemAdministration.framework/Versions/A/SystemAdministration
0x0000000005c44000 	/System/Library/PrivateFrameworks/AppContainer.framework/Versions/A/AppContainer
0x0000000005c44000 	/System/Library/PrivateFrameworks/SecCodeWrapper.framework/Versions/A/SecCodeWrapper
0x0000000005c44000 	/System/Library/Frameworks/DirectoryService.framework/Versions/A/DirectoryService
0x0000000005c44000 	/System/Library/PrivateFrameworks/LoginUIKit.framework/Versions/A/Frameworks/LoginUICore.framework/Versions/A/LoginUICore
0x0000000005c44000 	/usr/lib/libodfde.dylib
0x000000010c62b000 	/Library/Java/JavaVirtualMachines/jdk1.7.0_17.jdk/Contents/Home/jre/lib/libfontmanager.dylib
0x000000010c677000 	/Users/William/Documents/workspace/FRESHSTART/lib/natives/macosx/liblwjgl.dylib
0x000000010a9b1000 	/Library/Java/JavaVirtualMachines/jdk1.7.0_17.jdk/Contents/Home/jre/lib/libjawt.dylib
0x000000010c6f9000 	/System/Library/Frameworks/OpenGL.framework/Resources/GLEngine.bundle/GLEngine
0x0000000005c44000 	/System/Library/Frameworks/OpenGL.framework/Versions/A/Libraries/libGLProgrammability.dylib
0x0000000000000000 	/System/Library/Extensions/AppleIntelHD4000GraphicsGLDriver.bundle/Contents/MacOS/AppleIntelHD4000GraphicsGLDriver
0x0000000005c44000 	/System/Library/PrivateFrameworks/IOAccelerator.framework/Versions/A/IOAccelerator
0x0000000005c44000 	/System/Library/PrivateFrameworks/GPUSupport.framework/Versions/A/Libraries/libGPUSupportMercury.dylib
0x000000010c8e4000 	/System/Library/Frameworks/OpenGL.framework/Resources//GLRendererFloat.bundle/GLRendererFloat
0x000000010cff9000 	/Library/Java/JavaVirtualMachines/jdk1.7.0_17.jdk/Contents/Home/jre/lib/libnio.dylib
0x000000010d008000 	/Library/Java/JavaVirtualMachines/jdk1.7.0_17.jdk/Contents/Home/jre/lib/./libnet.dylib

VM Arguments:
jvm_args: -Djava.library.path=/Users/William/Documents/workspace/FRESHSTART/lib/natives/macosx -Dfile.encoding=US-ASCII 
java_command: hopepac.WorldDemo
Launcher Type: SUN_STANDARD

Environment Variables:
PATH=/usr/bin:/bin:/usr/sbin:/sbin
SHELL=/bin/bash
DISPLAY=/private/tmp/com.apple.launchd.v7xugYgyGT/org.macosforge.xquartz:0

Signal Handlers:
SIGSEGV: [libjvm.dylib+0x4a361d], sa_mask[0]=0xfffefeff, sa_flags=0x00000042
SIGBUS: [libjvm.dylib+0x4a361d], sa_mask[0]=0xfffefeff, sa_flags=0x00000042
SIGFPE: [libjvm.dylib+0x3b302d], sa_mask[0]=0xfffefeff, sa_flags=0x00000042
SIGPIPE: [libjvm.dylib+0x3b302d], sa_mask[0]=0xfffefeff, sa_flags=0x00000042
SIGXFSZ: [libjvm.dylib+0x3b302d], sa_mask[0]=0xfffefeff, sa_flags=0x00000042
SIGILL: [libjvm.dylib+0x3b302d], sa_mask[0]=0xfffefeff, sa_flags=0x00000042
SIGUSR1: SIG_DFL, sa_mask[0]=0x00000000, sa_flags=0x00000000
SIGUSR2: [libjvm.dylib+0x3b2bc6], sa_mask[0]=0x00000004, sa_flags=0x00000042
SIGHUP: [libjvm.dylib+0x3b0e27], sa_mask[0]=0xfffefeff, sa_flags=0x00000042
SIGINT: [libjvm.dylib+0x3b0e27], sa_mask[0]=0xfffefeff, sa_flags=0x00000042
SIGTERM: [libjvm.dylib+0x3b0e27], sa_mask[0]=0xfffefeff, sa_flags=0x00000042
SIGQUIT: [libjvm.dylib+0x3b0e27], sa_mask[0]=0xfffefeff, sa_flags=0x00000042


---------------  S Y S T E M  ---------------

OS:Bsduname:Darwin 14.3.0 Darwin Kernel Version 14.3.0: Mon Mar 23 11:59:05 PDT 2015; root:xnu-2782.20.48~5/RELEASE_X86_64 x86_64
rlimit: STACK 8192k, CORE 0k, NPROC 709, NOFILE 10240, AS infinity
load average:1.71 2.79 5.05

CPU:total 4 (2 cores per cpu, 2 threads per core) family 6 model 58 stepping 9, cmov, cx8, fxsr, mmx, sse, sse2, sse3, ssse3, sse4.1, sse4.2, popcnt, avx, ht, tsc, tscinvbit, tscinv

Memory: 4k page, physical 1146192k(286548k free)

/proc/meminfo:


vm_info: Java HotSpot(TM) 64-Bit Server VM (23.7-b01) for bsd-amd64 JRE (1.7.0_17-b02), built on Mar  1 2013 06:41:23 by "java_re" with gcc 4.2.1 (Based on Apple Inc. build 5658) (LLVM build 2336.11.00)

time: Mon Apr 20 19:45:42 2015
elapsed time: 4 seconds

