#
# A fatal error has been detected by the Java Runtime Environment:
#
#  SIGSEGV (0xb) at pc=0x00007fff87cdd0dd, pid=4807, tid=1299
#
# JRE version: 7.0_17-b02
# Java VM: Java HotSpot(TM) 64-Bit Server VM (23.7-b01 mixed mode bsd-amd64 compressed oops)
# Problematic frame:
# C  [libobjc.A.dylib+0x10dd]  objc_msgSend+0x1d
#
# Failed to write core dump. Core dumps have been disabled. To enable core dumping, try "ulimit -c unlimited" before starting Java again
#
# If you would like to submit a bug report, please visit:
#   http://bugreport.sun.com/bugreport/crash.jsp
# The crash happened outside the Java Virtual Machine in native code.
# See problematic frame for where to report the bug.
#

---------------  T H R E A D  ---------------

Current thread (0x00007feea3831000):  JavaThread "AppKit Thread" daemon [_thread_in_native, id=1299, stack(0x00007fff5614d000,0x00007fff561cd000)]

siginfo:si_signo=SIGSEGV: si_errno=0, si_code=1 (SEGV_MAPERR), si_addr=0x0000000000000018

Registers:
RAX=0x00007feea3743380, RBX=0x00007fff561c89f8, RCX=0x0000000000000000, RDX=0x00007feea367fe10
RSP=0x00007fff561c8818, RBP=0x00007fff561c8820, RSI=0x00007fff899f1423, RDI=0x00007feea3743380
R8 =0x00007fff561c8800, R9 =0x0000000000000055, R10=0x00007fff899f1423, R11=0x0000000000000000
R12=0x00007feea3430cb0, R13=0x00000000000f42ee, R14=0x00007feea368f480, R15=0x00007fff561c8958
RIP=0x00007fff87cdd0dd, EFLAGS=0x0000000000010246, ERR=0x0000000000000004
  TRAPNO=0x000000000000000e

Top of Stack: (sp=0x00007fff561c8818)
0x00007fff561c8818:   00007fff8478f45c 00007fff561c8b80
0x00007fff561c8828:   00007fff8467f634 00007fff561c88ac
0x00007fff561c8838:   00007fff561c88b0 00007fff561c88b4
0x00007fff561c8848:   00007fff73cb4e00 ffffffffffffffff
0x00007fff561c8858:   00000000000007f8 00007fff73cb4e18
0x00007fff561c8868:   00007feea368f480 0000000000000000
0x00007fff561c8878:   00007fff561c8950 0000000000000000
0x00007fff561c8888:   00007feea3746200 00007fff561c89d0
0x00007fff561c8898:   0000000000000055 00000000000f42f0
0x00007fff561c88a8:   00007feea367fe10 00007feea3745ca0
0x00007fff561c88b8:   00007feea3430cb0 0000000000000001
0x00007fff561c88c8:   00000000000f42ee 00007feea3430ca0
0x00007fff561c88d8:   00007fff886d6c05 0000000175026070
0x00007fff561c88e8:   00007fff7552e0d0 0000000042000000
0x00007fff561c88f8:   00007fff886dde63 00007fff73c7f240
0x00007fff561c8908:   00007fff561c89d8 00007fff561c8930
0x00007fff561c8918:   00007fff561c8950 0000000000000000
0x00007fff561c8928:   0000000000000010 0001ae0387cfd97a
0x00007fff561c8938:   00007feea3430cd4 0000000000000000
0x00007fff561c8948:   0000000000000000 00007feea3746280
0x00007fff561c8958:   00007feea368f480 0000002000000000
0x00007fff561c8968:   0000000000000000 00007fff7552e0d0
0x00007fff561c8978:   0000000042000000 00007fff886dd4f8
0x00007fff561c8988:   00007fff73c7f350 00007fff561c88e8
0x00007fff561c8998:   0000000000000000 00007fff561c8a68
0x00007fff561c89a8:   00007fff73da9ea0 00007fff561c8aa0
0x00007fff561c89b8:   00007fff8bf6aedc 00007fff561c8a50
0x00007fff561c89c8:   00007fff891255fd 0000000000000051
0x00007fff561c89d8:   0000000000000000 00000000000f42e3
0x00007fff561c89e8:   0000000000000053 0000000000000000
0x00007fff561c89f8:   00000000000f42ee 00007fff561c8a74
0x00007fff561c8a08:   00000000003be901 00000000ffffffff 

Instructions: (pc=0x00007fff87cdd0dd)
0x00007fff87cdd0bd:   00 00 00 48 85 ff 2e 74 7a 40 f6 c7 01 2e 75 7e
0x00007fff87cdd0cd:   49 bb f8 ff ff ff ff 7f 00 00 4c 23 1f 49 89 f2
0x00007fff87cdd0dd:   45 23 53 18 49 c1 e2 04 4d 03 53 10 49 3b 32 75
0x00007fff87cdd0ed:   04 41 ff 62 08 49 83 3a 00 74 6a 4d 3b 53 10 74 

Register to memory mapping:

RAX=0x00007feea3743380 is an unknown value
RBX=0x00007fff561c89f8 is pointing into the stack for thread: 0x00007feea3831000
RCX=0x0000000000000000 is an unknown value
RDX=0x00007feea367fe10 is an unknown value
RSP=0x00007fff561c8818 is pointing into the stack for thread: 0x00007feea3831000
RBP=0x00007fff561c8820 is pointing into the stack for thread: 0x00007feea3831000
RSI=0x00007fff899f1423: -[NSTitlebarContainerView transparent]+0x5e307 in /System/Library/Frameworks/AppKit.framework/Versions/C/AppKit at 0x00007fff88ff0000
RDI=0x00007feea3743380 is an unknown value
R8 =0x00007fff561c8800 is pointing into the stack for thread: 0x00007feea3831000
R9 =0x0000000000000055 is an unknown value
R10=0x00007fff899f1423: -[NSTitlebarContainerView transparent]+0x5e307 in /System/Library/Frameworks/AppKit.framework/Versions/C/AppKit at 0x00007fff88ff0000
R11=0x0000000000000000 is an unknown value
R12=0x00007feea3430cb0 is an unknown value
R13=0x00000000000f42ee is an unknown value
R14=0x00007feea368f480 is an unknown value
R15=0x00007fff561c8958 is pointing into the stack for thread: 0x00007feea3831000


Stack: [0x00007fff5614d000,0x00007fff561cd000],  sp=0x00007fff561c8818,  free space=494k
Native frames: (J=compiled Java code, j=interpreted, Vv=VM code, C=native code)
C  [libobjc.A.dylib+0x10dd]  objc_msgSend+0x1d
C  [CoreFoundation+0x10634]  _CFXNotificationPost+0xc44
C  [Foundation+0x79d1]  -[NSNotificationCenter postNotificationName:object:userInfo:]+0x42
C  [AppKit+0x43ac2]  -[NSSurface _disposeSurface]+0x98
C  [AppKit+0x43526]  -[NSSurface setWindow:]+0x42
C  [AppKit+0x33a10]  -[NSView _setWindow:]+0xa33
C  [AppKit+0x6b091]  -[NSView removeFromSuperview]+0x1c5
C  [AppKit+0x14bea9]  -[NSView removeFromSuperviewWithoutNeedingDisplay]+0x26
C  [liblwjgl.dylib+0xa205]  +[MacOSXKeyableWindow destroyWindow]+0xb5
C  [Foundation+0x92d00]  __NSThreadPerformPerform+0x125
C  [CoreFoundation+0x80a01]  __CFRUNLOOP_IS_CALLING_OUT_TO_A_SOURCE0_PERFORM_FUNCTION__+0x11
C  [CoreFoundation+0x72b8d]  __CFRunLoopDoSources0+0x10d
C  [CoreFoundation+0x721bf]  __CFRunLoopRun+0x39f
C  [CoreFoundation+0x71bd8]  CFRunLoopRunSpecific+0x128
C  [HIToolbox+0x3256f]  RunCurrentEventLoopInMode+0xeb
C  [HIToolbox+0x321ee]  ReceiveNextEventCommon+0xb3
C  [HIToolbox+0x3212b]  _BlockUntilNextEventMatchingListInModeWithFilter+0x47
C  [AppKit+0x919bb]  _DPSNextEvent+0x3d2
C  [AppKit+0x90f68]  -[NSApplication nextEventMatchingMask:untilDate:inMode:dequeue:]+0x15a
C  [libosxapp.dylib+0x1b56]  -[NSApplicationAWT nextEventMatchingMask:untilDate:inMode:dequeue:]+0x7c
C  [AppKit+0x86bf3]  -[NSApplication run]+0x252
C  [libosxapp.dylib+0x19b9]  +[NSApplicationAWT runAWTLoopWithApp:]+0x9c
C  [liblwawt.dylib+0xd81a]  -[AWTStarter starter:]+0x637
C  [Foundation+0x92d00]  __NSThreadPerformPerform+0x125
C  [CoreFoundation+0x80a01]  __CFRUNLOOP_IS_CALLING_OUT_TO_A_SOURCE0_PERFORM_FUNCTION__+0x11
C  [CoreFoundation+0x72b8d]  __CFRunLoopDoSources0+0x10d
C  [CoreFoundation+0x721bf]  __CFRunLoopRun+0x39f
C  [CoreFoundation+0x71bd8]  CFRunLoopRunSpecific+0x128
C  [java+0x742d]  CreateExecutionEnvironment+0x367
C  [java+0x1bdc]  JLI_Launch+0x7a0
C  [java+0x778a]  main+0x65
C  [java+0x1434]  start+0x34


---------------  P R O C E S S  ---------------

Java Threads: ( => current thread )
  0x00007feea400d800 JavaThread "AWT-Shutdown" [_thread_blocked, id=14599, stack(0x000000011076a000,0x000000011086a000)]
=>0x00007feea3831000 JavaThread "AppKit Thread" daemon [_thread_in_native, id=1299, stack(0x00007fff5614d000,0x00007fff561cd000)]
  0x00007feea5034800 JavaThread "Service Thread" daemon [_thread_blocked, id=13827, stack(0x00000001102d2000,0x00000001103d2000)]
  0x00007feea5030800 JavaThread "C2 CompilerThread1" daemon [_thread_blocked, id=13571, stack(0x00000001101cf000,0x00000001102cf000)]
  0x00007feea384d800 JavaThread "C2 CompilerThread0" daemon [_thread_blocked, id=13319, stack(0x00000001100cc000,0x00000001101cc000)]
  0x00007feea384d000 JavaThread "Signal Dispatcher" daemon [_thread_blocked, id=13091, stack(0x000000010ffc9000,0x00000001100c9000)]
  0x00007feea382d800 JavaThread "Finalizer" daemon [_thread_blocked, id=8707, stack(0x000000010e5a6000,0x000000010e6a6000)]
  0x00007feea382c800 JavaThread "Reference Handler" daemon [_thread_blocked, id=8451, stack(0x000000010e4a3000,0x000000010e5a3000)]
  0x00007feea5001000 JavaThread "main" [_thread_in_native, id=4355, stack(0x000000010aea8000,0x000000010afa8000)]

Other Threads:
  0x00007feea502a800 VMThread [stack: 0x000000010e3a0000,0x000000010e4a0000] [id=8195]
  0x00007feea383a800 WatcherThread [stack: 0x00000001103d5000,0x00000001104d5000] [id=14083]

VM state:not at safepoint (normal execution)

VM Mutex/Monitor currently owned by a thread: None

Heap
 def new generation   total 4608K, used 1117K [0x00000007ec000000, 0x00000007ec4f0000, 0x00000007f0f50000)
  eden space 4160K,  16% used [0x00000007ec000000, 0x00000007ec0a7778, 0x00000007ec410000)
  from space 448K,  99% used [0x00000007ec410000, 0x00000007ec47ffc8, 0x00000007ec480000)
  to   space 448K,   0% used [0x00000007ec480000, 0x00000007ec480000, 0x00000007ec4f0000)
 tenured generation   total 10112K, used 1167K [0x00000007f0f50000, 0x00000007f1930000, 0x00000007fae00000)
   the space 10112K,  11% used [0x00000007f0f50000, 0x00000007f1073f68, 0x00000007f1074000, 0x00000007f1930000)
 compacting perm gen  total 21248K, used 6014K [0x00000007fae00000, 0x00000007fc2c0000, 0x0000000800000000)
   the space 21248K,  28% used [0x00000007fae00000, 0x00000007fb3dfb18, 0x00000007fb3dfc00, 0x00000007fc2c0000)
No shared spaces configured.

Card table byte_map: [0x000000010e06a000,0x000000010e10b000] byte_map_base: 0x000000010a10a000

Polling page: 0x0000000109b82000

Code Cache  [0x000000010afaa000, 0x000000010b21a000, 0x000000010dfaa000)
 total_blobs=388 nmethods=72 adapters=268 free_code_cache=48593Kb largest_free_block=49738560

Compilation events (10 events):
Event: 3.018 Thread 0x00007feea5030800   65             java.lang.CharacterData::of (120 bytes)
Event: 3.018 Thread 0x00007feea384d800   66             java.lang.CharacterDataLatin1::getProperties (11 bytes)
Event: 3.018 Thread 0x00007feea384d800 nmethod 66 0x000000010b02c610 code [0x000000010b02c740, 0x000000010b02c7d8]
Event: 3.018 Thread 0x00007feea5030800 nmethod 65 0x000000010b032090 code [0x000000010b0321e0, 0x000000010b0322b8]
Event: 3.218 Thread 0x00007feea384d800   67             org.newdawn.slick.opengl.renderer.ImmediateModeOGLRenderer::glBindTexture (6 bytes)
Event: 3.218 Thread 0x00007feea5030800   68             org.lwjgl.opengl.GL11::glBindTexture (23 bytes)
Event: 3.223 Thread 0x00007feea384d800 nmethod 67 0x000000010b031550 code [0x000000010b0316c0, 0x000000010b0318f8]
Event: 3.223 Thread 0x00007feea5030800 nmethod 68 0x000000010b02d6d0 code [0x000000010b02d840, 0x000000010b02da38]
Event: 3.233 Thread 0x00007feea384d800   70             org.newdawn.slick.opengl.TextureImpl::bind (39 bytes)
Event: 3.238 Thread 0x00007feea384d800 nmethod 70 0x000000010b02e650 code [0x000000010b02e840, 0x000000010b02ed10]

GC Heap History (4 events):
Event: 0.680 GC heap before
{Heap before GC invocations=0 (full 0):
 def new generation   total 4608K, used 4160K [0x00000007ec000000, 0x00000007ec4f0000, 0x00000007f0f50000)
  eden space 4160K, 100% used [0x00000007ec000000, 0x00000007ec410000, 0x00000007ec410000)
  from space 448K,   0% used [0x00000007ec410000, 0x00000007ec410000, 0x00000007ec480000)
  to   space 448K,   0% used [0x00000007ec480000, 0x00000007ec480000, 0x00000007ec4f0000)
 tenured generation   total 10112K, used 0K [0x00000007f0f50000, 0x00000007f1930000, 0x00000007fae00000)
   the space 10112K,   0% used [0x00000007f0f50000, 0x00000007f0f50000, 0x00000007f0f50200, 0x00000007f1930000)
 compacting perm gen  total 21248K, used 5092K [0x00000007fae00000, 0x00000007fc2c0000, 0x0000000800000000)
   the space 21248K,  23% used [0x00000007fae00000, 0x00000007fb2f9280, 0x00000007fb2f9400, 0x00000007fc2c0000)
No shared spaces configured.
Event: 0.689 GC heap after
Heap after GC invocations=1 (full 0):
 def new generation   total 4608K, used 448K [0x00000007ec000000, 0x00000007ec4f0000, 0x00000007f0f50000)
  eden space 4160K,   0% used [0x00000007ec000000, 0x00000007ec000000, 0x00000007ec410000)
  from space 448K, 100% used [0x00000007ec480000, 0x00000007ec4f0000, 0x00000007ec4f0000)
  to   space 448K,   0% used [0x00000007ec410000, 0x00000007ec410000, 0x00000007ec480000)
 tenured generation   total 10112K, used 699K [0x00000007f0f50000, 0x00000007f1930000, 0x00000007fae00000)
   the space 10112K,   6% used [0x00000007f0f50000, 0x00000007f0ffec90, 0x00000007f0ffee00, 0x00000007f1930000)
 compacting perm gen  total 21248K, used 5092K [0x00000007fae00000, 0x00000007fc2c0000, 0x0000000800000000)
   the space 21248K,  23% used [0x00000007fae00000, 0x00000007fb2f9280, 0x00000007fb2f9400, 0x00000007fc2c0000)
No shared spaces configured.
}
Event: 2.817 GC heap before
{Heap before GC invocations=1 (full 0):
 def new generation   total 4608K, used 4608K [0x00000007ec000000, 0x00000007ec4f0000, 0x00000007f0f50000)
  eden space 4160K, 100% used [0x00000007ec000000, 0x00000007ec410000, 0x00000007ec410000)
  from space 448K, 100% used [0x00000007ec480000, 0x00000007ec4f0000, 0x00000007ec4f0000)
  to   space 448K,   0% used [0x00000007ec410000, 0x00000007ec410000, 0x00000007ec480000)
 tenured generation   total 10112K, used 699K [0x00000007f0f50000, 0x00000007f1930000, 0x00000007fae00000)
   the space 10112K,   6% used [0x00000007f0f50000, 0x00000007f0ffec90, 0x00000007f0ffee00, 0x00000007f1930000)
 compacting perm gen  total 21248K, used 6009K [0x00000007fae00000, 0x00000007fc2c0000, 0x0000000800000000)
   the space 21248K,  28% used [0x00000007fae00000, 0x00000007fb3de5b0, 0x00000007fb3de600, 0x00000007fc2c0000)
No shared spaces configured.
Event: 2.822 GC heap after
Heap after GC invocations=2 (full 0):
 def new generation   total 4608K, used 447K [0x00000007ec000000, 0x00000007ec4f0000, 0x00000007f0f50000)
  eden space 4160K,   0% used [0x00000007ec000000, 0x00000007ec000000, 0x00000007ec410000)
  from space 448K,  99% used [0x00000007ec410000, 0x00000007ec47ffc8, 0x00000007ec480000)
  to   space 448K,   0% used [0x00000007ec480000, 0x00000007ec480000, 0x00000007ec4f0000)
 tenured generation   total 10112K, used 1167K [0x00000007f0f50000, 0x00000007f1930000, 0x00000007fae00000)
   the space 10112K,  11% used [0x00000007f0f50000, 0x00000007f1073f68, 0x00000007f1074000, 0x00000007f1930000)
 compacting perm gen  total 21248K, used 6009K [0x00000007fae00000, 0x00000007fc2c0000, 0x0000000800000000)
   the space 21248K,  28% used [0x00000007fae00000, 0x00000007fb3de5b0, 0x00000007fb3de600, 0x00000007fc2c0000)
No shared spaces configured.
}

Deoptimization events (0 events):
No events

Internal exceptions (10 events):
Event: 0.739 Thread 0x00007feea5001000 Threw 0x00000007ec0c8908 at /HUDSON/workspace/jdk7u17-2-build-macosx-amd64-product/jdk7u17/hotspot/src/share/vm/prims/jvm.cpp:1166
Event: 0.763 Thread 0x00007feea5001000 Threw 0x00000007ec1c9998 at /HUDSON/workspace/jdk7u17-2-build-macosx-amd64-product/jdk7u17/hotspot/src/share/vm/prims/jvm.cpp:1166
Event: 0.763 Thread 0x00007feea5001000 Threw 0x00000007ec1cc4d8 at /HUDSON/workspace/jdk7u17-2-build-macosx-amd64-product/jdk7u17/hotspot/src/share/vm/prims/jvm.cpp:1166
Event: 0.764 Thread 0x00007feea5001000 Threw 0x00000007ec1d2f20 at /HUDSON/workspace/jdk7u17-2-build-macosx-amd64-product/jdk7u17/hotspot/src/share/vm/prims/jvm.cpp:1166
Event: 0.765 Thread 0x00007feea5001000 Threw 0x00000007ec1da0e0 at /HUDSON/workspace/jdk7u17-2-build-macosx-amd64-product/jdk7u17/hotspot/src/share/vm/prims/jvm.cpp:1166
Event: 0.766 Thread 0x00007feea5001000 Threw 0x00000007ec1dcbe8 at /HUDSON/workspace/jdk7u17-2-build-macosx-amd64-product/jdk7u17/hotspot/src/share/vm/prims/jvm.cpp:1166
Event: 0.766 Thread 0x00007feea5001000 Threw 0x00000007ec1e0748 at /HUDSON/workspace/jdk7u17-2-build-macosx-amd64-product/jdk7u17/hotspot/src/share/vm/prims/jvm.cpp:1166
Event: 0.788 Thread 0x00007feea5001000 Threw 0x00000007ec1ec1c8 at /HUDSON/workspace/jdk7u17-2-build-macosx-amd64-product/jdk7u17/hotspot/src/share/vm/prims/jvm.cpp:1166
Event: 0.789 Thread 0x00007feea5001000 Threw 0x00000007ec1f0b98 at /HUDSON/workspace/jdk7u17-2-build-macosx-amd64-product/jdk7u17/hotspot/src/share/vm/prims/jvm.cpp:1166
Event: 3.295 Thread 0x00007feea5001000 Threw 0x00000007ec094df0 at /HUDSON/workspace/jdk7u17-2-build-macosx-amd64-product/jdk7u17/hotspot/src/share/vm/prims/jvm.cpp:1166

Events (10 events):
Event: 0.776 loading class 0x00007feea3628340
Event: 0.776 loading class 0x00007feea3628340 done
Event: 0.788 loading class 0x00007feea3717830
Event: 0.788 loading class 0x00007feea3717830 done
Event: 0.789 loading class 0x00007feea34c5fd0
Event: 0.789 loading class 0x00007feea34c5fd0 done
Event: 2.817 Executing VM operation: GenCollectForAllocation
Event: 2.823 Executing VM operation: GenCollectForAllocation done
Event: 3.295 loading class 0x00007feea356d720
Event: 3.295 loading class 0x00007feea356d720 done


Dynamic libraries:
0x000000000301f000 	/System/Library/Frameworks/Cocoa.framework/Versions/A/Cocoa
0x000000000301f000 	/System/Library/Frameworks/Security.framework/Versions/A/Security
0x000000000301f000 	/System/Library/Frameworks/ApplicationServices.framework/Versions/A/ApplicationServices
0x000000000301f000 	/usr/lib/libz.1.dylib
0x000000000301f000 	/usr/lib/libSystem.B.dylib
0x000000000301f000 	/usr/lib/libobjc.A.dylib
0x000000000301f000 	/System/Library/Frameworks/CoreFoundation.framework/Versions/A/CoreFoundation
0x000000000301f000 	/System/Library/Frameworks/AppKit.framework/Versions/C/AppKit
0x000000000301f000 	/System/Library/Frameworks/CoreData.framework/Versions/A/CoreData
0x000000000301f000 	/System/Library/Frameworks/Foundation.framework/Versions/C/Foundation
0x000000000301f000 	/System/Library/PrivateFrameworks/RemoteViewServices.framework/Versions/A/RemoteViewServices
0x000000000301f000 	/System/Library/PrivateFrameworks/UIFoundation.framework/Versions/A/UIFoundation
0x000000000301f000 	/System/Library/Frameworks/IOSurface.framework/Versions/A/IOSurface
0x000000000301f000 	/System/Library/Frameworks/AudioToolbox.framework/Versions/A/AudioToolbox
0x000000000301f000 	/System/Library/Frameworks/AudioUnit.framework/Versions/A/AudioUnit
0x000000000301f000 	/System/Library/PrivateFrameworks/DataDetectorsCore.framework/Versions/A/DataDetectorsCore
0x000000000301f000 	/System/Library/PrivateFrameworks/DesktopServicesPriv.framework/Versions/A/DesktopServicesPriv
0x000000000301f000 	/System/Library/Frameworks/Carbon.framework/Versions/A/Frameworks/HIToolbox.framework/Versions/A/HIToolbox
0x000000000301f000 	/System/Library/Frameworks/QuartzCore.framework/Versions/A/QuartzCore
0x000000000301f000 	/System/Library/Frameworks/Carbon.framework/Versions/A/Frameworks/SpeechRecognition.framework/Versions/A/SpeechRecognition
0x000000000301f000 	/usr/lib/libauto.dylib
0x000000000301f000 	/usr/lib/libicucore.A.dylib
0x000000000301f000 	/usr/lib/libxml2.2.dylib
0x000000000301f000 	/System/Library/PrivateFrameworks/CoreUI.framework/Versions/A/CoreUI
0x000000000301f000 	/System/Library/Frameworks/CoreAudio.framework/Versions/A/CoreAudio
0x000000000301f000 	/System/Library/Frameworks/DiskArbitration.framework/Versions/A/DiskArbitration
0x000000000301f000 	/usr/lib/liblangid.dylib
0x000000000301f000 	/System/Library/PrivateFrameworks/MultitouchSupport.framework/Versions/A/MultitouchSupport
0x000000000301f000 	/System/Library/Frameworks/IOKit.framework/Versions/A/IOKit
0x000000000301f000 	/usr/lib/libDiagnosticMessagesClient.dylib
0x000000000301f000 	/System/Library/Frameworks/CoreServices.framework/Versions/A/CoreServices
0x000000000301f000 	/System/Library/PrivateFrameworks/PerformanceAnalysis.framework/Versions/A/PerformanceAnalysis
0x000000000301f000 	/System/Library/PrivateFrameworks/GenerationalStorage.framework/Versions/A/GenerationalStorage
0x000000000301f000 	/System/Library/Frameworks/OpenGL.framework/Versions/A/OpenGL
0x000000000301f000 	/System/Library/PrivateFrameworks/Sharing.framework/Versions/A/Sharing
0x000000000301f000 	/System/Library/Frameworks/CoreGraphics.framework/Versions/A/CoreGraphics
0x000000000301f000 	/System/Library/Frameworks/CoreText.framework/Versions/A/CoreText
0x000000000301f000 	/System/Library/Frameworks/ImageIO.framework/Versions/A/ImageIO
0x000000000301f000 	/usr/lib/libextension.dylib
0x000000000301f000 	/System/Library/PrivateFrameworks/Backup.framework/Versions/A/Backup
0x000000000301f000 	/usr/lib/libarchive.2.dylib
0x000000000301f000 	/System/Library/Frameworks/CFNetwork.framework/Versions/A/CFNetwork
0x000000000301f000 	/System/Library/Frameworks/SystemConfiguration.framework/Versions/A/SystemConfiguration
0x000000000301f000 	/usr/lib/libCRFSuite.dylib
0x000000000301f000 	/usr/lib/libc++.1.dylib
0x000000000301f000 	/usr/lib/libc++abi.dylib
0x000000000301f000 	/usr/lib/system/libcache.dylib
0x000000000301f000 	/usr/lib/system/libcommonCrypto.dylib
0x000000000301f000 	/usr/lib/system/libcompiler_rt.dylib
0x000000000301f000 	/usr/lib/system/libcopyfile.dylib
0x000000000301f000 	/usr/lib/system/libcorecrypto.dylib
0x000000000301f000 	/usr/lib/system/libdispatch.dylib
0x000000000301f000 	/usr/lib/system/libdyld.dylib
0x000000000301f000 	/usr/lib/system/libkeymgr.dylib
0x000000000301f000 	/usr/lib/system/liblaunch.dylib
0x000000000301f000 	/usr/lib/system/libmacho.dylib
0x000000000301f000 	/usr/lib/system/libquarantine.dylib
0x000000000301f000 	/usr/lib/system/libremovefile.dylib
0x000000000301f000 	/usr/lib/system/libsystem_asl.dylib
0x000000000301f000 	/usr/lib/system/libsystem_blocks.dylib
0x000000000301f000 	/usr/lib/system/libsystem_c.dylib
0x000000000301f000 	/usr/lib/system/libsystem_configuration.dylib
0x000000000301f000 	/usr/lib/system/libsystem_coreservices.dylib
0x000000000301f000 	/usr/lib/system/libsystem_coretls.dylib
0x000000000301f000 	/usr/lib/system/libsystem_dnssd.dylib
0x000000000301f000 	/usr/lib/system/libsystem_info.dylib
0x000000000301f000 	/usr/lib/system/libsystem_kernel.dylib
0x000000000301f000 	/usr/lib/system/libsystem_m.dylib
0x000000000301f000 	/usr/lib/system/libsystem_malloc.dylib
0x000000000301f000 	/usr/lib/system/libsystem_network.dylib
0x000000000301f000 	/usr/lib/system/libsystem_networkextension.dylib
0x000000000301f000 	/usr/lib/system/libsystem_notify.dylib
0x000000000301f000 	/usr/lib/system/libsystem_platform.dylib
0x000000000301f000 	/usr/lib/system/libsystem_pthread.dylib
0x000000000301f000 	/usr/lib/system/libsystem_sandbox.dylib
0x000000000301f000 	/usr/lib/system/libsystem_secinit.dylib
0x000000000301f000 	/usr/lib/system/libsystem_stats.dylib
0x000000000301f000 	/usr/lib/system/libsystem_trace.dylib
0x000000000301f000 	/usr/lib/system/libunc.dylib
0x000000000301f000 	/usr/lib/system/libunwind.dylib
0x000000000301f000 	/usr/lib/system/libxpc.dylib
0x000000000301f000 	/usr/lib/libbz2.1.0.dylib
0x000000000301f000 	/usr/lib/liblzma.5.dylib
0x000000000301f000 	/usr/lib/libbsm.0.dylib
0x000000000301f000 	/usr/lib/libsqlite3.dylib
0x000000000301f000 	/usr/lib/system/libkxld.dylib
0x000000000301f000 	/usr/lib/libxar.1.dylib
0x000000000301f000 	/usr/lib/libpam.2.dylib
0x000000000301f000 	/usr/lib/libOpenScriptingUtil.dylib
0x000000000301f000 	/System/Library/Frameworks/CoreServices.framework/Versions/A/Frameworks/FSEvents.framework/Versions/A/FSEvents
0x000000000301f000 	/System/Library/Frameworks/CoreServices.framework/Versions/A/Frameworks/CarbonCore.framework/Versions/A/CarbonCore
0x000000000301f000 	/System/Library/Frameworks/CoreServices.framework/Versions/A/Frameworks/Metadata.framework/Versions/A/Metadata
0x000000000301f000 	/System/Library/Frameworks/CoreServices.framework/Versions/A/Frameworks/OSServices.framework/Versions/A/OSServices
0x000000000301f000 	/System/Library/Frameworks/CoreServices.framework/Versions/A/Frameworks/SearchKit.framework/Versions/A/SearchKit
0x000000000301f000 	/System/Library/Frameworks/CoreServices.framework/Versions/A/Frameworks/AE.framework/Versions/A/AE
0x000000000301f000 	/System/Library/Frameworks/CoreServices.framework/Versions/A/Frameworks/LaunchServices.framework/Versions/A/LaunchServices
0x000000000301f000 	/System/Library/Frameworks/CoreServices.framework/Versions/A/Frameworks/DictionaryServices.framework/Versions/A/DictionaryServices
0x000000000301f000 	/System/Library/Frameworks/NetFS.framework/Versions/A/NetFS
0x000000000301f000 	/System/Library/PrivateFrameworks/NetAuth.framework/Versions/A/NetAuth
0x000000000301f000 	/System/Library/PrivateFrameworks/login.framework/Versions/A/Frameworks/loginsupport.framework/Versions/A/loginsupport
0x000000000301f000 	/System/Library/PrivateFrameworks/TCC.framework/Versions/A/TCC
0x000000000301f000 	/usr/lib/libmecabra.dylib
0x000000000301f000 	/System/Library/Frameworks/ApplicationServices.framework/Versions/A/Frameworks/ATS.framework/Versions/A/ATS
0x000000000301f000 	/System/Library/Frameworks/ApplicationServices.framework/Versions/A/Frameworks/ColorSync.framework/Versions/A/ColorSync
0x000000000301f000 	/System/Library/Frameworks/ApplicationServices.framework/Versions/A/Frameworks/HIServices.framework/Versions/A/HIServices
0x000000000301f000 	/System/Library/Frameworks/ApplicationServices.framework/Versions/A/Frameworks/LangAnalysis.framework/Versions/A/LangAnalysis
0x000000000301f000 	/System/Library/Frameworks/ApplicationServices.framework/Versions/A/Frameworks/PrintCore.framework/Versions/A/PrintCore
0x000000000301f000 	/System/Library/Frameworks/ApplicationServices.framework/Versions/A/Frameworks/QD.framework/Versions/A/QD
0x000000000301f000 	/System/Library/Frameworks/ApplicationServices.framework/Versions/A/Frameworks/SpeechSynthesis.framework/Versions/A/SpeechSynthesis
0x000000000301f000 	/System/Library/Frameworks/Accelerate.framework/Versions/A/Accelerate
0x000000000301f000 	/System/Library/Frameworks/Accelerate.framework/Versions/A/Frameworks/vImage.framework/Versions/A/vImage
0x000000000301f000 	/System/Library/Frameworks/Accelerate.framework/Versions/A/Frameworks/vecLib.framework/Versions/A/vecLib
0x000000000301f000 	/System/Library/Frameworks/Accelerate.framework/Versions/A/Frameworks/vecLib.framework/Versions/A/libvDSP.dylib
0x000000000301f000 	/System/Library/Frameworks/Accelerate.framework/Versions/A/Frameworks/vecLib.framework/Versions/A/libvMisc.dylib
0x000000000301f000 	/System/Library/Frameworks/Accelerate.framework/Versions/A/Frameworks/vecLib.framework/Versions/A/libLAPACK.dylib
0x000000000301f000 	/System/Library/Frameworks/Accelerate.framework/Versions/A/Frameworks/vecLib.framework/Versions/A/libBLAS.dylib
0x000000000301f000 	/System/Library/Frameworks/Accelerate.framework/Versions/A/Frameworks/vecLib.framework/Versions/A/libLinearAlgebra.dylib
0x000000000301f000 	/System/Library/Frameworks/ApplicationServices.framework/Versions/A/Frameworks/ATS.framework/Versions/A/Resources/libFontParser.dylib
0x000000000301f000 	/System/Library/Frameworks/ApplicationServices.framework/Versions/A/Frameworks/ATS.framework/Versions/A/Resources/libFontRegistry.dylib
0x000000000301f000 	/System/Library/PrivateFrameworks/AppleVPA.framework/Versions/A/AppleVPA
0x000000000301f000 	/System/Library/PrivateFrameworks/AppleJPEG.framework/Versions/A/AppleJPEG
0x000000000301f000 	/System/Library/Frameworks/ImageIO.framework/Versions/A/Resources/libJPEG.dylib
0x000000000301f000 	/System/Library/Frameworks/ImageIO.framework/Versions/A/Resources/libTIFF.dylib
0x000000000301f000 	/System/Library/Frameworks/ImageIO.framework/Versions/A/Resources/libPng.dylib
0x000000000301f000 	/System/Library/Frameworks/ImageIO.framework/Versions/A/Resources/libGIF.dylib
0x000000000301f000 	/System/Library/Frameworks/ImageIO.framework/Versions/A/Resources/libJP2.dylib
0x000000000301f000 	/System/Library/Frameworks/ImageIO.framework/Versions/A/Resources/libRadiance.dylib
0x000000000301f000 	/System/Library/Frameworks/CoreVideo.framework/Versions/A/CoreVideo
0x000000000301f000 	/System/Library/Frameworks/OpenGL.framework/Versions/A/Libraries/libGLU.dylib
0x000000000301f000 	/System/Library/Frameworks/OpenGL.framework/Versions/A/Libraries/libGFXShared.dylib
0x000000000301f000 	/System/Library/Frameworks/OpenGL.framework/Versions/A/Libraries/libGL.dylib
0x000000000301f000 	/System/Library/Frameworks/OpenGL.framework/Versions/A/Libraries/libGLImage.dylib
0x000000000301f000 	/System/Library/Frameworks/OpenGL.framework/Versions/A/Libraries/libCVMSPluginSupport.dylib
0x000000000301f000 	/System/Library/Frameworks/OpenGL.framework/Versions/A/Libraries/libCoreVMClient.dylib
0x000000000301f000 	/usr/lib/libcups.2.dylib
0x000000000301f000 	/System/Library/Frameworks/Kerberos.framework/Versions/A/Kerberos
0x000000000301f000 	/System/Library/Frameworks/GSS.framework/Versions/A/GSS
0x000000000301f000 	/usr/lib/libresolv.9.dylib
0x000000000301f000 	/usr/lib/libiconv.2.dylib
0x000000000301f000 	/System/Library/PrivateFrameworks/Heimdal.framework/Versions/A/Heimdal
0x000000000301f000 	/usr/lib/libheimdal-asn1.dylib
0x000000000301f000 	/System/Library/Frameworks/OpenDirectory.framework/Versions/A/OpenDirectory
0x000000000301f000 	/System/Library/PrivateFrameworks/CommonAuth.framework/Versions/A/CommonAuth
0x000000000301f000 	/System/Library/Frameworks/OpenDirectory.framework/Versions/A/Frameworks/CFOpenDirectory.framework/Versions/A/CFOpenDirectory
0x000000000301f000 	/System/Library/Frameworks/SecurityFoundation.framework/Versions/A/SecurityFoundation
0x000000000301f000 	/System/Library/PrivateFrameworks/LanguageModeling.framework/Versions/A/LanguageModeling
0x000000000301f000 	/usr/lib/libcmph.dylib
0x000000000301f000 	/System/Library/Frameworks/ServiceManagement.framework/Versions/A/ServiceManagement
0x000000000301f000 	/usr/lib/libxslt.1.dylib
0x000000000301f000 	/System/Library/Frameworks/Carbon.framework/Versions/A/Frameworks/Ink.framework/Versions/A/Ink
0x000000000301f000 	/System/Library/Frameworks/QuartzCore.framework/Versions/A/Frameworks/CoreImage.framework/Versions/A/CoreImage
0x000000000301f000 	/System/Library/PrivateFrameworks/CrashReporterSupport.framework/Versions/A/CrashReporterSupport
0x000000000301f000 	/System/Library/Frameworks/OpenCL.framework/Versions/A/OpenCL
0x000000000301f000 	/System/Library/PrivateFrameworks/FaceCore.framework/Versions/A/FaceCore
0x000000000301f000 	/System/Library/PrivateFrameworks/Ubiquity.framework/Versions/A/Ubiquity
0x000000000301f000 	/System/Library/PrivateFrameworks/IconServices.framework/Versions/A/IconServices
0x000000000301f000 	/System/Library/PrivateFrameworks/ChunkingLibrary.framework/Versions/A/ChunkingLibrary
0x000000000301f000 	/System/Library/PrivateFrameworks/Apple80211.framework/Versions/A/Apple80211
0x000000000301f000 	/System/Library/Frameworks/CoreWLAN.framework/Versions/A/CoreWLAN
0x000000000301f000 	/System/Library/Frameworks/IOBluetooth.framework/Versions/A/IOBluetooth
0x000000000301f000 	/System/Library/PrivateFrameworks/CoreWiFi.framework/Versions/A/CoreWiFi
0x000000000301f000 	/System/Library/Frameworks/CoreBluetooth.framework/Versions/A/CoreBluetooth
0x000000000301f000 	/System/Library/PrivateFrameworks/DebugSymbols.framework/Versions/A/DebugSymbols
0x000000000301f000 	/System/Library/PrivateFrameworks/CoreSymbolication.framework/Versions/A/CoreSymbolication
0x000000000301f000 	/System/Library/PrivateFrameworks/Symbolication.framework/Versions/A/Symbolication
0x000000000301f000 	/System/Library/PrivateFrameworks/SpeechRecognitionCore.framework/Versions/A/SpeechRecognitionCore
0x000000010a400000 	/Library/Java/JavaVirtualMachines/jdk1.7.0_17.jdk/Contents/Home/jre/lib/server/libjvm.dylib
0x000000000301f000 	/usr/lib/libstdc++.6.dylib
0x0000000109b45000 	/Library/Java/JavaVirtualMachines/jdk1.7.0_17.jdk/Contents/Home/jre/lib/libverify.dylib
0x0000000109b52000 	/Library/Java/JavaVirtualMachines/jdk1.7.0_17.jdk/Contents/Home/jre/lib/libjava.dylib
0x0000000109b8c000 	/Library/Java/JavaVirtualMachines/jdk1.7.0_17.jdk/Contents/Home/jre/lib/libzip.dylib
0x000000010e6a8000 	/System/Library/Frameworks/JavaVM.framework/Frameworks/JavaRuntimeSupport.framework/JavaRuntimeSupport
0x000000010e6c0000 	/System/Library/Frameworks/JavaVM.framework/Versions/A/Frameworks/JavaNativeFoundation.framework/Versions/A/JavaNativeFoundation
0x000000010e6d5000 	/System/Library/Frameworks/JavaVM.framework/Versions/A/JavaVM
0x000000000301f000 	/System/Library/Frameworks/Carbon.framework/Versions/A/Carbon
0x000000010e6e2000 	/System/Library/PrivateFrameworks/JavaLaunching.framework/Versions/A/JavaLaunching
0x000000000301f000 	/System/Library/Frameworks/Carbon.framework/Versions/A/Frameworks/CommonPanels.framework/Versions/A/CommonPanels
0x000000000301f000 	/System/Library/Frameworks/Carbon.framework/Versions/A/Frameworks/Help.framework/Versions/A/Help
0x000000000301f000 	/System/Library/Frameworks/Carbon.framework/Versions/A/Frameworks/ImageCapture.framework/Versions/A/ImageCapture
0x000000000301f000 	/System/Library/Frameworks/Carbon.framework/Versions/A/Frameworks/OpenScripting.framework/Versions/A/OpenScripting
0x000000000301f000 	/System/Library/Frameworks/Carbon.framework/Versions/A/Frameworks/Print.framework/Versions/A/Print
0x000000000301f000 	/System/Library/Frameworks/Carbon.framework/Versions/A/Frameworks/SecurityHI.framework/Versions/A/SecurityHI
0x0000000110520000 	/Library/Java/JavaVirtualMachines/jdk1.7.0_17.jdk/Contents/Home/jre/lib/libawt.dylib
0x00000001105cf000 	/Library/Java/JavaVirtualMachines/jdk1.7.0_17.jdk/Contents/Home/jre/lib/./libmlib_image.dylib
0x000000011069b000 	/Library/Java/JavaVirtualMachines/jdk1.7.0_17.jdk/Contents/Home/jre/lib/lwawt/liblwawt.dylib
0x000000011074d000 	/Library/Java/JavaVirtualMachines/jdk1.7.0_17.jdk/Contents/Home/jre/lib/libosxapp.dylib
0x000000000301f000 	/System/Library/Frameworks/ExceptionHandling.framework/Versions/A/ExceptionHandling
0x000000000301f000 	/System/Library/PrivateFrameworks/CoreServicesInternal.framework/Versions/A/CoreServicesInternal
0x000000000301f000 	/System/Library/PrivateFrameworks/CloudDocs.framework/Versions/A/CloudDocs
0x000000000301f000 	/System/Library/PrivateFrameworks/CoreDuet.framework/Versions/A/CoreDuet
0x000000000301f000 	/System/Library/Frameworks/CloudKit.framework/Versions/A/CloudKit
0x000000000301f000 	/System/Library/PrivateFrameworks/ProtocolBuffer.framework/Versions/A/ProtocolBuffer
0x000000000301f000 	/System/Library/PrivateFrameworks/CoreDuetDaemonProtocol.framework/Versions/A/CoreDuetDaemonProtocol
0x000000000301f000 	/System/Library/PrivateFrameworks/CoreDuetDebugLogging.framework/Versions/A/CoreDuetDebugLogging
0x000000000301f000 	/System/Library/PrivateFrameworks/MMCS.framework/Versions/A/MMCS
0x000000000301f000 	/System/Library/Frameworks/CoreLocation.framework/Versions/A/CoreLocation
0x000000000301f000 	/System/Library/PrivateFrameworks/ProtectedCloudStorage.framework/Versions/A/ProtectedCloudStorage
0x000000000301f000 	/System/Library/PrivateFrameworks/GeoServices.framework/Versions/A/GeoServices
0x000000000301f000 	/System/Library/Frameworks/CoreGraphics.framework/Versions/A/Resources/libCGCMS.A.dylib
0x000000000301f000 	/System/Library/Frameworks/CoreGraphics.framework/Versions/A/Resources/libRIP.A.dylib
0x000000000301f000 	/System/Library/Frameworks/CoreGraphics.framework/Versions/A/Resources/libCGXType.A.dylib
0x000000000301f000 	/System/Library/Frameworks/OpenCL.framework/Versions/A/Libraries/libcldcpuengine.dylib
0x000000000301f000 	/System/Library/PrivateFrameworks/DiskImages.framework/Versions/A/DiskImages
0x000000000301f000 	/System/Library/Frameworks/DiscRecording.framework/Versions/A/DiscRecording
0x000000000301f000 	/usr/lib/libcsfde.dylib
0x000000000301f000 	/usr/lib/libcurl.4.dylib
0x000000000301f000 	/System/Library/PrivateFrameworks/MediaKit.framework/Versions/A/MediaKit
0x000000000301f000 	/usr/lib/libCoreStorage.dylib
0x000000000301f000 	/System/Library/PrivateFrameworks/EFILogin.framework/Versions/A/EFILogin
0x000000000301f000 	/usr/lib/libutil.dylib
0x000000000301f000 	/System/Library/PrivateFrameworks/FindMyDevice.framework/Versions/A/FindMyDevice
0x000000000301f000 	/System/Library/Frameworks/LDAP.framework/Versions/A/LDAP
0x000000000301f000 	/usr/lib/libsasl2.2.dylib
0x000000000301f000 	/System/Library/PrivateFrameworks/CoreDaemon.framework/Versions/B/CoreDaemon
0x000000000301f000 	/usr/lib/libcrypto.0.9.8.dylib
0x000000000301f000 	/System/Library/PrivateFrameworks/AppleSRP.framework/Versions/A/AppleSRP
0x000000000301f000 	/System/Library/PrivateFrameworks/TrustEvaluationAgent.framework/Versions/A/TrustEvaluationAgent
0x0000000113551000 	cl_kernels
0x0000000113553000 	/System/Library/Frameworks/OpenCL.framework/Versions/A/Libraries/ImageFormats/unorm8_bgra.dylib
0x0000000113542000 	cl_kernels
0x000000000301f000 	/System/Library/PrivateFrameworks/FamilyControls.framework/Versions/A/FamilyControls
0x000000000301f000 	/System/Library/PrivateFrameworks/CommerceKit.framework/Versions/A/Frameworks/CommerceCore.framework/Versions/A/CommerceCore
0x000000000301f000 	/System/Library/PrivateFrameworks/SystemAdministration.framework/Versions/A/SystemAdministration
0x000000000301f000 	/System/Library/PrivateFrameworks/AppContainer.framework/Versions/A/AppContainer
0x000000000301f000 	/System/Library/PrivateFrameworks/SecCodeWrapper.framework/Versions/A/SecCodeWrapper
0x000000000301f000 	/System/Library/Frameworks/DirectoryService.framework/Versions/A/DirectoryService
0x000000000301f000 	/System/Library/PrivateFrameworks/LoginUIKit.framework/Versions/A/Frameworks/LoginUICore.framework/Versions/A/LoginUICore
0x000000000301f000 	/usr/lib/libodfde.dylib
0x0000000114716000 	/Library/Java/JavaVirtualMachines/jdk1.7.0_17.jdk/Contents/Home/jre/lib/libfontmanager.dylib
0x0000000114762000 	/Users/William/Documents/workspace/FRESHSTART/lib/natives/macosx/liblwjgl.dylib
0x0000000112a85000 	/Library/Java/JavaVirtualMachines/jdk1.7.0_17.jdk/Contents/Home/jre/lib/libjawt.dylib
0x000000000301f000 	/System/Library/Frameworks/OpenGL.framework/Versions/A/Resources/GLEngine.bundle/GLEngine
0x000000000301f000 	/System/Library/Frameworks/OpenGL.framework/Versions/A/Libraries/libGLProgrammability.dylib
0x0000000000000000 	/System/Library/Extensions/AppleIntelHD4000GraphicsGLDriver.bundle/Contents/MacOS/AppleIntelHD4000GraphicsGLDriver
0x000000000301f000 	/System/Library/PrivateFrameworks/IOAccelerator.framework/Versions/A/IOAccelerator
0x000000000301f000 	/System/Library/PrivateFrameworks/GPUSupport.framework/Versions/A/Libraries/libGPUSupportMercury.dylib
0x000000000301f000 	/System/Library/Frameworks/OpenGL.framework/Versions/A/Resources/GLRendererFloat.bundle/GLRendererFloat
0x0000000114f41000 	/Library/Java/JavaVirtualMachines/jdk1.7.0_17.jdk/Contents/Home/jre/lib/libnio.dylib
0x0000000114f50000 	/Library/Java/JavaVirtualMachines/jdk1.7.0_17.jdk/Contents/Home/jre/lib/./libnet.dylib

VM Arguments:
jvm_args: -Djava.library.path=/Users/William/Documents/workspace/FRESHSTART/lib/natives/macosx -Dfile.encoding=US-ASCII 
java_command: Pacman
Launcher Type: SUN_STANDARD

Environment Variables:
PATH=/usr/bin:/bin:/usr/sbin:/sbin
SHELL=/bin/bash
DISPLAY=/private/tmp/com.apple.launchd.vCGkxlYrlm/org.macosforge.xquartz:0

Signal Handlers:
SIGSEGV: [libjvm.dylib+0x4a361d], sa_mask[0]=0xfffefeff, sa_flags=0x00000042
SIGBUS: [libjvm.dylib+0x4a361d], sa_mask[0]=0xfffefeff, sa_flags=0x00000042
SIGFPE: [libjvm.dylib+0x3b302d], sa_mask[0]=0xfffefeff, sa_flags=0x00000042
SIGPIPE: [libjvm.dylib+0x3b302d], sa_mask[0]=0xfffefeff, sa_flags=0x00000042
SIGXFSZ: [libjvm.dylib+0x3b302d], sa_mask[0]=0xfffefeff, sa_flags=0x00000042
SIGILL: [libjvm.dylib+0x3b302d], sa_mask[0]=0xfffefeff, sa_flags=0x00000042
SIGUSR1: SIG_DFL, sa_mask[0]=0x00000000, sa_flags=0x00000000
SIGUSR2: [libjvm.dylib+0x3b2bc6], sa_mask[0]=0x00000004, sa_flags=0x00000042
SIGHUP: [libjvm.dylib+0x3b0e27], sa_mask[0]=0xfffefeff, sa_flags=0x00000042
SIGINT: [libjvm.dylib+0x3b0e27], sa_mask[0]=0xfffefeff, sa_flags=0x00000042
SIGTERM: [libjvm.dylib+0x3b0e27], sa_mask[0]=0xfffefeff, sa_flags=0x00000042
SIGQUIT: [libjvm.dylib+0x3b0e27], sa_mask[0]=0xfffefeff, sa_flags=0x00000042


---------------  S Y S T E M  ---------------

OS:Bsduname:Darwin 14.3.0 Darwin Kernel Version 14.3.0: Mon Mar 23 11:59:05 PDT 2015; root:xnu-2782.20.48~5/RELEASE_X86_64 x86_64
rlimit: STACK 8192k, CORE 0k, NPROC 709, NOFILE 10240, AS infinity
load average:1.92 6.90 8.21

CPU:total 4 (2 cores per cpu, 2 threads per core) family 6 model 58 stepping 9, cmov, cx8, fxsr, mmx, sse, sse2, sse3, ssse3, sse4.1, sse4.2, popcnt, avx, ht, tsc, tscinvbit, tscinv

Memory: 4k page, physical 967864k(241966k free)

/proc/meminfo:


vm_info: Java HotSpot(TM) 64-Bit Server VM (23.7-b01) for bsd-amd64 JRE (1.7.0_17-b02), built on Mar  1 2013 06:41:23 by "java_re" with gcc 4.2.1 (Based on Apple Inc. build 5658) (LLVM build 2336.11.00)

time: Mon Jun  1 18:01:45 2015
elapsed time: 3 seconds

