#
# A fatal error has been detected by the Java Runtime Environment:
#
#  SIGSEGV (0xb) at pc=0x00007fff87cdd0dd, pid=1024, tid=1299
#
# JRE version: 7.0_17-b02
# Java VM: Java HotSpot(TM) 64-Bit Server VM (23.7-b01 mixed mode bsd-amd64 compressed oops)
# Problematic frame:
# C  [libobjc.A.dylib+0x10dd]  objc_msgSend+0x1d
#
# Failed to write core dump. Core dumps have been disabled. To enable core dumping, try "ulimit -c unlimited" before starting Java again
#
# If you would like to submit a bug report, please visit:
#   http://bugreport.sun.com/bugreport/crash.jsp
# The crash happened outside the Java Virtual Machine in native code.
# See problematic frame for where to report the bug.
#

---------------  T H R E A D  ---------------

Current thread (0x00007f7fa5818800):  JavaThread "AppKit Thread" daemon [_thread_in_native, id=1299, stack(0x00007fff5e39f000,0x00007fff5e41f000)]

siginfo:si_signo=SIGSEGV: si_errno=0, si_code=1 (SEGV_MAPERR), si_addr=0x000007f7fa3c9a30

Registers:
RAX=0x00007f7fa3cb2fe0, RBX=0x00007fff5e41a9f8, RCX=0x0000000000000000, RDX=0x00007f7fa3cd58d0
RSP=0x00007fff5e41a818, RBP=0x00007fff5e41a820, RSI=0x00007fff899f1423, RDI=0x00007f7fa3cb2fe0
R8 =0x00007fff5e41a800, R9 =0x0000000000000055, R10=0x00007fff899f1423, R11=0x000007f7fa3c9a18
R12=0x00007f7fa3d54860, R13=0x00000000000f42f3, R14=0x00007f7fa3e83b00, R15=0x00007fff5e41a958
RIP=0x00007fff87cdd0dd, EFLAGS=0x0000000000010206, ERR=0x0000000000000004
  TRAPNO=0x000000000000000e

Top of Stack: (sp=0x00007fff5e41a818)
0x00007fff5e41a818:   00007fff8478f45c 00007fff5e41ab80
0x00007fff5e41a828:   00007fff8467f634 00007fff5e41a8ac
0x00007fff5e41a838:   00007fff5e41a8b0 00007fff5e41a8b4
0x00007fff5e41a848:   00007fff73cb4e00 ffffffffffffffff
0x00007fff5e41a858:   00000000000007f8 00007fff73cb4e18
0x00007fff5e41a868:   00007f7fa3e83b00 0000000000000000
0x00007fff5e41a878:   00007fff5e41a950 0000000000000000
0x00007fff5e41a888:   00007f7fa3e83160 00007fff5e41a9d0
0x00007fff5e41a898:   0000000000000055 00000000000f42f5
0x00007fff5e41a8a8:   00007f7fa3cd58d0 00007f7fa3e82c00
0x00007fff5e41a8b8:   00007f7fa3d54860 0000000000000001
0x00007fff5e41a8c8:   00000000000f42f3 00007f7fa3d54850
0x00007fff5e41a8d8:   00007fff886d6c05 00000001a3e3e850
0x00007fff5e41a8e8:   00007fff7552e0d0 0000000042000000
0x00007fff5e41a8f8:   00007fff886dde63 00007fff73c7f240
0x00007fff5e41a908:   00007fff5e41a9d8 00007fff5e41a930
0x00007fff5e41a918:   00007fff5e41a950 0000000000000000
0x00007fff5e41a928:   0000000000000013 00023f0300000001
0x00007fff5e41a938:   00007f7fa3d54884 0000000000000000
0x00007fff5e41a948:   0000000000000000 00007f7fa3e831e0
0x00007fff5e41a958:   00007f7fa3e83b00 0000002000000000
0x00007fff5e41a968:   0000000000000000 00007fff7552e0d0
0x00007fff5e41a978:   0000000042000000 00007fff886dd4f8
0x00007fff5e41a988:   00007fff73c7f350 00007fff5e41a8e8
0x00007fff5e41a998:   0000000000000000 00007fff5e41aa68
0x00007fff5e41a9a8:   00007fff73da9ea0 00007fff5e41aaa0
0x00007fff5e41a9b8:   00007fff8bf6aedc 00007fff5e41aa50
0x00007fff5e41a9c8:   00007fff891255fd 0000000000000051
0x00007fff5e41a9d8:   0000000000000000 00000000000f42e2
0x00007fff5e41a9e8:   0000000000000053 0000000000000000
0x00007fff5e41a9f8:   00000000000f42f3 00007fff5e41aa74
0x00007fff5e41aa08:   00000000003eb901 00000000ffffffff 

Instructions: (pc=0x00007fff87cdd0dd)
0x00007fff87cdd0bd:   00 00 00 48 85 ff 2e 74 7a 40 f6 c7 01 2e 75 7e
0x00007fff87cdd0cd:   49 bb f8 ff ff ff ff 7f 00 00 4c 23 1f 49 89 f2
0x00007fff87cdd0dd:   45 23 53 18 49 c1 e2 04 4d 03 53 10 49 3b 32 75
0x00007fff87cdd0ed:   04 41 ff 62 08 49 83 3a 00 74 6a 4d 3b 53 10 74 

Register to memory mapping:

RAX=0x00007f7fa3cb2fe0 is an unknown value
RBX=0x00007fff5e41a9f8 is pointing into the stack for thread: 0x00007f7fa5818800
RCX=0x0000000000000000 is an unknown value
RDX=0x00007f7fa3cd58d0 is an unknown value
RSP=0x00007fff5e41a818 is pointing into the stack for thread: 0x00007f7fa5818800
RBP=0x00007fff5e41a820 is pointing into the stack for thread: 0x00007f7fa5818800
RSI=0x00007fff899f1423: -[NSTitlebarContainerView transparent]+0x5e307 in /System/Library/Frameworks/AppKit.framework/Versions/C/AppKit at 0x00007fff88ff0000
RDI=0x00007f7fa3cb2fe0 is an unknown value
R8 =0x00007fff5e41a800 is pointing into the stack for thread: 0x00007f7fa5818800
R9 =0x0000000000000055 is an unknown value
R10=0x00007fff899f1423: -[NSTitlebarContainerView transparent]+0x5e307 in /System/Library/Frameworks/AppKit.framework/Versions/C/AppKit at 0x00007fff88ff0000
R11=0x000007f7fa3c9a18 is an unknown value
R12=0x00007f7fa3d54860 is an unknown value
R13=0x00000000000f42f3 is an unknown value
R14=0x00007f7fa3e83b00 is an unknown value
R15=0x00007fff5e41a958 is pointing into the stack for thread: 0x00007f7fa5818800


Stack: [0x00007fff5e39f000,0x00007fff5e41f000],  sp=0x00007fff5e41a818,  free space=494k
Native frames: (J=compiled Java code, j=interpreted, Vv=VM code, C=native code)
C  [libobjc.A.dylib+0x10dd]  objc_msgSend+0x1d
C  [CoreFoundation+0x10634]  _CFXNotificationPost+0xc44
C  [Foundation+0x79d1]  -[NSNotificationCenter postNotificationName:object:userInfo:]+0x42
C  [AppKit+0x43ac2]  -[NSSurface _disposeSurface]+0x98
C  [AppKit+0x43526]  -[NSSurface setWindow:]+0x42
C  [AppKit+0x33a10]  -[NSView _setWindow:]+0xa33
C  [AppKit+0x6b091]  -[NSView removeFromSuperview]+0x1c5
C  [AppKit+0x14bea9]  -[NSView removeFromSuperviewWithoutNeedingDisplay]+0x26
C  [liblwjgl.dylib+0xa205]  +[MacOSXKeyableWindow destroyWindow]+0xb5
C  [Foundation+0x92d00]  __NSThreadPerformPerform+0x125
C  [CoreFoundation+0x80a01]  __CFRUNLOOP_IS_CALLING_OUT_TO_A_SOURCE0_PERFORM_FUNCTION__+0x11
C  [CoreFoundation+0x72b8d]  __CFRunLoopDoSources0+0x10d
C  [CoreFoundation+0x721bf]  __CFRunLoopRun+0x39f
C  [CoreFoundation+0x71bd8]  CFRunLoopRunSpecific+0x128
C  [HIToolbox+0x3256f]  RunCurrentEventLoopInMode+0xeb
C  [HIToolbox+0x322ea]  ReceiveNextEventCommon+0x1af
C  [HIToolbox+0x3212b]  _BlockUntilNextEventMatchingListInModeWithFilter+0x47
C  [AppKit+0x919bb]  _DPSNextEvent+0x3d2
C  [AppKit+0x90f68]  -[NSApplication nextEventMatchingMask:untilDate:inMode:dequeue:]+0x15a
C  [libosxapp.dylib+0x1b56]  -[NSApplicationAWT nextEventMatchingMask:untilDate:inMode:dequeue:]+0x7c
C  [AppKit+0x86bf3]  -[NSApplication run]+0x252
C  [libosxapp.dylib+0x19b9]  +[NSApplicationAWT runAWTLoopWithApp:]+0x9c
C  [liblwawt.dylib+0xd81a]  -[AWTStarter starter:]+0x637
C  [Foundation+0x92d00]  __NSThreadPerformPerform+0x125
C  [CoreFoundation+0x80a01]  __CFRUNLOOP_IS_CALLING_OUT_TO_A_SOURCE0_PERFORM_FUNCTION__+0x11
C  [CoreFoundation+0x72b8d]  __CFRunLoopDoSources0+0x10d
C  [CoreFoundation+0x721bf]  __CFRunLoopRun+0x39f
C  [CoreFoundation+0x71bd8]  CFRunLoopRunSpecific+0x128
C  [java+0x742d]  CreateExecutionEnvironment+0x367
C  [java+0x1bdc]  JLI_Launch+0x7a0
C  [java+0x778a]  main+0x65
C  [java+0x1434]  start+0x34


---------------  P R O C E S S  ---------------

Java Threads: ( => current thread )
  0x00007f7fa5883800 JavaThread "AWT-Shutdown" [_thread_blocked, id=32327, stack(0x000000010db5f000,0x000000010dc5f000)]
=>0x00007f7fa5818800 JavaThread "AppKit Thread" daemon [_thread_in_native, id=1299, stack(0x00007fff5e39f000,0x00007fff5e41f000)]
  0x00007f7fa4866000 JavaThread "Service Thread" daemon [_thread_blocked, id=13827, stack(0x00000001080a2000,0x00000001081a2000)]
  0x00007f7fa5017800 JavaThread "C2 CompilerThread1" daemon [_thread_blocked, id=13571, stack(0x0000000107f9f000,0x000000010809f000)]
  0x00007f7fa500f000 JavaThread "C2 CompilerThread0" daemon [_thread_blocked, id=13319, stack(0x0000000107e9c000,0x0000000107f9c000)]
  0x00007f7fa4006000 JavaThread "Signal Dispatcher" daemon [_thread_blocked, id=10263, stack(0x0000000107d99000,0x0000000107e99000)]
  0x00007f7fa5009000 JavaThread "Finalizer" daemon [_thread_blocked, id=8707, stack(0x0000000106389000,0x0000000106489000)]
  0x00007f7fa4858000 JavaThread "Reference Handler" daemon [_thread_blocked, id=8451, stack(0x0000000106286000,0x0000000106386000)]
  0x00007f7fa480a000 JavaThread "main" [_thread_in_native, id=4355, stack(0x0000000102c01000,0x0000000102d01000)]

Other Threads:
  0x00007f7fa4855800 VMThread [stack: 0x0000000106183000,0x0000000106283000] [id=8195]
  0x00007f7fa5000800 WatcherThread [stack: 0x00000001081a5000,0x00000001082a5000] [id=14083]

VM state:not at safepoint (normal execution)

VM Mutex/Monitor currently owned by a thread: None

Heap
 def new generation   total 5376K, used 4657K [0x00000007e9600000, 0x00000007e9bd0000, 0x00000007ef350000)
  eden space 4800K,  89% used [0x00000007e9600000, 0x00000007e9a2cd10, 0x00000007e9ab0000)
  from space 576K,  66% used [0x00000007e9b40000, 0x00000007e9b9f9a0, 0x00000007e9bd0000)
  to   space 576K,   0% used [0x00000007e9ab0000, 0x00000007e9ab0000, 0x00000007e9b40000)
 tenured generation   total 11904K, used 2201K [0x00000007ef350000, 0x00000007efef0000, 0x00000007fae00000)
   the space 11904K,  18% used [0x00000007ef350000, 0x00000007ef576440, 0x00000007ef576600, 0x00000007efef0000)
 compacting perm gen  total 21248K, used 6068K [0x00000007fae00000, 0x00000007fc2c0000, 0x0000000800000000)
   the space 21248K,  28% used [0x00000007fae00000, 0x00000007fb3ed3b8, 0x00000007fb3ed400, 0x00000007fc2c0000)
No shared spaces configured.

Card table byte_map: [0x0000000105dc3000,0x0000000105e79000] byte_map_base: 0x0000000101e78000

Polling page: 0x00000001023d7000

Code Cache  [0x0000000102d03000, 0x0000000102f73000, 0x0000000105d03000)
 total_blobs=473 nmethods=157 adapters=268 free_code_cache=48211Kb largest_free_block=49277376

Compilation events (10 events):
Event: 26.263 Thread 0x00007f7fa500f000  143             java.util.ArrayList::get (11 bytes)
Event: 26.264 Thread 0x00007f7fa500f000 nmethod 143 0x0000000102dacc90 code [0x0000000102dacde0, 0x0000000102dace98]
Event: 26.683 Thread 0x00007f7fa5017800  145             org.lwjgl.MemoryUtil::getAddress0 (10 bytes)
Event: 26.683 Thread 0x00007f7fa5017800 nmethod 145 0x0000000102db0f50 code [0x0000000102db1080, 0x0000000102db10f8]
Event: 1738.994 Thread 0x00007f7fa500f000  146             sun.misc.VM::addFinalRefCount (24 bytes)
Event: 1738.994 Thread 0x00007f7fa500f000 nmethod 146 0x0000000102dac710 code [0x0000000102dac840, 0x0000000102dac8b8]
Event: 1738.995 Thread 0x00007f7fa5017800  147             java.lang.ThreadLocal::getMap (5 bytes)
Event: 1738.995 Thread 0x00007f7fa500f000  148             java.lang.ThreadLocal::access$400 (5 bytes)
Event: 1738.995 Thread 0x00007f7fa500f000 nmethod 148 0x0000000102db0d50 code [0x0000000102db0e80, 0x0000000102db0ed8]
Event: 1738.995 Thread 0x00007f7fa5017800 nmethod 147 0x0000000102db0b10 code [0x0000000102db0c40, 0x0000000102db0cb8]

GC Heap History (10 events):
Event: 16.076 GC heap before
{Heap before GC invocations=6 (full 0):
 def new generation   total 5376K, used 5180K [0x00000007e9600000, 0x00000007e9bd0000, 0x00000007ef350000)
  eden space 4800K, 100% used [0x00000007e9600000, 0x00000007e9ab0000, 0x00000007e9ab0000)
  from space 576K,  66% used [0x00000007e9ab0000, 0x00000007e9b0f1a0, 0x00000007e9b40000)
  to   space 576K,   0% used [0x00000007e9b40000, 0x00000007e9b40000, 0x00000007e9bd0000)
 tenured generation   total 11904K, used 1678K [0x00000007ef350000, 0x00000007efef0000, 0x00000007fae00000)
   the space 11904K,  14% used [0x00000007ef350000, 0x00000007ef4f3be8, 0x00000007ef4f3c00, 0x00000007efef0000)
 compacting perm gen  total 21248K, used 6047K [0x00000007fae00000, 0x00000007fc2c0000, 0x0000000800000000)
   the space 21248K,  28% used [0x00000007fae00000, 0x00000007fb3e7d58, 0x00000007fb3e7e00, 0x00000007fc2c0000)
No shared spaces configured.
Event: 16.077 GC heap after
Heap after GC invocations=7 (full 0):
 def new generation   total 5376K, used 389K [0x00000007e9600000, 0x00000007e9bd0000, 0x00000007ef350000)
  eden space 4800K,   0% used [0x00000007e9600000, 0x00000007e9600000, 0x00000007e9ab0000)
  from space 576K,  67% used [0x00000007e9b40000, 0x00000007e9ba1660, 0x00000007e9bd0000)
  to   space 576K,   0% used [0x00000007e9ab0000, 0x00000007e9ab0000, 0x00000007e9b40000)
 tenured generation   total 11904K, used 1781K [0x00000007ef350000, 0x00000007efef0000, 0x00000007fae00000)
   the space 11904K,  14% used [0x00000007ef350000, 0x00000007ef50d420, 0x00000007ef50d600, 0x00000007efef0000)
 compacting perm gen  total 21248K, used 6047K [0x00000007fae00000, 0x00000007fc2c0000, 0x0000000800000000)
   the space 21248K,  28% used [0x00000007fae00000, 0x00000007fb3e7d58, 0x00000007fb3e7e00, 0x00000007fc2c0000)
No shared spaces configured.
}
Event: 18.816 GC heap before
{Heap before GC invocations=7 (full 0):
 def new generation   total 5376K, used 5188K [0x00000007e9600000, 0x00000007e9bd0000, 0x00000007ef350000)
  eden space 4800K,  99% used [0x00000007e9600000, 0x00000007e9aafaa0, 0x00000007e9ab0000)
  from space 576K,  67% used [0x00000007e9b40000, 0x00000007e9ba1660, 0x00000007e9bd0000)
  to   space 576K,   0% used [0x00000007e9ab0000, 0x00000007e9ab0000, 0x00000007e9b40000)
 tenured generation   total 11904K, used 1781K [0x00000007ef350000, 0x00000007efef0000, 0x00000007fae00000)
   the space 11904K,  14% used [0x00000007ef350000, 0x00000007ef50d420, 0x00000007ef50d600, 0x00000007efef0000)
 compacting perm gen  total 21248K, used 6056K [0x00000007fae00000, 0x00000007fc2c0000, 0x0000000800000000)
   the space 21248K,  28% used [0x00000007fae00000, 0x00000007fb3ea210, 0x00000007fb3ea400, 0x00000007fc2c0000)
No shared spaces configured.
Event: 18.817 GC heap after
Heap after GC invocations=8 (full 0):
 def new generation   total 5376K, used 271K [0x00000007e9600000, 0x00000007e9bd0000, 0x00000007ef350000)
  eden space 4800K,   0% used [0x00000007e9600000, 0x00000007e9600000, 0x00000007e9ab0000)
  from space 576K,  47% used [0x00000007e9ab0000, 0x00000007e9af3ed0, 0x00000007e9b40000)
  to   space 576K,   0% used [0x00000007e9b40000, 0x00000007e9b40000, 0x00000007e9bd0000)
 tenured generation   total 11904K, used 1999K [0x00000007ef350000, 0x00000007efef0000, 0x00000007fae00000)
   the space 11904K,  16% used [0x00000007ef350000, 0x00000007ef543c88, 0x00000007ef543e00, 0x00000007efef0000)
 compacting perm gen  total 21248K, used 6056K [0x00000007fae00000, 0x00000007fc2c0000, 0x0000000800000000)
   the space 21248K,  28% used [0x00000007fae00000, 0x00000007fb3ea210, 0x00000007fb3ea400, 0x00000007fc2c0000)
No shared spaces configured.
}
Event: 21.555 GC heap before
{Heap before GC invocations=8 (full 0):
 def new generation   total 5376K, used 5071K [0x00000007e9600000, 0x00000007e9bd0000, 0x00000007ef350000)
  eden space 4800K, 100% used [0x00000007e9600000, 0x00000007e9ab0000, 0x00000007e9ab0000)
  from space 576K,  47% used [0x00000007e9ab0000, 0x00000007e9af3ed0, 0x00000007e9b40000)
  to   space 576K,   0% used [0x00000007e9b40000, 0x00000007e9b40000, 0x00000007e9bd0000)
 tenured generation   total 11904K, used 1999K [0x00000007ef350000, 0x00000007efef0000, 0x00000007fae00000)
   the space 11904K,  16% used [0x00000007ef350000, 0x00000007ef543c88, 0x00000007ef543e00, 0x00000007efef0000)
 compacting perm gen  total 21248K, used 6062K [0x00000007fae00000, 0x00000007fc2c0000, 0x0000000800000000)
   the space 21248K,  28% used [0x00000007fae00000, 0x00000007fb3ebb08, 0x00000007fb3ebc00, 0x00000007fc2c0000)
No shared spaces configured.
Event: 21.556 GC heap after
Heap after GC invocations=9 (full 0):
 def new generation   total 5376K, used 372K [0x00000007e9600000, 0x00000007e9bd0000, 0x00000007ef350000)
  eden space 4800K,   0% used [0x00000007e9600000, 0x00000007e9600000, 0x00000007e9ab0000)
  from space 576K,  64% used [0x00000007e9b40000, 0x00000007e9b9d290, 0x00000007e9bd0000)
  to   space 576K,   0% used [0x00000007e9ab0000, 0x00000007e9ab0000, 0x00000007e9b40000)
 tenured generation   total 11904K, used 1999K [0x00000007ef350000, 0x00000007efef0000, 0x00000007fae00000)
   the space 11904K,  16% used [0x00000007ef350000, 0x00000007ef543c88, 0x00000007ef543e00, 0x00000007efef0000)
 compacting perm gen  total 21248K, used 6062K [0x00000007fae00000, 0x00000007fc2c0000, 0x0000000800000000)
   the space 21248K,  28% used [0x00000007fae00000, 0x00000007fb3ebb08, 0x00000007fb3ebc00, 0x00000007fc2c0000)
No shared spaces configured.
}
Event: 24.512 GC heap before
{Heap before GC invocations=9 (full 0):
 def new generation   total 5376K, used 5172K [0x00000007e9600000, 0x00000007e9bd0000, 0x00000007ef350000)
  eden space 4800K, 100% used [0x00000007e9600000, 0x00000007e9ab0000, 0x00000007e9ab0000)
  from space 576K,  64% used [0x00000007e9b40000, 0x00000007e9b9d290, 0x00000007e9bd0000)
  to   space 576K,   0% used [0x00000007e9ab0000, 0x00000007e9ab0000, 0x00000007e9b40000)
 tenured generation   total 11904K, used 1999K [0x00000007ef350000, 0x00000007efef0000, 0x00000007fae00000)
   the space 11904K,  16% used [0x00000007ef350000, 0x00000007ef543c88, 0x00000007ef543e00, 0x00000007efef0000)
 compacting perm gen  total 21248K, used 6062K [0x00000007fae00000, 0x00000007fc2c0000, 0x0000000800000000)
   the space 21248K,  28% used [0x00000007fae00000, 0x00000007fb3ebbc0, 0x00000007fb3ebc00, 0x00000007fc2c0000)
No shared spaces configured.
Event: 24.514 GC heap after
Heap after GC invocations=10 (full 0):
 def new generation   total 5376K, used 384K [0x00000007e9600000, 0x00000007e9bd0000, 0x00000007ef350000)
  eden space 4800K,   0% used [0x00000007e9600000, 0x00000007e9600000, 0x00000007e9ab0000)
  from space 576K,  66% used [0x00000007e9ab0000, 0x00000007e9b100d0, 0x00000007e9b40000)
  to   space 576K,   0% used [0x00000007e9b40000, 0x00000007e9b40000, 0x00000007e9bd0000)
 tenured generation   total 11904K, used 2100K [0x00000007ef350000, 0x00000007efef0000, 0x00000007fae00000)
   the space 11904K,  17% used [0x00000007ef350000, 0x00000007ef55d018, 0x00000007ef55d200, 0x00000007efef0000)
 compacting perm gen  total 21248K, used 6062K [0x00000007fae00000, 0x00000007fc2c0000, 0x0000000800000000)
   the space 21248K,  28% used [0x00000007fae00000, 0x00000007fb3ebbc0, 0x00000007fb3ebc00, 0x00000007fc2c0000)
No shared spaces configured.
}
Event: 1738.990 GC heap before
{Heap before GC invocations=10 (full 0):
 def new generation   total 5376K, used 5184K [0x00000007e9600000, 0x00000007e9bd0000, 0x00000007ef350000)
  eden space 4800K, 100% used [0x00000007e9600000, 0x00000007e9ab0000, 0x00000007e9ab0000)
  from space 576K,  66% used [0x00000007e9ab0000, 0x00000007e9b100d0, 0x00000007e9b40000)
  to   space 576K,   0% used [0x00000007e9b40000, 0x00000007e9b40000, 0x00000007e9bd0000)
 tenured generation   total 11904K, used 2100K [0x00000007ef350000, 0x00000007efef0000, 0x00000007fae00000)
   the space 11904K,  17% used [0x00000007ef350000, 0x00000007ef55d018, 0x00000007ef55d200, 0x00000007efef0000)
 compacting perm gen  total 21248K, used 6063K [0x00000007fae00000, 0x00000007fc2c0000, 0x0000000800000000)
   the space 21248K,  28% used [0x00000007fae00000, 0x00000007fb3ebcb8, 0x00000007fb3ebe00, 0x00000007fc2c0000)
No shared spaces configured.
Event: 1738.992 GC heap after
Heap after GC invocations=11 (full 0):
 def new generation   total 5376K, used 382K [0x00000007e9600000, 0x00000007e9bd0000, 0x00000007ef350000)
  eden space 4800K,   0% used [0x00000007e9600000, 0x00000007e9600000, 0x00000007e9ab0000)
  from space 576K,  66% used [0x00000007e9b40000, 0x00000007e9b9f9a0, 0x00000007e9bd0000)
  to   space 576K,   0% used [0x00000007e9ab0000, 0x00000007e9ab0000, 0x00000007e9b40000)
 tenured generation   total 11904K, used 2201K [0x00000007ef350000, 0x00000007efef0000, 0x00000007fae00000)
   the space 11904K,  18% used [0x00000007ef350000, 0x00000007ef576440, 0x00000007ef576600, 0x00000007efef0000)
 compacting perm gen  total 21248K, used 6063K [0x00000007fae00000, 0x00000007fc2c0000, 0x0000000800000000)
   the space 21248K,  28% used [0x00000007fae00000, 0x00000007fb3ebcb8, 0x00000007fb3ebe00, 0x00000007fc2c0000)
No shared spaces configured.
}

Deoptimization events (8 events):
Event: 2.875 Thread 0x00007f7fa480a000 Uncommon trap -83 fr.pc 0x0000000102d8f0b8
Event: 2.886 Thread 0x00007f7fa480a000 Uncommon trap -83 fr.pc 0x0000000102d97e6c
Event: 5.865 Thread 0x00007f7fa480a000 Uncommon trap -83 fr.pc 0x0000000102db4560
Event: 9.125 Thread 0x00007f7fa480a000 Uncommon trap -83 fr.pc 0x0000000102dc031c
Event: 9.145 Thread 0x00007f7fa480a000 Uncommon trap -83 fr.pc 0x0000000102dce0e0
Event: 10.215 Thread 0x00007f7fa480a000 Uncommon trap -83 fr.pc 0x0000000102ddd3cc
Event: 11.246 Thread 0x00007f7fa480a000 Uncommon trap 318 fr.pc 0x0000000102de43dc
Event: 13.286 Thread 0x00007f7fa480a000 Uncommon trap 318 fr.pc 0x0000000102ded2c8

Internal exceptions (10 events):
Event: 0.568 Thread 0x00007f7fa480a000 Threw 0x00000007e96234e8 at /HUDSON/workspace/jdk7u17-2-build-macosx-amd64-product/jdk7u17/hotspot/src/share/vm/prims/jvm.cpp:1166
Event: 0.571 Thread 0x00007f7fa480a000 Threw 0x00000007e9629050 at /HUDSON/workspace/jdk7u17-2-build-macosx-amd64-product/jdk7u17/hotspot/src/share/vm/prims/jvm.cpp:1166
Event: 0.595 Thread 0x00007f7fa480a000 Threw 0x00000007e9729ce0 at /HUDSON/workspace/jdk7u17-2-build-macosx-amd64-product/jdk7u17/hotspot/src/share/vm/prims/jvm.cpp:1166
Event: 0.595 Thread 0x00007f7fa480a000 Threw 0x00000007e972ca00 at /HUDSON/workspace/jdk7u17-2-build-macosx-amd64-product/jdk7u17/hotspot/src/share/vm/prims/jvm.cpp:1166
Event: 0.597 Thread 0x00007f7fa480a000 Threw 0x00000007e9734038 at /HUDSON/workspace/jdk7u17-2-build-macosx-amd64-product/jdk7u17/hotspot/src/share/vm/prims/jvm.cpp:1166
Event: 0.597 Thread 0x00007f7fa480a000 Threw 0x00000007e9736b40 at /HUDSON/workspace/jdk7u17-2-build-macosx-amd64-product/jdk7u17/hotspot/src/share/vm/prims/jvm.cpp:1166
Event: 0.597 Thread 0x00007f7fa480a000 Threw 0x00000007e973a6a0 at /HUDSON/workspace/jdk7u17-2-build-macosx-amd64-product/jdk7u17/hotspot/src/share/vm/prims/jvm.cpp:1166
Event: 0.610 Thread 0x00007f7fa480a000 Threw 0x00000007e9745ca0 at /HUDSON/workspace/jdk7u17-2-build-macosx-amd64-product/jdk7u17/hotspot/src/share/vm/prims/jvm.cpp:1166
Event: 0.611 Thread 0x00007f7fa480a000 Threw 0x00000007e974a718 at /HUDSON/workspace/jdk7u17-2-build-macosx-amd64-product/jdk7u17/hotspot/src/share/vm/prims/jvm.cpp:1166
Event: 1741.480 Thread 0x00007f7fa480a000 Threw 0x00000007e9a1cb08 at /HUDSON/workspace/jdk7u17-2-build-macosx-amd64-product/jdk7u17/hotspot/src/share/vm/prims/jvm.cpp:1166

Events (10 events):
Event: 24.911 Thread 0x00007f7fa5833000 Thread exited: 0x00007f7fa5833000
Event: 30.245 Thread 0x00007f7fa8ada000 Thread added: 0x00007f7fa8ada000
Event: 31.396 Executing VM operation: RevokeBias
Event: 31.396 Executing VM operation: RevokeBias done
Event: 31.396 Thread 0x00007f7fa8ada000 Thread exited: 0x00007f7fa8ada000
Event: 1738.531 Thread 0x00007f7fa5883800 Thread added: 0x00007f7fa5883800
Event: 1738.990 Executing VM operation: GenCollectForAllocation
Event: 1738.992 Executing VM operation: GenCollectForAllocation done
Event: 1741.480 loading class 0x00007f7fa3d824c0
Event: 1741.480 loading class 0x00007f7fa3d824c0 done


Dynamic libraries:
0x000000000301f000 	/System/Library/Frameworks/Cocoa.framework/Versions/A/Cocoa
0x000000000301f000 	/System/Library/Frameworks/Security.framework/Versions/A/Security
0x000000000301f000 	/System/Library/Frameworks/ApplicationServices.framework/Versions/A/ApplicationServices
0x000000000301f000 	/usr/lib/libz.1.dylib
0x000000000301f000 	/usr/lib/libSystem.B.dylib
0x000000000301f000 	/usr/lib/libobjc.A.dylib
0x000000000301f000 	/System/Library/Frameworks/CoreFoundation.framework/Versions/A/CoreFoundation
0x000000000301f000 	/System/Library/Frameworks/AppKit.framework/Versions/C/AppKit
0x000000000301f000 	/System/Library/Frameworks/CoreData.framework/Versions/A/CoreData
0x000000000301f000 	/System/Library/Frameworks/Foundation.framework/Versions/C/Foundation
0x000000000301f000 	/System/Library/PrivateFrameworks/RemoteViewServices.framework/Versions/A/RemoteViewServices
0x000000000301f000 	/System/Library/PrivateFrameworks/UIFoundation.framework/Versions/A/UIFoundation
0x000000000301f000 	/System/Library/Frameworks/IOSurface.framework/Versions/A/IOSurface
0x000000000301f000 	/System/Library/Frameworks/AudioToolbox.framework/Versions/A/AudioToolbox
0x000000000301f000 	/System/Library/Frameworks/AudioUnit.framework/Versions/A/AudioUnit
0x000000000301f000 	/System/Library/PrivateFrameworks/DataDetectorsCore.framework/Versions/A/DataDetectorsCore
0x000000000301f000 	/System/Library/PrivateFrameworks/DesktopServicesPriv.framework/Versions/A/DesktopServicesPriv
0x000000000301f000 	/System/Library/Frameworks/Carbon.framework/Versions/A/Frameworks/HIToolbox.framework/Versions/A/HIToolbox
0x000000000301f000 	/System/Library/Frameworks/QuartzCore.framework/Versions/A/QuartzCore
0x000000000301f000 	/System/Library/Frameworks/Carbon.framework/Versions/A/Frameworks/SpeechRecognition.framework/Versions/A/SpeechRecognition
0x000000000301f000 	/usr/lib/libauto.dylib
0x000000000301f000 	/usr/lib/libicucore.A.dylib
0x000000000301f000 	/usr/lib/libxml2.2.dylib
0x000000000301f000 	/System/Library/PrivateFrameworks/CoreUI.framework/Versions/A/CoreUI
0x000000000301f000 	/System/Library/Frameworks/CoreAudio.framework/Versions/A/CoreAudio
0x000000000301f000 	/System/Library/Frameworks/DiskArbitration.framework/Versions/A/DiskArbitration
0x000000000301f000 	/usr/lib/liblangid.dylib
0x000000000301f000 	/System/Library/PrivateFrameworks/MultitouchSupport.framework/Versions/A/MultitouchSupport
0x000000000301f000 	/System/Library/Frameworks/IOKit.framework/Versions/A/IOKit
0x000000000301f000 	/usr/lib/libDiagnosticMessagesClient.dylib
0x000000000301f000 	/System/Library/Frameworks/CoreServices.framework/Versions/A/CoreServices
0x000000000301f000 	/System/Library/PrivateFrameworks/PerformanceAnalysis.framework/Versions/A/PerformanceAnalysis
0x000000000301f000 	/System/Library/PrivateFrameworks/GenerationalStorage.framework/Versions/A/GenerationalStorage
0x000000000301f000 	/System/Library/Frameworks/OpenGL.framework/Versions/A/OpenGL
0x000000000301f000 	/System/Library/PrivateFrameworks/Sharing.framework/Versions/A/Sharing
0x000000000301f000 	/System/Library/Frameworks/CoreGraphics.framework/Versions/A/CoreGraphics
0x000000000301f000 	/System/Library/Frameworks/CoreText.framework/Versions/A/CoreText
0x000000000301f000 	/System/Library/Frameworks/ImageIO.framework/Versions/A/ImageIO
0x000000000301f000 	/usr/lib/libextension.dylib
0x000000000301f000 	/System/Library/PrivateFrameworks/Backup.framework/Versions/A/Backup
0x000000000301f000 	/usr/lib/libarchive.2.dylib
0x000000000301f000 	/System/Library/Frameworks/CFNetwork.framework/Versions/A/CFNetwork
0x000000000301f000 	/System/Library/Frameworks/SystemConfiguration.framework/Versions/A/SystemConfiguration
0x000000000301f000 	/usr/lib/libCRFSuite.dylib
0x000000000301f000 	/usr/lib/libc++.1.dylib
0x000000000301f000 	/usr/lib/libc++abi.dylib
0x000000000301f000 	/usr/lib/system/libcache.dylib
0x000000000301f000 	/usr/lib/system/libcommonCrypto.dylib
0x000000000301f000 	/usr/lib/system/libcompiler_rt.dylib
0x000000000301f000 	/usr/lib/system/libcopyfile.dylib
0x000000000301f000 	/usr/lib/system/libcorecrypto.dylib
0x000000000301f000 	/usr/lib/system/libdispatch.dylib
0x000000000301f000 	/usr/lib/system/libdyld.dylib
0x000000000301f000 	/usr/lib/system/libkeymgr.dylib
0x000000000301f000 	/usr/lib/system/liblaunch.dylib
0x000000000301f000 	/usr/lib/system/libmacho.dylib
0x000000000301f000 	/usr/lib/system/libquarantine.dylib
0x000000000301f000 	/usr/lib/system/libremovefile.dylib
0x000000000301f000 	/usr/lib/system/libsystem_asl.dylib
0x000000000301f000 	/usr/lib/system/libsystem_blocks.dylib
0x000000000301f000 	/usr/lib/system/libsystem_c.dylib
0x000000000301f000 	/usr/lib/system/libsystem_configuration.dylib
0x000000000301f000 	/usr/lib/system/libsystem_coreservices.dylib
0x000000000301f000 	/usr/lib/system/libsystem_coretls.dylib
0x000000000301f000 	/usr/lib/system/libsystem_dnssd.dylib
0x000000000301f000 	/usr/lib/system/libsystem_info.dylib
0x000000000301f000 	/usr/lib/system/libsystem_kernel.dylib
0x000000000301f000 	/usr/lib/system/libsystem_m.dylib
0x000000000301f000 	/usr/lib/system/libsystem_malloc.dylib
0x000000000301f000 	/usr/lib/system/libsystem_network.dylib
0x000000000301f000 	/usr/lib/system/libsystem_networkextension.dylib
0x000000000301f000 	/usr/lib/system/libsystem_notify.dylib
0x000000000301f000 	/usr/lib/system/libsystem_platform.dylib
0x000000000301f000 	/usr/lib/system/libsystem_pthread.dylib
0x000000000301f000 	/usr/lib/system/libsystem_sandbox.dylib
0x000000000301f000 	/usr/lib/system/libsystem_secinit.dylib
0x000000000301f000 	/usr/lib/system/libsystem_stats.dylib
0x000000000301f000 	/usr/lib/system/libsystem_trace.dylib
0x000000000301f000 	/usr/lib/system/libunc.dylib
0x000000000301f000 	/usr/lib/system/libunwind.dylib
0x000000000301f000 	/usr/lib/system/libxpc.dylib
0x000000000301f000 	/usr/lib/libbz2.1.0.dylib
0x000000000301f000 	/usr/lib/liblzma.5.dylib
0x000000000301f000 	/usr/lib/libbsm.0.dylib
0x000000000301f000 	/usr/lib/libsqlite3.dylib
0x000000000301f000 	/usr/lib/system/libkxld.dylib
0x000000000301f000 	/usr/lib/libxar.1.dylib
0x000000000301f000 	/usr/lib/libpam.2.dylib
0x000000000301f000 	/usr/lib/libOpenScriptingUtil.dylib
0x000000000301f000 	/System/Library/Frameworks/CoreServices.framework/Versions/A/Frameworks/FSEvents.framework/Versions/A/FSEvents
0x000000000301f000 	/System/Library/Frameworks/CoreServices.framework/Versions/A/Frameworks/CarbonCore.framework/Versions/A/CarbonCore
0x000000000301f000 	/System/Library/Frameworks/CoreServices.framework/Versions/A/Frameworks/Metadata.framework/Versions/A/Metadata
0x000000000301f000 	/System/Library/Frameworks/CoreServices.framework/Versions/A/Frameworks/OSServices.framework/Versions/A/OSServices
0x000000000301f000 	/System/Library/Frameworks/CoreServices.framework/Versions/A/Frameworks/SearchKit.framework/Versions/A/SearchKit
0x000000000301f000 	/System/Library/Frameworks/CoreServices.framework/Versions/A/Frameworks/AE.framework/Versions/A/AE
0x000000000301f000 	/System/Library/Frameworks/CoreServices.framework/Versions/A/Frameworks/LaunchServices.framework/Versions/A/LaunchServices
0x000000000301f000 	/System/Library/Frameworks/CoreServices.framework/Versions/A/Frameworks/DictionaryServices.framework/Versions/A/DictionaryServices
0x000000000301f000 	/System/Library/Frameworks/NetFS.framework/Versions/A/NetFS
0x000000000301f000 	/System/Library/PrivateFrameworks/NetAuth.framework/Versions/A/NetAuth
0x000000000301f000 	/System/Library/PrivateFrameworks/login.framework/Versions/A/Frameworks/loginsupport.framework/Versions/A/loginsupport
0x000000000301f000 	/System/Library/PrivateFrameworks/TCC.framework/Versions/A/TCC
0x000000000301f000 	/usr/lib/libmecabra.dylib
0x000000000301f000 	/System/Library/Frameworks/ApplicationServices.framework/Versions/A/Frameworks/ATS.framework/Versions/A/ATS
0x000000000301f000 	/System/Library/Frameworks/ApplicationServices.framework/Versions/A/Frameworks/ColorSync.framework/Versions/A/ColorSync
0x000000000301f000 	/System/Library/Frameworks/ApplicationServices.framework/Versions/A/Frameworks/HIServices.framework/Versions/A/HIServices
0x000000000301f000 	/System/Library/Frameworks/ApplicationServices.framework/Versions/A/Frameworks/LangAnalysis.framework/Versions/A/LangAnalysis
0x000000000301f000 	/System/Library/Frameworks/ApplicationServices.framework/Versions/A/Frameworks/PrintCore.framework/Versions/A/PrintCore
0x000000000301f000 	/System/Library/Frameworks/ApplicationServices.framework/Versions/A/Frameworks/QD.framework/Versions/A/QD
0x000000000301f000 	/System/Library/Frameworks/ApplicationServices.framework/Versions/A/Frameworks/SpeechSynthesis.framework/Versions/A/SpeechSynthesis
0x000000000301f000 	/System/Library/Frameworks/Accelerate.framework/Versions/A/Accelerate
0x000000000301f000 	/System/Library/Frameworks/Accelerate.framework/Versions/A/Frameworks/vImage.framework/Versions/A/vImage
0x000000000301f000 	/System/Library/Frameworks/Accelerate.framework/Versions/A/Frameworks/vecLib.framework/Versions/A/vecLib
0x000000000301f000 	/System/Library/Frameworks/Accelerate.framework/Versions/A/Frameworks/vecLib.framework/Versions/A/libvDSP.dylib
0x000000000301f000 	/System/Library/Frameworks/Accelerate.framework/Versions/A/Frameworks/vecLib.framework/Versions/A/libvMisc.dylib
0x000000000301f000 	/System/Library/Frameworks/Accelerate.framework/Versions/A/Frameworks/vecLib.framework/Versions/A/libLAPACK.dylib
0x000000000301f000 	/System/Library/Frameworks/Accelerate.framework/Versions/A/Frameworks/vecLib.framework/Versions/A/libBLAS.dylib
0x000000000301f000 	/System/Library/Frameworks/Accelerate.framework/Versions/A/Frameworks/vecLib.framework/Versions/A/libLinearAlgebra.dylib
0x000000000301f000 	/System/Library/Frameworks/ApplicationServices.framework/Versions/A/Frameworks/ATS.framework/Versions/A/Resources/libFontParser.dylib
0x000000000301f000 	/System/Library/Frameworks/ApplicationServices.framework/Versions/A/Frameworks/ATS.framework/Versions/A/Resources/libFontRegistry.dylib
0x000000000301f000 	/System/Library/PrivateFrameworks/AppleVPA.framework/Versions/A/AppleVPA
0x000000000301f000 	/System/Library/PrivateFrameworks/AppleJPEG.framework/Versions/A/AppleJPEG
0x000000000301f000 	/System/Library/Frameworks/ImageIO.framework/Versions/A/Resources/libJPEG.dylib
0x000000000301f000 	/System/Library/Frameworks/ImageIO.framework/Versions/A/Resources/libTIFF.dylib
0x000000000301f000 	/System/Library/Frameworks/ImageIO.framework/Versions/A/Resources/libPng.dylib
0x000000000301f000 	/System/Library/Frameworks/ImageIO.framework/Versions/A/Resources/libGIF.dylib
0x000000000301f000 	/System/Library/Frameworks/ImageIO.framework/Versions/A/Resources/libJP2.dylib
0x000000000301f000 	/System/Library/Frameworks/ImageIO.framework/Versions/A/Resources/libRadiance.dylib
0x000000000301f000 	/System/Library/Frameworks/CoreVideo.framework/Versions/A/CoreVideo
0x000000000301f000 	/System/Library/Frameworks/OpenGL.framework/Versions/A/Libraries/libGLU.dylib
0x000000000301f000 	/System/Library/Frameworks/OpenGL.framework/Versions/A/Libraries/libGFXShared.dylib
0x000000000301f000 	/System/Library/Frameworks/OpenGL.framework/Versions/A/Libraries/libGL.dylib
0x000000000301f000 	/System/Library/Frameworks/OpenGL.framework/Versions/A/Libraries/libGLImage.dylib
0x000000000301f000 	/System/Library/Frameworks/OpenGL.framework/Versions/A/Libraries/libCVMSPluginSupport.dylib
0x000000000301f000 	/System/Library/Frameworks/OpenGL.framework/Versions/A/Libraries/libCoreVMClient.dylib
0x000000000301f000 	/usr/lib/libcups.2.dylib
0x000000000301f000 	/System/Library/Frameworks/Kerberos.framework/Versions/A/Kerberos
0x000000000301f000 	/System/Library/Frameworks/GSS.framework/Versions/A/GSS
0x000000000301f000 	/usr/lib/libresolv.9.dylib
0x000000000301f000 	/usr/lib/libiconv.2.dylib
0x000000000301f000 	/System/Library/PrivateFrameworks/Heimdal.framework/Versions/A/Heimdal
0x000000000301f000 	/usr/lib/libheimdal-asn1.dylib
0x000000000301f000 	/System/Library/Frameworks/OpenDirectory.framework/Versions/A/OpenDirectory
0x000000000301f000 	/System/Library/PrivateFrameworks/CommonAuth.framework/Versions/A/CommonAuth
0x000000000301f000 	/System/Library/Frameworks/OpenDirectory.framework/Versions/A/Frameworks/CFOpenDirectory.framework/Versions/A/CFOpenDirectory
0x000000000301f000 	/System/Library/Frameworks/SecurityFoundation.framework/Versions/A/SecurityFoundation
0x000000000301f000 	/System/Library/PrivateFrameworks/LanguageModeling.framework/Versions/A/LanguageModeling
0x000000000301f000 	/usr/lib/libcmph.dylib
0x000000000301f000 	/System/Library/Frameworks/ServiceManagement.framework/Versions/A/ServiceManagement
0x000000000301f000 	/usr/lib/libxslt.1.dylib
0x000000000301f000 	/System/Library/Frameworks/Carbon.framework/Versions/A/Frameworks/Ink.framework/Versions/A/Ink
0x000000000301f000 	/System/Library/Frameworks/QuartzCore.framework/Versions/A/Frameworks/CoreImage.framework/Versions/A/CoreImage
0x000000000301f000 	/System/Library/PrivateFrameworks/CrashReporterSupport.framework/Versions/A/CrashReporterSupport
0x000000000301f000 	/System/Library/Frameworks/OpenCL.framework/Versions/A/OpenCL
0x000000000301f000 	/System/Library/PrivateFrameworks/FaceCore.framework/Versions/A/FaceCore
0x000000000301f000 	/System/Library/PrivateFrameworks/Ubiquity.framework/Versions/A/Ubiquity
0x000000000301f000 	/System/Library/PrivateFrameworks/IconServices.framework/Versions/A/IconServices
0x000000000301f000 	/System/Library/PrivateFrameworks/ChunkingLibrary.framework/Versions/A/ChunkingLibrary
0x000000000301f000 	/System/Library/PrivateFrameworks/Apple80211.framework/Versions/A/Apple80211
0x000000000301f000 	/System/Library/Frameworks/CoreWLAN.framework/Versions/A/CoreWLAN
0x000000000301f000 	/System/Library/Frameworks/IOBluetooth.framework/Versions/A/IOBluetooth
0x000000000301f000 	/System/Library/PrivateFrameworks/CoreWiFi.framework/Versions/A/CoreWiFi
0x000000000301f000 	/System/Library/Frameworks/CoreBluetooth.framework/Versions/A/CoreBluetooth
0x000000000301f000 	/System/Library/PrivateFrameworks/DebugSymbols.framework/Versions/A/DebugSymbols
0x000000000301f000 	/System/Library/PrivateFrameworks/CoreSymbolication.framework/Versions/A/CoreSymbolication
0x000000000301f000 	/System/Library/PrivateFrameworks/Symbolication.framework/Versions/A/Symbolication
0x000000000301f000 	/System/Library/PrivateFrameworks/SpeechRecognitionCore.framework/Versions/A/SpeechRecognitionCore
0x00000001018dc000 	/Library/Java/JavaVirtualMachines/jdk1.7.0_17.jdk/Contents/Home/jre/lib/server/libjvm.dylib
0x000000000301f000 	/usr/lib/libstdc++.6.dylib
0x000000010239a000 	/Library/Java/JavaVirtualMachines/jdk1.7.0_17.jdk/Contents/Home/jre/lib/libverify.dylib
0x00000001023a7000 	/Library/Java/JavaVirtualMachines/jdk1.7.0_17.jdk/Contents/Home/jre/lib/libjava.dylib
0x00000001023e1000 	/Library/Java/JavaVirtualMachines/jdk1.7.0_17.jdk/Contents/Home/jre/lib/libzip.dylib
0x000000010648b000 	/System/Library/Frameworks/JavaVM.framework/Frameworks/JavaRuntimeSupport.framework/JavaRuntimeSupport
0x00000001023eb000 	/System/Library/Frameworks/JavaVM.framework/Versions/A/Frameworks/JavaNativeFoundation.framework/Versions/A/JavaNativeFoundation
0x00000001064a3000 	/System/Library/Frameworks/JavaVM.framework/Versions/A/JavaVM
0x000000000301f000 	/System/Library/Frameworks/Carbon.framework/Versions/A/Carbon
0x00000001064b0000 	/System/Library/PrivateFrameworks/JavaLaunching.framework/Versions/A/JavaLaunching
0x000000000301f000 	/System/Library/Frameworks/Carbon.framework/Versions/A/Frameworks/CommonPanels.framework/Versions/A/CommonPanels
0x000000000301f000 	/System/Library/Frameworks/Carbon.framework/Versions/A/Frameworks/Help.framework/Versions/A/Help
0x000000000301f000 	/System/Library/Frameworks/Carbon.framework/Versions/A/Frameworks/ImageCapture.framework/Versions/A/ImageCapture
0x000000000301f000 	/System/Library/Frameworks/Carbon.framework/Versions/A/Frameworks/OpenScripting.framework/Versions/A/OpenScripting
0x000000000301f000 	/System/Library/Frameworks/Carbon.framework/Versions/A/Frameworks/Print.framework/Versions/A/Print
0x000000000301f000 	/System/Library/Frameworks/Carbon.framework/Versions/A/Frameworks/SecurityHI.framework/Versions/A/SecurityHI
0x00000001082f1000 	/Library/Java/JavaVirtualMachines/jdk1.7.0_17.jdk/Contents/Home/jre/lib/libawt.dylib
0x00000001083a0000 	/Library/Java/JavaVirtualMachines/jdk1.7.0_17.jdk/Contents/Home/jre/lib/./libmlib_image.dylib
0x000000010846c000 	/Library/Java/JavaVirtualMachines/jdk1.7.0_17.jdk/Contents/Home/jre/lib/lwawt/liblwawt.dylib
0x000000010851e000 	/Library/Java/JavaVirtualMachines/jdk1.7.0_17.jdk/Contents/Home/jre/lib/libosxapp.dylib
0x000000000301f000 	/System/Library/Frameworks/ExceptionHandling.framework/Versions/A/ExceptionHandling
0x000000000301f000 	/System/Library/PrivateFrameworks/CoreServicesInternal.framework/Versions/A/CoreServicesInternal
0x000000000301f000 	/System/Library/PrivateFrameworks/CloudDocs.framework/Versions/A/CloudDocs
0x000000000301f000 	/System/Library/PrivateFrameworks/CoreDuet.framework/Versions/A/CoreDuet
0x000000000301f000 	/System/Library/Frameworks/CloudKit.framework/Versions/A/CloudKit
0x000000000301f000 	/System/Library/PrivateFrameworks/ProtocolBuffer.framework/Versions/A/ProtocolBuffer
0x000000000301f000 	/System/Library/PrivateFrameworks/CoreDuetDaemonProtocol.framework/Versions/A/CoreDuetDaemonProtocol
0x000000000301f000 	/System/Library/PrivateFrameworks/CoreDuetDebugLogging.framework/Versions/A/CoreDuetDebugLogging
0x000000000301f000 	/System/Library/PrivateFrameworks/MMCS.framework/Versions/A/MMCS
0x000000000301f000 	/System/Library/Frameworks/CoreLocation.framework/Versions/A/CoreLocation
0x000000000301f000 	/System/Library/PrivateFrameworks/ProtectedCloudStorage.framework/Versions/A/ProtectedCloudStorage
0x000000000301f000 	/System/Library/PrivateFrameworks/GeoServices.framework/Versions/A/GeoServices
0x000000000301f000 	/System/Library/Frameworks/CoreGraphics.framework/Versions/A/Resources/libCGCMS.A.dylib
0x000000000301f000 	/System/Library/Frameworks/CoreGraphics.framework/Versions/A/Resources/libRIP.A.dylib
0x000000000301f000 	/System/Library/Frameworks/CoreGraphics.framework/Versions/A/Resources/libCGXType.A.dylib
0x000000000301f000 	/System/Library/Frameworks/OpenCL.framework/Versions/A/Libraries/libcldcpuengine.dylib
0x000000000301f000 	/System/Library/PrivateFrameworks/DiskImages.framework/Versions/A/DiskImages
0x000000000301f000 	/System/Library/Frameworks/DiscRecording.framework/Versions/A/DiscRecording
0x000000000301f000 	/usr/lib/libcsfde.dylib
0x000000000301f000 	/usr/lib/libcurl.4.dylib
0x000000000301f000 	/System/Library/PrivateFrameworks/MediaKit.framework/Versions/A/MediaKit
0x000000000301f000 	/usr/lib/libCoreStorage.dylib
0x000000000301f000 	/System/Library/PrivateFrameworks/EFILogin.framework/Versions/A/EFILogin
0x000000000301f000 	/usr/lib/libutil.dylib
0x000000000301f000 	/System/Library/PrivateFrameworks/FindMyDevice.framework/Versions/A/FindMyDevice
0x000000000301f000 	/System/Library/Frameworks/LDAP.framework/Versions/A/LDAP
0x000000000301f000 	/usr/lib/libsasl2.2.dylib
0x000000000301f000 	/System/Library/PrivateFrameworks/CoreDaemon.framework/Versions/B/CoreDaemon
0x000000000301f000 	/usr/lib/libcrypto.0.9.8.dylib
0x000000000301f000 	/System/Library/PrivateFrameworks/AppleSRP.framework/Versions/A/AppleSRP
0x000000000301f000 	/System/Library/PrivateFrameworks/TrustEvaluationAgent.framework/Versions/A/TrustEvaluationAgent
0x000000010b29f000 	cl_kernels
0x000000010b2a1000 	/System/Library/Frameworks/OpenCL.framework/Versions/A/Libraries/ImageFormats/unorm8_bgra.dylib
0x000000010b290000 	cl_kernels
0x000000000301f000 	/System/Library/PrivateFrameworks/FamilyControls.framework/Versions/A/FamilyControls
0x000000000301f000 	/System/Library/PrivateFrameworks/CommerceKit.framework/Versions/A/Frameworks/CommerceCore.framework/Versions/A/CommerceCore
0x000000000301f000 	/System/Library/PrivateFrameworks/SystemAdministration.framework/Versions/A/SystemAdministration
0x000000000301f000 	/System/Library/PrivateFrameworks/AppContainer.framework/Versions/A/AppContainer
0x000000000301f000 	/System/Library/PrivateFrameworks/SecCodeWrapper.framework/Versions/A/SecCodeWrapper
0x000000000301f000 	/System/Library/Frameworks/DirectoryService.framework/Versions/A/DirectoryService
0x000000000301f000 	/System/Library/PrivateFrameworks/LoginUIKit.framework/Versions/A/Frameworks/LoginUICore.framework/Versions/A/LoginUICore
0x000000000301f000 	/usr/lib/libodfde.dylib
0x000000010c56a000 	/Library/Java/JavaVirtualMachines/jdk1.7.0_17.jdk/Contents/Home/jre/lib/libfontmanager.dylib
0x000000010c5b6000 	/Users/William/Documents/workspace/FRESHSTART/lib/natives/macosx/liblwjgl.dylib
0x000000010a7d6000 	/Library/Java/JavaVirtualMachines/jdk1.7.0_17.jdk/Contents/Home/jre/lib/libjawt.dylib
0x000000000301f000 	/System/Library/Frameworks/OpenGL.framework/Versions/A/Resources/GLEngine.bundle/GLEngine
0x000000000301f000 	/System/Library/Frameworks/OpenGL.framework/Versions/A/Libraries/libGLProgrammability.dylib
0x0000000000000000 	/System/Library/Extensions/AppleIntelHD4000GraphicsGLDriver.bundle/Contents/MacOS/AppleIntelHD4000GraphicsGLDriver
0x000000000301f000 	/System/Library/PrivateFrameworks/IOAccelerator.framework/Versions/A/IOAccelerator
0x000000000301f000 	/System/Library/PrivateFrameworks/GPUSupport.framework/Versions/A/Libraries/libGPUSupportMercury.dylib
0x000000000301f000 	/System/Library/Frameworks/OpenGL.framework/Versions/A/Resources/GLRendererFloat.bundle/GLRendererFloat
0x000000010cd95000 	/Library/Java/JavaVirtualMachines/jdk1.7.0_17.jdk/Contents/Home/jre/lib/libnio.dylib
0x000000010cda4000 	/Library/Java/JavaVirtualMachines/jdk1.7.0_17.jdk/Contents/Home/jre/lib/./libnet.dylib

VM Arguments:
jvm_args: -Djava.library.path=/Users/William/Documents/workspace/FRESHSTART/lib/natives/macosx -Dfile.encoding=US-ASCII 
java_command: Pacman
Launcher Type: SUN_STANDARD

Environment Variables:
PATH=/usr/bin:/bin:/usr/sbin:/sbin
SHELL=/bin/bash
DISPLAY=/private/tmp/com.apple.launchd.vCGkxlYrlm/org.macosforge.xquartz:0

Signal Handlers:
SIGSEGV: [libjvm.dylib+0x4a361d], sa_mask[0]=0xfffefeff, sa_flags=0x00000042
SIGBUS: [libjvm.dylib+0x4a361d], sa_mask[0]=0xfffefeff, sa_flags=0x00000042
SIGFPE: [libjvm.dylib+0x3b302d], sa_mask[0]=0xfffefeff, sa_flags=0x00000042
SIGPIPE: [libjvm.dylib+0x3b302d], sa_mask[0]=0xfffefeff, sa_flags=0x00000042
SIGXFSZ: [libjvm.dylib+0x3b302d], sa_mask[0]=0xfffefeff, sa_flags=0x00000042
SIGILL: [libjvm.dylib+0x3b302d], sa_mask[0]=0xfffefeff, sa_flags=0x00000042
SIGUSR1: SIG_DFL, sa_mask[0]=0x00000000, sa_flags=0x00000000
SIGUSR2: [libjvm.dylib+0x3b2bc6], sa_mask[0]=0x00000004, sa_flags=0x00000042
SIGHUP: [libjvm.dylib+0x3b0e27], sa_mask[0]=0xfffefeff, sa_flags=0x00000042
SIGINT: [libjvm.dylib+0x3b0e27], sa_mask[0]=0xfffefeff, sa_flags=0x00000042
SIGTERM: [libjvm.dylib+0x3b0e27], sa_mask[0]=0xfffefeff, sa_flags=0x00000042
SIGQUIT: [libjvm.dylib+0x3b0e27], sa_mask[0]=0xfffefeff, sa_flags=0x00000042


---------------  S Y S T E M  ---------------

OS:Bsduname:Darwin 14.3.0 Darwin Kernel Version 14.3.0: Mon Mar 23 11:59:05 PDT 2015; root:xnu-2782.20.48~5/RELEASE_X86_64 x86_64
rlimit: STACK 8192k, CORE 0k, NPROC 709, NOFILE 10240, AS infinity
load average:113.54 46.98 20.62

CPU:total 4 (2 cores per cpu, 2 threads per core) family 6 model 58 stepping 9, cmov, cx8, fxsr, mmx, sse, sse2, sse3, ssse3, sse4.1, sse4.2, popcnt, avx, ht, tsc, tscinvbit, tscinv

Memory: 4k page, physical 1142020k(285505k free)

/proc/meminfo:


vm_info: Java HotSpot(TM) 64-Bit Server VM (23.7-b01) for bsd-amd64 JRE (1.7.0_17-b02), built on Mar  1 2013 06:41:23 by "java_re" with gcc 4.2.1 (Based on Apple Inc. build 5658) (LLVM build 2336.11.00)

time: Fri May 29 11:36:22 2015
elapsed time: 1742 seconds

