#
# A fatal error has been detected by the Java Runtime Environment:
#
#  SIGSEGV (0xb) at pc=0x00007fff9154b0dd, pid=16801, tid=1299
#
# JRE version: 7.0_17-b02
# Java VM: Java HotSpot(TM) 64-Bit Server VM (23.7-b01 mixed mode bsd-amd64 compressed oops)
# Problematic frame:
# C  [libobjc.A.dylib+0x10dd]  objc_msgSend+0x1d
#
# Failed to write core dump. Core dumps have been disabled. To enable core dumping, try "ulimit -c unlimited" before starting Java again
#
# If you would like to submit a bug report, please visit:
#   http://bugreport.sun.com/bugreport/crash.jsp
# The crash happened outside the Java Virtual Machine in native code.
# See problematic frame for where to report the bug.
#

---------------  T H R E A D  ---------------

Current thread (0x00007fce2982d000):  JavaThread "AppKit Thread" daemon [_thread_in_native, id=1299, stack(0x00007fff5f61e000,0x00007fff5f69e000)]

siginfo:si_signo=SIGSEGV: si_errno=0, si_code=1 (SEGV_MAPERR), si_addr=0x000007fce29637f8

Registers:
RAX=0x00007fce29638100, RBX=0x00007fff5f6999f8, RCX=0x0000000000000000, RDX=0x00007fce295d3870
RSP=0x00007fff5f699818, RBP=0x00007fff5f699820, RSI=0x00007fff9325f423, RDI=0x00007fce29638100
R8 =0x00007fff5f699800, R9 =0x0000000000000055, R10=0x00007fff9325f423, R11=0x000007fce29637e0
R12=0x00007fce29735f10, R13=0x00000000000f42ed, R14=0x00007fce29598750, R15=0x00007fff5f699958
RIP=0x00007fff9154b0dd, EFLAGS=0x0000000000010202, ERR=0x0000000000000004
  TRAPNO=0x000000000000000e

Top of Stack: (sp=0x00007fff5f699818)
0x00007fff5f699818:   00007fff8dffd45c 00007fff5f699b80
0x00007fff5f699828:   00007fff8deed634 00007fff5f6998ac
0x00007fff5f699838:   00007fff5f6998b0 00007fff5f6998b4
0x00007fff5f699848:   00007fff7d522e00 ffffffffffffffff
0x00007fff5f699858:   00000000000007f8 00007fff7d522e18
0x00007fff5f699868:   00007fce29598750 0000000000000000
0x00007fff5f699878:   00007fff5f699950 0000000000000000
0x00007fff5f699888:   00007fce29598060 00007fff5f6999d0
0x00007fff5f699898:   0000000000000055 00000000000f42ef
0x00007fff5f6998a8:   00007fce295d3870 00007fce29597b00
0x00007fff5f6998b8:   00007fce29735f10 0000000000000001
0x00007fff5f6998c8:   00000000000f42ed 00007fce29735f00
0x00007fff5f6998d8:   00007fff91f44c05 000000012977dfd0
0x00007fff5f6998e8:   00007fff7ed9c0d0 0000000042000000
0x00007fff5f6998f8:   00007fff91f4be63 00007fff7d4ed240
0x00007fff5f699908:   00007fff5f6999d8 0000000000000000
0x00007fff5f699918:   00007fff7d33e8c8 0000000000000000
0x00007fff5f699928:   000000000000001b 0001a40300000001
0x00007fff5f699938:   00007fce29735f34 0000000000000000
0x00007fff5f699948:   00000000003be001 00007fce295980e0
0x00007fff5f699958:   00007fce29598750 0000000000000000
0x00007fff5f699968:   00007fff9329845d 00007fff5f699a10
0x00007fff5f699978:   00007fff94e3a513 00007fff5f6999f4
0x00007fff5f699988:   00000000003be101 00000000ffffffff
0x00007fff5f699998:   00007fff7d33e8c8 00000000003be100
0x00007fff5f6999a8:   00007fff00000000 00007fff5f699aa0
0x00007fff5f6999b8:   00007fff957d8edc 00007fff7d33e8e8
0x00007fff5f6999c8:   00007fff9329845d 0000000000000051
0x00007fff5f6999d8:   0000000000000000 00000000000f42e2
0x00007fff5f6999e8:   0000000000000053 0000000000000000
0x00007fff5f6999f8:   00000000000f42ed 00007fff5f699a74
0x00007fff5f699a08:   00000000003bf001 00000000ffffffff 

Instructions: (pc=0x00007fff9154b0dd)
0x00007fff9154b0bd:   00 00 00 48 85 ff 2e 74 7a 40 f6 c7 01 2e 75 7e
0x00007fff9154b0cd:   49 bb f8 ff ff ff ff 7f 00 00 4c 23 1f 49 89 f2
0x00007fff9154b0dd:   45 23 53 18 49 c1 e2 04 4d 03 53 10 49 3b 32 75
0x00007fff9154b0ed:   04 41 ff 62 08 49 83 3a 00 74 6a 4d 3b 53 10 74 

Register to memory mapping:

RAX=0x00007fce29638100 is an unknown value
RBX=0x00007fff5f6999f8 is pointing into the stack for thread: 0x00007fce2982d000
RCX=0x0000000000000000 is an unknown value
RDX=0x00007fce295d3870 is an unknown value
RSP=0x00007fff5f699818 is pointing into the stack for thread: 0x00007fce2982d000
RBP=0x00007fff5f699820 is pointing into the stack for thread: 0x00007fce2982d000
RSI=0x00007fff9325f423: -[NSTitlebarContainerView transparent]+0x5e307 in /System/Library/Frameworks/AppKit.framework/Versions/C/AppKit at 0x00007fff9285e000
RDI=0x00007fce29638100 is an unknown value
R8 =0x00007fff5f699800 is pointing into the stack for thread: 0x00007fce2982d000
R9 =0x0000000000000055 is an unknown value
R10=0x00007fff9325f423: -[NSTitlebarContainerView transparent]+0x5e307 in /System/Library/Frameworks/AppKit.framework/Versions/C/AppKit at 0x00007fff9285e000
R11=0x000007fce29637e0 is an unknown value
R12=0x00007fce29735f10 is an unknown value
R13=0x00000000000f42ed is an unknown value
R14=0x00007fce29598750 is an unknown value
R15=0x00007fff5f699958 is pointing into the stack for thread: 0x00007fce2982d000


Stack: [0x00007fff5f61e000,0x00007fff5f69e000],  sp=0x00007fff5f699818,  free space=494k
Native frames: (J=compiled Java code, j=interpreted, Vv=VM code, C=native code)
C  [libobjc.A.dylib+0x10dd]  objc_msgSend+0x1d
C  [CoreFoundation+0x10634]  _CFXNotificationPost+0xc44
C  [Foundation+0x79d1]  -[NSNotificationCenter postNotificationName:object:userInfo:]+0x42
C  [AppKit+0x43ac2]  -[NSSurface _disposeSurface]+0x98
C  [AppKit+0x43526]  -[NSSurface setWindow:]+0x42
C  [AppKit+0x33a10]  -[NSView _setWindow:]+0xa33
C  [AppKit+0x6b091]  -[NSView removeFromSuperview]+0x1c5
C  [AppKit+0x14bea9]  -[NSView removeFromSuperviewWithoutNeedingDisplay]+0x26
C  [liblwjgl.dylib+0xa205]  +[MacOSXKeyableWindow destroyWindow]+0xb5
C  [Foundation+0x92d00]  __NSThreadPerformPerform+0x125
C  [CoreFoundation+0x80a01]  __CFRUNLOOP_IS_CALLING_OUT_TO_A_SOURCE0_PERFORM_FUNCTION__+0x11
C  [CoreFoundation+0x72b8d]  __CFRunLoopDoSources0+0x10d
C  [CoreFoundation+0x721bf]  __CFRunLoopRun+0x39f
C  [CoreFoundation+0x71bd8]  CFRunLoopRunSpecific+0x128
C  [HIToolbox+0x3256f]  RunCurrentEventLoopInMode+0xeb
C  [HIToolbox+0x322ea]  ReceiveNextEventCommon+0x1af
C  [HIToolbox+0x3212b]  _BlockUntilNextEventMatchingListInModeWithFilter+0x47
C  [AppKit+0x919bb]  _DPSNextEvent+0x3d2
C  [AppKit+0x90f68]  -[NSApplication nextEventMatchingMask:untilDate:inMode:dequeue:]+0x15a
C  [libosxapp.dylib+0x1b56]  -[NSApplicationAWT nextEventMatchingMask:untilDate:inMode:dequeue:]+0x7c
C  [AppKit+0x86bf3]  -[NSApplication run]+0x252
C  [libosxapp.dylib+0x19b9]  +[NSApplicationAWT runAWTLoopWithApp:]+0x9c
C  [liblwawt.dylib+0xd81a]  -[AWTStarter starter:]+0x637
C  [Foundation+0x92d00]  __NSThreadPerformPerform+0x125
C  [CoreFoundation+0x80a01]  __CFRUNLOOP_IS_CALLING_OUT_TO_A_SOURCE0_PERFORM_FUNCTION__+0x11
C  [CoreFoundation+0x72b8d]  __CFRunLoopDoSources0+0x10d
C  [CoreFoundation+0x721bf]  __CFRunLoopRun+0x39f
C  [CoreFoundation+0x71bd8]  CFRunLoopRunSpecific+0x128
C  [java+0x742d]  CreateExecutionEnvironment+0x367
C  [java+0x1bdc]  JLI_Launch+0x7a0
C  [java+0x778a]  main+0x65
C  [java+0x1434]  start+0x34


---------------  P R O C E S S  ---------------

Java Threads: ( => current thread )
  0x00007fce29a37000 JavaThread "AWT-Shutdown" [_thread_blocked, id=8971, stack(0x000000010be47000,0x000000010bf47000)]
=>0x00007fce2982d000 JavaThread "AppKit Thread" daemon [_thread_in_native, id=1299, stack(0x00007fff5f61e000,0x00007fff5f69e000)]
  0x00007fce2b059800 JavaThread "Service Thread" daemon [_thread_blocked, id=13827, stack(0x0000000106e0e000,0x0000000106f0e000)]
  0x00007fce2b058800 JavaThread "C2 CompilerThread1" daemon [_thread_blocked, id=13571, stack(0x0000000106d0b000,0x0000000106e0b000)]
  0x00007fce2b058000 JavaThread "C2 CompilerThread0" daemon [_thread_blocked, id=13319, stack(0x0000000106c08000,0x0000000106d08000)]
  0x00007fce2b057000 JavaThread "Signal Dispatcher" daemon [_thread_blocked, id=13087, stack(0x0000000106b05000,0x0000000106c05000)]
  0x00007fce2a801800 JavaThread "Finalizer" daemon [_thread_blocked, id=8707, stack(0x00000001050ed000,0x00000001051ed000)]
  0x00007fce2b03b800 JavaThread "Reference Handler" daemon [_thread_blocked, id=8451, stack(0x0000000104fea000,0x00000001050ea000)]
  0x00007fce2b000000 JavaThread "main" [_thread_in_native, id=4355, stack(0x0000000100675000,0x0000000100775000)]

Other Threads:
  0x00007fce2b039000 VMThread [stack: 0x0000000104ee7000,0x0000000104fe7000] [id=8195]
  0x00007fce2b047800 WatcherThread [stack: 0x0000000106f11000,0x0000000107011000] [id=14083]

VM state:not at safepoint (normal execution)

VM Mutex/Monitor currently owned by a thread: None

Heap
 def new generation   total 4864K, used 1034K [0x00000007eb000000, 0x00000007eb540000, 0x00000007f04a0000)
  eden space 4352K,  15% used [0x00000007eb000000, 0x00000007eb0acb08, 0x00000007eb440000)
  from space 512K,  67% used [0x00000007eb440000, 0x00000007eb496038, 0x00000007eb4c0000)
  to   space 512K,   0% used [0x00000007eb4c0000, 0x00000007eb4c0000, 0x00000007eb540000)
 tenured generation   total 10880K, used 1415K [0x00000007f04a0000, 0x00000007f0f40000, 0x00000007fae00000)
   the space 10880K,  13% used [0x00000007f04a0000, 0x00000007f0601db8, 0x00000007f0601e00, 0x00000007f0f40000)
 compacting perm gen  total 21248K, used 5970K [0x00000007fae00000, 0x00000007fc2c0000, 0x0000000800000000)
   the space 21248K,  28% used [0x00000007fae00000, 0x00000007fb3d4b88, 0x00000007fb3d4c00, 0x00000007fc2c0000)
No shared spaces configured.

Card table byte_map: [0x0000000104b67000,0x0000000104c10000] byte_map_base: 0x0000000100c0f000

Polling page: 0x00000001007b4000

Code Cache  [0x0000000101aa7000, 0x0000000101d17000, 0x0000000104aa7000)
 total_blobs=395 nmethods=87 adapters=260 free_code_cache=48564Kb largest_free_block=49700032

Compilation events (10 events):
Event: 10.574 Thread 0x00007fce2b058000   82             java.lang.AbstractStringBuilder::ensureCapacityInternal (16 bytes)
Event: 10.577 Thread 0x00007fce2b058000 nmethod 82 0x0000000101b34fd0 code [0x0000000101b35120, 0x0000000101b35398]
Event: 11.924 Thread 0x00007fce2b058800   83             java.lang.String::getChars (62 bytes)
Event: 11.925 Thread 0x00007fce2b058800 nmethod 83 0x0000000101b34bd0 code [0x0000000101b34d20, 0x0000000101b34e58]
Event: 11.941 Thread 0x00007fce2b058000   84             java.lang.AbstractStringBuilder::append (48 bytes)
Event: 11.946 Thread 0x00007fce2b058000 nmethod 84 0x0000000101b3aed0 code [0x0000000101b3b040, 0x0000000101b3b418]
Event: 12.641 Thread 0x00007fce2b058800   85             java.lang.StringBuilder::append (8 bytes)
Event: 12.645 Thread 0x00007fce2b058800 nmethod 85 0x0000000101b3a5d0 code [0x0000000101b3a740, 0x0000000101b3ab18]
Event: 12.711 Thread 0x00007fce2b058000   86             java.nio.Buffer::limit (62 bytes)
Event: 12.712 Thread 0x00007fce2b058000 nmethod 86 0x0000000101b3b850 code [0x0000000101b3b980, 0x0000000101b3ba18]

GC Heap History (8 events):
Event: 0.476 GC heap before
{Heap before GC invocations=0 (full 0):
 def new generation   total 4864K, used 4352K [0x00000007eb000000, 0x00000007eb540000, 0x00000007f04a0000)
  eden space 4352K, 100% used [0x00000007eb000000, 0x00000007eb440000, 0x00000007eb440000)
  from space 512K,   0% used [0x00000007eb440000, 0x00000007eb440000, 0x00000007eb4c0000)
  to   space 512K,   0% used [0x00000007eb4c0000, 0x00000007eb4c0000, 0x00000007eb540000)
 tenured generation   total 10880K, used 0K [0x00000007f04a0000, 0x00000007f0f40000, 0x00000007fae00000)
   the space 10880K,   0% used [0x00000007f04a0000, 0x00000007f04a0000, 0x00000007f04a0200, 0x00000007f0f40000)
 compacting perm gen  total 21248K, used 5152K [0x00000007fae00000, 0x00000007fc2c0000, 0x0000000800000000)
   the space 21248K,  24% used [0x00000007fae00000, 0x00000007fb3082b8, 0x00000007fb308400, 0x00000007fc2c0000)
No shared spaces configured.
Event: 0.482 GC heap after
Heap after GC invocations=1 (full 0):
 def new generation   total 4864K, used 512K [0x00000007eb000000, 0x00000007eb540000, 0x00000007f04a0000)
  eden space 4352K,   0% used [0x00000007eb000000, 0x00000007eb000000, 0x00000007eb440000)
  from space 512K, 100% used [0x00000007eb4c0000, 0x00000007eb540000, 0x00000007eb540000)
  to   space 512K,   0% used [0x00000007eb440000, 0x00000007eb440000, 0x00000007eb4c0000)
 tenured generation   total 10880K, used 656K [0x00000007f04a0000, 0x00000007f0f40000, 0x00000007fae00000)
   the space 10880K,   6% used [0x00000007f04a0000, 0x00000007f0544230, 0x00000007f0544400, 0x00000007f0f40000)
 compacting perm gen  total 21248K, used 5152K [0x00000007fae00000, 0x00000007fc2c0000, 0x0000000800000000)
   the space 21248K,  24% used [0x00000007fae00000, 0x00000007fb3082b8, 0x00000007fb308400, 0x00000007fc2c0000)
No shared spaces configured.
}
Event: 3.942 GC heap before
{Heap before GC invocations=1 (full 0):
 def new generation   total 4864K, used 4864K [0x00000007eb000000, 0x00000007eb540000, 0x00000007f04a0000)
  eden space 4352K, 100% used [0x00000007eb000000, 0x00000007eb440000, 0x00000007eb440000)
  from space 512K, 100% used [0x00000007eb4c0000, 0x00000007eb540000, 0x00000007eb540000)
  to   space 512K,   0% used [0x00000007eb440000, 0x00000007eb440000, 0x00000007eb4c0000)
 tenured generation   total 10880K, used 656K [0x00000007f04a0000, 0x00000007f0f40000, 0x00000007fae00000)
   the space 10880K,   6% used [0x00000007f04a0000, 0x00000007f0544230, 0x00000007f0544400, 0x00000007f0f40000)
 compacting perm gen  total 21248K, used 5958K [0x00000007fae00000, 0x00000007fc2c0000, 0x0000000800000000)
   the space 21248K,  28% used [0x00000007fae00000, 0x00000007fb3d1a20, 0x00000007fb3d1c00, 0x00000007fc2c0000)
No shared spaces configured.
Event: 3.948 GC heap after
Heap after GC invocations=2 (full 0):
 def new generation   total 4864K, used 441K [0x00000007eb000000, 0x00000007eb540000, 0x00000007f04a0000)
  eden space 4352K,   0% used [0x00000007eb000000, 0x00000007eb000000, 0x00000007eb440000)
  from space 512K,  86% used [0x00000007eb440000, 0x00000007eb4ae5c8, 0x00000007eb4c0000)
  to   space 512K,   0% used [0x00000007eb4c0000, 0x00000007eb4c0000, 0x00000007eb540000)
 tenured generation   total 10880K, used 1158K [0x00000007f04a0000, 0x00000007f0f40000, 0x00000007fae00000)
   the space 10880K,  10% used [0x00000007f04a0000, 0x00000007f05c1a28, 0x00000007f05c1c00, 0x00000007f0f40000)
 compacting perm gen  total 21248K, used 5958K [0x00000007fae00000, 0x00000007fc2c0000, 0x0000000800000000)
   the space 21248K,  28% used [0x00000007fae00000, 0x00000007fb3d1a20, 0x00000007fb3d1c00, 0x00000007fc2c0000)
No shared spaces configured.
}
Event: 7.991 GC heap before
{Heap before GC invocations=2 (full 0):
 def new generation   total 4864K, used 4793K [0x00000007eb000000, 0x00000007eb540000, 0x00000007f04a0000)
  eden space 4352K, 100% used [0x00000007eb000000, 0x00000007eb440000, 0x00000007eb440000)
  from space 512K,  86% used [0x00000007eb440000, 0x00000007eb4ae5c8, 0x00000007eb4c0000)
  to   space 512K,   0% used [0x00000007eb4c0000, 0x00000007eb4c0000, 0x00000007eb540000)
 tenured generation   total 10880K, used 1158K [0x00000007f04a0000, 0x00000007f0f40000, 0x00000007fae00000)
   the space 10880K,  10% used [0x00000007f04a0000, 0x00000007f05c1a28, 0x00000007f05c1c00, 0x00000007f0f40000)
 compacting perm gen  total 21248K, used 5961K [0x00000007fae00000, 0x00000007fc2c0000, 0x0000000800000000)
   the space 21248K,  28% used [0x00000007fae00000, 0x00000007fb3d2760, 0x00000007fb3d2800, 0x00000007fc2c0000)
No shared spaces configured.
Event: 7.995 GC heap after
Heap after GC invocations=3 (full 0):
 def new generation   total 4864K, used 244K [0x00000007eb000000, 0x00000007eb540000, 0x00000007f04a0000)
  eden space 4352K,   0% used [0x00000007eb000000, 0x00000007eb000000, 0x00000007eb440000)
  from space 512K,  47% used [0x00000007eb4c0000, 0x00000007eb4fd0f0, 0x00000007eb540000)
  to   space 512K,   0% used [0x00000007eb440000, 0x00000007eb440000, 0x00000007eb4c0000)
 tenured generation   total 10880K, used 1415K [0x00000007f04a0000, 0x00000007f0f40000, 0x00000007fae00000)
   the space 10880K,  13% used [0x00000007f04a0000, 0x00000007f0601db8, 0x00000007f0601e00, 0x00000007f0f40000)
 compacting perm gen  total 21248K, used 5961K [0x00000007fae00000, 0x00000007fc2c0000, 0x0000000800000000)
   the space 21248K,  28% used [0x00000007fae00000, 0x00000007fb3d2760, 0x00000007fb3d2800, 0x00000007fc2c0000)
No shared spaces configured.
}
Event: 12.191 GC heap before
{Heap before GC invocations=3 (full 0):
 def new generation   total 4864K, used 4596K [0x00000007eb000000, 0x00000007eb540000, 0x00000007f04a0000)
  eden space 4352K, 100% used [0x00000007eb000000, 0x00000007eb440000, 0x00000007eb440000)
  from space 512K,  47% used [0x00000007eb4c0000, 0x00000007eb4fd0f0, 0x00000007eb540000)
  to   space 512K,   0% used [0x00000007eb440000, 0x00000007eb440000, 0x00000007eb4c0000)
 tenured generation   total 10880K, used 1415K [0x00000007f04a0000, 0x00000007f0f40000, 0x00000007fae00000)
   the space 10880K,  13% used [0x00000007f04a0000, 0x00000007f0601db8, 0x00000007f0601e00, 0x00000007f0f40000)
 compacting perm gen  total 21248K, used 5964K [0x00000007fae00000, 0x00000007fc2c0000, 0x0000000800000000)
   the space 21248K,  28% used [0x00000007fae00000, 0x00000007fb3d3310, 0x00000007fb3d3400, 0x00000007fc2c0000)
No shared spaces configured.
Event: 12.193 GC heap after
Heap after GC invocations=4 (full 0):
 def new generation   total 4864K, used 344K [0x00000007eb000000, 0x00000007eb540000, 0x00000007f04a0000)
  eden space 4352K,   0% used [0x00000007eb000000, 0x00000007eb000000, 0x00000007eb440000)
  from space 512K,  67% used [0x00000007eb440000, 0x00000007eb496038, 0x00000007eb4c0000)
  to   space 512K,   0% used [0x00000007eb4c0000, 0x00000007eb4c0000, 0x00000007eb540000)
 tenured generation   total 10880K, used 1415K [0x00000007f04a0000, 0x00000007f0f40000, 0x00000007fae00000)
   the space 10880K,  13% used [0x00000007f04a0000, 0x00000007f0601db8, 0x00000007f0601e00, 0x00000007f0f40000)
 compacting perm gen  total 21248K, used 5964K [0x00000007fae00000, 0x00000007fc2c0000, 0x0000000800000000)
   the space 21248K,  28% used [0x00000007fae00000, 0x00000007fb3d3310, 0x00000007fb3d3400, 0x00000007fc2c0000)
No shared spaces configured.
}

Deoptimization events (0 events):
No events

Internal exceptions (10 events):
Event: 0.504 Thread 0x00007fce2b000000 Threw 0x00000007eb061338 at /HUDSON/workspace/jdk7u17-2-build-macosx-amd64-product/jdk7u17/hotspot/src/share/vm/prims/jvm.cpp:1166
Event: 0.505 Thread 0x00007fce2b000000 Threw 0x00000007eb067ea8 at /HUDSON/workspace/jdk7u17-2-build-macosx-amd64-product/jdk7u17/hotspot/src/share/vm/prims/jvm.cpp:1166
Event: 0.506 Thread 0x00007fce2b000000 Threw 0x00000007eb06cc98 at /HUDSON/workspace/jdk7u17-2-build-macosx-amd64-product/jdk7u17/hotspot/src/share/vm/prims/jvm.cpp:1166
Event: 0.506 Thread 0x00007fce2b000000 Threw 0x00000007eb073988 at /HUDSON/workspace/jdk7u17-2-build-macosx-amd64-product/jdk7u17/hotspot/src/share/vm/prims/jvm.cpp:1166
Event: 0.510 Thread 0x00007fce2b000000 Threw 0x00000007eb07ea58 at /HUDSON/workspace/jdk7u17-2-build-macosx-amd64-product/jdk7u17/hotspot/src/share/vm/prims/jvm.cpp:1166
Event: 0.512 Thread 0x00007fce2b000000 Threw 0x00000007eb08cc40 at /HUDSON/workspace/jdk7u17-2-build-macosx-amd64-product/jdk7u17/hotspot/src/share/vm/prims/jvm.cpp:1166
Event: 0.514 Thread 0x00007fce2b000000 Threw 0x00000007eb0927d8 at /HUDSON/workspace/jdk7u17-2-build-macosx-amd64-product/jdk7u17/hotspot/src/share/vm/prims/jvm.cpp:1166
Event: 0.525 Thread 0x00007fce2b000000 Threw 0x00000007eb09ad80 at /HUDSON/workspace/jdk7u17-2-build-macosx-amd64-product/jdk7u17/hotspot/src/share/vm/prims/jvm.cpp:1166
Event: 0.526 Thread 0x00007fce2b000000 Threw 0x00000007eb09f750 at /HUDSON/workspace/jdk7u17-2-build-macosx-amd64-product/jdk7u17/hotspot/src/share/vm/prims/jvm.cpp:1166
Event: 12.808 Thread 0x00007fce2b000000 Threw 0x00000007eb09c688 at /HUDSON/workspace/jdk7u17-2-build-macosx-amd64-product/jdk7u17/hotspot/src/share/vm/prims/jvm.cpp:1166

Events (10 events):
Event: 12.196 Executing VM operation: RevokeBias
Event: 12.196 Executing VM operation: RevokeBias done
Event: 12.197 Executing VM operation: RevokeBias
Event: 12.197 Executing VM operation: RevokeBias done
Event: 12.197 Executing VM operation: RevokeBias
Event: 12.197 Executing VM operation: RevokeBias done
Event: 12.197 Executing VM operation: BulkRevokeBias
Event: 12.197 Executing VM operation: BulkRevokeBias done
Event: 12.808 loading class 0x00007fce29636490
Event: 12.808 loading class 0x00007fce29636490 done


Dynamic libraries:
0x000000000c88d000 	/System/Library/Frameworks/Cocoa.framework/Versions/A/Cocoa
0x000000000c88d000 	/System/Library/Frameworks/Security.framework/Versions/A/Security
0x000000000c88d000 	/System/Library/Frameworks/ApplicationServices.framework/Versions/A/ApplicationServices
0x000000000c88d000 	/usr/lib/libz.1.dylib
0x000000000c88d000 	/usr/lib/libSystem.B.dylib
0x000000000c88d000 	/usr/lib/libobjc.A.dylib
0x000000000c88d000 	/System/Library/Frameworks/CoreFoundation.framework/Versions/A/CoreFoundation
0x000000000c88d000 	/System/Library/Frameworks/AppKit.framework/Versions/C/AppKit
0x000000000c88d000 	/System/Library/Frameworks/CoreData.framework/Versions/A/CoreData
0x000000000c88d000 	/System/Library/Frameworks/Foundation.framework/Versions/C/Foundation
0x000000000c88d000 	/System/Library/PrivateFrameworks/RemoteViewServices.framework/Versions/A/RemoteViewServices
0x000000000c88d000 	/System/Library/PrivateFrameworks/UIFoundation.framework/Versions/A/UIFoundation
0x000000000c88d000 	/System/Library/Frameworks/IOSurface.framework/Versions/A/IOSurface
0x000000000c88d000 	/System/Library/Frameworks/AudioToolbox.framework/Versions/A/AudioToolbox
0x000000000c88d000 	/System/Library/Frameworks/AudioUnit.framework/Versions/A/AudioUnit
0x000000000c88d000 	/System/Library/PrivateFrameworks/DataDetectorsCore.framework/Versions/A/DataDetectorsCore
0x000000000c88d000 	/System/Library/PrivateFrameworks/DesktopServicesPriv.framework/Versions/A/DesktopServicesPriv
0x000000000c88d000 	/System/Library/Frameworks/Carbon.framework/Versions/A/Frameworks/HIToolbox.framework/Versions/A/HIToolbox
0x000000000c88d000 	/System/Library/Frameworks/QuartzCore.framework/Versions/A/QuartzCore
0x000000000c88d000 	/System/Library/Frameworks/Carbon.framework/Versions/A/Frameworks/SpeechRecognition.framework/Versions/A/SpeechRecognition
0x000000000c88d000 	/usr/lib/libauto.dylib
0x000000000c88d000 	/usr/lib/libicucore.A.dylib
0x000000000c88d000 	/usr/lib/libxml2.2.dylib
0x000000000c88d000 	/System/Library/PrivateFrameworks/CoreUI.framework/Versions/A/CoreUI
0x000000000c88d000 	/System/Library/Frameworks/CoreAudio.framework/Versions/A/CoreAudio
0x000000000c88d000 	/System/Library/Frameworks/DiskArbitration.framework/Versions/A/DiskArbitration
0x000000000c88d000 	/usr/lib/liblangid.dylib
0x000000000c88d000 	/System/Library/PrivateFrameworks/MultitouchSupport.framework/Versions/A/MultitouchSupport
0x000000000c88d000 	/System/Library/Frameworks/IOKit.framework/Versions/A/IOKit
0x000000000c88d000 	/usr/lib/libDiagnosticMessagesClient.dylib
0x000000000c88d000 	/System/Library/Frameworks/CoreServices.framework/Versions/A/CoreServices
0x000000000c88d000 	/System/Library/PrivateFrameworks/PerformanceAnalysis.framework/Versions/A/PerformanceAnalysis
0x000000000c88d000 	/System/Library/PrivateFrameworks/GenerationalStorage.framework/Versions/A/GenerationalStorage
0x000000000c88d000 	/System/Library/Frameworks/OpenGL.framework/Versions/A/OpenGL
0x000000000c88d000 	/System/Library/PrivateFrameworks/Sharing.framework/Versions/A/Sharing
0x000000000c88d000 	/System/Library/Frameworks/CoreGraphics.framework/Versions/A/CoreGraphics
0x000000000c88d000 	/System/Library/Frameworks/CoreText.framework/Versions/A/CoreText
0x000000000c88d000 	/System/Library/Frameworks/ImageIO.framework/Versions/A/ImageIO
0x000000000c88d000 	/usr/lib/libextension.dylib
0x000000000c88d000 	/System/Library/PrivateFrameworks/Backup.framework/Versions/A/Backup
0x000000000c88d000 	/usr/lib/libarchive.2.dylib
0x000000000c88d000 	/System/Library/Frameworks/CFNetwork.framework/Versions/A/CFNetwork
0x000000000c88d000 	/System/Library/Frameworks/SystemConfiguration.framework/Versions/A/SystemConfiguration
0x000000000c88d000 	/usr/lib/libCRFSuite.dylib
0x000000000c88d000 	/usr/lib/libc++.1.dylib
0x000000000c88d000 	/usr/lib/libc++abi.dylib
0x000000000c88d000 	/usr/lib/system/libcache.dylib
0x000000000c88d000 	/usr/lib/system/libcommonCrypto.dylib
0x000000000c88d000 	/usr/lib/system/libcompiler_rt.dylib
0x000000000c88d000 	/usr/lib/system/libcopyfile.dylib
0x000000000c88d000 	/usr/lib/system/libcorecrypto.dylib
0x000000000c88d000 	/usr/lib/system/libdispatch.dylib
0x000000000c88d000 	/usr/lib/system/libdyld.dylib
0x000000000c88d000 	/usr/lib/system/libkeymgr.dylib
0x000000000c88d000 	/usr/lib/system/liblaunch.dylib
0x000000000c88d000 	/usr/lib/system/libmacho.dylib
0x000000000c88d000 	/usr/lib/system/libquarantine.dylib
0x000000000c88d000 	/usr/lib/system/libremovefile.dylib
0x000000000c88d000 	/usr/lib/system/libsystem_asl.dylib
0x000000000c88d000 	/usr/lib/system/libsystem_blocks.dylib
0x000000000c88d000 	/usr/lib/system/libsystem_c.dylib
0x000000000c88d000 	/usr/lib/system/libsystem_configuration.dylib
0x000000000c88d000 	/usr/lib/system/libsystem_coreservices.dylib
0x000000000c88d000 	/usr/lib/system/libsystem_coretls.dylib
0x000000000c88d000 	/usr/lib/system/libsystem_dnssd.dylib
0x000000000c88d000 	/usr/lib/system/libsystem_info.dylib
0x000000000c88d000 	/usr/lib/system/libsystem_kernel.dylib
0x000000000c88d000 	/usr/lib/system/libsystem_m.dylib
0x000000000c88d000 	/usr/lib/system/libsystem_malloc.dylib
0x000000000c88d000 	/usr/lib/system/libsystem_network.dylib
0x000000000c88d000 	/usr/lib/system/libsystem_networkextension.dylib
0x000000000c88d000 	/usr/lib/system/libsystem_notify.dylib
0x000000000c88d000 	/usr/lib/system/libsystem_platform.dylib
0x000000000c88d000 	/usr/lib/system/libsystem_pthread.dylib
0x000000000c88d000 	/usr/lib/system/libsystem_sandbox.dylib
0x000000000c88d000 	/usr/lib/system/libsystem_secinit.dylib
0x000000000c88d000 	/usr/lib/system/libsystem_stats.dylib
0x000000000c88d000 	/usr/lib/system/libsystem_trace.dylib
0x000000000c88d000 	/usr/lib/system/libunc.dylib
0x000000000c88d000 	/usr/lib/system/libunwind.dylib
0x000000000c88d000 	/usr/lib/system/libxpc.dylib
0x000000000c88d000 	/usr/lib/libbz2.1.0.dylib
0x000000000c88d000 	/usr/lib/liblzma.5.dylib
0x000000000c88d000 	/usr/lib/libbsm.0.dylib
0x000000000c88d000 	/usr/lib/libsqlite3.dylib
0x000000000c88d000 	/usr/lib/system/libkxld.dylib
0x000000000c88d000 	/usr/lib/libxar.1.dylib
0x000000000c88d000 	/usr/lib/libpam.2.dylib
0x000000000c88d000 	/usr/lib/libOpenScriptingUtil.dylib
0x000000000c88d000 	/System/Library/Frameworks/CoreServices.framework/Versions/A/Frameworks/FSEvents.framework/Versions/A/FSEvents
0x000000000c88d000 	/System/Library/Frameworks/CoreServices.framework/Versions/A/Frameworks/CarbonCore.framework/Versions/A/CarbonCore
0x000000000c88d000 	/System/Library/Frameworks/CoreServices.framework/Versions/A/Frameworks/Metadata.framework/Versions/A/Metadata
0x000000000c88d000 	/System/Library/Frameworks/CoreServices.framework/Versions/A/Frameworks/OSServices.framework/Versions/A/OSServices
0x000000000c88d000 	/System/Library/Frameworks/CoreServices.framework/Versions/A/Frameworks/SearchKit.framework/Versions/A/SearchKit
0x000000000c88d000 	/System/Library/Frameworks/CoreServices.framework/Versions/A/Frameworks/AE.framework/Versions/A/AE
0x000000000c88d000 	/System/Library/Frameworks/CoreServices.framework/Versions/A/Frameworks/LaunchServices.framework/Versions/A/LaunchServices
0x000000000c88d000 	/System/Library/Frameworks/CoreServices.framework/Versions/A/Frameworks/DictionaryServices.framework/Versions/A/DictionaryServices
0x000000000c88d000 	/System/Library/Frameworks/NetFS.framework/Versions/A/NetFS
0x000000000c88d000 	/System/Library/PrivateFrameworks/NetAuth.framework/Versions/A/NetAuth
0x000000000c88d000 	/System/Library/PrivateFrameworks/login.framework/Versions/A/Frameworks/loginsupport.framework/Versions/A/loginsupport
0x000000000c88d000 	/System/Library/PrivateFrameworks/TCC.framework/Versions/A/TCC
0x000000000c88d000 	/usr/lib/libmecabra.dylib
0x000000000c88d000 	/System/Library/Frameworks/ApplicationServices.framework/Versions/A/Frameworks/ATS.framework/Versions/A/ATS
0x000000000c88d000 	/System/Library/Frameworks/ApplicationServices.framework/Versions/A/Frameworks/ColorSync.framework/Versions/A/ColorSync
0x000000000c88d000 	/System/Library/Frameworks/ApplicationServices.framework/Versions/A/Frameworks/HIServices.framework/Versions/A/HIServices
0x000000000c88d000 	/System/Library/Frameworks/ApplicationServices.framework/Versions/A/Frameworks/LangAnalysis.framework/Versions/A/LangAnalysis
0x000000000c88d000 	/System/Library/Frameworks/ApplicationServices.framework/Versions/A/Frameworks/PrintCore.framework/Versions/A/PrintCore
0x000000000c88d000 	/System/Library/Frameworks/ApplicationServices.framework/Versions/A/Frameworks/QD.framework/Versions/A/QD
0x000000000c88d000 	/System/Library/Frameworks/ApplicationServices.framework/Versions/A/Frameworks/SpeechSynthesis.framework/Versions/A/SpeechSynthesis
0x000000000c88d000 	/System/Library/Frameworks/Accelerate.framework/Versions/A/Accelerate
0x000000000c88d000 	/System/Library/Frameworks/Accelerate.framework/Versions/A/Frameworks/vImage.framework/Versions/A/vImage
0x000000000c88d000 	/System/Library/Frameworks/Accelerate.framework/Versions/A/Frameworks/vecLib.framework/Versions/A/vecLib
0x000000000c88d000 	/System/Library/Frameworks/Accelerate.framework/Versions/A/Frameworks/vecLib.framework/Versions/A/libvDSP.dylib
0x000000000c88d000 	/System/Library/Frameworks/Accelerate.framework/Versions/A/Frameworks/vecLib.framework/Versions/A/libvMisc.dylib
0x000000000c88d000 	/System/Library/Frameworks/Accelerate.framework/Versions/A/Frameworks/vecLib.framework/Versions/A/libLAPACK.dylib
0x000000000c88d000 	/System/Library/Frameworks/Accelerate.framework/Versions/A/Frameworks/vecLib.framework/Versions/A/libBLAS.dylib
0x000000000c88d000 	/System/Library/Frameworks/Accelerate.framework/Versions/A/Frameworks/vecLib.framework/Versions/A/libLinearAlgebra.dylib
0x000000000c88d000 	/System/Library/Frameworks/ApplicationServices.framework/Versions/A/Frameworks/ATS.framework/Versions/A/Resources/libFontParser.dylib
0x000000000c88d000 	/System/Library/Frameworks/ApplicationServices.framework/Versions/A/Frameworks/ATS.framework/Versions/A/Resources/libFontRegistry.dylib
0x000000000c88d000 	/System/Library/PrivateFrameworks/AppleVPA.framework/Versions/A/AppleVPA
0x000000000c88d000 	/System/Library/PrivateFrameworks/AppleJPEG.framework/Versions/A/AppleJPEG
0x000000000c88d000 	/System/Library/Frameworks/ImageIO.framework/Versions/A/Resources/libJPEG.dylib
0x000000000c88d000 	/System/Library/Frameworks/ImageIO.framework/Versions/A/Resources/libTIFF.dylib
0x000000000c88d000 	/System/Library/Frameworks/ImageIO.framework/Versions/A/Resources/libPng.dylib
0x000000000c88d000 	/System/Library/Frameworks/ImageIO.framework/Versions/A/Resources/libGIF.dylib
0x000000000c88d000 	/System/Library/Frameworks/ImageIO.framework/Versions/A/Resources/libJP2.dylib
0x000000000c88d000 	/System/Library/Frameworks/ImageIO.framework/Versions/A/Resources/libRadiance.dylib
0x000000000c88d000 	/System/Library/Frameworks/CoreVideo.framework/Versions/A/CoreVideo
0x000000000c88d000 	/System/Library/Frameworks/OpenGL.framework/Versions/A/Libraries/libGLU.dylib
0x000000000c88d000 	/System/Library/Frameworks/OpenGL.framework/Versions/A/Libraries/libGFXShared.dylib
0x000000000c88d000 	/System/Library/Frameworks/OpenGL.framework/Versions/A/Libraries/libGL.dylib
0x000000000c88d000 	/System/Library/Frameworks/OpenGL.framework/Versions/A/Libraries/libGLImage.dylib
0x000000000c88d000 	/System/Library/Frameworks/OpenGL.framework/Versions/A/Libraries/libCVMSPluginSupport.dylib
0x000000000c88d000 	/System/Library/Frameworks/OpenGL.framework/Versions/A/Libraries/libCoreVMClient.dylib
0x000000000c88d000 	/usr/lib/libcups.2.dylib
0x000000000c88d000 	/System/Library/Frameworks/Kerberos.framework/Versions/A/Kerberos
0x000000000c88d000 	/System/Library/Frameworks/GSS.framework/Versions/A/GSS
0x000000000c88d000 	/usr/lib/libresolv.9.dylib
0x000000000c88d000 	/usr/lib/libiconv.2.dylib
0x000000000c88d000 	/System/Library/PrivateFrameworks/Heimdal.framework/Versions/A/Heimdal
0x000000000c88d000 	/usr/lib/libheimdal-asn1.dylib
0x000000000c88d000 	/System/Library/Frameworks/OpenDirectory.framework/Versions/A/OpenDirectory
0x000000000c88d000 	/System/Library/PrivateFrameworks/CommonAuth.framework/Versions/A/CommonAuth
0x000000000c88d000 	/System/Library/Frameworks/OpenDirectory.framework/Versions/A/Frameworks/CFOpenDirectory.framework/Versions/A/CFOpenDirectory
0x000000000c88d000 	/System/Library/Frameworks/SecurityFoundation.framework/Versions/A/SecurityFoundation
0x000000000c88d000 	/System/Library/PrivateFrameworks/LanguageModeling.framework/Versions/A/LanguageModeling
0x000000000c88d000 	/usr/lib/libcmph.dylib
0x000000000c88d000 	/System/Library/Frameworks/ServiceManagement.framework/Versions/A/ServiceManagement
0x000000000c88d000 	/usr/lib/libxslt.1.dylib
0x000000000c88d000 	/System/Library/Frameworks/Carbon.framework/Versions/A/Frameworks/Ink.framework/Versions/A/Ink
0x000000000c88d000 	/System/Library/Frameworks/QuartzCore.framework/Versions/A/Frameworks/CoreImage.framework/Versions/A/CoreImage
0x000000000c88d000 	/System/Library/PrivateFrameworks/CrashReporterSupport.framework/Versions/A/CrashReporterSupport
0x000000000c88d000 	/System/Library/Frameworks/OpenCL.framework/Versions/A/OpenCL
0x000000000c88d000 	/System/Library/PrivateFrameworks/FaceCore.framework/Versions/A/FaceCore
0x000000000c88d000 	/System/Library/PrivateFrameworks/Ubiquity.framework/Versions/A/Ubiquity
0x000000000c88d000 	/System/Library/PrivateFrameworks/IconServices.framework/Versions/A/IconServices
0x000000000c88d000 	/System/Library/PrivateFrameworks/ChunkingLibrary.framework/Versions/A/ChunkingLibrary
0x000000000c88d000 	/System/Library/PrivateFrameworks/Apple80211.framework/Versions/A/Apple80211
0x000000000c88d000 	/System/Library/Frameworks/CoreWLAN.framework/Versions/A/CoreWLAN
0x000000000c88d000 	/System/Library/Frameworks/IOBluetooth.framework/Versions/A/IOBluetooth
0x000000000c88d000 	/System/Library/PrivateFrameworks/CoreWiFi.framework/Versions/A/CoreWiFi
0x000000000c88d000 	/System/Library/Frameworks/CoreBluetooth.framework/Versions/A/CoreBluetooth
0x000000000c88d000 	/System/Library/PrivateFrameworks/DebugSymbols.framework/Versions/A/DebugSymbols
0x000000000c88d000 	/System/Library/PrivateFrameworks/CoreSymbolication.framework/Versions/A/CoreSymbolication
0x000000000c88d000 	/System/Library/PrivateFrameworks/Symbolication.framework/Versions/A/Symbolication
0x000000000c88d000 	/System/Library/PrivateFrameworks/SpeechRecognitionCore.framework/Versions/A/SpeechRecognitionCore
0x0000000101000000 	/Library/Java/JavaVirtualMachines/jdk1.7.0_17.jdk/Contents/Home/jre/lib/server/libjvm.dylib
0x000000000c88d000 	/usr/lib/libstdc++.6.dylib
0x0000000100777000 	/Library/Java/JavaVirtualMachines/jdk1.7.0_17.jdk/Contents/Home/jre/lib/libverify.dylib
0x0000000100784000 	/Library/Java/JavaVirtualMachines/jdk1.7.0_17.jdk/Contents/Home/jre/lib/libjava.dylib
0x00000001007be000 	/Library/Java/JavaVirtualMachines/jdk1.7.0_17.jdk/Contents/Home/jre/lib/libzip.dylib
0x00000001051ef000 	/System/Library/Frameworks/JavaVM.framework/Frameworks/JavaRuntimeSupport.framework/JavaRuntimeSupport
0x0000000105207000 	/System/Library/Frameworks/JavaVM.framework/Versions/A/Frameworks/JavaNativeFoundation.framework/Versions/A/JavaNativeFoundation
0x00000001007f2000 	/System/Library/Frameworks/JavaVM.framework/Versions/A/JavaVM
0x000000000c88d000 	/System/Library/Frameworks/Carbon.framework/Versions/A/Carbon
0x000000010521c000 	/System/Library/PrivateFrameworks/JavaLaunching.framework/Versions/A/JavaLaunching
0x000000000c88d000 	/System/Library/Frameworks/Carbon.framework/Versions/A/Frameworks/CommonPanels.framework/Versions/A/CommonPanels
0x000000000c88d000 	/System/Library/Frameworks/Carbon.framework/Versions/A/Frameworks/Help.framework/Versions/A/Help
0x000000000c88d000 	/System/Library/Frameworks/Carbon.framework/Versions/A/Frameworks/ImageCapture.framework/Versions/A/ImageCapture
0x000000000c88d000 	/System/Library/Frameworks/Carbon.framework/Versions/A/Frameworks/OpenScripting.framework/Versions/A/OpenScripting
0x000000000c88d000 	/System/Library/Frameworks/Carbon.framework/Versions/A/Frameworks/Print.framework/Versions/A/Print
0x000000000c88d000 	/System/Library/Frameworks/Carbon.framework/Versions/A/Frameworks/SecurityHI.framework/Versions/A/SecurityHI
0x000000010705c000 	/Library/Java/JavaVirtualMachines/jdk1.7.0_17.jdk/Contents/Home/jre/lib/libawt.dylib
0x000000010710b000 	/Library/Java/JavaVirtualMachines/jdk1.7.0_17.jdk/Contents/Home/jre/lib/./libmlib_image.dylib
0x00000001071d7000 	/Library/Java/JavaVirtualMachines/jdk1.7.0_17.jdk/Contents/Home/jre/lib/lwawt/liblwawt.dylib
0x0000000107289000 	/Library/Java/JavaVirtualMachines/jdk1.7.0_17.jdk/Contents/Home/jre/lib/libosxapp.dylib
0x000000000c88d000 	/System/Library/Frameworks/ExceptionHandling.framework/Versions/A/ExceptionHandling
0x000000000c88d000 	/System/Library/PrivateFrameworks/CoreServicesInternal.framework/Versions/A/CoreServicesInternal
0x000000000c88d000 	/System/Library/PrivateFrameworks/CloudDocs.framework/Versions/A/CloudDocs
0x000000000c88d000 	/System/Library/PrivateFrameworks/CoreDuet.framework/Versions/A/CoreDuet
0x000000000c88d000 	/System/Library/Frameworks/CloudKit.framework/Versions/A/CloudKit
0x000000000c88d000 	/System/Library/PrivateFrameworks/ProtocolBuffer.framework/Versions/A/ProtocolBuffer
0x000000000c88d000 	/System/Library/PrivateFrameworks/CoreDuetDaemonProtocol.framework/Versions/A/CoreDuetDaemonProtocol
0x000000000c88d000 	/System/Library/PrivateFrameworks/CoreDuetDebugLogging.framework/Versions/A/CoreDuetDebugLogging
0x000000000c88d000 	/System/Library/PrivateFrameworks/MMCS.framework/Versions/A/MMCS
0x000000000c88d000 	/System/Library/Frameworks/CoreLocation.framework/Versions/A/CoreLocation
0x000000000c88d000 	/System/Library/PrivateFrameworks/ProtectedCloudStorage.framework/Versions/A/ProtectedCloudStorage
0x000000000c88d000 	/System/Library/PrivateFrameworks/GeoServices.framework/Versions/A/GeoServices
0x000000000c88d000 	/System/Library/Frameworks/CoreGraphics.framework/Versions/A/Resources/libCGCMS.A.dylib
0x000000000c88d000 	/System/Library/Frameworks/CoreGraphics.framework/Versions/A/Resources/libRIP.A.dylib
0x000000000c88d000 	/System/Library/Frameworks/CoreGraphics.framework/Versions/A/Resources/libCGXType.A.dylib
0x000000000c88d000 	/System/Library/Frameworks/OpenCL.framework/Versions/A/Libraries/libcldcpuengine.dylib
0x000000000c88d000 	/System/Library/PrivateFrameworks/DiskImages.framework/Versions/A/DiskImages
0x000000000c88d000 	/System/Library/Frameworks/DiscRecording.framework/Versions/A/DiscRecording
0x000000000c88d000 	/usr/lib/libcsfde.dylib
0x000000000c88d000 	/usr/lib/libcurl.4.dylib
0x000000000c88d000 	/System/Library/PrivateFrameworks/MediaKit.framework/Versions/A/MediaKit
0x000000000c88d000 	/usr/lib/libCoreStorage.dylib
0x000000000c88d000 	/System/Library/PrivateFrameworks/EFILogin.framework/Versions/A/EFILogin
0x000000000c88d000 	/usr/lib/libutil.dylib
0x000000000c88d000 	/System/Library/PrivateFrameworks/FindMyDevice.framework/Versions/A/FindMyDevice
0x000000000c88d000 	/System/Library/Frameworks/LDAP.framework/Versions/A/LDAP
0x000000000c88d000 	/usr/lib/libsasl2.2.dylib
0x000000000c88d000 	/System/Library/PrivateFrameworks/CoreDaemon.framework/Versions/B/CoreDaemon
0x000000000c88d000 	/usr/lib/libcrypto.0.9.8.dylib
0x000000000c88d000 	/System/Library/PrivateFrameworks/AppleSRP.framework/Versions/A/AppleSRP
0x000000000c88d000 	/System/Library/PrivateFrameworks/TrustEvaluationAgent.framework/Versions/A/TrustEvaluationAgent
0x000000010a00a000 	cl_kernels
0x000000010a00c000 	/System/Library/Frameworks/OpenCL.framework/Versions/A/Libraries/ImageFormats/unorm8_bgra.dylib
0x0000000109ffb000 	cl_kernels
0x000000000c88d000 	/System/Library/PrivateFrameworks/FamilyControls.framework/Versions/A/FamilyControls
0x000000000c88d000 	/System/Library/PrivateFrameworks/CommerceKit.framework/Versions/A/Frameworks/CommerceCore.framework/Versions/A/CommerceCore
0x000000000c88d000 	/System/Library/PrivateFrameworks/SystemAdministration.framework/Versions/A/SystemAdministration
0x000000000c88d000 	/System/Library/PrivateFrameworks/AppContainer.framework/Versions/A/AppContainer
0x000000000c88d000 	/System/Library/PrivateFrameworks/SecCodeWrapper.framework/Versions/A/SecCodeWrapper
0x000000000c88d000 	/System/Library/Frameworks/DirectoryService.framework/Versions/A/DirectoryService
0x000000000c88d000 	/System/Library/PrivateFrameworks/LoginUIKit.framework/Versions/A/Frameworks/LoginUICore.framework/Versions/A/LoginUICore
0x000000000c88d000 	/usr/lib/libodfde.dylib
0x000000010b252000 	/Library/Java/JavaVirtualMachines/jdk1.7.0_17.jdk/Contents/Home/jre/lib/libfontmanager.dylib
0x000000010b29e000 	/Users/William/Documents/workspace/FRESHSTART/lib/natives/macosx/liblwjgl.dylib
0x0000000109541000 	/Library/Java/JavaVirtualMachines/jdk1.7.0_17.jdk/Contents/Home/jre/lib/libjawt.dylib
0x000000000c88d000 	/System/Library/Frameworks/OpenGL.framework/Versions/A/Resources/GLEngine.bundle/GLEngine
0x000000000c88d000 	/System/Library/Frameworks/OpenGL.framework/Versions/A/Libraries/libGLProgrammability.dylib
0x0000000000000000 	/System/Library/Extensions/AppleIntelHD4000GraphicsGLDriver.bundle/Contents/MacOS/AppleIntelHD4000GraphicsGLDriver
0x000000000c88d000 	/System/Library/PrivateFrameworks/IOAccelerator.framework/Versions/A/IOAccelerator
0x000000000c88d000 	/System/Library/PrivateFrameworks/GPUSupport.framework/Versions/A/Libraries/libGPUSupportMercury.dylib
0x000000000c88d000 	/System/Library/Frameworks/OpenGL.framework/Versions/A/Resources/GLRendererFloat.bundle/GLRendererFloat
0x000000010ba81000 	/Library/Java/JavaVirtualMachines/jdk1.7.0_17.jdk/Contents/Home/jre/lib/libnio.dylib
0x000000010ba90000 	/Library/Java/JavaVirtualMachines/jdk1.7.0_17.jdk/Contents/Home/jre/lib/./libnet.dylib

VM Arguments:
jvm_args: -Djava.library.path=/Users/William/Documents/workspace/FRESHSTART/lib/natives/macosx -Dfile.encoding=US-ASCII 
java_command: Pacman
Launcher Type: SUN_STANDARD

Environment Variables:
PATH=/usr/bin:/bin:/usr/sbin:/sbin
SHELL=/bin/bash
DISPLAY=/private/tmp/com.apple.launchd.YnIaJSoBb3/org.macosforge.xquartz:0

Signal Handlers:
SIGSEGV: [libjvm.dylib+0x4a361d], sa_mask[0]=0xfffefeff, sa_flags=0x00000042
SIGBUS: [libjvm.dylib+0x4a361d], sa_mask[0]=0xfffefeff, sa_flags=0x00000042
SIGFPE: [libjvm.dylib+0x3b302d], sa_mask[0]=0xfffefeff, sa_flags=0x00000042
SIGPIPE: [libjvm.dylib+0x3b302d], sa_mask[0]=0xfffefeff, sa_flags=0x00000042
SIGXFSZ: [libjvm.dylib+0x3b302d], sa_mask[0]=0xfffefeff, sa_flags=0x00000042
SIGILL: [libjvm.dylib+0x3b302d], sa_mask[0]=0xfffefeff, sa_flags=0x00000042
SIGUSR1: SIG_DFL, sa_mask[0]=0x00000000, sa_flags=0x00000000
SIGUSR2: [libjvm.dylib+0x3b2bc6], sa_mask[0]=0x00000004, sa_flags=0x00000042
SIGHUP: [libjvm.dylib+0x3b0e27], sa_mask[0]=0xfffefeff, sa_flags=0x00000042
SIGINT: [libjvm.dylib+0x3b0e27], sa_mask[0]=0xfffefeff, sa_flags=0x00000042
SIGTERM: [libjvm.dylib+0x3b0e27], sa_mask[0]=0xfffefeff, sa_flags=0x00000042
SIGQUIT: [libjvm.dylib+0x3b0e27], sa_mask[0]=0xfffefeff, sa_flags=0x00000042


---------------  S Y S T E M  ---------------

OS:Bsduname:Darwin 14.3.0 Darwin Kernel Version 14.3.0: Mon Mar 23 11:59:05 PDT 2015; root:xnu-2782.20.48~5/RELEASE_X86_64 x86_64
rlimit: STACK 8192k, CORE 0k, NPROC 709, NOFILE 10240, AS infinity
load average:1.44 1.73 4.67

CPU:total 4 (2 cores per cpu, 2 threads per core) family 6 model 58 stepping 9, cmov, cx8, fxsr, mmx, sse, sse2, sse3, ssse3, sse4.1, sse4.2, popcnt, avx, ht, tsc, tscinvbit, tscinv

Memory: 4k page, physical 1036308k(259077k free)

/proc/meminfo:


vm_info: Java HotSpot(TM) 64-Bit Server VM (23.7-b01) for bsd-amd64 JRE (1.7.0_17-b02), built on Mar  1 2013 06:41:23 by "java_re" with gcc 4.2.1 (Based on Apple Inc. build 5658) (LLVM build 2336.11.00)

time: Thu May 28 09:00:04 2015
elapsed time: 12 seconds

