#
# A fatal error has been detected by the Java Runtime Environment:
#
#  SIGSEGV (0xb) at pc=0x00007fff8525f0dd, pid=10623, tid=1299
#
# JRE version: 7.0_17-b02
# Java VM: Java HotSpot(TM) 64-Bit Server VM (23.7-b01 mixed mode bsd-amd64 compressed oops)
# Problematic frame:
# C  [libobjc.A.dylib+0x10dd]  objc_msgSend+0x1d
#
# Failed to write core dump. Core dumps have been disabled. To enable core dumping, try "ulimit -c unlimited" before starting Java again
#
# If you would like to submit a bug report, please visit:
#   http://bugreport.sun.com/bugreport/crash.jsp
# The crash happened outside the Java Virtual Machine in native code.
# See problematic frame for where to report the bug.
#

---------------  T H R E A D  ---------------

Current thread (0x00007fcd23806000):  JavaThread "AppKit Thread" daemon [_thread_in_native, id=1299, stack(0x00007fff56b7a000,0x00007fff56bfa000)]

siginfo:si_signo=SIGSEGV: si_errno=0, si_code=1 (SEGV_MAPERR), si_addr=0x000007fcd22c42a8

Registers:
RAX=0x00007fcd22c44710, RBX=0x00007fff56bf5818, RCX=0x0000000000000000, RDX=0x00007fcd22fa8530
RSP=0x00007fff56bf5638, RBP=0x00007fff56bf5640, RSI=0x00007fff91ec22b4, RDI=0x00007fcd22c44710
R8 =0x00007fff56bf5620, R9 =0x0000000000000055, R10=0x00007fff91ec22b4, R11=0x000007fcd22c4290
R12=0x00007fcd22d2edd0, R13=0x00000000000f42ea, R14=0x00007fcd2530c000, R15=0x00007fff56bf5778
RIP=0x00007fff8525f0dd, EFLAGS=0x0000000000010206, ERR=0x0000000000000004
  TRAPNO=0x000000000000000e

Top of Stack: (sp=0x00007fff56bf5638)
0x00007fff56bf5638:   00007fff8f6a8cdc 00007fff56bf59a0
0x00007fff56bf5648:   00007fff8f59a244 00007fff56bf56cc
0x00007fff56bf5658:   00007fff56bf56d0 00007fff56bf56d4
0x00007fff56bf5668:   00007fff74799c88 ffffffffffffffff
0x00007fff56bf5678:   00000000000007f8 00007fff74799ca0
0x00007fff56bf5688:   00007fcd2530c000 0000000000000000
0x00007fff56bf5698:   00007fff56bf5770 0000000000000000
0x00007fff56bf56a8:   00007fcd22f85750 00007fff56bf57f0
0x00007fff56bf56b8:   0000000000000055 00000000000f42ec
0x00007fff56bf56c8:   00007fcd22fa8530 00007fcd22f8a380
0x00007fff56bf56d8:   00007fcd22d2edd0 0000000000000001
0x00007fff56bf56e8:   00000000000f42ea 00007fcd22d2edc0
0x00007fff56bf56f8:   00007fff8ad2d7ba 0000000122fa7180
0x00007fff56bf5708:   00007fff752fa0d0 0000000042000000
0x00007fff56bf5718:   00007fff8ad35e13 00007fff747641d0
0x00007fff56bf5728:   00007fff56bf57f8 0000000000000000
0x00007fff56bf5738:   00007fff739038c8 0000000000000000
0x00007fff56bf5748:   0000000000000011 00051d0300000001
0x00007fff56bf5758:   00007fcd22d2edf4 0000000000000000
0x00007fff56bf5768:   00000000003da501 00007fcd22f857d0
0x00007fff56bf5778:   00007fcd2530c000 0000000000000000
0x00007fff56bf5788:   00007fff91efa34c 00007fff56bf5830
0x00007fff56bf5798:   00007fff92e10513 00007fff56bf5814
0x00007fff56bf57a8:   00000000003da601 00000000ffffffff
0x00007fff56bf57b8:   00007fff739038c8 00000000003da600
0x00007fff56bf57c8:   00007fff00000000 00007fff56bf58c0
0x00007fff56bf57d8:   00007fff838b4edc 00007fff739038e8
0x00007fff56bf57e8:   00007fff91efa34c 0000000000000051
0x00007fff56bf57f8:   0000000000000000 00000000000f42e2
0x00007fff56bf5808:   0000000000000053 0000000000000000
0x00007fff56bf5818:   00000000000f42ea 00007fff56bf5894
0x00007fff56bf5828:   00000000003db101 00000000ffffffff 

Instructions: (pc=0x00007fff8525f0dd)
0x00007fff8525f0bd:   00 00 00 48 85 ff 2e 74 7a 40 f6 c7 01 2e 75 7e
0x00007fff8525f0cd:   49 bb f8 ff ff ff ff 7f 00 00 4c 23 1f 49 89 f2
0x00007fff8525f0dd:   45 23 53 18 49 c1 e2 04 4d 03 53 10 49 3b 32 75
0x00007fff8525f0ed:   04 41 ff 62 08 49 83 3a 00 74 6a 4d 3b 53 10 74 

Register to memory mapping:

RAX=0x00007fcd22c44710 is an unknown value
RBX=0x00007fff56bf5818 is pointing into the stack for thread: 0x00007fcd23806000
RCX=0x0000000000000000 is an unknown value
RDX=0x00007fcd22fa8530 is an unknown value
RSP=0x00007fff56bf5638 is pointing into the stack for thread: 0x00007fcd23806000
RBP=0x00007fff56bf5640 is pointing into the stack for thread: 0x00007fcd23806000
RSI=0x00007fff91ec22b4: -[NSTitlebarContainerView shouldRoundCorners]+0x5ced6 in /System/Library/Frameworks/AppKit.framework/Versions/C/AppKit at 0x00007fff914f1000
RDI=0x00007fcd22c44710 is an unknown value
R8 =0x00007fff56bf5620 is pointing into the stack for thread: 0x00007fcd23806000
R9 =0x0000000000000055 is an unknown value
R10=0x00007fff91ec22b4: -[NSTitlebarContainerView shouldRoundCorners]+0x5ced6 in /System/Library/Frameworks/AppKit.framework/Versions/C/AppKit at 0x00007fff914f1000
R11=0x000007fcd22c4290 is an unknown value
R12=0x00007fcd22d2edd0 is an unknown value
R13=0x00000000000f42ea is an unknown value
R14=0x00007fcd2530c000 is an unknown value
R15=0x00007fff56bf5778 is pointing into the stack for thread: 0x00007fcd23806000


Stack: [0x00007fff56b7a000,0x00007fff56bfa000],  sp=0x00007fff56bf5638,  free space=493k
Native frames: (J=compiled Java code, j=interpreted, Vv=VM code, C=native code)
C  [libobjc.A.dylib+0x10dd]  objc_msgSend+0x1d
C  [CoreFoundation+0x10244]  _CFXNotificationPost+0xc44
C  [Foundation+0x2c31]  -[NSNotificationCenter postNotificationName:object:userInfo:]+0x42
C  [AppKit+0xdd776]  -[NSSurface _disposeSurface]+0x98
C  [AppKit+0xdd1da]  -[NSSurface setWindow:]+0x42
C  [AppKit+0x3b9ef]  -[NSView _setWindow:]+0xa22
C  [AppKit+0x3cc22]  -[NSView removeFromSuperview]+0x1c5
C  [AppKit+0x9140a]  -[NSView removeFromSuperviewWithoutNeedingDisplay]+0x26
C  [liblwjgl.dylib+0xa205]  +[MacOSXKeyableWindow destroyWindow]+0xb5
C  [Foundation+0x65cdc]  __NSThreadPerformPerform+0x125
C  [CoreFoundation+0x80681]  __CFRUNLOOP_IS_CALLING_OUT_TO_A_SOURCE0_PERFORM_FUNCTION__+0x11
C  [CoreFoundation+0x7280d]  __CFRunLoopDoSources0+0x10d
C  [CoreFoundation+0x71e3f]  __CFRunLoopRun+0x39f
C  [CoreFoundation+0x71858]  CFRunLoopRunSpecific+0x128
C  [HIToolbox+0x2eaef]  RunCurrentEventLoopInMode+0xeb
C  [HIToolbox+0x2e86a]  ReceiveNextEventCommon+0x1af
C  [HIToolbox+0x2e6ab]  _BlockUntilNextEventMatchingListInModeWithFilter+0x47
C  [AppKit+0x23f81]  _DPSNextEvent+0x3c4
C  [AppKit+0x23730]  -[NSApplication nextEventMatchingMask:untilDate:inMode:dequeue:]+0xc2
C  [libosxapp.dylib+0x1b56]  -[NSApplicationAWT nextEventMatchingMask:untilDate:inMode:dequeue:]+0x7c
C  [AppKit+0x17593]  -[NSApplication run]+0x252
C  [libosxapp.dylib+0x19b9]  +[NSApplicationAWT runAWTLoopWithApp:]+0x9c
C  [liblwawt.dylib+0xd81a]  -[AWTStarter starter:]+0x637
C  [Foundation+0x65cdc]  __NSThreadPerformPerform+0x125
C  [CoreFoundation+0x80681]  __CFRUNLOOP_IS_CALLING_OUT_TO_A_SOURCE0_PERFORM_FUNCTION__+0x11
C  [CoreFoundation+0x7280d]  __CFRunLoopDoSources0+0x10d
C  [CoreFoundation+0x71e3f]  __CFRunLoopRun+0x39f
C  [CoreFoundation+0x71858]  CFRunLoopRunSpecific+0x128
C  [java+0x742d]  CreateExecutionEnvironment+0x367
C  [java+0x1bdc]  JLI_Launch+0x7a0
C  [java+0x778a]  main+0x65
C  [java+0x1434]  start+0x34


---------------  P R O C E S S  ---------------

Java Threads: ( => current thread )
  0x00007fcd2383b000 JavaThread "AWT-Shutdown" [_thread_blocked, id=15367, stack(0x000000010fc92000,0x000000010fd92000)]
=>0x00007fcd23806000 JavaThread "AppKit Thread" daemon [_thread_in_native, id=1299, stack(0x00007fff56b7a000,0x00007fff56bfa000)]
  0x00007fcd24812000 JavaThread "Service Thread" daemon [_thread_blocked, id=13827, stack(0x000000010f7ff000,0x000000010f8ff000)]
  0x00007fcd24809800 JavaThread "C2 CompilerThread1" daemon [_thread_blocked, id=13571, stack(0x000000010f6fc000,0x000000010f7fc000)]
  0x00007fcd24042800 JavaThread "C2 CompilerThread0" daemon [_thread_blocked, id=13319, stack(0x000000010f5f9000,0x000000010f6f9000)]
  0x00007fcd23013000 JavaThread "Signal Dispatcher" daemon [_thread_blocked, id=13091, stack(0x000000010f4f6000,0x000000010f5f6000)]
  0x00007fcd24041000 JavaThread "Finalizer" daemon [_thread_blocked, id=8707, stack(0x000000010dbb0000,0x000000010dcb0000)]
  0x00007fcd24040800 JavaThread "Reference Handler" daemon [_thread_blocked, id=8451, stack(0x000000010daad000,0x000000010dbad000)]
  0x00007fcd23807000 JavaThread "main" [_thread_in_native, id=4355, stack(0x000000010a4a8000,0x000000010a5a8000)]

Other Threads:
  0x00007fcd2403e000 VMThread [stack: 0x000000010d9aa000,0x000000010daaa000] [id=8195]
  0x00007fcd2480b000 WatcherThread [stack: 0x000000010f902000,0x000000010fa02000] [id=14083]

VM state:not at safepoint (normal execution)

VM Mutex/Monitor currently owned by a thread: None

Heap
 def new generation   total 5696K, used 645K [0x00000007e8600000, 0x00000007e8c20000, 0x00000007ee8a0000)
  eden space 5120K,  11% used [0x00000007e8600000, 0x00000007e8692c68, 0x00000007e8b00000)
  from space 576K,  10% used [0x00000007e8b90000, 0x00000007e8b9eb00, 0x00000007e8c20000)
  to   space 576K,   0% used [0x00000007e8b00000, 0x00000007e8b00000, 0x00000007e8b90000)
 tenured generation   total 12672K, used 1723K [0x00000007ee8a0000, 0x00000007ef500000, 0x00000007fae00000)
   the space 12672K,  13% used [0x00000007ee8a0000, 0x00000007eea4ec78, 0x00000007eea4ee00, 0x00000007ef500000)
 compacting perm gen  total 21248K, used 5956K [0x00000007fae00000, 0x00000007fc2c0000, 0x0000000800000000)
   the space 21248K,  28% used [0x00000007fae00000, 0x00000007fb3d13d8, 0x00000007fb3d1400, 0x00000007fc2c0000)
No shared spaces configured.

Card table byte_map: [0x000000010d66a000,0x000000010d728000] byte_map_base: 0x0000000109727000

Polling page: 0x0000000109155000

Code Cache  [0x000000010a5aa000, 0x000000010a81a000, 0x000000010d5aa000)
 total_blobs=401 nmethods=93 adapters=261 free_code_cache=48567Kb largest_free_block=49715712

Compilation events (10 events):
Event: 14.463 Thread 0x00007fcd24042800   88             java.io.BufferedWriter::ensureOpen (18 bytes)
Event: 14.464 Thread 0x00007fcd24809800   89   !         java.io.BufferedWriter::write (117 bytes)
Event: 14.464 Thread 0x00007fcd24042800 nmethod 88 0x000000010a6329d0 code [0x000000010a632b00, 0x000000010a632b78]
Event: 14.469 Thread 0x00007fcd24809800 nmethod 89 0x000000010a63d890 code [0x000000010a63da00, 0x000000010a63e0e8]
Event: 15.151 Thread 0x00007fcd24042800   90             java.lang.String::<init> (67 bytes)
Event: 15.154 Thread 0x00007fcd24042800 nmethod 90 0x000000010a63d310 code [0x000000010a63d460, 0x000000010a63d6f8]
Event: 15.203 Thread 0x00007fcd24809800   91             java.nio.Buffer::flip (20 bytes)
Event: 15.203 Thread 0x00007fcd24809800 nmethod 91 0x000000010a63e8d0 code [0x000000010a63ea00, 0x000000010a63ea78]
Event: 18.610 Thread 0x00007fcd24042800   92             java.nio.Bits::byteOrder (20 bytes)
Event: 18.610 Thread 0x00007fcd24042800 nmethod 92 0x000000010a63e6d0 code [0x000000010a63e800, 0x000000010a63e858]

GC Heap History (10 events):
Event: 18.401 GC heap before
{Heap before GC invocations=134 (full 0):
 def new generation   total 5696K, used 4671K [0x00000007e8600000, 0x00000007e8c20000, 0x00000007ee8a0000)
  eden space 5120K,  90% used [0x00000007e8600000, 0x00000007e8a81080, 0x00000007e8b00000)
  from space 576K,  10% used [0x00000007e8b00000, 0x00000007e8b0eb90, 0x00000007e8b90000)
  to   space 576K,   0% used [0x00000007e8b90000, 0x00000007e8b90000, 0x00000007e8c20000)
 tenured generation   total 12672K, used 1708K [0x00000007ee8a0000, 0x00000007ef500000, 0x00000007fae00000)
   the space 12672K,  13% used [0x00000007ee8a0000, 0x00000007eea4b038, 0x00000007eea4b200, 0x00000007ef500000)
 compacting perm gen  total 21248K, used 5948K [0x00000007fae00000, 0x00000007fc2c0000, 0x0000000800000000)
   the space 21248K,  27% used [0x00000007fae00000, 0x00000007fb3cf118, 0x00000007fb3cf200, 0x00000007fc2c0000)
No shared spaces configured.
Event: 18.402 GC heap after
Heap after GC invocations=135 (full 0):
 def new generation   total 5696K, used 58K [0x00000007e8600000, 0x00000007e8c20000, 0x00000007ee8a0000)
  eden space 5120K,   0% used [0x00000007e8600000, 0x00000007e8600000, 0x00000007e8b00000)
  from space 576K,  10% used [0x00000007e8b90000, 0x00000007e8b9eb90, 0x00000007e8c20000)
  to   space 576K,   0% used [0x00000007e8b00000, 0x00000007e8b00000, 0x00000007e8b90000)
 tenured generation   total 12672K, used 1711K [0x00000007ee8a0000, 0x00000007ef500000, 0x00000007fae00000)
   the space 12672K,  13% used [0x00000007ee8a0000, 0x00000007eea4bc58, 0x00000007eea4be00, 0x00000007ef500000)
 compacting perm gen  total 21248K, used 5948K [0x00000007fae00000, 0x00000007fc2c0000, 0x0000000800000000)
   the space 21248K,  27% used [0x00000007fae00000, 0x00000007fb3cf118, 0x00000007fb3cf200, 0x00000007fc2c0000)
No shared spaces configured.
}
Event: 18.544 GC heap before
{Heap before GC invocations=135 (full 0):
 def new generation   total 5696K, used 4671K [0x00000007e8600000, 0x00000007e8c20000, 0x00000007ee8a0000)
  eden space 5120K,  90% used [0x00000007e8600000, 0x00000007e8a81080, 0x00000007e8b00000)
  from space 576K,  10% used [0x00000007e8b90000, 0x00000007e8b9eb90, 0x00000007e8c20000)
  to   space 576K,   0% used [0x00000007e8b00000, 0x00000007e8b00000, 0x00000007e8b90000)
 tenured generation   total 12672K, used 1711K [0x00000007ee8a0000, 0x00000007ef500000, 0x00000007fae00000)
   the space 12672K,  13% used [0x00000007ee8a0000, 0x00000007eea4bc58, 0x00000007eea4be00, 0x00000007ef500000)
 compacting perm gen  total 21248K, used 5949K [0x00000007fae00000, 0x00000007fc2c0000, 0x0000000800000000)
   the space 21248K,  27% used [0x00000007fae00000, 0x00000007fb3cf578, 0x00000007fb3cf600, 0x00000007fc2c0000)
No shared spaces configured.
Event: 18.544 GC heap after
Heap after GC invocations=136 (full 0):
 def new generation   total 5696K, used 58K [0x00000007e8600000, 0x00000007e8c20000, 0x00000007ee8a0000)
  eden space 5120K,   0% used [0x00000007e8600000, 0x00000007e8600000, 0x00000007e8b00000)
  from space 576K,  10% used [0x00000007e8b00000, 0x00000007e8b0eb90, 0x00000007e8b90000)
  to   space 576K,   0% used [0x00000007e8b90000, 0x00000007e8b90000, 0x00000007e8c20000)
 tenured generation   total 12672K, used 1714K [0x00000007ee8a0000, 0x00000007ef500000, 0x00000007fae00000)
   the space 12672K,  13% used [0x00000007ee8a0000, 0x00000007eea4c848, 0x00000007eea4ca00, 0x00000007ef500000)
 compacting perm gen  total 21248K, used 5949K [0x00000007fae00000, 0x00000007fc2c0000, 0x0000000800000000)
   the space 21248K,  27% used [0x00000007fae00000, 0x00000007fb3cf578, 0x00000007fb3cf600, 0x00000007fc2c0000)
No shared spaces configured.
}
Event: 18.668 GC heap before
{Heap before GC invocations=136 (full 0):
 def new generation   total 5696K, used 4671K [0x00000007e8600000, 0x00000007e8c20000, 0x00000007ee8a0000)
  eden space 5120K,  90% used [0x00000007e8600000, 0x00000007e8a81080, 0x00000007e8b00000)
  from space 576K,  10% used [0x00000007e8b00000, 0x00000007e8b0eb90, 0x00000007e8b90000)
  to   space 576K,   0% used [0x00000007e8b90000, 0x00000007e8b90000, 0x00000007e8c20000)
 tenured generation   total 12672K, used 1714K [0x00000007ee8a0000, 0x00000007ef500000, 0x00000007fae00000)
   the space 12672K,  13% used [0x00000007ee8a0000, 0x00000007eea4c848, 0x00000007eea4ca00, 0x00000007ef500000)
 compacting perm gen  total 21248K, used 5949K [0x00000007fae00000, 0x00000007fc2c0000, 0x0000000800000000)
   the space 21248K,  28% used [0x00000007fae00000, 0x00000007fb3cf618, 0x00000007fb3cf800, 0x00000007fc2c0000)
No shared spaces configured.
Event: 18.669 GC heap after
Heap after GC invocations=137 (full 0):
 def new generation   total 5696K, used 58K [0x00000007e8600000, 0x00000007e8c20000, 0x00000007ee8a0000)
  eden space 5120K,   0% used [0x00000007e8600000, 0x00000007e8600000, 0x00000007e8b00000)
  from space 576K,  10% used [0x00000007e8b90000, 0x00000007e8b9eb90, 0x00000007e8c20000)
  to   space 576K,   0% used [0x00000007e8b00000, 0x00000007e8b00000, 0x00000007e8b90000)
 tenured generation   total 12672K, used 1717K [0x00000007ee8a0000, 0x00000007ef500000, 0x00000007fae00000)
   the space 12672K,  13% used [0x00000007ee8a0000, 0x00000007eea4d468, 0x00000007eea4d600, 0x00000007ef500000)
 compacting perm gen  total 21248K, used 5949K [0x00000007fae00000, 0x00000007fc2c0000, 0x0000000800000000)
   the space 21248K,  28% used [0x00000007fae00000, 0x00000007fb3cf618, 0x00000007fb3cf800, 0x00000007fc2c0000)
No shared spaces configured.
}
Event: 18.801 GC heap before
{Heap before GC invocations=137 (full 0):
 def new generation   total 5696K, used 4668K [0x00000007e8600000, 0x00000007e8c20000, 0x00000007ee8a0000)
  eden space 5120K,  90% used [0x00000007e8600000, 0x00000007e8a80868, 0x00000007e8b00000)
  from space 576K,  10% used [0x00000007e8b90000, 0x00000007e8b9eb90, 0x00000007e8c20000)
  to   space 576K,   0% used [0x00000007e8b00000, 0x00000007e8b00000, 0x00000007e8b90000)
 tenured generation   total 12672K, used 1717K [0x00000007ee8a0000, 0x00000007ef500000, 0x00000007fae00000)
   the space 12672K,  13% used [0x00000007ee8a0000, 0x00000007eea4d468, 0x00000007eea4d600, 0x00000007ef500000)
 compacting perm gen  total 21248K, used 5949K [0x00000007fae00000, 0x00000007fc2c0000, 0x0000000800000000)
   the space 21248K,  28% used [0x00000007fae00000, 0x00000007fb3cf618, 0x00000007fb3cf800, 0x00000007fc2c0000)
No shared spaces configured.
Event: 18.802 GC heap after
Heap after GC invocations=138 (full 0):
 def new generation   total 5696K, used 58K [0x00000007e8600000, 0x00000007e8c20000, 0x00000007ee8a0000)
  eden space 5120K,   0% used [0x00000007e8600000, 0x00000007e8600000, 0x00000007e8b00000)
  from space 576K,  10% used [0x00000007e8b00000, 0x00000007e8b0eb30, 0x00000007e8b90000)
  to   space 576K,   0% used [0x00000007e8b90000, 0x00000007e8b90000, 0x00000007e8c20000)
 tenured generation   total 12672K, used 1720K [0x00000007ee8a0000, 0x00000007ef500000, 0x00000007fae00000)
   the space 12672K,  13% used [0x00000007ee8a0000, 0x00000007eea4e088, 0x00000007eea4e200, 0x00000007ef500000)
 compacting perm gen  total 21248K, used 5949K [0x00000007fae00000, 0x00000007fc2c0000, 0x0000000800000000)
   the space 21248K,  28% used [0x00000007fae00000, 0x00000007fb3cf618, 0x00000007fb3cf800, 0x00000007fc2c0000)
No shared spaces configured.
}
Event: 18.942 GC heap before
{Heap before GC invocations=138 (full 0):
 def new generation   total 5696K, used 4668K [0x00000007e8600000, 0x00000007e8c20000, 0x00000007ee8a0000)
  eden space 5120K,  90% used [0x00000007e8600000, 0x00000007e8a80868, 0x00000007e8b00000)
  from space 576K,  10% used [0x00000007e8b00000, 0x00000007e8b0eb30, 0x00000007e8b90000)
  to   space 576K,   0% used [0x00000007e8b90000, 0x00000007e8b90000, 0x00000007e8c20000)
 tenured generation   total 12672K, used 1720K [0x00000007ee8a0000, 0x00000007ef500000, 0x00000007fae00000)
   the space 12672K,  13% used [0x00000007ee8a0000, 0x00000007eea4e088, 0x00000007eea4e200, 0x00000007ef500000)
 compacting perm gen  total 21248K, used 5950K [0x00000007fae00000, 0x00000007fc2c0000, 0x0000000800000000)
   the space 21248K,  28% used [0x00000007fae00000, 0x00000007fb3cfbd0, 0x00000007fb3cfc00, 0x00000007fc2c0000)
No shared spaces configured.
Event: 18.943 GC heap after
Heap after GC invocations=139 (full 0):
 def new generation   total 5696K, used 58K [0x00000007e8600000, 0x00000007e8c20000, 0x00000007ee8a0000)
  eden space 5120K,   0% used [0x00000007e8600000, 0x00000007e8600000, 0x00000007e8b00000)
  from space 576K,  10% used [0x00000007e8b90000, 0x00000007e8b9eb00, 0x00000007e8c20000)
  to   space 576K,   0% used [0x00000007e8b00000, 0x00000007e8b00000, 0x00000007e8b90000)
 tenured generation   total 12672K, used 1723K [0x00000007ee8a0000, 0x00000007ef500000, 0x00000007fae00000)
   the space 12672K,  13% used [0x00000007ee8a0000, 0x00000007eea4ec78, 0x00000007eea4ee00, 0x00000007ef500000)
 compacting perm gen  total 21248K, used 5950K [0x00000007fae00000, 0x00000007fc2c0000, 0x0000000800000000)
   the space 21248K,  28% used [0x00000007fae00000, 0x00000007fb3cfbd0, 0x00000007fb3cfc00, 0x00000007fc2c0000)
No shared spaces configured.
}

Deoptimization events (0 events):
No events

Internal exceptions (10 events):
Event: 0.489 Thread 0x00007fcd23807000 Threw 0x00000007e8a85218 at /HUDSON/workspace/jdk7u17-2-build-macosx-amd64-product/jdk7u17/hotspot/src/share/vm/prims/jvm.cpp:1166
Event: 0.490 Thread 0x00007fcd23807000 Threw 0x00000007e8a8bd50 at /HUDSON/workspace/jdk7u17-2-build-macosx-amd64-product/jdk7u17/hotspot/src/share/vm/prims/jvm.cpp:1166
Event: 0.491 Thread 0x00007fcd23807000 Threw 0x00000007e8a90998 at /HUDSON/workspace/jdk7u17-2-build-macosx-amd64-product/jdk7u17/hotspot/src/share/vm/prims/jvm.cpp:1166
Event: 0.492 Thread 0x00007fcd23807000 Threw 0x00000007e8a97688 at /HUDSON/workspace/jdk7u17-2-build-macosx-amd64-product/jdk7u17/hotspot/src/share/vm/prims/jvm.cpp:1166
Event: 0.503 Thread 0x00007fcd23807000 Threw 0x00000007e868cd00 at /HUDSON/workspace/jdk7u17-2-build-macosx-amd64-product/jdk7u17/hotspot/src/share/vm/prims/jvm.cpp:1166
Event: 0.505 Thread 0x00007fcd23807000 Threw 0x00000007e869b088 at /HUDSON/workspace/jdk7u17-2-build-macosx-amd64-product/jdk7u17/hotspot/src/share/vm/prims/jvm.cpp:1166
Event: 0.520 Thread 0x00007fcd23807000 Threw 0x00000007e86a1d78 at /HUDSON/workspace/jdk7u17-2-build-macosx-amd64-product/jdk7u17/hotspot/src/share/vm/prims/jvm.cpp:1166
Event: 0.579 Thread 0x00007fcd23807000 Threw 0x00000007e88e98b0 at /HUDSON/workspace/jdk7u17-2-build-macosx-amd64-product/jdk7u17/hotspot/src/share/vm/prims/jvm.cpp:1166
Event: 0.580 Thread 0x00007fcd23807000 Threw 0x00000007e88ee280 at /HUDSON/workspace/jdk7u17-2-build-macosx-amd64-product/jdk7u17/hotspot/src/share/vm/prims/jvm.cpp:1166
Event: 19.111 Thread 0x00007fcd23807000 Threw 0x00000007e868efd0 at /HUDSON/workspace/jdk7u17-2-build-macosx-amd64-product/jdk7u17/hotspot/src/share/vm/prims/jvm.cpp:1166

Events (10 events):
Event: 18.544 Executing VM operation: GenCollectForAllocation
Event: 18.544 Executing VM operation: GenCollectForAllocation done
Event: 18.668 Executing VM operation: GenCollectForAllocation
Event: 18.669 Executing VM operation: GenCollectForAllocation done
Event: 18.801 Executing VM operation: GenCollectForAllocation
Event: 18.802 Executing VM operation: GenCollectForAllocation done
Event: 18.942 Executing VM operation: GenCollectForAllocation
Event: 18.943 Executing VM operation: GenCollectForAllocation done
Event: 19.110 loading class 0x00007fcd22e53840
Event: 19.110 loading class 0x00007fcd22e53840 done


Dynamic libraries:
0x00000000033ff000 	/System/Library/Frameworks/Cocoa.framework/Versions/A/Cocoa
0x00000000033ff000 	/System/Library/Frameworks/Security.framework/Versions/A/Security
0x00000000033ff000 	/System/Library/Frameworks/ApplicationServices.framework/Versions/A/ApplicationServices
0x00000000033ff000 	/usr/lib/libz.1.dylib
0x00000000033ff000 	/usr/lib/libSystem.B.dylib
0x00000000033ff000 	/usr/lib/libobjc.A.dylib
0x00000000033ff000 	/System/Library/Frameworks/CoreFoundation.framework/Versions/A/CoreFoundation
0x00000000033ff000 	/System/Library/Frameworks/AppKit.framework/Versions/C/AppKit
0x00000000033ff000 	/System/Library/Frameworks/CoreData.framework/Versions/A/CoreData
0x00000000033ff000 	/System/Library/Frameworks/Foundation.framework/Versions/C/Foundation
0x00000000033ff000 	/System/Library/PrivateFrameworks/RemoteViewServices.framework/Versions/A/RemoteViewServices
0x00000000033ff000 	/System/Library/PrivateFrameworks/UIFoundation.framework/Versions/A/UIFoundation
0x00000000033ff000 	/System/Library/Frameworks/IOSurface.framework/Versions/A/IOSurface
0x00000000033ff000 	/System/Library/Frameworks/AudioToolbox.framework/Versions/A/AudioToolbox
0x00000000033ff000 	/System/Library/Frameworks/AudioUnit.framework/Versions/A/AudioUnit
0x00000000033ff000 	/System/Library/PrivateFrameworks/DataDetectorsCore.framework/Versions/A/DataDetectorsCore
0x00000000033ff000 	/System/Library/PrivateFrameworks/DesktopServicesPriv.framework/Versions/A/DesktopServicesPriv
0x00000000033ff000 	/System/Library/Frameworks/Carbon.framework/Versions/A/Frameworks/HIToolbox.framework/Versions/A/HIToolbox
0x00000000033ff000 	/System/Library/Frameworks/QuartzCore.framework/Versions/A/QuartzCore
0x00000000033ff000 	/System/Library/Frameworks/Carbon.framework/Versions/A/Frameworks/SpeechRecognition.framework/Versions/A/SpeechRecognition
0x00000000033ff000 	/usr/lib/libauto.dylib
0x00000000033ff000 	/usr/lib/libicucore.A.dylib
0x00000000033ff000 	/usr/lib/libxml2.2.dylib
0x00000000033ff000 	/System/Library/PrivateFrameworks/CoreUI.framework/Versions/A/CoreUI
0x00000000033ff000 	/System/Library/Frameworks/CoreAudio.framework/Versions/A/CoreAudio
0x00000000033ff000 	/System/Library/Frameworks/DiskArbitration.framework/Versions/A/DiskArbitration
0x00000000033ff000 	/usr/lib/liblangid.dylib
0x00000000033ff000 	/System/Library/PrivateFrameworks/MultitouchSupport.framework/Versions/A/MultitouchSupport
0x00000000033ff000 	/System/Library/Frameworks/IOKit.framework/Versions/A/IOKit
0x00000000033ff000 	/usr/lib/libDiagnosticMessagesClient.dylib
0x00000000033ff000 	/System/Library/Frameworks/CoreServices.framework/Versions/A/CoreServices
0x00000000033ff000 	/System/Library/PrivateFrameworks/PerformanceAnalysis.framework/Versions/A/PerformanceAnalysis
0x00000000033ff000 	/System/Library/PrivateFrameworks/GenerationalStorage.framework/Versions/A/GenerationalStorage
0x00000000033ff000 	/System/Library/Frameworks/OpenGL.framework/Versions/A/OpenGL
0x00000000033ff000 	/System/Library/PrivateFrameworks/Sharing.framework/Versions/A/Sharing
0x00000000033ff000 	/System/Library/Frameworks/CoreGraphics.framework/Versions/A/CoreGraphics
0x00000000033ff000 	/System/Library/Frameworks/CoreText.framework/Versions/A/CoreText
0x00000000033ff000 	/System/Library/Frameworks/ImageIO.framework/Versions/A/ImageIO
0x00000000033ff000 	/usr/lib/libextension.dylib
0x00000000033ff000 	/System/Library/PrivateFrameworks/Backup.framework/Versions/A/Backup
0x00000000033ff000 	/usr/lib/libarchive.2.dylib
0x00000000033ff000 	/System/Library/Frameworks/CFNetwork.framework/Versions/A/CFNetwork
0x00000000033ff000 	/System/Library/Frameworks/SystemConfiguration.framework/Versions/A/SystemConfiguration
0x00000000033ff000 	/usr/lib/libCRFSuite.dylib
0x00000000033ff000 	/usr/lib/libc++.1.dylib
0x00000000033ff000 	/usr/lib/libc++abi.dylib
0x00000000033ff000 	/usr/lib/system/libcache.dylib
0x00000000033ff000 	/usr/lib/system/libcommonCrypto.dylib
0x00000000033ff000 	/usr/lib/system/libcompiler_rt.dylib
0x00000000033ff000 	/usr/lib/system/libcopyfile.dylib
0x00000000033ff000 	/usr/lib/system/libcorecrypto.dylib
0x00000000033ff000 	/usr/lib/system/libdispatch.dylib
0x00000000033ff000 	/usr/lib/system/libdyld.dylib
0x00000000033ff000 	/usr/lib/system/libkeymgr.dylib
0x00000000033ff000 	/usr/lib/system/liblaunch.dylib
0x00000000033ff000 	/usr/lib/system/libmacho.dylib
0x00000000033ff000 	/usr/lib/system/libquarantine.dylib
0x00000000033ff000 	/usr/lib/system/libremovefile.dylib
0x00000000033ff000 	/usr/lib/system/libsystem_asl.dylib
0x00000000033ff000 	/usr/lib/system/libsystem_blocks.dylib
0x00000000033ff000 	/usr/lib/system/libsystem_c.dylib
0x00000000033ff000 	/usr/lib/system/libsystem_configuration.dylib
0x00000000033ff000 	/usr/lib/system/libsystem_coreservices.dylib
0x00000000033ff000 	/usr/lib/system/libsystem_coretls.dylib
0x00000000033ff000 	/usr/lib/system/libsystem_dnssd.dylib
0x00000000033ff000 	/usr/lib/system/libsystem_info.dylib
0x00000000033ff000 	/usr/lib/system/libsystem_kernel.dylib
0x00000000033ff000 	/usr/lib/system/libsystem_m.dylib
0x00000000033ff000 	/usr/lib/system/libsystem_malloc.dylib
0x00000000033ff000 	/usr/lib/system/libsystem_network.dylib
0x00000000033ff000 	/usr/lib/system/libsystem_networkextension.dylib
0x00000000033ff000 	/usr/lib/system/libsystem_notify.dylib
0x00000000033ff000 	/usr/lib/system/libsystem_platform.dylib
0x00000000033ff000 	/usr/lib/system/libsystem_pthread.dylib
0x00000000033ff000 	/usr/lib/system/libsystem_sandbox.dylib
0x00000000033ff000 	/usr/lib/system/libsystem_secinit.dylib
0x00000000033ff000 	/usr/lib/system/libsystem_stats.dylib
0x00000000033ff000 	/usr/lib/system/libsystem_trace.dylib
0x00000000033ff000 	/usr/lib/system/libunc.dylib
0x00000000033ff000 	/usr/lib/system/libunwind.dylib
0x00000000033ff000 	/usr/lib/system/libxpc.dylib
0x00000000033ff000 	/usr/lib/libbz2.1.0.dylib
0x00000000033ff000 	/usr/lib/liblzma.5.dylib
0x00000000033ff000 	/usr/lib/libbsm.0.dylib
0x00000000033ff000 	/usr/lib/libsqlite3.dylib
0x00000000033ff000 	/usr/lib/system/libkxld.dylib
0x00000000033ff000 	/usr/lib/libxar.1.dylib
0x00000000033ff000 	/usr/lib/libpam.2.dylib
0x00000000033ff000 	/usr/lib/libOpenScriptingUtil.dylib
0x00000000033ff000 	/System/Library/Frameworks/CoreServices.framework/Versions/A/Frameworks/FSEvents.framework/Versions/A/FSEvents
0x00000000033ff000 	/System/Library/Frameworks/CoreServices.framework/Versions/A/Frameworks/CarbonCore.framework/Versions/A/CarbonCore
0x00000000033ff000 	/System/Library/Frameworks/CoreServices.framework/Versions/A/Frameworks/Metadata.framework/Versions/A/Metadata
0x00000000033ff000 	/System/Library/Frameworks/CoreServices.framework/Versions/A/Frameworks/OSServices.framework/Versions/A/OSServices
0x00000000033ff000 	/System/Library/Frameworks/CoreServices.framework/Versions/A/Frameworks/SearchKit.framework/Versions/A/SearchKit
0x00000000033ff000 	/System/Library/Frameworks/CoreServices.framework/Versions/A/Frameworks/AE.framework/Versions/A/AE
0x00000000033ff000 	/System/Library/Frameworks/CoreServices.framework/Versions/A/Frameworks/LaunchServices.framework/Versions/A/LaunchServices
0x00000000033ff000 	/System/Library/Frameworks/CoreServices.framework/Versions/A/Frameworks/DictionaryServices.framework/Versions/A/DictionaryServices
0x00000000033ff000 	/System/Library/Frameworks/NetFS.framework/Versions/A/NetFS
0x00000000033ff000 	/System/Library/PrivateFrameworks/NetAuth.framework/Versions/A/NetAuth
0x00000000033ff000 	/System/Library/PrivateFrameworks/login.framework/Versions/A/Frameworks/loginsupport.framework/Versions/A/loginsupport
0x00000000033ff000 	/System/Library/PrivateFrameworks/TCC.framework/Versions/A/TCC
0x00000000033ff000 	/usr/lib/libmecabra.dylib
0x00000000033ff000 	/System/Library/Frameworks/ApplicationServices.framework/Versions/A/Frameworks/ATS.framework/Versions/A/ATS
0x00000000033ff000 	/System/Library/Frameworks/ApplicationServices.framework/Versions/A/Frameworks/ColorSync.framework/Versions/A/ColorSync
0x00000000033ff000 	/System/Library/Frameworks/ApplicationServices.framework/Versions/A/Frameworks/HIServices.framework/Versions/A/HIServices
0x00000000033ff000 	/System/Library/Frameworks/ApplicationServices.framework/Versions/A/Frameworks/LangAnalysis.framework/Versions/A/LangAnalysis
0x00000000033ff000 	/System/Library/Frameworks/ApplicationServices.framework/Versions/A/Frameworks/PrintCore.framework/Versions/A/PrintCore
0x00000000033ff000 	/System/Library/Frameworks/ApplicationServices.framework/Versions/A/Frameworks/QD.framework/Versions/A/QD
0x00000000033ff000 	/System/Library/Frameworks/ApplicationServices.framework/Versions/A/Frameworks/SpeechSynthesis.framework/Versions/A/SpeechSynthesis
0x00000000033ff000 	/System/Library/Frameworks/Accelerate.framework/Versions/A/Accelerate
0x00000000033ff000 	/System/Library/Frameworks/Accelerate.framework/Versions/A/Frameworks/vImage.framework/Versions/A/vImage
0x00000000033ff000 	/System/Library/Frameworks/Accelerate.framework/Versions/A/Frameworks/vecLib.framework/Versions/A/vecLib
0x00000000033ff000 	/System/Library/Frameworks/Accelerate.framework/Versions/A/Frameworks/vecLib.framework/Versions/A/libvDSP.dylib
0x00000000033ff000 	/System/Library/Frameworks/Accelerate.framework/Versions/A/Frameworks/vecLib.framework/Versions/A/libvMisc.dylib
0x00000000033ff000 	/System/Library/Frameworks/Accelerate.framework/Versions/A/Frameworks/vecLib.framework/Versions/A/libLAPACK.dylib
0x00000000033ff000 	/System/Library/Frameworks/Accelerate.framework/Versions/A/Frameworks/vecLib.framework/Versions/A/libBLAS.dylib
0x00000000033ff000 	/System/Library/Frameworks/Accelerate.framework/Versions/A/Frameworks/vecLib.framework/Versions/A/libLinearAlgebra.dylib
0x00000000033ff000 	/System/Library/Frameworks/ApplicationServices.framework/Versions/A/Frameworks/ATS.framework/Versions/A/Resources/libFontParser.dylib
0x00000000033ff000 	/System/Library/Frameworks/ApplicationServices.framework/Versions/A/Frameworks/ATS.framework/Versions/A/Resources/libFontRegistry.dylib
0x00000000033ff000 	/System/Library/PrivateFrameworks/AppleVPA.framework/Versions/A/AppleVPA
0x00000000033ff000 	/System/Library/PrivateFrameworks/AppleJPEG.framework/Versions/A/AppleJPEG
0x00000000033ff000 	/System/Library/Frameworks/ImageIO.framework/Versions/A/Resources/libJPEG.dylib
0x00000000033ff000 	/System/Library/Frameworks/ImageIO.framework/Versions/A/Resources/libTIFF.dylib
0x00000000033ff000 	/System/Library/Frameworks/ImageIO.framework/Versions/A/Resources/libPng.dylib
0x00000000033ff000 	/System/Library/Frameworks/ImageIO.framework/Versions/A/Resources/libGIF.dylib
0x00000000033ff000 	/System/Library/Frameworks/ImageIO.framework/Versions/A/Resources/libJP2.dylib
0x00000000033ff000 	/System/Library/Frameworks/ImageIO.framework/Versions/A/Resources/libRadiance.dylib
0x00000000033ff000 	/System/Library/Frameworks/CoreVideo.framework/Versions/A/CoreVideo
0x00000000033ff000 	/System/Library/Frameworks/OpenGL.framework/Versions/A/Libraries/libGLU.dylib
0x00000000033ff000 	/System/Library/Frameworks/OpenGL.framework/Versions/A/Libraries/libGFXShared.dylib
0x00000000033ff000 	/System/Library/Frameworks/OpenGL.framework/Versions/A/Libraries/libGL.dylib
0x00000000033ff000 	/System/Library/Frameworks/OpenGL.framework/Versions/A/Libraries/libGLImage.dylib
0x00000000033ff000 	/System/Library/Frameworks/OpenGL.framework/Versions/A/Libraries/libCVMSPluginSupport.dylib
0x00000000033ff000 	/System/Library/Frameworks/OpenGL.framework/Versions/A/Libraries/libCoreVMClient.dylib
0x00000000033ff000 	/usr/lib/libcups.2.dylib
0x00000000033ff000 	/System/Library/Frameworks/Kerberos.framework/Versions/A/Kerberos
0x00000000033ff000 	/System/Library/Frameworks/GSS.framework/Versions/A/GSS
0x00000000033ff000 	/usr/lib/libresolv.9.dylib
0x00000000033ff000 	/usr/lib/libiconv.2.dylib
0x00000000033ff000 	/System/Library/PrivateFrameworks/Heimdal.framework/Versions/A/Heimdal
0x00000000033ff000 	/usr/lib/libheimdal-asn1.dylib
0x00000000033ff000 	/System/Library/Frameworks/OpenDirectory.framework/Versions/A/OpenDirectory
0x00000000033ff000 	/System/Library/PrivateFrameworks/CommonAuth.framework/Versions/A/CommonAuth
0x00000000033ff000 	/System/Library/Frameworks/OpenDirectory.framework/Versions/A/Frameworks/CFOpenDirectory.framework/Versions/A/CFOpenDirectory
0x00000000033ff000 	/System/Library/Frameworks/SecurityFoundation.framework/Versions/A/SecurityFoundation
0x00000000033ff000 	/System/Library/PrivateFrameworks/LanguageModeling.framework/Versions/A/LanguageModeling
0x00000000033ff000 	/usr/lib/libcmph.dylib
0x00000000033ff000 	/System/Library/Frameworks/ServiceManagement.framework/Versions/A/ServiceManagement
0x00000000033ff000 	/usr/lib/libxslt.1.dylib
0x00000000033ff000 	/System/Library/Frameworks/Carbon.framework/Versions/A/Frameworks/Ink.framework/Versions/A/Ink
0x00000000033ff000 	/System/Library/Frameworks/QuartzCore.framework/Versions/A/Frameworks/CoreImage.framework/Versions/A/CoreImage
0x00000000033ff000 	/System/Library/PrivateFrameworks/CrashReporterSupport.framework/Versions/A/CrashReporterSupport
0x00000000033ff000 	/System/Library/Frameworks/OpenCL.framework/Versions/A/OpenCL
0x00000000033ff000 	/System/Library/PrivateFrameworks/FaceCore.framework/Versions/A/FaceCore
0x00000000033ff000 	/System/Library/PrivateFrameworks/Ubiquity.framework/Versions/A/Ubiquity
0x00000000033ff000 	/System/Library/PrivateFrameworks/IconServices.framework/Versions/A/IconServices
0x00000000033ff000 	/System/Library/PrivateFrameworks/ChunkingLibrary.framework/Versions/A/ChunkingLibrary
0x00000000033ff000 	/System/Library/PrivateFrameworks/Apple80211.framework/Versions/A/Apple80211
0x00000000033ff000 	/System/Library/Frameworks/CoreWLAN.framework/Versions/A/CoreWLAN
0x00000000033ff000 	/System/Library/Frameworks/IOBluetooth.framework/Versions/A/IOBluetooth
0x00000000033ff000 	/System/Library/PrivateFrameworks/CoreWiFi.framework/Versions/A/CoreWiFi
0x00000000033ff000 	/System/Library/Frameworks/CoreBluetooth.framework/Versions/A/CoreBluetooth
0x00000000033ff000 	/System/Library/PrivateFrameworks/DebugSymbols.framework/Versions/A/DebugSymbols
0x00000000033ff000 	/System/Library/PrivateFrameworks/CoreSymbolication.framework/Versions/A/CoreSymbolication
0x00000000033ff000 	/System/Library/PrivateFrameworks/Symbolication.framework/Versions/A/Symbolication
0x00000000033ff000 	/System/Library/PrivateFrameworks/SpeechRecognitionCore.framework/Versions/A/SpeechRecognitionCore
0x0000000109a00000 	/Library/Java/JavaVirtualMachines/jdk1.7.0_17.jdk/Contents/Home/jre/lib/server/libjvm.dylib
0x00000000033ff000 	/usr/lib/libstdc++.6.dylib
0x0000000109118000 	/Library/Java/JavaVirtualMachines/jdk1.7.0_17.jdk/Contents/Home/jre/lib/libverify.dylib
0x0000000109125000 	/Library/Java/JavaVirtualMachines/jdk1.7.0_17.jdk/Contents/Home/jre/lib/libjava.dylib
0x000000010915f000 	/Library/Java/JavaVirtualMachines/jdk1.7.0_17.jdk/Contents/Home/jre/lib/libzip.dylib
0x000000010dcb2000 	/System/Library/Frameworks/JavaVM.framework/Frameworks/JavaRuntimeSupport.framework/JavaRuntimeSupport
0x000000010dcca000 	/System/Library/Frameworks/JavaVM.framework/Versions/A/Frameworks/JavaNativeFoundation.framework/Versions/A/JavaNativeFoundation
0x000000010dcdf000 	/System/Library/Frameworks/JavaVM.framework/Versions/A/JavaVM
0x00000000033ff000 	/System/Library/Frameworks/Carbon.framework/Versions/A/Carbon
0x000000010dcec000 	/System/Library/PrivateFrameworks/JavaLaunching.framework/Versions/A/JavaLaunching
0x00000000033ff000 	/System/Library/Frameworks/Carbon.framework/Versions/A/Frameworks/CommonPanels.framework/Versions/A/CommonPanels
0x00000000033ff000 	/System/Library/Frameworks/Carbon.framework/Versions/A/Frameworks/Help.framework/Versions/A/Help
0x00000000033ff000 	/System/Library/Frameworks/Carbon.framework/Versions/A/Frameworks/ImageCapture.framework/Versions/A/ImageCapture
0x00000000033ff000 	/System/Library/Frameworks/Carbon.framework/Versions/A/Frameworks/OpenScripting.framework/Versions/A/OpenScripting
0x00000000033ff000 	/System/Library/Frameworks/Carbon.framework/Versions/A/Frameworks/Print.framework/Versions/A/Print
0x00000000033ff000 	/System/Library/Frameworks/Carbon.framework/Versions/A/Frameworks/SecurityHI.framework/Versions/A/SecurityHI
0x000000010fa48000 	/Library/Java/JavaVirtualMachines/jdk1.7.0_17.jdk/Contents/Home/jre/lib/libawt.dylib
0x000000010faf7000 	/Library/Java/JavaVirtualMachines/jdk1.7.0_17.jdk/Contents/Home/jre/lib/./libmlib_image.dylib
0x000000010fbc3000 	/Library/Java/JavaVirtualMachines/jdk1.7.0_17.jdk/Contents/Home/jre/lib/lwawt/liblwawt.dylib
0x000000010fc75000 	/Library/Java/JavaVirtualMachines/jdk1.7.0_17.jdk/Contents/Home/jre/lib/libosxapp.dylib
0x00000000033ff000 	/System/Library/Frameworks/ExceptionHandling.framework/Versions/A/ExceptionHandling
0x00000000033ff000 	/System/Library/PrivateFrameworks/CoreServicesInternal.framework/Versions/A/CoreServicesInternal
0x00000000033ff000 	/System/Library/PrivateFrameworks/CloudDocs.framework/Versions/A/CloudDocs
0x00000000033ff000 	/System/Library/PrivateFrameworks/CoreDuet.framework/Versions/A/CoreDuet
0x00000000033ff000 	/System/Library/Frameworks/CloudKit.framework/Versions/A/CloudKit
0x00000000033ff000 	/System/Library/PrivateFrameworks/ProtocolBuffer.framework/Versions/A/ProtocolBuffer
0x00000000033ff000 	/System/Library/PrivateFrameworks/CoreDuetDaemonProtocol.framework/Versions/A/CoreDuetDaemonProtocol
0x00000000033ff000 	/System/Library/PrivateFrameworks/CoreDuetDebugLogging.framework/Versions/A/CoreDuetDebugLogging
0x00000000033ff000 	/System/Library/Frameworks/CoreLocation.framework/Versions/A/CoreLocation
0x00000000033ff000 	/System/Library/Frameworks/Accounts.framework/Versions/A/Accounts
0x00000000033ff000 	/System/Library/PrivateFrameworks/ApplePushService.framework/Versions/A/ApplePushService
0x00000000033ff000 	/System/Library/PrivateFrameworks/GeoServices.framework/Versions/A/GeoServices
0x00000000033ff000 	/System/Library/PrivateFrameworks/OAuth.framework/Versions/A/OAuth
0x00000000033ff000 	/System/Library/PrivateFrameworks/CoreDaemon.framework/Versions/B/CoreDaemon
0x00000000033ff000 	/usr/lib/libcrypto.0.9.8.dylib
0x00000000033ff000 	/System/Library/PrivateFrameworks/AppleSRP.framework/Versions/A/AppleSRP
0x00000000033ff000 	/System/Library/PrivateFrameworks/TrustEvaluationAgent.framework/Versions/A/TrustEvaluationAgent
0x00000000033ff000 	/System/Library/Frameworks/CoreGraphics.framework/Versions/A/Resources/libCGCMS.A.dylib
0x00000000033ff000 	/System/Library/Frameworks/CoreGraphics.framework/Versions/A/Resources/libRIP.A.dylib
0x00000000033ff000 	/System/Library/Frameworks/CoreGraphics.framework/Versions/A/Resources/libCGXType.A.dylib
0x00000000033ff000 	/System/Library/Frameworks/OpenCL.framework/Versions/A/Libraries/libcldcpuengine.dylib
0x00000000033ff000 	/System/Library/PrivateFrameworks/DiskImages.framework/Versions/A/DiskImages
0x00000000033ff000 	/System/Library/Frameworks/DiscRecording.framework/Versions/A/DiscRecording
0x00000000033ff000 	/usr/lib/libcsfde.dylib
0x00000000033ff000 	/usr/lib/libcurl.4.dylib
0x00000000033ff000 	/System/Library/PrivateFrameworks/MediaKit.framework/Versions/A/MediaKit
0x00000000033ff000 	/System/Library/PrivateFrameworks/ProtectedCloudStorage.framework/Versions/A/ProtectedCloudStorage
0x00000000033ff000 	/usr/lib/libCoreStorage.dylib
0x00000000033ff000 	/System/Library/PrivateFrameworks/EFILogin.framework/Versions/A/EFILogin
0x00000000033ff000 	/usr/lib/libutil.dylib
0x00000000033ff000 	/System/Library/PrivateFrameworks/FindMyDevice.framework/Versions/A/FindMyDevice
0x00000000033ff000 	/System/Library/Frameworks/LDAP.framework/Versions/A/LDAP
0x00000000033ff000 	/usr/lib/libsasl2.2.dylib
0x00000001128aa000 	cl_kernels
0x00000001128ac000 	/System/Library/Frameworks/OpenCL.framework/Versions/A/Libraries/ImageFormats/unorm8_bgra.dylib
0x000000011289b000 	cl_kernels
0x00000000033ff000 	/System/Library/PrivateFrameworks/FamilyControls.framework/Versions/A/FamilyControls
0x00000000033ff000 	/System/Library/PrivateFrameworks/CommerceKit.framework/Versions/A/Frameworks/CommerceCore.framework/Versions/A/CommerceCore
0x00000000033ff000 	/System/Library/PrivateFrameworks/SystemAdministration.framework/Versions/A/SystemAdministration
0x00000000033ff000 	/System/Library/PrivateFrameworks/AppContainer.framework/Versions/A/AppContainer
0x00000000033ff000 	/System/Library/PrivateFrameworks/SecCodeWrapper.framework/Versions/A/SecCodeWrapper
0x00000000033ff000 	/System/Library/Frameworks/DirectoryService.framework/Versions/A/DirectoryService
0x00000000033ff000 	/System/Library/PrivateFrameworks/LoginUIKit.framework/Versions/A/Frameworks/LoginUICore.framework/Versions/A/LoginUICore
0x00000000033ff000 	/usr/lib/libodfde.dylib
0x0000000113a6f000 	/Library/Java/JavaVirtualMachines/jdk1.7.0_17.jdk/Contents/Home/jre/lib/libfontmanager.dylib
0x0000000113abb000 	/Users/William/Documents/workspace/FRESHSTART/lib/natives/macosx/liblwjgl.dylib
0x0000000111de1000 	/Library/Java/JavaVirtualMachines/jdk1.7.0_17.jdk/Contents/Home/jre/lib/libjawt.dylib
0x00000000033ff000 	/System/Library/Frameworks/OpenGL.framework/Versions/A/Resources/GLEngine.bundle/GLEngine
0x00000000033ff000 	/System/Library/Frameworks/OpenGL.framework/Versions/A/Libraries/libGLProgrammability.dylib
0x0000000000000000 	/System/Library/Extensions/AppleIntelHD4000GraphicsGLDriver.bundle/Contents/MacOS/AppleIntelHD4000GraphicsGLDriver
0x00000000033ff000 	/System/Library/PrivateFrameworks/IOAccelerator.framework/Versions/A/IOAccelerator
0x00000000033ff000 	/System/Library/PrivateFrameworks/GPUSupport.framework/Versions/A/Libraries/libGPUSupportMercury.dylib
0x00000000033ff000 	/System/Library/Frameworks/OpenGL.framework/Versions/A/Resources/GLRendererFloat.bundle/GLRendererFloat
0x000000011422e000 	/Library/Java/JavaVirtualMachines/jdk1.7.0_17.jdk/Contents/Home/jre/lib/libnio.dylib
0x000000011423d000 	/Library/Java/JavaVirtualMachines/jdk1.7.0_17.jdk/Contents/Home/jre/lib/./libnet.dylib

VM Arguments:
jvm_args: -Djava.library.path=/Users/William/Documents/workspace/FRESHSTART/lib/natives/macosx -Dfile.encoding=US-ASCII 
java_command: gravityDemo
Launcher Type: SUN_STANDARD

Environment Variables:
PATH=/usr/bin:/bin:/usr/sbin:/sbin
SHELL=/bin/bash
DISPLAY=/private/tmp/com.apple.launchd.YaJ9yWitQd/org.macosforge.xquartz:0

Signal Handlers:
SIGSEGV: [libjvm.dylib+0x4a361d], sa_mask[0]=0xfffefeff, sa_flags=0x00000042
SIGBUS: [libjvm.dylib+0x4a361d], sa_mask[0]=0xfffefeff, sa_flags=0x00000042
SIGFPE: [libjvm.dylib+0x3b302d], sa_mask[0]=0xfffefeff, sa_flags=0x00000042
SIGPIPE: [libjvm.dylib+0x3b302d], sa_mask[0]=0xfffefeff, sa_flags=0x00000042
SIGXFSZ: [libjvm.dylib+0x3b302d], sa_mask[0]=0xfffefeff, sa_flags=0x00000042
SIGILL: [libjvm.dylib+0x3b302d], sa_mask[0]=0xfffefeff, sa_flags=0x00000042
SIGUSR1: SIG_DFL, sa_mask[0]=0x00000000, sa_flags=0x00000000
SIGUSR2: [libjvm.dylib+0x3b2bc6], sa_mask[0]=0x00000004, sa_flags=0x00000042
SIGHUP: [libjvm.dylib+0x3b0e27], sa_mask[0]=0xfffefeff, sa_flags=0x00000042
SIGINT: [libjvm.dylib+0x3b0e27], sa_mask[0]=0xfffefeff, sa_flags=0x00000042
SIGTERM: [libjvm.dylib+0x3b0e27], sa_mask[0]=0xfffefeff, sa_flags=0x00000042
SIGQUIT: [libjvm.dylib+0x3b0e27], sa_mask[0]=0xfffefeff, sa_flags=0x00000042


---------------  S Y S T E M  ---------------

OS:Bsduname:Darwin 14.1.0 Darwin Kernel Version 14.1.0: Mon Dec 22 23:10:38 PST 2014; root:xnu-2782.10.72~2/RELEASE_X86_64 x86_64
rlimit: STACK 8192k, CORE 0k, NPROC 709, NOFILE 10240, AS infinity
load average:2.45 2.17 3.76

CPU:total 4 (2 cores per cpu, 2 threads per core) family 6 model 58 stepping 9, cmov, cx8, fxsr, mmx, sse, sse2, sse3, ssse3, sse4.1, sse4.2, popcnt, avx, ht, tsc, tscinvbit, tscinv

Memory: 4k page, physical 1208852k(302213k free)

/proc/meminfo:


vm_info: Java HotSpot(TM) 64-Bit Server VM (23.7-b01) for bsd-amd64 JRE (1.7.0_17-b02), built on Mar  1 2013 06:41:23 by "java_re" with gcc 4.2.1 (Based on Apple Inc. build 5658) (LLVM build 2336.11.00)

time: Wed Apr  8 11:13:41 2015
elapsed time: 19 seconds

