#
# A fatal error has been detected by the Java Runtime Environment:
#
#  SIGSEGV (0xb) at pc=0x00000001103f2168, pid=15811, tid=1299
#
# JRE version: 7.0_17-b02
# Java VM: Java HotSpot(TM) 64-Bit Server VM (23.7-b01 mixed mode bsd-amd64 compressed oops)
# Problematic frame:
# C  [liblwjgl.dylib+0xa168]  +[MacOSXKeyableWindow destroyWindow]+0x18
#
# Failed to write core dump. Core dumps have been disabled. To enable core dumping, try "ulimit -c unlimited" before starting Java again
#
# If you would like to submit a bug report, please visit:
#   http://bugreport.sun.com/bugreport/crash.jsp
# The crash happened outside the Java Virtual Machine in native code.
# See problematic frame for where to report the bug.
#

---------------  T H R E A D  ---------------

Current thread (0x00007fbdca87a000):  JavaThread "AppKit Thread" daemon [_thread_in_native, id=1299, stack(0x00007fff5a4d6000,0x00007fff5a556000)]

siginfo:si_signo=SIGSEGV: si_errno=0, si_code=0 (SEGV0), si_addr=0x0000000000000000

Registers:
RAX=0x00007fbdc9d3a5c0, RBX=0xa000000000000000, RCX=0x0000000000000000, RDX=0x0000000000000000
RSP=0x00007fff5a551f00, RBP=0x00007fff5a551f20, RSI=0x00000001104043c6, RDI=0x0000000110426c88
R8 =0x00007fff5a551ef0, R9 =0x00007fff7dc1c300, R10=0x0000000000000006, R11=0x00000001103f2150
R12=0x00007fbdc9ebd140, R13=0x0000000000000000, R14=0x00007fff9154b0c0, R15=0x00007fbdc9c2a5a0
RIP=0x00000001103f2168, EFLAGS=0x0000000000010206, ERR=0x0000000000000000
  TRAPNO=0x000000000000000d

Top of Stack: (sp=0x00007fff5a551f00)
0x00007fff5a551f00:   4018000000000000 00007fff99303fed
0x00007fff5a551f10:   00007fff9154b0c0 00007fbdc9c2a5a0
0x00007fff5a551f20:   00007fff5a551f70 00007fff909edd00
0x00007fff5a551f30:   00007fbdc9c18a70 00007fbdc9c2a5a0
0x00007fff5a551f40:   00007fbdca805060 00007fbdc9c1ca90
0x00007fff5a551f50:   00007fbdc9c2c530 0000000000000c03
0x00007fff5a551f60:   00007fbdc9c2c548 00007fbdc9c1c988
0x00007fff5a551f70:   00007fff5a551f80 00007fff8df5da01
0x00007fff5a551f80:   00007fff5a551fe0 00007fff8df4fb8d
0x00007fff5a551f90:   00007fbdc9c1ca90 00007fbdc9c1c920
0x00007fff5a551fa0:   00007fff5a551f60 0000000100000002
0x00007fff5a551fb0:   00007fbdc9c2c530 00007fbdc9c1c910
0x00007fff5a551fc0:   00007fff5a552090 0000000000000c03
0x00007fff5a551fd0:   00007fbdc9c1ca80 00007fbdc9c1c910
0x00007fff5a551fe0:   00007fff5a552cc0 00007fff8df4f1bf
0x00007fff5a551ff0:   0000000000000000 00007fbdc9e8d0e0
0x00007fff5a552000:   00007fff7cd02ed0 0000000000000000
0x00007fff5a552010:   00007fbdc9c1c910 000000017e5104d0
0x00007fff5a552020:   00007fbdc9d727b0 0000000100000000
0x00007fff5a552030:   00007fbdc9c1c920 00007fbdc9c1ca90
0x00007fff5a552040:   41bb168c00000000 000104d7683a4400
0x00007fff5a552050:   0000100300000003 422d2d9666f3d500
0x00007fff5a552060:   00000d037d672fe0 00007fff7cd00718
0x00007fff5a552070:   000000005a5520a0 0000000000000000
0x00007fff5a552080:   0000000000000000 ffffffffffffffff
0x00007fff5a552090:   0000001800001100 00000b0300000000
0x00007fff5a5520a0:   0000000000000000 0000004400000000
0x00007fff5a5520b0:   000001f600000036 000001f600000014
0x00007fff5a5520c0:   00000014000001f6 00000014000001f6
0x00007fff5a5520d0:   000186b300003dc3 0000000000003dc3
0x00007fff5a5520e0:   0000000000000000 0000000000000000
0x00007fff5a5520f0:   0000000000000000 0000000000000000 

Instructions: (pc=0x00000001103f2168)
0x00000001103f2148:   00 0f 1f 80 00 00 00 00 55 48 89 e5 41 57 41 56
0x00000001103f2158:   53 48 83 ec 08 48 8b 05 3c 62 03 00 48 8b 58 08
0x00000001103f2168:   80 7b 50 00 74 1a 48 8b 7b 28 48 8d 35 47 4d 03
0x00000001103f2178:   00 31 d2 30 c0 ff 15 3d 4d 03 00 e9 94 00 00 00 

Register to memory mapping:

RAX=0x00007fbdc9d3a5c0 is an unknown value
RBX=0xa000000000000000 is an unknown value
RCX=0x0000000000000000 is an unknown value
RDX=0x0000000000000000 is an unknown value
RSP=0x00007fff5a551f00 is pointing into the stack for thread: 0x00007fbdca87a000
RBP=0x00007fff5a551f20 is pointing into the stack for thread: 0x00007fbdca87a000
RSI=0x00000001104043c6: Java_org_lwjgl_opengl_NVVideoCaptureUtil_nglReleaseVideoCaptureDeviceNV+0x2956 in /Users/William/Documents/workspace/FRESHSTART/lib/natives/macosx/liblwjgl.dylib at 0x00000001103e8000
RDI=0x0000000110426c88: OBJC_CLASS_$_MacOSXKeyableWindow+0 in /Users/William/Documents/workspace/FRESHSTART/lib/natives/macosx/liblwjgl.dylib at 0x00000001103e8000
R8 =0x00007fff5a551ef0 is pointing into the stack for thread: 0x00007fbdca87a000
R9 =0x00007fff7dc1c300: _thread+0 in /usr/lib/system/libsystem_pthread.dylib at 0x00007fff94e38000
R10=0x0000000000000006 is an unknown value
R11=0x00000001103f2150: +[MacOSXKeyableWindow destroyWindow]+0 in /Users/William/Documents/workspace/FRESHSTART/lib/natives/macosx/liblwjgl.dylib at 0x00000001103e8000
R12=0x00007fbdc9ebd140 is an unknown value
R13=0x0000000000000000 is an unknown value
R14=0x00007fff9154b0c0: objc_msgSend+0 in /usr/lib/libobjc.A.dylib at 0x00007fff9154a000
R15=0x00007fbdc9c2a5a0 is an unknown value


Stack: [0x00007fff5a4d6000,0x00007fff5a556000],  sp=0x00007fff5a551f00,  free space=495k
Native frames: (J=compiled Java code, j=interpreted, Vv=VM code, C=native code)
C  [liblwjgl.dylib+0xa168]  +[MacOSXKeyableWindow destroyWindow]+0x18
C  [Foundation+0x92d00]  __NSThreadPerformPerform+0x125
C  [CoreFoundation+0x80a01]  __CFRUNLOOP_IS_CALLING_OUT_TO_A_SOURCE0_PERFORM_FUNCTION__+0x11
C  [CoreFoundation+0x72b8d]  __CFRunLoopDoSources0+0x10d
C  [CoreFoundation+0x721bf]  __CFRunLoopRun+0x39f
C  [CoreFoundation+0x71bd8]  CFRunLoopRunSpecific+0x128
C  [HIToolbox+0x3256f]  RunCurrentEventLoopInMode+0xeb
C  [HIToolbox+0x322ea]  ReceiveNextEventCommon+0x1af
C  [HIToolbox+0x3212b]  _BlockUntilNextEventMatchingListInModeWithFilter+0x47
C  [AppKit+0x919bb]  _DPSNextEvent+0x3d2
C  [AppKit+0x90f68]  -[NSApplication nextEventMatchingMask:untilDate:inMode:dequeue:]+0x15a
C  [libosxapp.dylib+0x1b56]  -[NSApplicationAWT nextEventMatchingMask:untilDate:inMode:dequeue:]+0x7c
C  [AppKit+0x86bf3]  -[NSApplication run]+0x252
C  [libosxapp.dylib+0x19b9]  +[NSApplicationAWT runAWTLoopWithApp:]+0x9c
C  [liblwawt.dylib+0xd81a]  -[AWTStarter starter:]+0x637
C  [Foundation+0x92d00]  __NSThreadPerformPerform+0x125
C  [CoreFoundation+0x80a01]  __CFRUNLOOP_IS_CALLING_OUT_TO_A_SOURCE0_PERFORM_FUNCTION__+0x11
C  [CoreFoundation+0x72b8d]  __CFRunLoopDoSources0+0x10d
C  [CoreFoundation+0x721bf]  __CFRunLoopRun+0x39f
C  [CoreFoundation+0x71bd8]  CFRunLoopRunSpecific+0x128
C  [java+0x742d]  CreateExecutionEnvironment+0x367
C  [java+0x1bdc]  JLI_Launch+0x7a0
C  [java+0x778a]  main+0x65
C  [java+0x1434]  start+0x34


---------------  P R O C E S S  ---------------

Java Threads: ( => current thread )
  0x00007fbdca87b000 JavaThread "AWT-Shutdown" [_thread_blocked, id=8971, stack(0x0000000110bd8000,0x0000000110cd8000)]
=>0x00007fbdca87a000 JavaThread "AppKit Thread" daemon [_thread_in_native, id=1299, stack(0x00007fff5a4d6000,0x00007fff5a556000)]
  0x00007fbdca039800 JavaThread "Service Thread" daemon [_thread_blocked, id=13827, stack(0x000000010bf57000,0x000000010c057000)]
  0x00007fbdca039000 JavaThread "C2 CompilerThread1" daemon [_thread_blocked, id=13571, stack(0x000000010be54000,0x000000010bf54000)]
  0x00007fbdca038000 JavaThread "C2 CompilerThread0" daemon [_thread_blocked, id=13323, stack(0x000000010bd51000,0x000000010be51000)]
  0x00007fbdca02a800 JavaThread "Signal Dispatcher" daemon [_thread_blocked, id=13083, stack(0x000000010bc4e000,0x000000010bd4e000)]
  0x00007fbdca017800 JavaThread "Finalizer" daemon [_thread_blocked, id=8707, stack(0x000000010a22d000,0x000000010a32d000)]
  0x00007fbdca017000 JavaThread "Reference Handler" daemon [_thread_blocked, id=8451, stack(0x000000010a12a000,0x000000010a22a000)]
  0x00007fbdcb000000 JavaThread "main" [_thread_in_native, id=4355, stack(0x0000000106aa8000,0x0000000106ba8000)]

Other Threads:
  0x00007fbdca014000 VMThread [stack: 0x000000010a027000,0x000000010a127000] [id=8195]
  0x00007fbdca035800 WatcherThread [stack: 0x000000010c05a000,0x000000010c15a000] [id=14083]

VM state:not at safepoint (normal execution)

VM Mutex/Monitor currently owned by a thread: None

Heap
 def new generation   total 4928K, used 589K [0x00000007eae00000, 0x00000007eb350000, 0x00000007f0350000)
  eden space 4416K,   1% used [0x00000007eae00000, 0x00000007eae13780, 0x00000007eb250000)
  from space 512K,  99% used [0x00000007eb2d0000, 0x00000007eb34fff8, 0x00000007eb350000)
  to   space 512K,   0% used [0x00000007eb250000, 0x00000007eb250000, 0x00000007eb2d0000)
 tenured generation   total 10880K, used 578K [0x00000007f0350000, 0x00000007f0df0000, 0x00000007fae00000)
   the space 10880K,   5% used [0x00000007f0350000, 0x00000007f03e0880, 0x00000007f03e0a00, 0x00000007f0df0000)
 compacting perm gen  total 21248K, used 5113K [0x00000007fae00000, 0x00000007fc2c0000, 0x0000000800000000)
   the space 21248K,  24% used [0x00000007fae00000, 0x00000007fb2fe5e0, 0x00000007fb2fe600, 0x00000007fc2c0000)
No shared spaces configured.

Card table byte_map: [0x0000000109c7b000,0x0000000109d25000] byte_map_base: 0x0000000105d24000

Polling page: 0x00000001057f9000

Code Cache  [0x0000000106bbb000, 0x0000000106e2b000, 0x0000000109bbb000)
 total_blobs=330 nmethods=59 adapters=224 free_code_cache=48654Kb largest_free_block=49799616

Compilation events (10 events):
Event: 6.888 Thread 0x00007fbdca039000   54             java.nio.Buffer::checkIndex (22 bytes)
Event: 6.889 Thread 0x00007fbdca039000 nmethod 54 0x0000000106c2a410 code [0x0000000106c2a540, 0x0000000106c2a5b8]
Event: 8.638 Thread 0x00007fbdca038000   55             java.nio.Buffer::remaining (10 bytes)
Event: 8.639 Thread 0x00007fbdca038000 nmethod 55 0x0000000106c2a210 code [0x0000000106c2a340, 0x0000000106c2a398]
Event: 9.156 Thread 0x00007fbdca039000   56             java.nio.Buffer::position (5 bytes)
Event: 9.156 Thread 0x00007fbdca039000 nmethod 56 0x0000000106c29f90 code [0x0000000106c2a0c0, 0x0000000106c2a118]
Event: 11.788 Thread 0x00007fbdca038000   57             java.nio.Buffer::position (43 bytes)
Event: 11.789 Thread 0x00007fbdca038000 nmethod 57 0x0000000106c386d0 code [0x0000000106c38800, 0x0000000106c38898]
Event: 13.989 Thread 0x00007fbdca039000   58             java.nio.HeapByteBuffer::ix (7 bytes)
Event: 13.990 Thread 0x00007fbdca039000 nmethod 58 0x0000000106c384d0 code [0x0000000106c38600, 0x0000000106c38658]

GC Heap History (2 events):
Event: 14.357 GC heap before
{Heap before GC invocations=0 (full 0):
 def new generation   total 4928K, used 4416K [0x00000007eae00000, 0x00000007eb350000, 0x00000007f0350000)
  eden space 4416K, 100% used [0x00000007eae00000, 0x00000007eb250000, 0x00000007eb250000)
  from space 512K,   0% used [0x00000007eb250000, 0x00000007eb250000, 0x00000007eb2d0000)
  to   space 512K,   0% used [0x00000007eb2d0000, 0x00000007eb2d0000, 0x00000007eb350000)
 tenured generation   total 10880K, used 0K [0x00000007f0350000, 0x00000007f0df0000, 0x00000007fae00000)
   the space 10880K,   0% used [0x00000007f0350000, 0x00000007f0350000, 0x00000007f0350200, 0x00000007f0df0000)
 compacting perm gen  total 21248K, used 5113K [0x00000007fae00000, 0x00000007fc2c0000, 0x0000000800000000)
   the space 21248K,  24% used [0x00000007fae00000, 0x00000007fb2fe5e0, 0x00000007fb2fe600, 0x00000007fc2c0000)
No shared spaces configured.
Event: 14.362 GC heap after
Heap after GC invocations=1 (full 0):
 def new generation   total 4928K, used 511K [0x00000007eae00000, 0x00000007eb350000, 0x00000007f0350000)
  eden space 4416K,   0% used [0x00000007eae00000, 0x00000007eae00000, 0x00000007eb250000)
  from space 512K,  99% used [0x00000007eb2d0000, 0x00000007eb34fff8, 0x00000007eb350000)
  to   space 512K,   0% used [0x00000007eb250000, 0x00000007eb250000, 0x00000007eb2d0000)
 tenured generation   total 10880K, used 578K [0x00000007f0350000, 0x00000007f0df0000, 0x00000007fae00000)
   the space 10880K,   5% used [0x00000007f0350000, 0x00000007f03e0880, 0x00000007f03e0a00, 0x00000007f0df0000)
 compacting perm gen  total 21248K, used 5113K [0x00000007fae00000, 0x00000007fc2c0000, 0x0000000800000000)
   the space 21248K,  24% used [0x00000007fae00000, 0x00000007fb2fe5e0, 0x00000007fb2fe600, 0x00000007fc2c0000)
No shared spaces configured.
}

Deoptimization events (0 events):
No events

Internal exceptions (10 events):
Event: 0.517 Thread 0x00007fbdcb000000 Threw 0x00000007eb1c0d78 at /HUDSON/workspace/jdk7u17-2-build-macosx-amd64-product/jdk7u17/hotspot/src/share/vm/prims/jvm.cpp:1166
Event: 0.518 Thread 0x00007fbdcb000000 Threw 0x00000007eb1c5aa0 at /HUDSON/workspace/jdk7u17-2-build-macosx-amd64-product/jdk7u17/hotspot/src/share/vm/prims/jvm.cpp:1166
Event: 0.520 Thread 0x00007fbdcb000000 Threw 0x00000007eb1cf9d0 at /HUDSON/workspace/jdk7u17-2-build-macosx-amd64-product/jdk7u17/hotspot/src/share/vm/prims/jvm.cpp:1166
Event: 0.521 Thread 0x00007fbdcb000000 Threw 0x00000007eb1d1d78 at /HUDSON/workspace/jdk7u17-2-build-macosx-amd64-product/jdk7u17/hotspot/src/share/vm/prims/jvm.cpp:1166
Event: 0.521 Thread 0x00007fbdcb000000 Threw 0x00000007eb1d40d8 at /HUDSON/workspace/jdk7u17-2-build-macosx-amd64-product/jdk7u17/hotspot/src/share/vm/prims/jvm.cpp:1166
Event: 0.521 Thread 0x00007fbdcb000000 Threw 0x00000007eb1d64f0 at /HUDSON/workspace/jdk7u17-2-build-macosx-amd64-product/jdk7u17/hotspot/src/share/vm/prims/jvm.cpp:1166
Event: 0.522 Thread 0x00007fbdcb000000 Threw 0x00000007eb1d87d8 at /HUDSON/workspace/jdk7u17-2-build-macosx-amd64-product/jdk7u17/hotspot/src/share/vm/prims/jvm.cpp:1166
Event: 0.535 Thread 0x00007fbdcb000000 Threw 0x00000007eb1dcc98 at /HUDSON/workspace/jdk7u17-2-build-macosx-amd64-product/jdk7u17/hotspot/src/share/vm/prims/jvm.cpp:1166
Event: 0.536 Thread 0x00007fbdcb000000 Threw 0x00000007eb1e1848 at /HUDSON/workspace/jdk7u17-2-build-macosx-amd64-product/jdk7u17/hotspot/src/share/vm/prims/jvm.cpp:1166
Event: 14.356 Thread 0x00007fbdcb000000 Threw 0x00000007eb24c690 at /HUDSON/workspace/jdk7u17-2-build-macosx-amd64-product/jdk7u17/hotspot/src/share/vm/prims/jvm.cpp:1166

Events (10 events):
Event: 6.236 Thread 0x00007fbdca126000 Thread exited: 0x00007fbdca126000
Event: 13.489 Thread 0x00007fbdca87b000 Thread added: 0x00007fbdca87b000
Event: 14.355 loading class 0x00007fbdc9c5f770
Event: 14.355 loading class 0x00007fbdc9c5f770 done
Event: 14.357 Executing VM operation: GenCollectForAllocation
Event: 14.362 Executing VM operation: GenCollectForAllocation done
Event: 14.362 Executing VM operation: RevokeBias
Event: 14.362 Executing VM operation: RevokeBias done
Event: 14.362 Executing VM operation: RevokeBias
Event: 14.362 Executing VM operation: RevokeBias done


Dynamic libraries:
0x000000000c88d000 	/System/Library/Frameworks/Cocoa.framework/Versions/A/Cocoa
0x000000000c88d000 	/System/Library/Frameworks/Security.framework/Versions/A/Security
0x000000000c88d000 	/System/Library/Frameworks/ApplicationServices.framework/Versions/A/ApplicationServices
0x000000000c88d000 	/usr/lib/libz.1.dylib
0x000000000c88d000 	/usr/lib/libSystem.B.dylib
0x000000000c88d000 	/usr/lib/libobjc.A.dylib
0x000000000c88d000 	/System/Library/Frameworks/CoreFoundation.framework/Versions/A/CoreFoundation
0x000000000c88d000 	/System/Library/Frameworks/AppKit.framework/Versions/C/AppKit
0x000000000c88d000 	/System/Library/Frameworks/CoreData.framework/Versions/A/CoreData
0x000000000c88d000 	/System/Library/Frameworks/Foundation.framework/Versions/C/Foundation
0x000000000c88d000 	/System/Library/PrivateFrameworks/RemoteViewServices.framework/Versions/A/RemoteViewServices
0x000000000c88d000 	/System/Library/PrivateFrameworks/UIFoundation.framework/Versions/A/UIFoundation
0x000000000c88d000 	/System/Library/Frameworks/IOSurface.framework/Versions/A/IOSurface
0x000000000c88d000 	/System/Library/Frameworks/AudioToolbox.framework/Versions/A/AudioToolbox
0x000000000c88d000 	/System/Library/Frameworks/AudioUnit.framework/Versions/A/AudioUnit
0x000000000c88d000 	/System/Library/PrivateFrameworks/DataDetectorsCore.framework/Versions/A/DataDetectorsCore
0x000000000c88d000 	/System/Library/PrivateFrameworks/DesktopServicesPriv.framework/Versions/A/DesktopServicesPriv
0x000000000c88d000 	/System/Library/Frameworks/Carbon.framework/Versions/A/Frameworks/HIToolbox.framework/Versions/A/HIToolbox
0x000000000c88d000 	/System/Library/Frameworks/QuartzCore.framework/Versions/A/QuartzCore
0x000000000c88d000 	/System/Library/Frameworks/Carbon.framework/Versions/A/Frameworks/SpeechRecognition.framework/Versions/A/SpeechRecognition
0x000000000c88d000 	/usr/lib/libauto.dylib
0x000000000c88d000 	/usr/lib/libicucore.A.dylib
0x000000000c88d000 	/usr/lib/libxml2.2.dylib
0x000000000c88d000 	/System/Library/PrivateFrameworks/CoreUI.framework/Versions/A/CoreUI
0x000000000c88d000 	/System/Library/Frameworks/CoreAudio.framework/Versions/A/CoreAudio
0x000000000c88d000 	/System/Library/Frameworks/DiskArbitration.framework/Versions/A/DiskArbitration
0x000000000c88d000 	/usr/lib/liblangid.dylib
0x000000000c88d000 	/System/Library/PrivateFrameworks/MultitouchSupport.framework/Versions/A/MultitouchSupport
0x000000000c88d000 	/System/Library/Frameworks/IOKit.framework/Versions/A/IOKit
0x000000000c88d000 	/usr/lib/libDiagnosticMessagesClient.dylib
0x000000000c88d000 	/System/Library/Frameworks/CoreServices.framework/Versions/A/CoreServices
0x000000000c88d000 	/System/Library/PrivateFrameworks/PerformanceAnalysis.framework/Versions/A/PerformanceAnalysis
0x000000000c88d000 	/System/Library/PrivateFrameworks/GenerationalStorage.framework/Versions/A/GenerationalStorage
0x000000000c88d000 	/System/Library/Frameworks/OpenGL.framework/Versions/A/OpenGL
0x000000000c88d000 	/System/Library/PrivateFrameworks/Sharing.framework/Versions/A/Sharing
0x000000000c88d000 	/System/Library/Frameworks/CoreGraphics.framework/Versions/A/CoreGraphics
0x000000000c88d000 	/System/Library/Frameworks/CoreText.framework/Versions/A/CoreText
0x000000000c88d000 	/System/Library/Frameworks/ImageIO.framework/Versions/A/ImageIO
0x000000000c88d000 	/usr/lib/libextension.dylib
0x000000000c88d000 	/System/Library/PrivateFrameworks/Backup.framework/Versions/A/Backup
0x000000000c88d000 	/usr/lib/libarchive.2.dylib
0x000000000c88d000 	/System/Library/Frameworks/CFNetwork.framework/Versions/A/CFNetwork
0x000000000c88d000 	/System/Library/Frameworks/SystemConfiguration.framework/Versions/A/SystemConfiguration
0x000000000c88d000 	/usr/lib/libCRFSuite.dylib
0x000000000c88d000 	/usr/lib/libc++.1.dylib
0x000000000c88d000 	/usr/lib/libc++abi.dylib
0x000000000c88d000 	/usr/lib/system/libcache.dylib
0x000000000c88d000 	/usr/lib/system/libcommonCrypto.dylib
0x000000000c88d000 	/usr/lib/system/libcompiler_rt.dylib
0x000000000c88d000 	/usr/lib/system/libcopyfile.dylib
0x000000000c88d000 	/usr/lib/system/libcorecrypto.dylib
0x000000000c88d000 	/usr/lib/system/libdispatch.dylib
0x000000000c88d000 	/usr/lib/system/libdyld.dylib
0x000000000c88d000 	/usr/lib/system/libkeymgr.dylib
0x000000000c88d000 	/usr/lib/system/liblaunch.dylib
0x000000000c88d000 	/usr/lib/system/libmacho.dylib
0x000000000c88d000 	/usr/lib/system/libquarantine.dylib
0x000000000c88d000 	/usr/lib/system/libremovefile.dylib
0x000000000c88d000 	/usr/lib/system/libsystem_asl.dylib
0x000000000c88d000 	/usr/lib/system/libsystem_blocks.dylib
0x000000000c88d000 	/usr/lib/system/libsystem_c.dylib
0x000000000c88d000 	/usr/lib/system/libsystem_configuration.dylib
0x000000000c88d000 	/usr/lib/system/libsystem_coreservices.dylib
0x000000000c88d000 	/usr/lib/system/libsystem_coretls.dylib
0x000000000c88d000 	/usr/lib/system/libsystem_dnssd.dylib
0x000000000c88d000 	/usr/lib/system/libsystem_info.dylib
0x000000000c88d000 	/usr/lib/system/libsystem_kernel.dylib
0x000000000c88d000 	/usr/lib/system/libsystem_m.dylib
0x000000000c88d000 	/usr/lib/system/libsystem_malloc.dylib
0x000000000c88d000 	/usr/lib/system/libsystem_network.dylib
0x000000000c88d000 	/usr/lib/system/libsystem_networkextension.dylib
0x000000000c88d000 	/usr/lib/system/libsystem_notify.dylib
0x000000000c88d000 	/usr/lib/system/libsystem_platform.dylib
0x000000000c88d000 	/usr/lib/system/libsystem_pthread.dylib
0x000000000c88d000 	/usr/lib/system/libsystem_sandbox.dylib
0x000000000c88d000 	/usr/lib/system/libsystem_secinit.dylib
0x000000000c88d000 	/usr/lib/system/libsystem_stats.dylib
0x000000000c88d000 	/usr/lib/system/libsystem_trace.dylib
0x000000000c88d000 	/usr/lib/system/libunc.dylib
0x000000000c88d000 	/usr/lib/system/libunwind.dylib
0x000000000c88d000 	/usr/lib/system/libxpc.dylib
0x000000000c88d000 	/usr/lib/libbz2.1.0.dylib
0x000000000c88d000 	/usr/lib/liblzma.5.dylib
0x000000000c88d000 	/usr/lib/libbsm.0.dylib
0x000000000c88d000 	/usr/lib/libsqlite3.dylib
0x000000000c88d000 	/usr/lib/system/libkxld.dylib
0x000000000c88d000 	/usr/lib/libxar.1.dylib
0x000000000c88d000 	/usr/lib/libpam.2.dylib
0x000000000c88d000 	/usr/lib/libOpenScriptingUtil.dylib
0x000000000c88d000 	/System/Library/Frameworks/CoreServices.framework/Versions/A/Frameworks/FSEvents.framework/Versions/A/FSEvents
0x000000000c88d000 	/System/Library/Frameworks/CoreServices.framework/Versions/A/Frameworks/CarbonCore.framework/Versions/A/CarbonCore
0x000000000c88d000 	/System/Library/Frameworks/CoreServices.framework/Versions/A/Frameworks/Metadata.framework/Versions/A/Metadata
0x000000000c88d000 	/System/Library/Frameworks/CoreServices.framework/Versions/A/Frameworks/OSServices.framework/Versions/A/OSServices
0x000000000c88d000 	/System/Library/Frameworks/CoreServices.framework/Versions/A/Frameworks/SearchKit.framework/Versions/A/SearchKit
0x000000000c88d000 	/System/Library/Frameworks/CoreServices.framework/Versions/A/Frameworks/AE.framework/Versions/A/AE
0x000000000c88d000 	/System/Library/Frameworks/CoreServices.framework/Versions/A/Frameworks/LaunchServices.framework/Versions/A/LaunchServices
0x000000000c88d000 	/System/Library/Frameworks/CoreServices.framework/Versions/A/Frameworks/DictionaryServices.framework/Versions/A/DictionaryServices
0x000000000c88d000 	/System/Library/Frameworks/NetFS.framework/Versions/A/NetFS
0x000000000c88d000 	/System/Library/PrivateFrameworks/NetAuth.framework/Versions/A/NetAuth
0x000000000c88d000 	/System/Library/PrivateFrameworks/login.framework/Versions/A/Frameworks/loginsupport.framework/Versions/A/loginsupport
0x000000000c88d000 	/System/Library/PrivateFrameworks/TCC.framework/Versions/A/TCC
0x000000000c88d000 	/usr/lib/libmecabra.dylib
0x000000000c88d000 	/System/Library/Frameworks/ApplicationServices.framework/Versions/A/Frameworks/ATS.framework/Versions/A/ATS
0x000000000c88d000 	/System/Library/Frameworks/ApplicationServices.framework/Versions/A/Frameworks/ColorSync.framework/Versions/A/ColorSync
0x000000000c88d000 	/System/Library/Frameworks/ApplicationServices.framework/Versions/A/Frameworks/HIServices.framework/Versions/A/HIServices
0x000000000c88d000 	/System/Library/Frameworks/ApplicationServices.framework/Versions/A/Frameworks/LangAnalysis.framework/Versions/A/LangAnalysis
0x000000000c88d000 	/System/Library/Frameworks/ApplicationServices.framework/Versions/A/Frameworks/PrintCore.framework/Versions/A/PrintCore
0x000000000c88d000 	/System/Library/Frameworks/ApplicationServices.framework/Versions/A/Frameworks/QD.framework/Versions/A/QD
0x000000000c88d000 	/System/Library/Frameworks/ApplicationServices.framework/Versions/A/Frameworks/SpeechSynthesis.framework/Versions/A/SpeechSynthesis
0x000000000c88d000 	/System/Library/Frameworks/Accelerate.framework/Versions/A/Accelerate
0x000000000c88d000 	/System/Library/Frameworks/Accelerate.framework/Versions/A/Frameworks/vImage.framework/Versions/A/vImage
0x000000000c88d000 	/System/Library/Frameworks/Accelerate.framework/Versions/A/Frameworks/vecLib.framework/Versions/A/vecLib
0x000000000c88d000 	/System/Library/Frameworks/Accelerate.framework/Versions/A/Frameworks/vecLib.framework/Versions/A/libvDSP.dylib
0x000000000c88d000 	/System/Library/Frameworks/Accelerate.framework/Versions/A/Frameworks/vecLib.framework/Versions/A/libvMisc.dylib
0x000000000c88d000 	/System/Library/Frameworks/Accelerate.framework/Versions/A/Frameworks/vecLib.framework/Versions/A/libLAPACK.dylib
0x000000000c88d000 	/System/Library/Frameworks/Accelerate.framework/Versions/A/Frameworks/vecLib.framework/Versions/A/libBLAS.dylib
0x000000000c88d000 	/System/Library/Frameworks/Accelerate.framework/Versions/A/Frameworks/vecLib.framework/Versions/A/libLinearAlgebra.dylib
0x000000000c88d000 	/System/Library/Frameworks/ApplicationServices.framework/Versions/A/Frameworks/ATS.framework/Versions/A/Resources/libFontParser.dylib
0x000000000c88d000 	/System/Library/Frameworks/ApplicationServices.framework/Versions/A/Frameworks/ATS.framework/Versions/A/Resources/libFontRegistry.dylib
0x000000000c88d000 	/System/Library/PrivateFrameworks/AppleVPA.framework/Versions/A/AppleVPA
0x000000000c88d000 	/System/Library/PrivateFrameworks/AppleJPEG.framework/Versions/A/AppleJPEG
0x000000000c88d000 	/System/Library/Frameworks/ImageIO.framework/Versions/A/Resources/libJPEG.dylib
0x000000000c88d000 	/System/Library/Frameworks/ImageIO.framework/Versions/A/Resources/libTIFF.dylib
0x000000000c88d000 	/System/Library/Frameworks/ImageIO.framework/Versions/A/Resources/libPng.dylib
0x000000000c88d000 	/System/Library/Frameworks/ImageIO.framework/Versions/A/Resources/libGIF.dylib
0x000000000c88d000 	/System/Library/Frameworks/ImageIO.framework/Versions/A/Resources/libJP2.dylib
0x000000000c88d000 	/System/Library/Frameworks/ImageIO.framework/Versions/A/Resources/libRadiance.dylib
0x000000000c88d000 	/System/Library/Frameworks/CoreVideo.framework/Versions/A/CoreVideo
0x000000000c88d000 	/System/Library/Frameworks/OpenGL.framework/Versions/A/Libraries/libGLU.dylib
0x000000000c88d000 	/System/Library/Frameworks/OpenGL.framework/Versions/A/Libraries/libGFXShared.dylib
0x000000000c88d000 	/System/Library/Frameworks/OpenGL.framework/Versions/A/Libraries/libGL.dylib
0x000000000c88d000 	/System/Library/Frameworks/OpenGL.framework/Versions/A/Libraries/libGLImage.dylib
0x000000000c88d000 	/System/Library/Frameworks/OpenGL.framework/Versions/A/Libraries/libCVMSPluginSupport.dylib
0x000000000c88d000 	/System/Library/Frameworks/OpenGL.framework/Versions/A/Libraries/libCoreVMClient.dylib
0x000000000c88d000 	/usr/lib/libcups.2.dylib
0x000000000c88d000 	/System/Library/Frameworks/Kerberos.framework/Versions/A/Kerberos
0x000000000c88d000 	/System/Library/Frameworks/GSS.framework/Versions/A/GSS
0x000000000c88d000 	/usr/lib/libresolv.9.dylib
0x000000000c88d000 	/usr/lib/libiconv.2.dylib
0x000000000c88d000 	/System/Library/PrivateFrameworks/Heimdal.framework/Versions/A/Heimdal
0x000000000c88d000 	/usr/lib/libheimdal-asn1.dylib
0x000000000c88d000 	/System/Library/Frameworks/OpenDirectory.framework/Versions/A/OpenDirectory
0x000000000c88d000 	/System/Library/PrivateFrameworks/CommonAuth.framework/Versions/A/CommonAuth
0x000000000c88d000 	/System/Library/Frameworks/OpenDirectory.framework/Versions/A/Frameworks/CFOpenDirectory.framework/Versions/A/CFOpenDirectory
0x000000000c88d000 	/System/Library/Frameworks/SecurityFoundation.framework/Versions/A/SecurityFoundation
0x000000000c88d000 	/System/Library/PrivateFrameworks/LanguageModeling.framework/Versions/A/LanguageModeling
0x000000000c88d000 	/usr/lib/libcmph.dylib
0x000000000c88d000 	/System/Library/Frameworks/ServiceManagement.framework/Versions/A/ServiceManagement
0x000000000c88d000 	/usr/lib/libxslt.1.dylib
0x000000000c88d000 	/System/Library/Frameworks/Carbon.framework/Versions/A/Frameworks/Ink.framework/Versions/A/Ink
0x000000000c88d000 	/System/Library/Frameworks/QuartzCore.framework/Versions/A/Frameworks/CoreImage.framework/Versions/A/CoreImage
0x000000000c88d000 	/System/Library/PrivateFrameworks/CrashReporterSupport.framework/Versions/A/CrashReporterSupport
0x000000000c88d000 	/System/Library/Frameworks/OpenCL.framework/Versions/A/OpenCL
0x000000000c88d000 	/System/Library/PrivateFrameworks/FaceCore.framework/Versions/A/FaceCore
0x000000000c88d000 	/System/Library/PrivateFrameworks/Ubiquity.framework/Versions/A/Ubiquity
0x000000000c88d000 	/System/Library/PrivateFrameworks/IconServices.framework/Versions/A/IconServices
0x000000000c88d000 	/System/Library/PrivateFrameworks/ChunkingLibrary.framework/Versions/A/ChunkingLibrary
0x000000000c88d000 	/System/Library/PrivateFrameworks/Apple80211.framework/Versions/A/Apple80211
0x000000000c88d000 	/System/Library/Frameworks/CoreWLAN.framework/Versions/A/CoreWLAN
0x000000000c88d000 	/System/Library/Frameworks/IOBluetooth.framework/Versions/A/IOBluetooth
0x000000000c88d000 	/System/Library/PrivateFrameworks/CoreWiFi.framework/Versions/A/CoreWiFi
0x000000000c88d000 	/System/Library/Frameworks/CoreBluetooth.framework/Versions/A/CoreBluetooth
0x000000000c88d000 	/System/Library/PrivateFrameworks/DebugSymbols.framework/Versions/A/DebugSymbols
0x000000000c88d000 	/System/Library/PrivateFrameworks/CoreSymbolication.framework/Versions/A/CoreSymbolication
0x000000000c88d000 	/System/Library/PrivateFrameworks/Symbolication.framework/Versions/A/Symbolication
0x000000000c88d000 	/System/Library/PrivateFrameworks/SpeechRecognitionCore.framework/Versions/A/SpeechRecognitionCore
0x0000000106000000 	/Library/Java/JavaVirtualMachines/jdk1.7.0_17.jdk/Contents/Home/jre/lib/server/libjvm.dylib
0x000000000c88d000 	/usr/lib/libstdc++.6.dylib
0x00000001057bc000 	/Library/Java/JavaVirtualMachines/jdk1.7.0_17.jdk/Contents/Home/jre/lib/libverify.dylib
0x00000001057c9000 	/Library/Java/JavaVirtualMachines/jdk1.7.0_17.jdk/Contents/Home/jre/lib/libjava.dylib
0x0000000106bb2000 	/Library/Java/JavaVirtualMachines/jdk1.7.0_17.jdk/Contents/Home/jre/lib/libzip.dylib
0x000000010a32f000 	/System/Library/Frameworks/JavaVM.framework/Frameworks/JavaRuntimeSupport.framework/JavaRuntimeSupport
0x000000010a347000 	/System/Library/Frameworks/JavaVM.framework/Versions/A/Frameworks/JavaNativeFoundation.framework/Versions/A/JavaNativeFoundation
0x000000010a35c000 	/System/Library/Frameworks/JavaVM.framework/Versions/A/JavaVM
0x000000000c88d000 	/System/Library/Frameworks/Carbon.framework/Versions/A/Carbon
0x000000010a369000 	/System/Library/PrivateFrameworks/JavaLaunching.framework/Versions/A/JavaLaunching
0x000000000c88d000 	/System/Library/Frameworks/Carbon.framework/Versions/A/Frameworks/CommonPanels.framework/Versions/A/CommonPanels
0x000000000c88d000 	/System/Library/Frameworks/Carbon.framework/Versions/A/Frameworks/Help.framework/Versions/A/Help
0x000000000c88d000 	/System/Library/Frameworks/Carbon.framework/Versions/A/Frameworks/ImageCapture.framework/Versions/A/ImageCapture
0x000000000c88d000 	/System/Library/Frameworks/Carbon.framework/Versions/A/Frameworks/OpenScripting.framework/Versions/A/OpenScripting
0x000000000c88d000 	/System/Library/Frameworks/Carbon.framework/Versions/A/Frameworks/Print.framework/Versions/A/Print
0x000000000c88d000 	/System/Library/Frameworks/Carbon.framework/Versions/A/Frameworks/SecurityHI.framework/Versions/A/SecurityHI
0x000000010c1a6000 	/Library/Java/JavaVirtualMachines/jdk1.7.0_17.jdk/Contents/Home/jre/lib/libawt.dylib
0x000000010c255000 	/Library/Java/JavaVirtualMachines/jdk1.7.0_17.jdk/Contents/Home/jre/lib/./libmlib_image.dylib
0x000000010c321000 	/Library/Java/JavaVirtualMachines/jdk1.7.0_17.jdk/Contents/Home/jre/lib/lwawt/liblwawt.dylib
0x000000010c3d3000 	/Library/Java/JavaVirtualMachines/jdk1.7.0_17.jdk/Contents/Home/jre/lib/libosxapp.dylib
0x000000000c88d000 	/System/Library/Frameworks/ExceptionHandling.framework/Versions/A/ExceptionHandling
0x000000000c88d000 	/System/Library/PrivateFrameworks/CoreServicesInternal.framework/Versions/A/CoreServicesInternal
0x000000000c88d000 	/System/Library/PrivateFrameworks/CloudDocs.framework/Versions/A/CloudDocs
0x000000000c88d000 	/System/Library/PrivateFrameworks/CoreDuet.framework/Versions/A/CoreDuet
0x000000000c88d000 	/System/Library/Frameworks/CloudKit.framework/Versions/A/CloudKit
0x000000000c88d000 	/System/Library/PrivateFrameworks/ProtocolBuffer.framework/Versions/A/ProtocolBuffer
0x000000000c88d000 	/System/Library/PrivateFrameworks/CoreDuetDaemonProtocol.framework/Versions/A/CoreDuetDaemonProtocol
0x000000000c88d000 	/System/Library/PrivateFrameworks/CoreDuetDebugLogging.framework/Versions/A/CoreDuetDebugLogging
0x000000000c88d000 	/System/Library/PrivateFrameworks/MMCS.framework/Versions/A/MMCS
0x000000000c88d000 	/System/Library/Frameworks/CoreLocation.framework/Versions/A/CoreLocation
0x000000000c88d000 	/System/Library/PrivateFrameworks/ProtectedCloudStorage.framework/Versions/A/ProtectedCloudStorage
0x000000000c88d000 	/System/Library/PrivateFrameworks/GeoServices.framework/Versions/A/GeoServices
0x000000000c88d000 	/System/Library/Frameworks/CoreGraphics.framework/Versions/A/Resources/libCGCMS.A.dylib
0x000000000c88d000 	/System/Library/Frameworks/CoreGraphics.framework/Versions/A/Resources/libRIP.A.dylib
0x000000000c88d000 	/System/Library/Frameworks/CoreGraphics.framework/Versions/A/Resources/libCGXType.A.dylib
0x000000000c88d000 	/System/Library/Frameworks/OpenCL.framework/Versions/A/Libraries/libcldcpuengine.dylib
0x000000000c88d000 	/System/Library/PrivateFrameworks/DiskImages.framework/Versions/A/DiskImages
0x000000000c88d000 	/System/Library/Frameworks/DiscRecording.framework/Versions/A/DiscRecording
0x000000000c88d000 	/usr/lib/libcsfde.dylib
0x000000000c88d000 	/usr/lib/libcurl.4.dylib
0x000000000c88d000 	/System/Library/PrivateFrameworks/MediaKit.framework/Versions/A/MediaKit
0x000000000c88d000 	/usr/lib/libCoreStorage.dylib
0x000000000c88d000 	/System/Library/PrivateFrameworks/EFILogin.framework/Versions/A/EFILogin
0x000000000c88d000 	/usr/lib/libutil.dylib
0x000000000c88d000 	/System/Library/PrivateFrameworks/FindMyDevice.framework/Versions/A/FindMyDevice
0x000000000c88d000 	/System/Library/Frameworks/LDAP.framework/Versions/A/LDAP
0x000000000c88d000 	/usr/lib/libsasl2.2.dylib
0x000000000c88d000 	/System/Library/PrivateFrameworks/CoreDaemon.framework/Versions/B/CoreDaemon
0x000000000c88d000 	/usr/lib/libcrypto.0.9.8.dylib
0x000000000c88d000 	/System/Library/PrivateFrameworks/AppleSRP.framework/Versions/A/AppleSRP
0x000000000c88d000 	/System/Library/PrivateFrameworks/TrustEvaluationAgent.framework/Versions/A/TrustEvaluationAgent
0x000000010f154000 	cl_kernels
0x000000010f156000 	/System/Library/Frameworks/OpenCL.framework/Versions/A/Libraries/ImageFormats/unorm8_bgra.dylib
0x000000010f145000 	cl_kernels
0x000000000c88d000 	/System/Library/PrivateFrameworks/FamilyControls.framework/Versions/A/FamilyControls
0x000000000c88d000 	/System/Library/PrivateFrameworks/CommerceKit.framework/Versions/A/Frameworks/CommerceCore.framework/Versions/A/CommerceCore
0x000000000c88d000 	/System/Library/PrivateFrameworks/SystemAdministration.framework/Versions/A/SystemAdministration
0x000000000c88d000 	/System/Library/PrivateFrameworks/AppContainer.framework/Versions/A/AppContainer
0x000000000c88d000 	/System/Library/PrivateFrameworks/SecCodeWrapper.framework/Versions/A/SecCodeWrapper
0x000000000c88d000 	/System/Library/Frameworks/DirectoryService.framework/Versions/A/DirectoryService
0x000000000c88d000 	/System/Library/PrivateFrameworks/LoginUIKit.framework/Versions/A/Frameworks/LoginUICore.framework/Versions/A/LoginUICore
0x000000000c88d000 	/usr/lib/libodfde.dylib
0x000000011039c000 	/Library/Java/JavaVirtualMachines/jdk1.7.0_17.jdk/Contents/Home/jre/lib/libfontmanager.dylib
0x00000001103e8000 	/Users/William/Documents/workspace/FRESHSTART/lib/natives/macosx/liblwjgl.dylib
0x000000010e68b000 	/Library/Java/JavaVirtualMachines/jdk1.7.0_17.jdk/Contents/Home/jre/lib/libjawt.dylib
0x000000000c88d000 	/System/Library/Frameworks/OpenGL.framework/Versions/A/Resources/GLEngine.bundle/GLEngine
0x000000000c88d000 	/System/Library/Frameworks/OpenGL.framework/Versions/A/Libraries/libGLProgrammability.dylib
0x0000000000000000 	/System/Library/Extensions/AppleIntelHD4000GraphicsGLDriver.bundle/Contents/MacOS/AppleIntelHD4000GraphicsGLDriver
0x000000000c88d000 	/System/Library/PrivateFrameworks/IOAccelerator.framework/Versions/A/IOAccelerator
0x000000000c88d000 	/System/Library/PrivateFrameworks/GPUSupport.framework/Versions/A/Libraries/libGPUSupportMercury.dylib
0x000000000c88d000 	/System/Library/Frameworks/OpenGL.framework/Versions/A/Resources/GLRendererFloat.bundle/GLRendererFloat

VM Arguments:
jvm_args: -Djava.library.path=/Users/William/Documents/workspace/FRESHSTART/lib/natives/macosx -Dfile.encoding=US-ASCII 
java_command: Pacman
Launcher Type: SUN_STANDARD

Environment Variables:
PATH=/usr/bin:/bin:/usr/sbin:/sbin
SHELL=/bin/bash
DISPLAY=/private/tmp/com.apple.launchd.YnIaJSoBb3/org.macosforge.xquartz:0

Signal Handlers:
SIGSEGV: [libjvm.dylib+0x4a361d], sa_mask[0]=0xfffefeff, sa_flags=0x00000042
SIGBUS: [libjvm.dylib+0x4a361d], sa_mask[0]=0xfffefeff, sa_flags=0x00000042
SIGFPE: [libjvm.dylib+0x3b302d], sa_mask[0]=0xfffefeff, sa_flags=0x00000042
SIGPIPE: [libjvm.dylib+0x3b302d], sa_mask[0]=0xfffefeff, sa_flags=0x00000042
SIGXFSZ: [libjvm.dylib+0x3b302d], sa_mask[0]=0xfffefeff, sa_flags=0x00000042
SIGILL: [libjvm.dylib+0x3b302d], sa_mask[0]=0xfffefeff, sa_flags=0x00000042
SIGUSR1: SIG_DFL, sa_mask[0]=0x00000000, sa_flags=0x00000000
SIGUSR2: [libjvm.dylib+0x3b2bc6], sa_mask[0]=0x00000004, sa_flags=0x00000042
SIGHUP: [libjvm.dylib+0x3b0e27], sa_mask[0]=0xfffefeff, sa_flags=0x00000042
SIGINT: [libjvm.dylib+0x3b0e27], sa_mask[0]=0xfffefeff, sa_flags=0x00000042
SIGTERM: [libjvm.dylib+0x3b0e27], sa_mask[0]=0xfffefeff, sa_flags=0x00000042
SIGQUIT: [libjvm.dylib+0x3b0e27], sa_mask[0]=0xfffefeff, sa_flags=0x00000042


---------------  S Y S T E M  ---------------

OS:Bsduname:Darwin 14.3.0 Darwin Kernel Version 14.3.0: Mon Mar 23 11:59:05 PDT 2015; root:xnu-2782.20.48~5/RELEASE_X86_64 x86_64
rlimit: STACK 8192k, CORE 0k, NPROC 709, NOFILE 10240, AS infinity
load average:1.59 7.22 7.71

CPU:total 4 (2 cores per cpu, 2 threads per core) family 6 model 58 stepping 9, cmov, cx8, fxsr, mmx, sse, sse2, sse3, ssse3, sse4.1, sse4.2, popcnt, avx, ht, tsc, tscinvbit, tscinv

Memory: 4k page, physical 1042876k(260719k free)

/proc/meminfo:


vm_info: Java HotSpot(TM) 64-Bit Server VM (23.7-b01) for bsd-amd64 JRE (1.7.0_17-b02), built on Mar  1 2013 06:41:23 by "java_re" with gcc 4.2.1 (Based on Apple Inc. build 5658) (LLVM build 2336.11.00)

time: Wed May 27 19:34:30 2015
elapsed time: 14 seconds

